NNb 17

S [  #1: NSc main]
H [#12, #11, #10, #9, #8, #7, #6, #5, #4, #3, #2, #1]

S [ #22: NAp  #17  #21 (NAp #19 #20)]
H [#1, #22, #21, #20, #19, #18, #17, #16, #15, #14, #13, #12, #11, #10, #9, #8, #7, #6, #5, #4, #3, #2]

S [ #17: NAp   #9  #16 (NAp #14 #15)
    #22: NAp  #17  #21 (NAp #19 #20)]
H [#1, #22, #21, #20, #19, #18, #17, #16, #15, #14, #13, #12, #11, #10, #9, #8, #7, #6, #5, #4, #3, #2]

S [  #9: NPr Add
    #17: NAp   #9  #16 (NAp #14 #15)
    #22: NAp  #17  #21 (NAp #19 #20)]
H [#1, #22, #21, #20, #19, #18, #17, #16, #15, #14, #13, #12, #11, #10, #9, #8, #7, #6, #5, #4, #3, #2]

S [ #21: NAp  #19  #20 (NNb 5)]
H [#1, #22, #21, #20, #19, #18, #17, #16, #15, #14, #13, #12, #11, #10, #9, #8, #7, #6, #5, #4, #3, #2]

S [ #19: NAp  #10  #18 (NNb 2)
    #21: NAp  #19  #20 (NNb 5)]
H [#1, #22, #21, #20, #19, #18, #17, #16, #15, #14, #13, #12, #11, #10, #9, #8, #7, #6, #5, #4, #3, #2]

S [ #10: NPr Sub
    #19: NAp  #10  #18 (NNb 2)
    #21: NAp  #19  #20 (NNb 5)]
H [#1, #22, #21, #20, #19, #18, #17, #16, #15, #14, #13, #12, #11, #10, #9, #8, #7, #6, #5, #4, #3, #2]

S [ #21: NNb -3]
H [#21, #1, #22, #20, #19, #18, #17, #16, #15, #14, #13, #12, #11, #10, #9, #8, #7, #6, #5, #4, #3, #2]

S [ #22: NAp  #17  #21 (NNb -3)]
H [#21, #1, #22, #20, #19, #18, #17, #16, #15, #14, #13, #12, #11, #10, #9, #8, #7, #6, #5, #4, #3, #2]

S [ #17: NAp   #9  #16 (NAp #14 #15)
    #22: NAp  #17  #21 (NNb -3)]
H [#21, #1, #22, #20, #19, #18, #17, #16, #15, #14, #13, #12, #11, #10, #9, #8, #7, #6, #5, #4, #3, #2]

S [  #9: NPr Add
    #17: NAp   #9  #16 (NAp #14 #15)
    #22: NAp  #17  #21 (NNb -3)]
H [#21, #1, #22, #20, #19, #18, #17, #16, #15, #14, #13, #12, #11, #10, #9, #8, #7, #6, #5, #4, #3, #2]

S [ #16: NAp  #14  #15 (NNb 5)]
H [#21, #1, #22, #20, #19, #18, #17, #16, #15, #14, #13, #12, #11, #10, #9, #8, #7, #6, #5, #4, #3, #2]

S [ #14: NAp  #11  #13 (NNb 4)
    #16: NAp  #14  #15 (NNb 5)]
H [#21, #1, #22, #20, #19, #18, #17, #16, #15, #14, #13, #12, #11, #10, #9, #8, #7, #6, #5, #4, #3, #2]

S [ #11: NPr Mul
    #14: NAp  #11  #13 (NNb 4)
    #16: NAp  #14  #15 (NNb 5)]
H [#21, #1, #22, #20, #19, #18, #17, #16, #15, #14, #13, #12, #11, #10, #9, #8, #7, #6, #5, #4, #3, #2]

S [ #16: NNb 20]
H [#16, #21, #1, #22, #20, #19, #18, #17, #15, #14, #13, #12, #11, #10, #9, #8, #7, #6, #5, #4, #3, #2]

S [ #17: NAp   #9  #16 (NNb 20)
    #22: NAp  #17  #21 (NNb -3)]
H [#16, #21, #1, #22, #20, #19, #18, #17, #15, #14, #13, #12, #11, #10, #9, #8, #7, #6, #5, #4, #3, #2]

S [  #9: NPr Add
    #17: NAp   #9  #16 (NNb 20)
    #22: NAp  #17  #21 (NNb -3)]
H [#16, #21, #1, #22, #20, #19, #18, #17, #15, #14, #13, #12, #11, #10, #9, #8, #7, #6, #5, #4, #3, #2]

S [ #22: NNb 17]
H [#22, #16, #21, #1, #20, #19, #18, #17, #15, #14, #13, #12, #11, #10, #9, #8, #7, #6, #5, #4, #3, #2]

----- Stats -----
Total steps     : 17
Max stack depth : 3

