NNb 120

S [  #2: NSc main]
H [#26, #25, #24, #23, #22, #21, #20, #19, #18, #17, #16, #15, #14, #13, #12, #11, #10, #9, #8, #7, #6, #5, #4, #3, #2, #1]

S [  #2: NAp   #1  #27 (NNb 5)]
H [#2, #27, #26, #25, #24, #23, #22, #21, #20, #19, #18, #17, #16, #15, #14, #13, #12, #11, #10, #9, #8, #7, #6, #5, #4, #3, #1]

S [  #1: NSc fac
     #2: NAp   #1  #27 (NNb 5)]
H [#2, #27, #26, #25, #24, #23, #22, #21, #20, #19, #18, #17, #16, #15, #14, #13, #12, #11, #10, #9, #8, #7, #6, #5, #4, #3, #1]

S [  #2: NAp  #33  #39 (NAp #34 #38)]
H [#2, #39, #38, #37, #36, #35, #34, #33, #32, #31, #30, #29, #28, #27, #26, #25, #24, #23, #22, #21, #20, #19, #18, #17, #16, #15, #14, #13, #12, #11, #10, #9, #8, #7, #6, #5, #4, #3, #1]

S [ #33: NAp  #31  #32 (NNb 1)
     #2: NAp  #33  #39 (NAp #34 #38)]
H [#2, #39, #38, #37, #36, #35, #34, #33, #32, #31, #30, #29, #28, #27, #26, #25, #24, #23, #22, #21, #20, #19, #18, #17, #16, #15, #14, #13, #12, #11, #10, #9, #8, #7, #6, #5, #4, #3, #1]

S [ #31: NAp  #20  #30 (NAp #28 #29)
    #33: NAp  #31  #32 (NNb 1)
     #2: NAp  #33  #39 (NAp #34 #38)]
H [#2, #39, #38, #37, #36, #35, #34, #33, #32, #31, #30, #29, #28, #27, #26, #25, #24, #23, #22, #21, #20, #19, #18, #17, #16, #15, #14, #13, #12, #11, #10, #9, #8, #7, #6, #5, #4, #3, #1]

S [ #20: NPr If
    #31: NAp  #20  #30 (NAp #28 #29)
    #33: NAp  #31  #32 (NNb 1)
     #2: NAp  #33  #39 (NAp #34 #38)]
H [#2, #39, #38, #37, #36, #35, #34, #33, #32, #31, #30, #29, #28, #27, #26, #25, #24, #23, #22, #21, #20, #19, #18, #17, #16, #15, #14, #13, #12, #11, #10, #9, #8, #7, #6, #5, #4, #3, #1]

S [ #30: NAp  #28  #29 (NNb 0)]
H [#2, #39, #38, #37, #36, #35, #34, #33, #32, #31, #30, #29, #28, #27, #26, #25, #24, #23, #22, #21, #20, #19, #18, #17, #16, #15, #14, #13, #12, #11, #10, #9, #8, #7, #6, #5, #4, #3, #1]

S [ #28: NAp  #25  #27 (NNb 5)
    #30: NAp  #28  #29 (NNb 0)]
H [#2, #39, #38, #37, #36, #35, #34, #33, #32, #31, #30, #29, #28, #27, #26, #25, #24, #23, #22, #21, #20, #19, #18, #17, #16, #15, #14, #13, #12, #11, #10, #9, #8, #7, #6, #5, #4, #3, #1]

S [ #25: NPr Eq
    #28: NAp  #25  #27 (NNb 5)
    #30: NAp  #28  #29 (NNb 0)]
H [#2, #39, #38, #37, #36, #35, #34, #33, #32, #31, #30, #29, #28, #27, #26, #25, #24, #23, #22, #21, #20, #19, #18, #17, #16, #15, #14, #13, #12, #11, #10, #9, #8, #7, #6, #5, #4, #3, #1]

S [ #30: False]
H [#30, #2, #39, #38, #37, #36, #35, #34, #33, #32, #31, #29, #28, #27, #26, #25, #24, #23, #22, #21, #20, #19, #18, #17, #16, #15, #14, #13, #12, #11, #10, #9, #8, #7, #6, #5, #4, #3, #1]

S [ #31: NAp  #20  #30 (False)
    #33: NAp  #31  #32 (NNb 1)
     #2: NAp  #33  #39 (NAp #34 #38)]
H [#30, #2, #39, #38, #37, #36, #35, #34, #33, #32, #31, #29, #28, #27, #26, #25, #24, #23, #22, #21, #20, #19, #18, #17, #16, #15, #14, #13, #12, #11, #10, #9, #8, #7, #6, #5, #4, #3, #1]

S [ #20: NPr If
    #31: NAp  #20  #30 (False)
    #33: NAp  #31  #32 (NNb 1)
     #2: NAp  #33  #39 (NAp #34 #38)]
H [#30, #2, #39, #38, #37, #36, #35, #34, #33, #32, #31, #29, #28, #27, #26, #25, #24, #23, #22, #21, #20, #19, #18, #17, #16, #15, #14, #13, #12, #11, #10, #9, #8, #7, #6, #5, #4, #3, #1]

S [  #2: NIn (#39)]
H [#2, #30, #39, #38, #37, #36, #35, #34, #33, #32, #31, #29, #28, #27, #26, #25, #24, #23, #22, #21, #20, #19, #18, #17, #16, #15, #14, #13, #12, #11, #10, #9, #8, #7, #6, #5, #4, #3, #1]

S [ #39: NAp  #34  #38 (NAp #1 #37)]
H [#2, #30, #39, #38, #37, #36, #35, #34, #33, #32, #31, #29, #28, #27, #26, #25, #24, #23, #22, #21, #20, #19, #18, #17, #16, #15, #14, #13, #12, #11, #10, #9, #8, #7, #6, #5, #4, #3, #1]

S [ #34: NAp  #18  #27 (NNb 5)
    #39: NAp  #34  #38 (NAp #1 #37)]
H [#2, #30, #39, #38, #37, #36, #35, #34, #33, #32, #31, #29, #28, #27, #26, #25, #24, #23, #22, #21, #20, #19, #18, #17, #16, #15, #14, #13, #12, #11, #10, #9, #8, #7, #6, #5, #4, #3, #1]

S [ #18: NPr Mul
    #34: NAp  #18  #27 (NNb 5)
    #39: NAp  #34  #38 (NAp #1 #37)]
H [#2, #30, #39, #38, #37, #36, #35, #34, #33, #32, #31, #29, #28, #27, #26, #25, #24, #23, #22, #21, #20, #19, #18, #17, #16, #15, #14, #13, #12, #11, #10, #9, #8, #7, #6, #5, #4, #3, #1]

S [ #38: NAp   #1  #37 (NAp #35 #36)]
H [#2, #30, #39, #38, #37, #36, #35, #34, #33, #32, #31, #29, #28, #27, #26, #25, #24, #23, #22, #21, #20, #19, #18, #17, #16, #15, #14, #13, #12, #11, #10, #9, #8, #7, #6, #5, #4, #3, #1]

S [  #1: NSc fac
    #38: NAp   #1  #37 (NAp #35 #36)]
H [#2, #30, #39, #38, #37, #36, #35, #34, #33, #32, #31, #29, #28, #27, #26, #25, #24, #23, #22, #21, #20, #19, #18, #17, #16, #15, #14, #13, #12, #11, #10, #9, #8, #7, #6, #5, #4, #3, #1]

S [ #38: NAp  #45  #51 (NAp #46 #50)]
H [#38, #51, #50, #49, #48, #47, #46, #45, #44, #43, #42, #41, #40, #2, #30, #39, #37, #36, #35, #34, #33, #32, #31, #29, #28, #27, #26, #25, #24, #23, #22, #21, #20, #19, #18, #17, #16, #15, #14, #13, #12, #11, #10, #9, #8, #7, #6, #5, #4, #3, #1]

S [ #45: NAp  #43  #44 (NNb 1)
    #38: NAp  #45  #51 (NAp #46 #50)]
H [#38, #51, #50, #49, #48, #47, #46, #45, #44, #43, #42, #41, #40, #2, #30, #39, #37, #36, #35, #34, #33, #32, #31, #29, #28, #27, #26, #25, #24, #23, #22, #21, #20, #19, #18, #17, #16, #15, #14, #13, #12, #11, #10, #9, #8, #7, #6, #5, #4, #3, #1]

S [ #43: NAp  #20  #42 (NAp #40 #41)
    #45: NAp  #43  #44 (NNb 1)
    #38: NAp  #45  #51 (NAp #46 #50)]
H [#38, #51, #50, #49, #48, #47, #46, #45, #44, #43, #42, #41, #40, #2, #30, #39, #37, #36, #35, #34, #33, #32, #31, #29, #28, #27, #26, #25, #24, #23, #22, #21, #20, #19, #18, #17, #16, #15, #14, #13, #12, #11, #10, #9, #8, #7, #6, #5, #4, #3, #1]

S [ #20: NPr If
    #43: NAp  #20  #42 (NAp #40 #41)
    #45: NAp  #43  #44 (NNb 1)
    #38: NAp  #45  #51 (NAp #46 #50)]
H [#38, #51, #50, #49, #48, #47, #46, #45, #44, #43, #42, #41, #40, #2, #30, #39, #37, #36, #35, #34, #33, #32, #31, #29, #28, #27, #26, #25, #24, #23, #22, #21, #20, #19, #18, #17, #16, #15, #14, #13, #12, #11, #10, #9, #8, #7, #6, #5, #4, #3, #1]

S [ #42: NAp  #40  #41 (NNb 0)]
H [#38, #51, #50, #49, #48, #47, #46, #45, #44, #43, #42, #41, #40, #2, #30, #39, #37, #36, #35, #34, #33, #32, #31, #29, #28, #27, #26, #25, #24, #23, #22, #21, #20, #19, #18, #17, #16, #15, #14, #13, #12, #11, #10, #9, #8, #7, #6, #5, #4, #3, #1]

S [ #40: NAp  #25  #37 (NAp #35 #36)
    #42: NAp  #40  #41 (NNb 0)]
H [#38, #51, #50, #49, #48, #47, #46, #45, #44, #43, #42, #41, #40, #2, #30, #39, #37, #36, #35, #34, #33, #32, #31, #29, #28, #27, #26, #25, #24, #23, #22, #21, #20, #19, #18, #17, #16, #15, #14, #13, #12, #11, #10, #9, #8, #7, #6, #5, #4, #3, #1]

S [ #25: NPr Eq
    #40: NAp  #25  #37 (NAp #35 #36)
    #42: NAp  #40  #41 (NNb 0)]
H [#38, #51, #50, #49, #48, #47, #46, #45, #44, #43, #42, #41, #40, #2, #30, #39, #37, #36, #35, #34, #33, #32, #31, #29, #28, #27, #26, #25, #24, #23, #22, #21, #20, #19, #18, #17, #16, #15, #14, #13, #12, #11, #10, #9, #8, #7, #6, #5, #4, #3, #1]

S [ #37: NAp  #35  #36 (NNb 1)]
H [#38, #51, #50, #49, #48, #47, #46, #45, #44, #43, #42, #41, #40, #2, #30, #39, #37, #36, #35, #34, #33, #32, #31, #29, #28, #27, #26, #25, #24, #23, #22, #21, #20, #19, #18, #17, #16, #15, #14, #13, #12, #11, #10, #9, #8, #7, #6, #5, #4, #3, #1]

S [ #35: NAp  #17  #27 (NNb 5)
    #37: NAp  #35  #36 (NNb 1)]
H [#38, #51, #50, #49, #48, #47, #46, #45, #44, #43, #42, #41, #40, #2, #30, #39, #37, #36, #35, #34, #33, #32, #31, #29, #28, #27, #26, #25, #24, #23, #22, #21, #20, #19, #18, #17, #16, #15, #14, #13, #12, #11, #10, #9, #8, #7, #6, #5, #4, #3, #1]

S [ #17: NPr Sub
    #35: NAp  #17  #27 (NNb 5)
    #37: NAp  #35  #36 (NNb 1)]
H [#38, #51, #50, #49, #48, #47, #46, #45, #44, #43, #42, #41, #40, #2, #30, #39, #37, #36, #35, #34, #33, #32, #31, #29, #28, #27, #26, #25, #24, #23, #22, #21, #20, #19, #18, #17, #16, #15, #14, #13, #12, #11, #10, #9, #8, #7, #6, #5, #4, #3, #1]

S [ #37: NNb 4]
H [#37, #38, #51, #50, #49, #48, #47, #46, #45, #44, #43, #42, #41, #40, #2, #30, #39, #36, #35, #34, #33, #32, #31, #29, #28, #27, #26, #25, #24, #23, #22, #21, #20, #19, #18, #17, #16, #15, #14, #13, #12, #11, #10, #9, #8, #7, #6, #5, #4, #3, #1]

S [ #40: NAp  #25  #37 (NNb 4)
    #42: NAp  #40  #41 (NNb 0)]
H [#37, #38, #51, #50, #49, #48, #47, #46, #45, #44, #43, #42, #41, #40, #2, #30, #39, #36, #35, #34, #33, #32, #31, #29, #28, #27, #26, #25, #24, #23, #22, #21, #20, #19, #18, #17, #16, #15, #14, #13, #12, #11, #10, #9, #8, #7, #6, #5, #4, #3, #1]

S [ #25: NPr Eq
    #40: NAp  #25  #37 (NNb 4)
    #42: NAp  #40  #41 (NNb 0)]
H [#37, #38, #51, #50, #49, #48, #47, #46, #45, #44, #43, #42, #41, #40, #2, #30, #39, #36, #35, #34, #33, #32, #31, #29, #28, #27, #26, #25, #24, #23, #22, #21, #20, #19, #18, #17, #16, #15, #14, #13, #12, #11, #10, #9, #8, #7, #6, #5, #4, #3, #1]

S [ #42: False]
H [#42, #37, #38, #51, #50, #49, #48, #47, #46, #45, #44, #43, #41, #40, #2, #30, #39, #36, #35, #34, #33, #32, #31, #29, #28, #27, #26, #25, #24, #23, #22, #21, #20, #19, #18, #17, #16, #15, #14, #13, #12, #11, #10, #9, #8, #7, #6, #5, #4, #3, #1]

S [ #43: NAp  #20  #42 (False)
    #45: NAp  #43  #44 (NNb 1)
    #38: NAp  #45  #51 (NAp #46 #50)]
H [#42, #37, #38, #51, #50, #49, #48, #47, #46, #45, #44, #43, #41, #40, #2, #30, #39, #36, #35, #34, #33, #32, #31, #29, #28, #27, #26, #25, #24, #23, #22, #21, #20, #19, #18, #17, #16, #15, #14, #13, #12, #11, #10, #9, #8, #7, #6, #5, #4, #3, #1]

S [ #20: NPr If
    #43: NAp  #20  #42 (False)
    #45: NAp  #43  #44 (NNb 1)
    #38: NAp  #45  #51 (NAp #46 #50)]
H [#42, #37, #38, #51, #50, #49, #48, #47, #46, #45, #44, #43, #41, #40, #2, #30, #39, #36, #35, #34, #33, #32, #31, #29, #28, #27, #26, #25, #24, #23, #22, #21, #20, #19, #18, #17, #16, #15, #14, #13, #12, #11, #10, #9, #8, #7, #6, #5, #4, #3, #1]

S [ #38: NIn (#51)]
H [#38, #42, #37, #51, #50, #49, #48, #47, #46, #45, #44, #43, #41, #40, #2, #30, #39, #36, #35, #34, #33, #32, #31, #29, #28, #27, #26, #25, #24, #23, #22, #21, #20, #19, #18, #17, #16, #15, #14, #13, #12, #11, #10, #9, #8, #7, #6, #5, #4, #3, #1]

S [ #51: NAp  #46  #50 (NAp #1 #49)]
H [#38, #42, #37, #51, #50, #49, #48, #47, #46, #45, #44, #43, #41, #40, #2, #30, #39, #36, #35, #34, #33, #32, #31, #29, #28, #27, #26, #25, #24, #23, #22, #21, #20, #19, #18, #17, #16, #15, #14, #13, #12, #11, #10, #9, #8, #7, #6, #5, #4, #3, #1]

S [ #46: NAp  #18  #37 (NNb 4)
    #51: NAp  #46  #50 (NAp #1 #49)]
H [#38, #42, #37, #51, #50, #49, #48, #47, #46, #45, #44, #43, #41, #40, #2, #30, #39, #36, #35, #34, #33, #32, #31, #29, #28, #27, #26, #25, #24, #23, #22, #21, #20, #19, #18, #17, #16, #15, #14, #13, #12, #11, #10, #9, #8, #7, #6, #5, #4, #3, #1]

S [ #18: NPr Mul
    #46: NAp  #18  #37 (NNb 4)
    #51: NAp  #46  #50 (NAp #1 #49)]
H [#38, #42, #37, #51, #50, #49, #48, #47, #46, #45, #44, #43, #41, #40, #2, #30, #39, #36, #35, #34, #33, #32, #31, #29, #28, #27, #26, #25, #24, #23, #22, #21, #20, #19, #18, #17, #16, #15, #14, #13, #12, #11, #10, #9, #8, #7, #6, #5, #4, #3, #1]

S [ #50: NAp   #1  #49 (NAp #47 #48)]
H [#38, #42, #37, #51, #50, #49, #48, #47, #46, #45, #44, #43, #41, #40, #2, #30, #39, #36, #35, #34, #33, #32, #31, #29, #28, #27, #26, #25, #24, #23, #22, #21, #20, #19, #18, #17, #16, #15, #14, #13, #12, #11, #10, #9, #8, #7, #6, #5, #4, #3, #1]

S [  #1: NSc fac
    #50: NAp   #1  #49 (NAp #47 #48)]
H [#38, #42, #37, #51, #50, #49, #48, #47, #46, #45, #44, #43, #41, #40, #2, #30, #39, #36, #35, #34, #33, #32, #31, #29, #28, #27, #26, #25, #24, #23, #22, #21, #20, #19, #18, #17, #16, #15, #14, #13, #12, #11, #10, #9, #8, #7, #6, #5, #4, #3, #1]

S [ #50: NAp  #57  #63 (NAp #58 #62)]
H [#50, #63, #62, #61, #60, #59, #58, #57, #56, #55, #54, #53, #52, #38, #42, #37, #51, #49, #48, #47, #46, #45, #44, #43, #41, #40, #2, #30, #39, #36, #35, #34, #33, #32, #31, #29, #28, #27, #26, #25, #24, #23, #22, #21, #20, #19, #18, #17, #16, #15, #14, #13, #12, #11, #10, #9, #8, #7, #6, #5, #4, #3, #1]

S [ #57: NAp  #55  #56 (NNb 1)
    #50: NAp  #57  #63 (NAp #58 #62)]
H [#50, #63, #62, #61, #60, #59, #58, #57, #56, #55, #54, #53, #52, #38, #42, #37, #51, #49, #48, #47, #46, #45, #44, #43, #41, #40, #2, #30, #39, #36, #35, #34, #33, #32, #31, #29, #28, #27, #26, #25, #24, #23, #22, #21, #20, #19, #18, #17, #16, #15, #14, #13, #12, #11, #10, #9, #8, #7, #6, #5, #4, #3, #1]

S [ #55: NAp  #20  #54 (NAp #52 #53)
    #57: NAp  #55  #56 (NNb 1)
    #50: NAp  #57  #63 (NAp #58 #62)]
H [#50, #63, #62, #61, #60, #59, #58, #57, #56, #55, #54, #53, #52, #38, #42, #37, #51, #49, #48, #47, #46, #45, #44, #43, #41, #40, #2, #30, #39, #36, #35, #34, #33, #32, #31, #29, #28, #27, #26, #25, #24, #23, #22, #21, #20, #19, #18, #17, #16, #15, #14, #13, #12, #11, #10, #9, #8, #7, #6, #5, #4, #3, #1]

S [ #20: NPr If
    #55: NAp  #20  #54 (NAp #52 #53)
    #57: NAp  #55  #56 (NNb 1)
    #50: NAp  #57  #63 (NAp #58 #62)]
H [#50, #63, #62, #61, #60, #59, #58, #57, #56, #55, #54, #53, #52, #38, #42, #37, #51, #49, #48, #47, #46, #45, #44, #43, #41, #40, #2, #30, #39, #36, #35, #34, #33, #32, #31, #29, #28, #27, #26, #25, #24, #23, #22, #21, #20, #19, #18, #17, #16, #15, #14, #13, #12, #11, #10, #9, #8, #7, #6, #5, #4, #3, #1]

S [ #54: NAp  #52  #53 (NNb 0)]
H [#50, #63, #62, #61, #60, #59, #58, #57, #56, #55, #54, #53, #52, #38, #42, #37, #51, #49, #48, #47, #46, #45, #44, #43, #41, #40, #2, #30, #39, #36, #35, #34, #33, #32, #31, #29, #28, #27, #26, #25, #24, #23, #22, #21, #20, #19, #18, #17, #16, #15, #14, #13, #12, #11, #10, #9, #8, #7, #6, #5, #4, #3, #1]

S [ #52: NAp  #25  #49 (NAp #47 #48)
    #54: NAp  #52  #53 (NNb 0)]
H [#50, #63, #62, #61, #60, #59, #58, #57, #56, #55, #54, #53, #52, #38, #42, #37, #51, #49, #48, #47, #46, #45, #44, #43, #41, #40, #2, #30, #39, #36, #35, #34, #33, #32, #31, #29, #28, #27, #26, #25, #24, #23, #22, #21, #20, #19, #18, #17, #16, #15, #14, #13, #12, #11, #10, #9, #8, #7, #6, #5, #4, #3, #1]

S [ #25: NPr Eq
    #52: NAp  #25  #49 (NAp #47 #48)
    #54: NAp  #52  #53 (NNb 0)]
H [#50, #63, #62, #61, #60, #59, #58, #57, #56, #55, #54, #53, #52, #38, #42, #37, #51, #49, #48, #47, #46, #45, #44, #43, #41, #40, #2, #30, #39, #36, #35, #34, #33, #32, #31, #29, #28, #27, #26, #25, #24, #23, #22, #21, #20, #19, #18, #17, #16, #15, #14, #13, #12, #11, #10, #9, #8, #7, #6, #5, #4, #3, #1]

S [ #49: NAp  #47  #48 (NNb 1)]
H [#50, #63, #62, #61, #60, #59, #58, #57, #56, #55, #54, #53, #52, #38, #42, #37, #51, #49, #48, #47, #46, #45, #44, #43, #41, #40, #2, #30, #39, #36, #35, #34, #33, #32, #31, #29, #28, #27, #26, #25, #24, #23, #22, #21, #20, #19, #18, #17, #16, #15, #14, #13, #12, #11, #10, #9, #8, #7, #6, #5, #4, #3, #1]

S [ #47: NAp  #17  #37 (NNb 4)
    #49: NAp  #47  #48 (NNb 1)]
H [#50, #63, #62, #61, #60, #59, #58, #57, #56, #55, #54, #53, #52, #38, #42, #37, #51, #49, #48, #47, #46, #45, #44, #43, #41, #40, #2, #30, #39, #36, #35, #34, #33, #32, #31, #29, #28, #27, #26, #25, #24, #23, #22, #21, #20, #19, #18, #17, #16, #15, #14, #13, #12, #11, #10, #9, #8, #7, #6, #5, #4, #3, #1]

S [ #17: NPr Sub
    #47: NAp  #17  #37 (NNb 4)
    #49: NAp  #47  #48 (NNb 1)]
H [#50, #63, #62, #61, #60, #59, #58, #57, #56, #55, #54, #53, #52, #38, #42, #37, #51, #49, #48, #47, #46, #45, #44, #43, #41, #40, #2, #30, #39, #36, #35, #34, #33, #32, #31, #29, #28, #27, #26, #25, #24, #23, #22, #21, #20, #19, #18, #17, #16, #15, #14, #13, #12, #11, #10, #9, #8, #7, #6, #5, #4, #3, #1]

S [ #49: NNb 3]
H [#49, #50, #63, #62, #61, #60, #59, #58, #57, #56, #55, #54, #53, #52, #38, #42, #37, #51, #48, #47, #46, #45, #44, #43, #41, #40, #2, #30, #39, #36, #35, #34, #33, #32, #31, #29, #28, #27, #26, #25, #24, #23, #22, #21, #20, #19, #18, #17, #16, #15, #14, #13, #12, #11, #10, #9, #8, #7, #6, #5, #4, #3, #1]

S [ #52: NAp  #25  #49 (NNb 3)
    #54: NAp  #52  #53 (NNb 0)]
H [#49, #50, #63, #62, #61, #60, #59, #58, #57, #56, #55, #54, #53, #52, #38, #42, #37, #51, #48, #47, #46, #45, #44, #43, #41, #40, #2, #30, #39, #36, #35, #34, #33, #32, #31, #29, #28, #27, #26, #25, #24, #23, #22, #21, #20, #19, #18, #17, #16, #15, #14, #13, #12, #11, #10, #9, #8, #7, #6, #5, #4, #3, #1]

S [ #25: NPr Eq
    #52: NAp  #25  #49 (NNb 3)
    #54: NAp  #52  #53 (NNb 0)]
H [#49, #50, #63, #62, #61, #60, #59, #58, #57, #56, #55, #54, #53, #52, #38, #42, #37, #51, #48, #47, #46, #45, #44, #43, #41, #40, #2, #30, #39, #36, #35, #34, #33, #32, #31, #29, #28, #27, #26, #25, #24, #23, #22, #21, #20, #19, #18, #17, #16, #15, #14, #13, #12, #11, #10, #9, #8, #7, #6, #5, #4, #3, #1]

S [ #54: False]
H [#54, #49, #50, #63, #62, #61, #60, #59, #58, #57, #56, #55, #53, #52, #38, #42, #37, #51, #48, #47, #46, #45, #44, #43, #41, #40, #2, #30, #39, #36, #35, #34, #33, #32, #31, #29, #28, #27, #26, #25, #24, #23, #22, #21, #20, #19, #18, #17, #16, #15, #14, #13, #12, #11, #10, #9, #8, #7, #6, #5, #4, #3, #1]

S [ #55: NAp  #20  #54 (False)
    #57: NAp  #55  #56 (NNb 1)
    #50: NAp  #57  #63 (NAp #58 #62)]
H [#54, #49, #50, #63, #62, #61, #60, #59, #58, #57, #56, #55, #53, #52, #38, #42, #37, #51, #48, #47, #46, #45, #44, #43, #41, #40, #2, #30, #39, #36, #35, #34, #33, #32, #31, #29, #28, #27, #26, #25, #24, #23, #22, #21, #20, #19, #18, #17, #16, #15, #14, #13, #12, #11, #10, #9, #8, #7, #6, #5, #4, #3, #1]

S [ #20: NPr If
    #55: NAp  #20  #54 (False)
    #57: NAp  #55  #56 (NNb 1)
    #50: NAp  #57  #63 (NAp #58 #62)]
H [#54, #49, #50, #63, #62, #61, #60, #59, #58, #57, #56, #55, #53, #52, #38, #42, #37, #51, #48, #47, #46, #45, #44, #43, #41, #40, #2, #30, #39, #36, #35, #34, #33, #32, #31, #29, #28, #27, #26, #25, #24, #23, #22, #21, #20, #19, #18, #17, #16, #15, #14, #13, #12, #11, #10, #9, #8, #7, #6, #5, #4, #3, #1]

S [ #50: NIn (#63)]
H [#50, #54, #49, #63, #62, #61, #60, #59, #58, #57, #56, #55, #53, #52, #38, #42, #37, #51, #48, #47, #46, #45, #44, #43, #41, #40, #2, #30, #39, #36, #35, #34, #33, #32, #31, #29, #28, #27, #26, #25, #24, #23, #22, #21, #20, #19, #18, #17, #16, #15, #14, #13, #12, #11, #10, #9, #8, #7, #6, #5, #4, #3, #1]

S [ #63: NAp  #58  #62 (NAp #1 #61)]
H [#50, #54, #49, #63, #62, #61, #60, #59, #58, #57, #56, #55, #53, #52, #38, #42, #37, #51, #48, #47, #46, #45, #44, #43, #41, #40, #2, #30, #39, #36, #35, #34, #33, #32, #31, #29, #28, #27, #26, #25, #24, #23, #22, #21, #20, #19, #18, #17, #16, #15, #14, #13, #12, #11, #10, #9, #8, #7, #6, #5, #4, #3, #1]

S [ #58: NAp  #18  #49 (NNb 3)
    #63: NAp  #58  #62 (NAp #1 #61)]
H [#50, #54, #49, #63, #62, #61, #60, #59, #58, #57, #56, #55, #53, #52, #38, #42, #37, #51, #48, #47, #46, #45, #44, #43, #41, #40, #2, #30, #39, #36, #35, #34, #33, #32, #31, #29, #28, #27, #26, #25, #24, #23, #22, #21, #20, #19, #18, #17, #16, #15, #14, #13, #12, #11, #10, #9, #8, #7, #6, #5, #4, #3, #1]

S [ #18: NPr Mul
    #58: NAp  #18  #49 (NNb 3)
    #63: NAp  #58  #62 (NAp #1 #61)]
H [#50, #54, #49, #63, #62, #61, #60, #59, #58, #57, #56, #55, #53, #52, #38, #42, #37, #51, #48, #47, #46, #45, #44, #43, #41, #40, #2, #30, #39, #36, #35, #34, #33, #32, #31, #29, #28, #27, #26, #25, #24, #23, #22, #21, #20, #19, #18, #17, #16, #15, #14, #13, #12, #11, #10, #9, #8, #7, #6, #5, #4, #3, #1]

S [ #62: NAp   #1  #61 (NAp #59 #60)]
H [#50, #54, #49, #63, #62, #61, #60, #59, #58, #57, #56, #55, #53, #52, #38, #42, #37, #51, #48, #47, #46, #45, #44, #43, #41, #40, #2, #30, #39, #36, #35, #34, #33, #32, #31, #29, #28, #27, #26, #25, #24, #23, #22, #21, #20, #19, #18, #17, #16, #15, #14, #13, #12, #11, #10, #9, #8, #7, #6, #5, #4, #3, #1]

S [  #1: NSc fac
    #62: NAp   #1  #61 (NAp #59 #60)]
H [#50, #54, #49, #63, #62, #61, #60, #59, #58, #57, #56, #55, #53, #52, #38, #42, #37, #51, #48, #47, #46, #45, #44, #43, #41, #40, #2, #30, #39, #36, #35, #34, #33, #32, #31, #29, #28, #27, #26, #25, #24, #23, #22, #21, #20, #19, #18, #17, #16, #15, #14, #13, #12, #11, #10, #9, #8, #7, #6, #5, #4, #3, #1]

S [ #62: NAp  #69  #75 (NAp #70 #74)]
H [#62, #75, #74, #73, #72, #71, #70, #69, #68, #67, #66, #65, #64, #50, #54, #49, #63, #61, #60, #59, #58, #57, #56, #55, #53, #52, #38, #42, #37, #51, #48, #47, #46, #45, #44, #43, #41, #40, #2, #30, #39, #36, #35, #34, #33, #32, #31, #29, #28, #27, #26, #25, #24, #23, #22, #21, #20, #19, #18, #17, #16, #15, #14, #13, #12, #11, #10, #9, #8, #7, #6, #5, #4, #3, #1]

S [ #69: NAp  #67  #68 (NNb 1)
    #62: NAp  #69  #75 (NAp #70 #74)]
H [#62, #75, #74, #73, #72, #71, #70, #69, #68, #67, #66, #65, #64, #50, #54, #49, #63, #61, #60, #59, #58, #57, #56, #55, #53, #52, #38, #42, #37, #51, #48, #47, #46, #45, #44, #43, #41, #40, #2, #30, #39, #36, #35, #34, #33, #32, #31, #29, #28, #27, #26, #25, #24, #23, #22, #21, #20, #19, #18, #17, #16, #15, #14, #13, #12, #11, #10, #9, #8, #7, #6, #5, #4, #3, #1]

S [ #67: NAp  #20  #66 (NAp #64 #65)
    #69: NAp  #67  #68 (NNb 1)
    #62: NAp  #69  #75 (NAp #70 #74)]
H [#62, #75, #74, #73, #72, #71, #70, #69, #68, #67, #66, #65, #64, #50, #54, #49, #63, #61, #60, #59, #58, #57, #56, #55, #53, #52, #38, #42, #37, #51, #48, #47, #46, #45, #44, #43, #41, #40, #2, #30, #39, #36, #35, #34, #33, #32, #31, #29, #28, #27, #26, #25, #24, #23, #22, #21, #20, #19, #18, #17, #16, #15, #14, #13, #12, #11, #10, #9, #8, #7, #6, #5, #4, #3, #1]

S [ #20: NPr If
    #67: NAp  #20  #66 (NAp #64 #65)
    #69: NAp  #67  #68 (NNb 1)
    #62: NAp  #69  #75 (NAp #70 #74)]
H [#62, #75, #74, #73, #72, #71, #70, #69, #68, #67, #66, #65, #64, #50, #54, #49, #63, #61, #60, #59, #58, #57, #56, #55, #53, #52, #38, #42, #37, #51, #48, #47, #46, #45, #44, #43, #41, #40, #2, #30, #39, #36, #35, #34, #33, #32, #31, #29, #28, #27, #26, #25, #24, #23, #22, #21, #20, #19, #18, #17, #16, #15, #14, #13, #12, #11, #10, #9, #8, #7, #6, #5, #4, #3, #1]

S [ #66: NAp  #64  #65 (NNb 0)]
H [#62, #75, #74, #73, #72, #71, #70, #69, #68, #67, #66, #65, #64, #50, #54, #49, #63, #61, #60, #59, #58, #57, #56, #55, #53, #52, #38, #42, #37, #51, #48, #47, #46, #45, #44, #43, #41, #40, #2, #30, #39, #36, #35, #34, #33, #32, #31, #29, #28, #27, #26, #25, #24, #23, #22, #21, #20, #19, #18, #17, #16, #15, #14, #13, #12, #11, #10, #9, #8, #7, #6, #5, #4, #3, #1]

S [ #64: NAp  #25  #61 (NAp #59 #60)
    #66: NAp  #64  #65 (NNb 0)]
H [#62, #75, #74, #73, #72, #71, #70, #69, #68, #67, #66, #65, #64, #50, #54, #49, #63, #61, #60, #59, #58, #57, #56, #55, #53, #52, #38, #42, #37, #51, #48, #47, #46, #45, #44, #43, #41, #40, #2, #30, #39, #36, #35, #34, #33, #32, #31, #29, #28, #27, #26, #25, #24, #23, #22, #21, #20, #19, #18, #17, #16, #15, #14, #13, #12, #11, #10, #9, #8, #7, #6, #5, #4, #3, #1]

S [ #25: NPr Eq
    #64: NAp  #25  #61 (NAp #59 #60)
    #66: NAp  #64  #65 (NNb 0)]
H [#62, #75, #74, #73, #72, #71, #70, #69, #68, #67, #66, #65, #64, #50, #54, #49, #63, #61, #60, #59, #58, #57, #56, #55, #53, #52, #38, #42, #37, #51, #48, #47, #46, #45, #44, #43, #41, #40, #2, #30, #39, #36, #35, #34, #33, #32, #31, #29, #28, #27, #26, #25, #24, #23, #22, #21, #20, #19, #18, #17, #16, #15, #14, #13, #12, #11, #10, #9, #8, #7, #6, #5, #4, #3, #1]

S [ #61: NAp  #59  #60 (NNb 1)]
H [#62, #75, #74, #73, #72, #71, #70, #69, #68, #67, #66, #65, #64, #50, #54, #49, #63, #61, #60, #59, #58, #57, #56, #55, #53, #52, #38, #42, #37, #51, #48, #47, #46, #45, #44, #43, #41, #40, #2, #30, #39, #36, #35, #34, #33, #32, #31, #29, #28, #27, #26, #25, #24, #23, #22, #21, #20, #19, #18, #17, #16, #15, #14, #13, #12, #11, #10, #9, #8, #7, #6, #5, #4, #3, #1]

S [ #59: NAp  #17  #49 (NNb 3)
    #61: NAp  #59  #60 (NNb 1)]
H [#62, #75, #74, #73, #72, #71, #70, #69, #68, #67, #66, #65, #64, #50, #54, #49, #63, #61, #60, #59, #58, #57, #56, #55, #53, #52, #38, #42, #37, #51, #48, #47, #46, #45, #44, #43, #41, #40, #2, #30, #39, #36, #35, #34, #33, #32, #31, #29, #28, #27, #26, #25, #24, #23, #22, #21, #20, #19, #18, #17, #16, #15, #14, #13, #12, #11, #10, #9, #8, #7, #6, #5, #4, #3, #1]

S [ #17: NPr Sub
    #59: NAp  #17  #49 (NNb 3)
    #61: NAp  #59  #60 (NNb 1)]
H [#62, #75, #74, #73, #72, #71, #70, #69, #68, #67, #66, #65, #64, #50, #54, #49, #63, #61, #60, #59, #58, #57, #56, #55, #53, #52, #38, #42, #37, #51, #48, #47, #46, #45, #44, #43, #41, #40, #2, #30, #39, #36, #35, #34, #33, #32, #31, #29, #28, #27, #26, #25, #24, #23, #22, #21, #20, #19, #18, #17, #16, #15, #14, #13, #12, #11, #10, #9, #8, #7, #6, #5, #4, #3, #1]

S [ #61: NNb 2]
H [#61, #62, #75, #74, #73, #72, #71, #70, #69, #68, #67, #66, #65, #64, #50, #54, #49, #63, #60, #59, #58, #57, #56, #55, #53, #52, #38, #42, #37, #51, #48, #47, #46, #45, #44, #43, #41, #40, #2, #30, #39, #36, #35, #34, #33, #32, #31, #29, #28, #27, #26, #25, #24, #23, #22, #21, #20, #19, #18, #17, #16, #15, #14, #13, #12, #11, #10, #9, #8, #7, #6, #5, #4, #3, #1]

S [ #64: NAp  #25  #61 (NNb 2)
    #66: NAp  #64  #65 (NNb 0)]
H [#61, #62, #75, #74, #73, #72, #71, #70, #69, #68, #67, #66, #65, #64, #50, #54, #49, #63, #60, #59, #58, #57, #56, #55, #53, #52, #38, #42, #37, #51, #48, #47, #46, #45, #44, #43, #41, #40, #2, #30, #39, #36, #35, #34, #33, #32, #31, #29, #28, #27, #26, #25, #24, #23, #22, #21, #20, #19, #18, #17, #16, #15, #14, #13, #12, #11, #10, #9, #8, #7, #6, #5, #4, #3, #1]

S [ #25: NPr Eq
    #64: NAp  #25  #61 (NNb 2)
    #66: NAp  #64  #65 (NNb 0)]
H [#61, #62, #75, #74, #73, #72, #71, #70, #69, #68, #67, #66, #65, #64, #50, #54, #49, #63, #60, #59, #58, #57, #56, #55, #53, #52, #38, #42, #37, #51, #48, #47, #46, #45, #44, #43, #41, #40, #2, #30, #39, #36, #35, #34, #33, #32, #31, #29, #28, #27, #26, #25, #24, #23, #22, #21, #20, #19, #18, #17, #16, #15, #14, #13, #12, #11, #10, #9, #8, #7, #6, #5, #4, #3, #1]

S [ #66: False]
H [#66, #61, #62, #75, #74, #73, #72, #71, #70, #69, #68, #67, #65, #64, #50, #54, #49, #63, #60, #59, #58, #57, #56, #55, #53, #52, #38, #42, #37, #51, #48, #47, #46, #45, #44, #43, #41, #40, #2, #30, #39, #36, #35, #34, #33, #32, #31, #29, #28, #27, #26, #25, #24, #23, #22, #21, #20, #19, #18, #17, #16, #15, #14, #13, #12, #11, #10, #9, #8, #7, #6, #5, #4, #3, #1]

S [ #67: NAp  #20  #66 (False)
    #69: NAp  #67  #68 (NNb 1)
    #62: NAp  #69  #75 (NAp #70 #74)]
H [#66, #61, #62, #75, #74, #73, #72, #71, #70, #69, #68, #67, #65, #64, #50, #54, #49, #63, #60, #59, #58, #57, #56, #55, #53, #52, #38, #42, #37, #51, #48, #47, #46, #45, #44, #43, #41, #40, #2, #30, #39, #36, #35, #34, #33, #32, #31, #29, #28, #27, #26, #25, #24, #23, #22, #21, #20, #19, #18, #17, #16, #15, #14, #13, #12, #11, #10, #9, #8, #7, #6, #5, #4, #3, #1]

S [ #20: NPr If
    #67: NAp  #20  #66 (False)
    #69: NAp  #67  #68 (NNb 1)
    #62: NAp  #69  #75 (NAp #70 #74)]
H [#66, #61, #62, #75, #74, #73, #72, #71, #70, #69, #68, #67, #65, #64, #50, #54, #49, #63, #60, #59, #58, #57, #56, #55, #53, #52, #38, #42, #37, #51, #48, #47, #46, #45, #44, #43, #41, #40, #2, #30, #39, #36, #35, #34, #33, #32, #31, #29, #28, #27, #26, #25, #24, #23, #22, #21, #20, #19, #18, #17, #16, #15, #14, #13, #12, #11, #10, #9, #8, #7, #6, #5, #4, #3, #1]

S [ #62: NIn (#75)]
H [#62, #66, #61, #75, #74, #73, #72, #71, #70, #69, #68, #67, #65, #64, #50, #54, #49, #63, #60, #59, #58, #57, #56, #55, #53, #52, #38, #42, #37, #51, #48, #47, #46, #45, #44, #43, #41, #40, #2, #30, #39, #36, #35, #34, #33, #32, #31, #29, #28, #27, #26, #25, #24, #23, #22, #21, #20, #19, #18, #17, #16, #15, #14, #13, #12, #11, #10, #9, #8, #7, #6, #5, #4, #3, #1]

S [ #75: NAp  #70  #74 (NAp #1 #73)]
H [#62, #66, #61, #75, #74, #73, #72, #71, #70, #69, #68, #67, #65, #64, #50, #54, #49, #63, #60, #59, #58, #57, #56, #55, #53, #52, #38, #42, #37, #51, #48, #47, #46, #45, #44, #43, #41, #40, #2, #30, #39, #36, #35, #34, #33, #32, #31, #29, #28, #27, #26, #25, #24, #23, #22, #21, #20, #19, #18, #17, #16, #15, #14, #13, #12, #11, #10, #9, #8, #7, #6, #5, #4, #3, #1]

S [ #70: NAp  #18  #61 (NNb 2)
    #75: NAp  #70  #74 (NAp #1 #73)]
H [#62, #66, #61, #75, #74, #73, #72, #71, #70, #69, #68, #67, #65, #64, #50, #54, #49, #63, #60, #59, #58, #57, #56, #55, #53, #52, #38, #42, #37, #51, #48, #47, #46, #45, #44, #43, #41, #40, #2, #30, #39, #36, #35, #34, #33, #32, #31, #29, #28, #27, #26, #25, #24, #23, #22, #21, #20, #19, #18, #17, #16, #15, #14, #13, #12, #11, #10, #9, #8, #7, #6, #5, #4, #3, #1]

S [ #18: NPr Mul
    #70: NAp  #18  #61 (NNb 2)
    #75: NAp  #70  #74 (NAp #1 #73)]
H [#62, #66, #61, #75, #74, #73, #72, #71, #70, #69, #68, #67, #65, #64, #50, #54, #49, #63, #60, #59, #58, #57, #56, #55, #53, #52, #38, #42, #37, #51, #48, #47, #46, #45, #44, #43, #41, #40, #2, #30, #39, #36, #35, #34, #33, #32, #31, #29, #28, #27, #26, #25, #24, #23, #22, #21, #20, #19, #18, #17, #16, #15, #14, #13, #12, #11, #10, #9, #8, #7, #6, #5, #4, #3, #1]

S [ #74: NAp   #1  #73 (NAp #71 #72)]
H [#62, #66, #61, #75, #74, #73, #72, #71, #70, #69, #68, #67, #65, #64, #50, #54, #49, #63, #60, #59, #58, #57, #56, #55, #53, #52, #38, #42, #37, #51, #48, #47, #46, #45, #44, #43, #41, #40, #2, #30, #39, #36, #35, #34, #33, #32, #31, #29, #28, #27, #26, #25, #24, #23, #22, #21, #20, #19, #18, #17, #16, #15, #14, #13, #12, #11, #10, #9, #8, #7, #6, #5, #4, #3, #1]

S [  #1: NSc fac
    #74: NAp   #1  #73 (NAp #71 #72)]
H [#62, #66, #61, #75, #74, #73, #72, #71, #70, #69, #68, #67, #65, #64, #50, #54, #49, #63, #60, #59, #58, #57, #56, #55, #53, #52, #38, #42, #37, #51, #48, #47, #46, #45, #44, #43, #41, #40, #2, #30, #39, #36, #35, #34, #33, #32, #31, #29, #28, #27, #26, #25, #24, #23, #22, #21, #20, #19, #18, #17, #16, #15, #14, #13, #12, #11, #10, #9, #8, #7, #6, #5, #4, #3, #1]

S [ #74: NAp  #81  #87 (NAp #82 #86)]
H [#74, #87, #86, #85, #84, #83, #82, #81, #80, #79, #78, #77, #76, #62, #66, #61, #75, #73, #72, #71, #70, #69, #68, #67, #65, #64, #50, #54, #49, #63, #60, #59, #58, #57, #56, #55, #53, #52, #38, #42, #37, #51, #48, #47, #46, #45, #44, #43, #41, #40, #2, #30, #39, #36, #35, #34, #33, #32, #31, #29, #28, #27, #26, #25, #24, #23, #22, #21, #20, #19, #18, #17, #16, #15, #14, #13, #12, #11, #10, #9, #8, #7, #6, #5, #4, #3, #1]

S [ #81: NAp  #79  #80 (NNb 1)
    #74: NAp  #81  #87 (NAp #82 #86)]
H [#74, #87, #86, #85, #84, #83, #82, #81, #80, #79, #78, #77, #76, #62, #66, #61, #75, #73, #72, #71, #70, #69, #68, #67, #65, #64, #50, #54, #49, #63, #60, #59, #58, #57, #56, #55, #53, #52, #38, #42, #37, #51, #48, #47, #46, #45, #44, #43, #41, #40, #2, #30, #39, #36, #35, #34, #33, #32, #31, #29, #28, #27, #26, #25, #24, #23, #22, #21, #20, #19, #18, #17, #16, #15, #14, #13, #12, #11, #10, #9, #8, #7, #6, #5, #4, #3, #1]

S [ #79: NAp  #20  #78 (NAp #76 #77)
    #81: NAp  #79  #80 (NNb 1)
    #74: NAp  #81  #87 (NAp #82 #86)]
H [#74, #87, #86, #85, #84, #83, #82, #81, #80, #79, #78, #77, #76, #62, #66, #61, #75, #73, #72, #71, #70, #69, #68, #67, #65, #64, #50, #54, #49, #63, #60, #59, #58, #57, #56, #55, #53, #52, #38, #42, #37, #51, #48, #47, #46, #45, #44, #43, #41, #40, #2, #30, #39, #36, #35, #34, #33, #32, #31, #29, #28, #27, #26, #25, #24, #23, #22, #21, #20, #19, #18, #17, #16, #15, #14, #13, #12, #11, #10, #9, #8, #7, #6, #5, #4, #3, #1]

S [ #20: NPr If
    #79: NAp  #20  #78 (NAp #76 #77)
    #81: NAp  #79  #80 (NNb 1)
    #74: NAp  #81  #87 (NAp #82 #86)]
H [#74, #87, #86, #85, #84, #83, #82, #81, #80, #79, #78, #77, #76, #62, #66, #61, #75, #73, #72, #71, #70, #69, #68, #67, #65, #64, #50, #54, #49, #63, #60, #59, #58, #57, #56, #55, #53, #52, #38, #42, #37, #51, #48, #47, #46, #45, #44, #43, #41, #40, #2, #30, #39, #36, #35, #34, #33, #32, #31, #29, #28, #27, #26, #25, #24, #23, #22, #21, #20, #19, #18, #17, #16, #15, #14, #13, #12, #11, #10, #9, #8, #7, #6, #5, #4, #3, #1]

S [ #78: NAp  #76  #77 (NNb 0)]
H [#74, #87, #86, #85, #84, #83, #82, #81, #80, #79, #78, #77, #76, #62, #66, #61, #75, #73, #72, #71, #70, #69, #68, #67, #65, #64, #50, #54, #49, #63, #60, #59, #58, #57, #56, #55, #53, #52, #38, #42, #37, #51, #48, #47, #46, #45, #44, #43, #41, #40, #2, #30, #39, #36, #35, #34, #33, #32, #31, #29, #28, #27, #26, #25, #24, #23, #22, #21, #20, #19, #18, #17, #16, #15, #14, #13, #12, #11, #10, #9, #8, #7, #6, #5, #4, #3, #1]

S [ #76: NAp  #25  #73 (NAp #71 #72)
    #78: NAp  #76  #77 (NNb 0)]
H [#74, #87, #86, #85, #84, #83, #82, #81, #80, #79, #78, #77, #76, #62, #66, #61, #75, #73, #72, #71, #70, #69, #68, #67, #65, #64, #50, #54, #49, #63, #60, #59, #58, #57, #56, #55, #53, #52, #38, #42, #37, #51, #48, #47, #46, #45, #44, #43, #41, #40, #2, #30, #39, #36, #35, #34, #33, #32, #31, #29, #28, #27, #26, #25, #24, #23, #22, #21, #20, #19, #18, #17, #16, #15, #14, #13, #12, #11, #10, #9, #8, #7, #6, #5, #4, #3, #1]

S [ #25: NPr Eq
    #76: NAp  #25  #73 (NAp #71 #72)
    #78: NAp  #76  #77 (NNb 0)]
H [#74, #87, #86, #85, #84, #83, #82, #81, #80, #79, #78, #77, #76, #62, #66, #61, #75, #73, #72, #71, #70, #69, #68, #67, #65, #64, #50, #54, #49, #63, #60, #59, #58, #57, #56, #55, #53, #52, #38, #42, #37, #51, #48, #47, #46, #45, #44, #43, #41, #40, #2, #30, #39, #36, #35, #34, #33, #32, #31, #29, #28, #27, #26, #25, #24, #23, #22, #21, #20, #19, #18, #17, #16, #15, #14, #13, #12, #11, #10, #9, #8, #7, #6, #5, #4, #3, #1]

S [ #73: NAp  #71  #72 (NNb 1)]
H [#74, #87, #86, #85, #84, #83, #82, #81, #80, #79, #78, #77, #76, #62, #66, #61, #75, #73, #72, #71, #70, #69, #68, #67, #65, #64, #50, #54, #49, #63, #60, #59, #58, #57, #56, #55, #53, #52, #38, #42, #37, #51, #48, #47, #46, #45, #44, #43, #41, #40, #2, #30, #39, #36, #35, #34, #33, #32, #31, #29, #28, #27, #26, #25, #24, #23, #22, #21, #20, #19, #18, #17, #16, #15, #14, #13, #12, #11, #10, #9, #8, #7, #6, #5, #4, #3, #1]

S [ #71: NAp  #17  #61 (NNb 2)
    #73: NAp  #71  #72 (NNb 1)]
H [#74, #87, #86, #85, #84, #83, #82, #81, #80, #79, #78, #77, #76, #62, #66, #61, #75, #73, #72, #71, #70, #69, #68, #67, #65, #64, #50, #54, #49, #63, #60, #59, #58, #57, #56, #55, #53, #52, #38, #42, #37, #51, #48, #47, #46, #45, #44, #43, #41, #40, #2, #30, #39, #36, #35, #34, #33, #32, #31, #29, #28, #27, #26, #25, #24, #23, #22, #21, #20, #19, #18, #17, #16, #15, #14, #13, #12, #11, #10, #9, #8, #7, #6, #5, #4, #3, #1]

S [ #17: NPr Sub
    #71: NAp  #17  #61 (NNb 2)
    #73: NAp  #71  #72 (NNb 1)]
H [#74, #87, #86, #85, #84, #83, #82, #81, #80, #79, #78, #77, #76, #62, #66, #61, #75, #73, #72, #71, #70, #69, #68, #67, #65, #64, #50, #54, #49, #63, #60, #59, #58, #57, #56, #55, #53, #52, #38, #42, #37, #51, #48, #47, #46, #45, #44, #43, #41, #40, #2, #30, #39, #36, #35, #34, #33, #32, #31, #29, #28, #27, #26, #25, #24, #23, #22, #21, #20, #19, #18, #17, #16, #15, #14, #13, #12, #11, #10, #9, #8, #7, #6, #5, #4, #3, #1]

S [ #73: NNb 1]
H [#73, #74, #87, #86, #85, #84, #83, #82, #81, #80, #79, #78, #77, #76, #62, #66, #61, #75, #72, #71, #70, #69, #68, #67, #65, #64, #50, #54, #49, #63, #60, #59, #58, #57, #56, #55, #53, #52, #38, #42, #37, #51, #48, #47, #46, #45, #44, #43, #41, #40, #2, #30, #39, #36, #35, #34, #33, #32, #31, #29, #28, #27, #26, #25, #24, #23, #22, #21, #20, #19, #18, #17, #16, #15, #14, #13, #12, #11, #10, #9, #8, #7, #6, #5, #4, #3, #1]

S [ #76: NAp  #25  #73 (NNb 1)
    #78: NAp  #76  #77 (NNb 0)]
H [#73, #74, #87, #86, #85, #84, #83, #82, #81, #80, #79, #78, #77, #76, #62, #66, #61, #75, #72, #71, #70, #69, #68, #67, #65, #64, #50, #54, #49, #63, #60, #59, #58, #57, #56, #55, #53, #52, #38, #42, #37, #51, #48, #47, #46, #45, #44, #43, #41, #40, #2, #30, #39, #36, #35, #34, #33, #32, #31, #29, #28, #27, #26, #25, #24, #23, #22, #21, #20, #19, #18, #17, #16, #15, #14, #13, #12, #11, #10, #9, #8, #7, #6, #5, #4, #3, #1]

S [ #25: NPr Eq
    #76: NAp  #25  #73 (NNb 1)
    #78: NAp  #76  #77 (NNb 0)]
H [#73, #74, #87, #86, #85, #84, #83, #82, #81, #80, #79, #78, #77, #76, #62, #66, #61, #75, #72, #71, #70, #69, #68, #67, #65, #64, #50, #54, #49, #63, #60, #59, #58, #57, #56, #55, #53, #52, #38, #42, #37, #51, #48, #47, #46, #45, #44, #43, #41, #40, #2, #30, #39, #36, #35, #34, #33, #32, #31, #29, #28, #27, #26, #25, #24, #23, #22, #21, #20, #19, #18, #17, #16, #15, #14, #13, #12, #11, #10, #9, #8, #7, #6, #5, #4, #3, #1]

S [ #78: False]
H [#78, #73, #74, #87, #86, #85, #84, #83, #82, #81, #80, #79, #77, #76, #62, #66, #61, #75, #72, #71, #70, #69, #68, #67, #65, #64, #50, #54, #49, #63, #60, #59, #58, #57, #56, #55, #53, #52, #38, #42, #37, #51, #48, #47, #46, #45, #44, #43, #41, #40, #2, #30, #39, #36, #35, #34, #33, #32, #31, #29, #28, #27, #26, #25, #24, #23, #22, #21, #20, #19, #18, #17, #16, #15, #14, #13, #12, #11, #10, #9, #8, #7, #6, #5, #4, #3, #1]

S [ #79: NAp  #20  #78 (False)
    #81: NAp  #79  #80 (NNb 1)
    #74: NAp  #81  #87 (NAp #82 #86)]
H [#78, #73, #74, #87, #86, #85, #84, #83, #82, #81, #80, #79, #77, #76, #62, #66, #61, #75, #72, #71, #70, #69, #68, #67, #65, #64, #50, #54, #49, #63, #60, #59, #58, #57, #56, #55, #53, #52, #38, #42, #37, #51, #48, #47, #46, #45, #44, #43, #41, #40, #2, #30, #39, #36, #35, #34, #33, #32, #31, #29, #28, #27, #26, #25, #24, #23, #22, #21, #20, #19, #18, #17, #16, #15, #14, #13, #12, #11, #10, #9, #8, #7, #6, #5, #4, #3, #1]

S [ #20: NPr If
    #79: NAp  #20  #78 (False)
    #81: NAp  #79  #80 (NNb 1)
    #74: NAp  #81  #87 (NAp #82 #86)]
H [#78, #73, #74, #87, #86, #85, #84, #83, #82, #81, #80, #79, #77, #76, #62, #66, #61, #75, #72, #71, #70, #69, #68, #67, #65, #64, #50, #54, #49, #63, #60, #59, #58, #57, #56, #55, #53, #52, #38, #42, #37, #51, #48, #47, #46, #45, #44, #43, #41, #40, #2, #30, #39, #36, #35, #34, #33, #32, #31, #29, #28, #27, #26, #25, #24, #23, #22, #21, #20, #19, #18, #17, #16, #15, #14, #13, #12, #11, #10, #9, #8, #7, #6, #5, #4, #3, #1]

S [ #74: NIn (#87)]
H [#74, #78, #73, #87, #86, #85, #84, #83, #82, #81, #80, #79, #77, #76, #62, #66, #61, #75, #72, #71, #70, #69, #68, #67, #65, #64, #50, #54, #49, #63, #60, #59, #58, #57, #56, #55, #53, #52, #38, #42, #37, #51, #48, #47, #46, #45, #44, #43, #41, #40, #2, #30, #39, #36, #35, #34, #33, #32, #31, #29, #28, #27, #26, #25, #24, #23, #22, #21, #20, #19, #18, #17, #16, #15, #14, #13, #12, #11, #10, #9, #8, #7, #6, #5, #4, #3, #1]

S [ #87: NAp  #82  #86 (NAp #1 #85)]
H [#74, #78, #73, #87, #86, #85, #84, #83, #82, #81, #80, #79, #77, #76, #62, #66, #61, #75, #72, #71, #70, #69, #68, #67, #65, #64, #50, #54, #49, #63, #60, #59, #58, #57, #56, #55, #53, #52, #38, #42, #37, #51, #48, #47, #46, #45, #44, #43, #41, #40, #2, #30, #39, #36, #35, #34, #33, #32, #31, #29, #28, #27, #26, #25, #24, #23, #22, #21, #20, #19, #18, #17, #16, #15, #14, #13, #12, #11, #10, #9, #8, #7, #6, #5, #4, #3, #1]

S [ #82: NAp  #18  #73 (NNb 1)
    #87: NAp  #82  #86 (NAp #1 #85)]
H [#74, #78, #73, #87, #86, #85, #84, #83, #82, #81, #80, #79, #77, #76, #62, #66, #61, #75, #72, #71, #70, #69, #68, #67, #65, #64, #50, #54, #49, #63, #60, #59, #58, #57, #56, #55, #53, #52, #38, #42, #37, #51, #48, #47, #46, #45, #44, #43, #41, #40, #2, #30, #39, #36, #35, #34, #33, #32, #31, #29, #28, #27, #26, #25, #24, #23, #22, #21, #20, #19, #18, #17, #16, #15, #14, #13, #12, #11, #10, #9, #8, #7, #6, #5, #4, #3, #1]

S [ #18: NPr Mul
    #82: NAp  #18  #73 (NNb 1)
    #87: NAp  #82  #86 (NAp #1 #85)]
H [#74, #78, #73, #87, #86, #85, #84, #83, #82, #81, #80, #79, #77, #76, #62, #66, #61, #75, #72, #71, #70, #69, #68, #67, #65, #64, #50, #54, #49, #63, #60, #59, #58, #57, #56, #55, #53, #52, #38, #42, #37, #51, #48, #47, #46, #45, #44, #43, #41, #40, #2, #30, #39, #36, #35, #34, #33, #32, #31, #29, #28, #27, #26, #25, #24, #23, #22, #21, #20, #19, #18, #17, #16, #15, #14, #13, #12, #11, #10, #9, #8, #7, #6, #5, #4, #3, #1]

S [ #86: NAp   #1  #85 (NAp #83 #84)]
H [#74, #78, #73, #87, #86, #85, #84, #83, #82, #81, #80, #79, #77, #76, #62, #66, #61, #75, #72, #71, #70, #69, #68, #67, #65, #64, #50, #54, #49, #63, #60, #59, #58, #57, #56, #55, #53, #52, #38, #42, #37, #51, #48, #47, #46, #45, #44, #43, #41, #40, #2, #30, #39, #36, #35, #34, #33, #32, #31, #29, #28, #27, #26, #25, #24, #23, #22, #21, #20, #19, #18, #17, #16, #15, #14, #13, #12, #11, #10, #9, #8, #7, #6, #5, #4, #3, #1]

S [  #1: NSc fac
    #86: NAp   #1  #85 (NAp #83 #84)]
H [#74, #78, #73, #87, #86, #85, #84, #83, #82, #81, #80, #79, #77, #76, #62, #66, #61, #75, #72, #71, #70, #69, #68, #67, #65, #64, #50, #54, #49, #63, #60, #59, #58, #57, #56, #55, #53, #52, #38, #42, #37, #51, #48, #47, #46, #45, #44, #43, #41, #40, #2, #30, #39, #36, #35, #34, #33, #32, #31, #29, #28, #27, #26, #25, #24, #23, #22, #21, #20, #19, #18, #17, #16, #15, #14, #13, #12, #11, #10, #9, #8, #7, #6, #5, #4, #3, #1]

S [ #86: NAp  #93  #99 (NAp #94 #98)]
H [#86, #99, #98, #97, #96, #95, #94, #93, #92, #91, #90, #89, #88, #74, #78, #73, #87, #85, #84, #83, #82, #81, #80, #79, #77, #76, #62, #66, #61, #75, #72, #71, #70, #69, #68, #67, #65, #64, #50, #54, #49, #63, #60, #59, #58, #57, #56, #55, #53, #52, #38, #42, #37, #51, #48, #47, #46, #45, #44, #43, #41, #40, #2, #30, #39, #36, #35, #34, #33, #32, #31, #29, #28, #27, #26, #25, #24, #23, #22, #21, #20, #19, #18, #17, #16, #15, #14, #13, #12, #11, #10, #9, #8, #7, #6, #5, #4, #3, #1]

S [ #93: NAp  #91  #92 (NNb 1)
    #86: NAp  #93  #99 (NAp #94 #98)]
H [#86, #99, #98, #97, #96, #95, #94, #93, #92, #91, #90, #89, #88, #74, #78, #73, #87, #85, #84, #83, #82, #81, #80, #79, #77, #76, #62, #66, #61, #75, #72, #71, #70, #69, #68, #67, #65, #64, #50, #54, #49, #63, #60, #59, #58, #57, #56, #55, #53, #52, #38, #42, #37, #51, #48, #47, #46, #45, #44, #43, #41, #40, #2, #30, #39, #36, #35, #34, #33, #32, #31, #29, #28, #27, #26, #25, #24, #23, #22, #21, #20, #19, #18, #17, #16, #15, #14, #13, #12, #11, #10, #9, #8, #7, #6, #5, #4, #3, #1]

S [ #91: NAp  #20  #90 (NAp #88 #89)
    #93: NAp  #91  #92 (NNb 1)
    #86: NAp  #93  #99 (NAp #94 #98)]
H [#86, #99, #98, #97, #96, #95, #94, #93, #92, #91, #90, #89, #88, #74, #78, #73, #87, #85, #84, #83, #82, #81, #80, #79, #77, #76, #62, #66, #61, #75, #72, #71, #70, #69, #68, #67, #65, #64, #50, #54, #49, #63, #60, #59, #58, #57, #56, #55, #53, #52, #38, #42, #37, #51, #48, #47, #46, #45, #44, #43, #41, #40, #2, #30, #39, #36, #35, #34, #33, #32, #31, #29, #28, #27, #26, #25, #24, #23, #22, #21, #20, #19, #18, #17, #16, #15, #14, #13, #12, #11, #10, #9, #8, #7, #6, #5, #4, #3, #1]

S [ #20: NPr If
    #91: NAp  #20  #90 (NAp #88 #89)
    #93: NAp  #91  #92 (NNb 1)
    #86: NAp  #93  #99 (NAp #94 #98)]
H [#86, #99, #98, #97, #96, #95, #94, #93, #92, #91, #90, #89, #88, #74, #78, #73, #87, #85, #84, #83, #82, #81, #80, #79, #77, #76, #62, #66, #61, #75, #72, #71, #70, #69, #68, #67, #65, #64, #50, #54, #49, #63, #60, #59, #58, #57, #56, #55, #53, #52, #38, #42, #37, #51, #48, #47, #46, #45, #44, #43, #41, #40, #2, #30, #39, #36, #35, #34, #33, #32, #31, #29, #28, #27, #26, #25, #24, #23, #22, #21, #20, #19, #18, #17, #16, #15, #14, #13, #12, #11, #10, #9, #8, #7, #6, #5, #4, #3, #1]

S [ #90: NAp  #88  #89 (NNb 0)]
H [#86, #99, #98, #97, #96, #95, #94, #93, #92, #91, #90, #89, #88, #74, #78, #73, #87, #85, #84, #83, #82, #81, #80, #79, #77, #76, #62, #66, #61, #75, #72, #71, #70, #69, #68, #67, #65, #64, #50, #54, #49, #63, #60, #59, #58, #57, #56, #55, #53, #52, #38, #42, #37, #51, #48, #47, #46, #45, #44, #43, #41, #40, #2, #30, #39, #36, #35, #34, #33, #32, #31, #29, #28, #27, #26, #25, #24, #23, #22, #21, #20, #19, #18, #17, #16, #15, #14, #13, #12, #11, #10, #9, #8, #7, #6, #5, #4, #3, #1]

S [ #88: NAp  #25  #85 (NAp #83 #84)
    #90: NAp  #88  #89 (NNb 0)]
H [#86, #99, #98, #97, #96, #95, #94, #93, #92, #91, #90, #89, #88, #74, #78, #73, #87, #85, #84, #83, #82, #81, #80, #79, #77, #76, #62, #66, #61, #75, #72, #71, #70, #69, #68, #67, #65, #64, #50, #54, #49, #63, #60, #59, #58, #57, #56, #55, #53, #52, #38, #42, #37, #51, #48, #47, #46, #45, #44, #43, #41, #40, #2, #30, #39, #36, #35, #34, #33, #32, #31, #29, #28, #27, #26, #25, #24, #23, #22, #21, #20, #19, #18, #17, #16, #15, #14, #13, #12, #11, #10, #9, #8, #7, #6, #5, #4, #3, #1]

S [ #25: NPr Eq
    #88: NAp  #25  #85 (NAp #83 #84)
    #90: NAp  #88  #89 (NNb 0)]
H [#86, #99, #98, #97, #96, #95, #94, #93, #92, #91, #90, #89, #88, #74, #78, #73, #87, #85, #84, #83, #82, #81, #80, #79, #77, #76, #62, #66, #61, #75, #72, #71, #70, #69, #68, #67, #65, #64, #50, #54, #49, #63, #60, #59, #58, #57, #56, #55, #53, #52, #38, #42, #37, #51, #48, #47, #46, #45, #44, #43, #41, #40, #2, #30, #39, #36, #35, #34, #33, #32, #31, #29, #28, #27, #26, #25, #24, #23, #22, #21, #20, #19, #18, #17, #16, #15, #14, #13, #12, #11, #10, #9, #8, #7, #6, #5, #4, #3, #1]

S [ #85: NAp  #83  #84 (NNb 1)]
H [#86, #99, #98, #97, #96, #95, #94, #93, #92, #91, #90, #89, #88, #74, #78, #73, #87, #85, #84, #83, #82, #81, #80, #79, #77, #76, #62, #66, #61, #75, #72, #71, #70, #69, #68, #67, #65, #64, #50, #54, #49, #63, #60, #59, #58, #57, #56, #55, #53, #52, #38, #42, #37, #51, #48, #47, #46, #45, #44, #43, #41, #40, #2, #30, #39, #36, #35, #34, #33, #32, #31, #29, #28, #27, #26, #25, #24, #23, #22, #21, #20, #19, #18, #17, #16, #15, #14, #13, #12, #11, #10, #9, #8, #7, #6, #5, #4, #3, #1]

S [ #83: NAp  #17  #73 (NNb 1)
    #85: NAp  #83  #84 (NNb 1)]
H [#86, #99, #98, #97, #96, #95, #94, #93, #92, #91, #90, #89, #88, #74, #78, #73, #87, #85, #84, #83, #82, #81, #80, #79, #77, #76, #62, #66, #61, #75, #72, #71, #70, #69, #68, #67, #65, #64, #50, #54, #49, #63, #60, #59, #58, #57, #56, #55, #53, #52, #38, #42, #37, #51, #48, #47, #46, #45, #44, #43, #41, #40, #2, #30, #39, #36, #35, #34, #33, #32, #31, #29, #28, #27, #26, #25, #24, #23, #22, #21, #20, #19, #18, #17, #16, #15, #14, #13, #12, #11, #10, #9, #8, #7, #6, #5, #4, #3, #1]

S [ #17: NPr Sub
    #83: NAp  #17  #73 (NNb 1)
    #85: NAp  #83  #84 (NNb 1)]
H [#86, #99, #98, #97, #96, #95, #94, #93, #92, #91, #90, #89, #88, #74, #78, #73, #87, #85, #84, #83, #82, #81, #80, #79, #77, #76, #62, #66, #61, #75, #72, #71, #70, #69, #68, #67, #65, #64, #50, #54, #49, #63, #60, #59, #58, #57, #56, #55, #53, #52, #38, #42, #37, #51, #48, #47, #46, #45, #44, #43, #41, #40, #2, #30, #39, #36, #35, #34, #33, #32, #31, #29, #28, #27, #26, #25, #24, #23, #22, #21, #20, #19, #18, #17, #16, #15, #14, #13, #12, #11, #10, #9, #8, #7, #6, #5, #4, #3, #1]

S [ #85: NNb 0]
H [#85, #86, #99, #98, #97, #96, #95, #94, #93, #92, #91, #90, #89, #88, #74, #78, #73, #87, #84, #83, #82, #81, #80, #79, #77, #76, #62, #66, #61, #75, #72, #71, #70, #69, #68, #67, #65, #64, #50, #54, #49, #63, #60, #59, #58, #57, #56, #55, #53, #52, #38, #42, #37, #51, #48, #47, #46, #45, #44, #43, #41, #40, #2, #30, #39, #36, #35, #34, #33, #32, #31, #29, #28, #27, #26, #25, #24, #23, #22, #21, #20, #19, #18, #17, #16, #15, #14, #13, #12, #11, #10, #9, #8, #7, #6, #5, #4, #3, #1]

S [ #88: NAp  #25  #85 (NNb 0)
    #90: NAp  #88  #89 (NNb 0)]
H [#85, #86, #99, #98, #97, #96, #95, #94, #93, #92, #91, #90, #89, #88, #74, #78, #73, #87, #84, #83, #82, #81, #80, #79, #77, #76, #62, #66, #61, #75, #72, #71, #70, #69, #68, #67, #65, #64, #50, #54, #49, #63, #60, #59, #58, #57, #56, #55, #53, #52, #38, #42, #37, #51, #48, #47, #46, #45, #44, #43, #41, #40, #2, #30, #39, #36, #35, #34, #33, #32, #31, #29, #28, #27, #26, #25, #24, #23, #22, #21, #20, #19, #18, #17, #16, #15, #14, #13, #12, #11, #10, #9, #8, #7, #6, #5, #4, #3, #1]

S [ #25: NPr Eq
    #88: NAp  #25  #85 (NNb 0)
    #90: NAp  #88  #89 (NNb 0)]
H [#85, #86, #99, #98, #97, #96, #95, #94, #93, #92, #91, #90, #89, #88, #74, #78, #73, #87, #84, #83, #82, #81, #80, #79, #77, #76, #62, #66, #61, #75, #72, #71, #70, #69, #68, #67, #65, #64, #50, #54, #49, #63, #60, #59, #58, #57, #56, #55, #53, #52, #38, #42, #37, #51, #48, #47, #46, #45, #44, #43, #41, #40, #2, #30, #39, #36, #35, #34, #33, #32, #31, #29, #28, #27, #26, #25, #24, #23, #22, #21, #20, #19, #18, #17, #16, #15, #14, #13, #12, #11, #10, #9, #8, #7, #6, #5, #4, #3, #1]

S [ #90: True]
H [#90, #85, #86, #99, #98, #97, #96, #95, #94, #93, #92, #91, #89, #88, #74, #78, #73, #87, #84, #83, #82, #81, #80, #79, #77, #76, #62, #66, #61, #75, #72, #71, #70, #69, #68, #67, #65, #64, #50, #54, #49, #63, #60, #59, #58, #57, #56, #55, #53, #52, #38, #42, #37, #51, #48, #47, #46, #45, #44, #43, #41, #40, #2, #30, #39, #36, #35, #34, #33, #32, #31, #29, #28, #27, #26, #25, #24, #23, #22, #21, #20, #19, #18, #17, #16, #15, #14, #13, #12, #11, #10, #9, #8, #7, #6, #5, #4, #3, #1]

S [ #91: NAp  #20  #90 (True)
    #93: NAp  #91  #92 (NNb 1)
    #86: NAp  #93  #99 (NAp #94 #98)]
H [#90, #85, #86, #99, #98, #97, #96, #95, #94, #93, #92, #91, #89, #88, #74, #78, #73, #87, #84, #83, #82, #81, #80, #79, #77, #76, #62, #66, #61, #75, #72, #71, #70, #69, #68, #67, #65, #64, #50, #54, #49, #63, #60, #59, #58, #57, #56, #55, #53, #52, #38, #42, #37, #51, #48, #47, #46, #45, #44, #43, #41, #40, #2, #30, #39, #36, #35, #34, #33, #32, #31, #29, #28, #27, #26, #25, #24, #23, #22, #21, #20, #19, #18, #17, #16, #15, #14, #13, #12, #11, #10, #9, #8, #7, #6, #5, #4, #3, #1]

S [ #20: NPr If
    #91: NAp  #20  #90 (True)
    #93: NAp  #91  #92 (NNb 1)
    #86: NAp  #93  #99 (NAp #94 #98)]
H [#90, #85, #86, #99, #98, #97, #96, #95, #94, #93, #92, #91, #89, #88, #74, #78, #73, #87, #84, #83, #82, #81, #80, #79, #77, #76, #62, #66, #61, #75, #72, #71, #70, #69, #68, #67, #65, #64, #50, #54, #49, #63, #60, #59, #58, #57, #56, #55, #53, #52, #38, #42, #37, #51, #48, #47, #46, #45, #44, #43, #41, #40, #2, #30, #39, #36, #35, #34, #33, #32, #31, #29, #28, #27, #26, #25, #24, #23, #22, #21, #20, #19, #18, #17, #16, #15, #14, #13, #12, #11, #10, #9, #8, #7, #6, #5, #4, #3, #1]

S [ #86: NIn (#92)]
H [#86, #90, #85, #99, #98, #97, #96, #95, #94, #93, #92, #91, #89, #88, #74, #78, #73, #87, #84, #83, #82, #81, #80, #79, #77, #76, #62, #66, #61, #75, #72, #71, #70, #69, #68, #67, #65, #64, #50, #54, #49, #63, #60, #59, #58, #57, #56, #55, #53, #52, #38, #42, #37, #51, #48, #47, #46, #45, #44, #43, #41, #40, #2, #30, #39, #36, #35, #34, #33, #32, #31, #29, #28, #27, #26, #25, #24, #23, #22, #21, #20, #19, #18, #17, #16, #15, #14, #13, #12, #11, #10, #9, #8, #7, #6, #5, #4, #3, #1]

S [ #92: NNb 1]
H [#86, #90, #85, #99, #98, #97, #96, #95, #94, #93, #92, #91, #89, #88, #74, #78, #73, #87, #84, #83, #82, #81, #80, #79, #77, #76, #62, #66, #61, #75, #72, #71, #70, #69, #68, #67, #65, #64, #50, #54, #49, #63, #60, #59, #58, #57, #56, #55, #53, #52, #38, #42, #37, #51, #48, #47, #46, #45, #44, #43, #41, #40, #2, #30, #39, #36, #35, #34, #33, #32, #31, #29, #28, #27, #26, #25, #24, #23, #22, #21, #20, #19, #18, #17, #16, #15, #14, #13, #12, #11, #10, #9, #8, #7, #6, #5, #4, #3, #1]

S [ #87: NAp  #82  #86 (NIn (#92))]
H [#86, #90, #85, #99, #98, #97, #96, #95, #94, #93, #92, #91, #89, #88, #74, #78, #73, #87, #84, #83, #82, #81, #80, #79, #77, #76, #62, #66, #61, #75, #72, #71, #70, #69, #68, #67, #65, #64, #50, #54, #49, #63, #60, #59, #58, #57, #56, #55, #53, #52, #38, #42, #37, #51, #48, #47, #46, #45, #44, #43, #41, #40, #2, #30, #39, #36, #35, #34, #33, #32, #31, #29, #28, #27, #26, #25, #24, #23, #22, #21, #20, #19, #18, #17, #16, #15, #14, #13, #12, #11, #10, #9, #8, #7, #6, #5, #4, #3, #1]

S [ #87: NAp  #82  #92 (NNb 1)]
H [#87, #86, #90, #85, #99, #98, #97, #96, #95, #94, #93, #92, #91, #89, #88, #74, #78, #73, #84, #83, #82, #81, #80, #79, #77, #76, #62, #66, #61, #75, #72, #71, #70, #69, #68, #67, #65, #64, #50, #54, #49, #63, #60, #59, #58, #57, #56, #55, #53, #52, #38, #42, #37, #51, #48, #47, #46, #45, #44, #43, #41, #40, #2, #30, #39, #36, #35, #34, #33, #32, #31, #29, #28, #27, #26, #25, #24, #23, #22, #21, #20, #19, #18, #17, #16, #15, #14, #13, #12, #11, #10, #9, #8, #7, #6, #5, #4, #3, #1]

S [ #82: NAp  #18  #73 (NNb 1)
    #87: NAp  #82  #92 (NNb 1)]
H [#87, #86, #90, #85, #99, #98, #97, #96, #95, #94, #93, #92, #91, #89, #88, #74, #78, #73, #84, #83, #82, #81, #80, #79, #77, #76, #62, #66, #61, #75, #72, #71, #70, #69, #68, #67, #65, #64, #50, #54, #49, #63, #60, #59, #58, #57, #56, #55, #53, #52, #38, #42, #37, #51, #48, #47, #46, #45, #44, #43, #41, #40, #2, #30, #39, #36, #35, #34, #33, #32, #31, #29, #28, #27, #26, #25, #24, #23, #22, #21, #20, #19, #18, #17, #16, #15, #14, #13, #12, #11, #10, #9, #8, #7, #6, #5, #4, #3, #1]

S [ #18: NPr Mul
    #82: NAp  #18  #73 (NNb 1)
    #87: NAp  #82  #92 (NNb 1)]
H [#87, #86, #90, #85, #99, #98, #97, #96, #95, #94, #93, #92, #91, #89, #88, #74, #78, #73, #84, #83, #82, #81, #80, #79, #77, #76, #62, #66, #61, #75, #72, #71, #70, #69, #68, #67, #65, #64, #50, #54, #49, #63, #60, #59, #58, #57, #56, #55, #53, #52, #38, #42, #37, #51, #48, #47, #46, #45, #44, #43, #41, #40, #2, #30, #39, #36, #35, #34, #33, #32, #31, #29, #28, #27, #26, #25, #24, #23, #22, #21, #20, #19, #18, #17, #16, #15, #14, #13, #12, #11, #10, #9, #8, #7, #6, #5, #4, #3, #1]

S [ #87: NNb 1]
H [#87, #86, #90, #85, #99, #98, #97, #96, #95, #94, #93, #92, #91, #89, #88, #74, #78, #73, #84, #83, #82, #81, #80, #79, #77, #76, #62, #66, #61, #75, #72, #71, #70, #69, #68, #67, #65, #64, #50, #54, #49, #63, #60, #59, #58, #57, #56, #55, #53, #52, #38, #42, #37, #51, #48, #47, #46, #45, #44, #43, #41, #40, #2, #30, #39, #36, #35, #34, #33, #32, #31, #29, #28, #27, #26, #25, #24, #23, #22, #21, #20, #19, #18, #17, #16, #15, #14, #13, #12, #11, #10, #9, #8, #7, #6, #5, #4, #3, #1]

S [ #75: NAp  #70  #74 (NIn (#87))]
H [#87, #86, #90, #85, #99, #98, #97, #96, #95, #94, #93, #92, #91, #89, #88, #74, #78, #73, #84, #83, #82, #81, #80, #79, #77, #76, #62, #66, #61, #75, #72, #71, #70, #69, #68, #67, #65, #64, #50, #54, #49, #63, #60, #59, #58, #57, #56, #55, #53, #52, #38, #42, #37, #51, #48, #47, #46, #45, #44, #43, #41, #40, #2, #30, #39, #36, #35, #34, #33, #32, #31, #29, #28, #27, #26, #25, #24, #23, #22, #21, #20, #19, #18, #17, #16, #15, #14, #13, #12, #11, #10, #9, #8, #7, #6, #5, #4, #3, #1]

S [ #75: NAp  #70  #87 (NNb 1)]
H [#75, #87, #86, #90, #85, #99, #98, #97, #96, #95, #94, #93, #92, #91, #89, #88, #74, #78, #73, #84, #83, #82, #81, #80, #79, #77, #76, #62, #66, #61, #72, #71, #70, #69, #68, #67, #65, #64, #50, #54, #49, #63, #60, #59, #58, #57, #56, #55, #53, #52, #38, #42, #37, #51, #48, #47, #46, #45, #44, #43, #41, #40, #2, #30, #39, #36, #35, #34, #33, #32, #31, #29, #28, #27, #26, #25, #24, #23, #22, #21, #20, #19, #18, #17, #16, #15, #14, #13, #12, #11, #10, #9, #8, #7, #6, #5, #4, #3, #1]

S [ #70: NAp  #18  #61 (NNb 2)
    #75: NAp  #70  #87 (NNb 1)]
H [#75, #87, #86, #90, #85, #99, #98, #97, #96, #95, #94, #93, #92, #91, #89, #88, #74, #78, #73, #84, #83, #82, #81, #80, #79, #77, #76, #62, #66, #61, #72, #71, #70, #69, #68, #67, #65, #64, #50, #54, #49, #63, #60, #59, #58, #57, #56, #55, #53, #52, #38, #42, #37, #51, #48, #47, #46, #45, #44, #43, #41, #40, #2, #30, #39, #36, #35, #34, #33, #32, #31, #29, #28, #27, #26, #25, #24, #23, #22, #21, #20, #19, #18, #17, #16, #15, #14, #13, #12, #11, #10, #9, #8, #7, #6, #5, #4, #3, #1]

S [ #18: NPr Mul
    #70: NAp  #18  #61 (NNb 2)
    #75: NAp  #70  #87 (NNb 1)]
H [#75, #87, #86, #90, #85, #99, #98, #97, #96, #95, #94, #93, #92, #91, #89, #88, #74, #78, #73, #84, #83, #82, #81, #80, #79, #77, #76, #62, #66, #61, #72, #71, #70, #69, #68, #67, #65, #64, #50, #54, #49, #63, #60, #59, #58, #57, #56, #55, #53, #52, #38, #42, #37, #51, #48, #47, #46, #45, #44, #43, #41, #40, #2, #30, #39, #36, #35, #34, #33, #32, #31, #29, #28, #27, #26, #25, #24, #23, #22, #21, #20, #19, #18, #17, #16, #15, #14, #13, #12, #11, #10, #9, #8, #7, #6, #5, #4, #3, #1]

S [ #75: NNb 2]
H [#75, #87, #86, #90, #85, #99, #98, #97, #96, #95, #94, #93, #92, #91, #89, #88, #74, #78, #73, #84, #83, #82, #81, #80, #79, #77, #76, #62, #66, #61, #72, #71, #70, #69, #68, #67, #65, #64, #50, #54, #49, #63, #60, #59, #58, #57, #56, #55, #53, #52, #38, #42, #37, #51, #48, #47, #46, #45, #44, #43, #41, #40, #2, #30, #39, #36, #35, #34, #33, #32, #31, #29, #28, #27, #26, #25, #24, #23, #22, #21, #20, #19, #18, #17, #16, #15, #14, #13, #12, #11, #10, #9, #8, #7, #6, #5, #4, #3, #1]

S [ #63: NAp  #58  #62 (NIn (#75))]
H [#75, #87, #86, #90, #85, #99, #98, #97, #96, #95, #94, #93, #92, #91, #89, #88, #74, #78, #73, #84, #83, #82, #81, #80, #79, #77, #76, #62, #66, #61, #72, #71, #70, #69, #68, #67, #65, #64, #50, #54, #49, #63, #60, #59, #58, #57, #56, #55, #53, #52, #38, #42, #37, #51, #48, #47, #46, #45, #44, #43, #41, #40, #2, #30, #39, #36, #35, #34, #33, #32, #31, #29, #28, #27, #26, #25, #24, #23, #22, #21, #20, #19, #18, #17, #16, #15, #14, #13, #12, #11, #10, #9, #8, #7, #6, #5, #4, #3, #1]

S [ #63: NAp  #58  #75 (NNb 2)]
H [#63, #75, #87, #86, #90, #85, #99, #98, #97, #96, #95, #94, #93, #92, #91, #89, #88, #74, #78, #73, #84, #83, #82, #81, #80, #79, #77, #76, #62, #66, #61, #72, #71, #70, #69, #68, #67, #65, #64, #50, #54, #49, #60, #59, #58, #57, #56, #55, #53, #52, #38, #42, #37, #51, #48, #47, #46, #45, #44, #43, #41, #40, #2, #30, #39, #36, #35, #34, #33, #32, #31, #29, #28, #27, #26, #25, #24, #23, #22, #21, #20, #19, #18, #17, #16, #15, #14, #13, #12, #11, #10, #9, #8, #7, #6, #5, #4, #3, #1]

S [ #58: NAp  #18  #49 (NNb 3)
    #63: NAp  #58  #75 (NNb 2)]
H [#63, #75, #87, #86, #90, #85, #99, #98, #97, #96, #95, #94, #93, #92, #91, #89, #88, #74, #78, #73, #84, #83, #82, #81, #80, #79, #77, #76, #62, #66, #61, #72, #71, #70, #69, #68, #67, #65, #64, #50, #54, #49, #60, #59, #58, #57, #56, #55, #53, #52, #38, #42, #37, #51, #48, #47, #46, #45, #44, #43, #41, #40, #2, #30, #39, #36, #35, #34, #33, #32, #31, #29, #28, #27, #26, #25, #24, #23, #22, #21, #20, #19, #18, #17, #16, #15, #14, #13, #12, #11, #10, #9, #8, #7, #6, #5, #4, #3, #1]

S [ #18: NPr Mul
    #58: NAp  #18  #49 (NNb 3)
    #63: NAp  #58  #75 (NNb 2)]
H [#63, #75, #87, #86, #90, #85, #99, #98, #97, #96, #95, #94, #93, #92, #91, #89, #88, #74, #78, #73, #84, #83, #82, #81, #80, #79, #77, #76, #62, #66, #61, #72, #71, #70, #69, #68, #67, #65, #64, #50, #54, #49, #60, #59, #58, #57, #56, #55, #53, #52, #38, #42, #37, #51, #48, #47, #46, #45, #44, #43, #41, #40, #2, #30, #39, #36, #35, #34, #33, #32, #31, #29, #28, #27, #26, #25, #24, #23, #22, #21, #20, #19, #18, #17, #16, #15, #14, #13, #12, #11, #10, #9, #8, #7, #6, #5, #4, #3, #1]

S [ #63: NNb 6]
H [#63, #75, #87, #86, #90, #85, #99, #98, #97, #96, #95, #94, #93, #92, #91, #89, #88, #74, #78, #73, #84, #83, #82, #81, #80, #79, #77, #76, #62, #66, #61, #72, #71, #70, #69, #68, #67, #65, #64, #50, #54, #49, #60, #59, #58, #57, #56, #55, #53, #52, #38, #42, #37, #51, #48, #47, #46, #45, #44, #43, #41, #40, #2, #30, #39, #36, #35, #34, #33, #32, #31, #29, #28, #27, #26, #25, #24, #23, #22, #21, #20, #19, #18, #17, #16, #15, #14, #13, #12, #11, #10, #9, #8, #7, #6, #5, #4, #3, #1]

S [ #51: NAp  #46  #50 (NIn (#63))]
H [#63, #75, #87, #86, #90, #85, #99, #98, #97, #96, #95, #94, #93, #92, #91, #89, #88, #74, #78, #73, #84, #83, #82, #81, #80, #79, #77, #76, #62, #66, #61, #72, #71, #70, #69, #68, #67, #65, #64, #50, #54, #49, #60, #59, #58, #57, #56, #55, #53, #52, #38, #42, #37, #51, #48, #47, #46, #45, #44, #43, #41, #40, #2, #30, #39, #36, #35, #34, #33, #32, #31, #29, #28, #27, #26, #25, #24, #23, #22, #21, #20, #19, #18, #17, #16, #15, #14, #13, #12, #11, #10, #9, #8, #7, #6, #5, #4, #3, #1]

S [ #51: NAp  #46  #63 (NNb 6)]
H [#51, #63, #75, #87, #86, #90, #85, #99, #98, #97, #96, #95, #94, #93, #92, #91, #89, #88, #74, #78, #73, #84, #83, #82, #81, #80, #79, #77, #76, #62, #66, #61, #72, #71, #70, #69, #68, #67, #65, #64, #50, #54, #49, #60, #59, #58, #57, #56, #55, #53, #52, #38, #42, #37, #48, #47, #46, #45, #44, #43, #41, #40, #2, #30, #39, #36, #35, #34, #33, #32, #31, #29, #28, #27, #26, #25, #24, #23, #22, #21, #20, #19, #18, #17, #16, #15, #14, #13, #12, #11, #10, #9, #8, #7, #6, #5, #4, #3, #1]

S [ #46: NAp  #18  #37 (NNb 4)
    #51: NAp  #46  #63 (NNb 6)]
H [#51, #63, #75, #87, #86, #90, #85, #99, #98, #97, #96, #95, #94, #93, #92, #91, #89, #88, #74, #78, #73, #84, #83, #82, #81, #80, #79, #77, #76, #62, #66, #61, #72, #71, #70, #69, #68, #67, #65, #64, #50, #54, #49, #60, #59, #58, #57, #56, #55, #53, #52, #38, #42, #37, #48, #47, #46, #45, #44, #43, #41, #40, #2, #30, #39, #36, #35, #34, #33, #32, #31, #29, #28, #27, #26, #25, #24, #23, #22, #21, #20, #19, #18, #17, #16, #15, #14, #13, #12, #11, #10, #9, #8, #7, #6, #5, #4, #3, #1]

S [ #18: NPr Mul
    #46: NAp  #18  #37 (NNb 4)
    #51: NAp  #46  #63 (NNb 6)]
H [#51, #63, #75, #87, #86, #90, #85, #99, #98, #97, #96, #95, #94, #93, #92, #91, #89, #88, #74, #78, #73, #84, #83, #82, #81, #80, #79, #77, #76, #62, #66, #61, #72, #71, #70, #69, #68, #67, #65, #64, #50, #54, #49, #60, #59, #58, #57, #56, #55, #53, #52, #38, #42, #37, #48, #47, #46, #45, #44, #43, #41, #40, #2, #30, #39, #36, #35, #34, #33, #32, #31, #29, #28, #27, #26, #25, #24, #23, #22, #21, #20, #19, #18, #17, #16, #15, #14, #13, #12, #11, #10, #9, #8, #7, #6, #5, #4, #3, #1]

S [ #51: NNb 24]
H [#51, #63, #75, #87, #86, #90, #85, #99, #98, #97, #96, #95, #94, #93, #92, #91, #89, #88, #74, #78, #73, #84, #83, #82, #81, #80, #79, #77, #76, #62, #66, #61, #72, #71, #70, #69, #68, #67, #65, #64, #50, #54, #49, #60, #59, #58, #57, #56, #55, #53, #52, #38, #42, #37, #48, #47, #46, #45, #44, #43, #41, #40, #2, #30, #39, #36, #35, #34, #33, #32, #31, #29, #28, #27, #26, #25, #24, #23, #22, #21, #20, #19, #18, #17, #16, #15, #14, #13, #12, #11, #10, #9, #8, #7, #6, #5, #4, #3, #1]

S [ #39: NAp  #34  #38 (NIn (#51))]
H [#51, #63, #75, #87, #86, #90, #85, #99, #98, #97, #96, #95, #94, #93, #92, #91, #89, #88, #74, #78, #73, #84, #83, #82, #81, #80, #79, #77, #76, #62, #66, #61, #72, #71, #70, #69, #68, #67, #65, #64, #50, #54, #49, #60, #59, #58, #57, #56, #55, #53, #52, #38, #42, #37, #48, #47, #46, #45, #44, #43, #41, #40, #2, #30, #39, #36, #35, #34, #33, #32, #31, #29, #28, #27, #26, #25, #24, #23, #22, #21, #20, #19, #18, #17, #16, #15, #14, #13, #12, #11, #10, #9, #8, #7, #6, #5, #4, #3, #1]

S [ #39: NAp  #34  #51 (NNb 24)]
H [#39, #51, #63, #75, #87, #86, #90, #85, #99, #98, #97, #96, #95, #94, #93, #92, #91, #89, #88, #74, #78, #73, #84, #83, #82, #81, #80, #79, #77, #76, #62, #66, #61, #72, #71, #70, #69, #68, #67, #65, #64, #50, #54, #49, #60, #59, #58, #57, #56, #55, #53, #52, #38, #42, #37, #48, #47, #46, #45, #44, #43, #41, #40, #2, #30, #36, #35, #34, #33, #32, #31, #29, #28, #27, #26, #25, #24, #23, #22, #21, #20, #19, #18, #17, #16, #15, #14, #13, #12, #11, #10, #9, #8, #7, #6, #5, #4, #3, #1]

S [ #34: NAp  #18  #27 (NNb 5)
    #39: NAp  #34  #51 (NNb 24)]
H [#39, #51, #63, #75, #87, #86, #90, #85, #99, #98, #97, #96, #95, #94, #93, #92, #91, #89, #88, #74, #78, #73, #84, #83, #82, #81, #80, #79, #77, #76, #62, #66, #61, #72, #71, #70, #69, #68, #67, #65, #64, #50, #54, #49, #60, #59, #58, #57, #56, #55, #53, #52, #38, #42, #37, #48, #47, #46, #45, #44, #43, #41, #40, #2, #30, #36, #35, #34, #33, #32, #31, #29, #28, #27, #26, #25, #24, #23, #22, #21, #20, #19, #18, #17, #16, #15, #14, #13, #12, #11, #10, #9, #8, #7, #6, #5, #4, #3, #1]

S [ #18: NPr Mul
    #34: NAp  #18  #27 (NNb 5)
    #39: NAp  #34  #51 (NNb 24)]
H [#39, #51, #63, #75, #87, #86, #90, #85, #99, #98, #97, #96, #95, #94, #93, #92, #91, #89, #88, #74, #78, #73, #84, #83, #82, #81, #80, #79, #77, #76, #62, #66, #61, #72, #71, #70, #69, #68, #67, #65, #64, #50, #54, #49, #60, #59, #58, #57, #56, #55, #53, #52, #38, #42, #37, #48, #47, #46, #45, #44, #43, #41, #40, #2, #30, #36, #35, #34, #33, #32, #31, #29, #28, #27, #26, #25, #24, #23, #22, #21, #20, #19, #18, #17, #16, #15, #14, #13, #12, #11, #10, #9, #8, #7, #6, #5, #4, #3, #1]

S [ #39: NNb 120]
H [#39, #51, #63, #75, #87, #86, #90, #85, #99, #98, #97, #96, #95, #94, #93, #92, #91, #89, #88, #74, #78, #73, #84, #83, #82, #81, #80, #79, #77, #76, #62, #66, #61, #72, #71, #70, #69, #68, #67, #65, #64, #50, #54, #49, #60, #59, #58, #57, #56, #55, #53, #52, #38, #42, #37, #48, #47, #46, #45, #44, #43, #41, #40, #2, #30, #36, #35, #34, #33, #32, #31, #29, #28, #27, #26, #25, #24, #23, #22, #21, #20, #19, #18, #17, #16, #15, #14, #13, #12, #11, #10, #9, #8, #7, #6, #5, #4, #3, #1]

----- Stats -----
Total steps     : 149
Max stack depth : 4

