NNb 2

S [  #2: NSc main]
H [#26, #25, #24, #23, #22, #21, #20, #19, #18, #17, #16, #15, #14, #13, #12, #11, #10, #9, #8, #7, #6, #5, #4, #3, #2, #1]

S [  #2: NAp  #28  #29 (NNb 10)]
H [#2, #29, #28, #27, #26, #25, #24, #23, #22, #21, #20, #19, #18, #17, #16, #15, #14, #13, #12, #11, #10, #9, #8, #7, #6, #5, #4, #3, #1]

S [ #28: NAp   #1  #27 (NNb 6)
     #2: NAp  #28  #29 (NNb 10)]
H [#2, #29, #28, #27, #26, #25, #24, #23, #22, #21, #20, #19, #18, #17, #16, #15, #14, #13, #12, #11, #10, #9, #8, #7, #6, #5, #4, #3, #1]

S [  #1: NSc gcd
    #28: NAp   #1  #27 (NNb 6)
     #2: NAp  #28  #29 (NNb 10)]
H [#2, #29, #28, #27, #26, #25, #24, #23, #22, #21, #20, #19, #18, #17, #16, #15, #14, #13, #12, #11, #10, #9, #8, #7, #6, #5, #4, #3, #1]

S [  #2: NAp  #33  #44 (NAp #39 #43)]
H [#2, #44, #43, #42, #41, #40, #39, #38, #37, #36, #35, #34, #33, #32, #31, #30, #29, #28, #27, #26, #25, #24, #23, #22, #21, #20, #19, #18, #17, #16, #15, #14, #13, #12, #11, #10, #9, #8, #7, #6, #5, #4, #3, #1]

S [ #33: NAp  #32  #27 (NNb 6)
     #2: NAp  #33  #44 (NAp #39 #43)]
H [#2, #44, #43, #42, #41, #40, #39, #38, #37, #36, #35, #34, #33, #32, #31, #30, #29, #28, #27, #26, #25, #24, #23, #22, #21, #20, #19, #18, #17, #16, #15, #14, #13, #12, #11, #10, #9, #8, #7, #6, #5, #4, #3, #1]

S [ #32: NAp  #20  #31 (NAp #30 #29)
    #33: NAp  #32  #27 (NNb 6)
     #2: NAp  #33  #44 (NAp #39 #43)]
H [#2, #44, #43, #42, #41, #40, #39, #38, #37, #36, #35, #34, #33, #32, #31, #30, #29, #28, #27, #26, #25, #24, #23, #22, #21, #20, #19, #18, #17, #16, #15, #14, #13, #12, #11, #10, #9, #8, #7, #6, #5, #4, #3, #1]

S [ #20: NPr If
    #32: NAp  #20  #31 (NAp #30 #29)
    #33: NAp  #32  #27 (NNb 6)
     #2: NAp  #33  #44 (NAp #39 #43)]
H [#2, #44, #43, #42, #41, #40, #39, #38, #37, #36, #35, #34, #33, #32, #31, #30, #29, #28, #27, #26, #25, #24, #23, #22, #21, #20, #19, #18, #17, #16, #15, #14, #13, #12, #11, #10, #9, #8, #7, #6, #5, #4, #3, #1]

S [ #31: NAp  #30  #29 (NNb 10)]
H [#2, #44, #43, #42, #41, #40, #39, #38, #37, #36, #35, #34, #33, #32, #31, #30, #29, #28, #27, #26, #25, #24, #23, #22, #21, #20, #19, #18, #17, #16, #15, #14, #13, #12, #11, #10, #9, #8, #7, #6, #5, #4, #3, #1]

S [ #30: NAp  #25  #27 (NNb 6)
    #31: NAp  #30  #29 (NNb 10)]
H [#2, #44, #43, #42, #41, #40, #39, #38, #37, #36, #35, #34, #33, #32, #31, #30, #29, #28, #27, #26, #25, #24, #23, #22, #21, #20, #19, #18, #17, #16, #15, #14, #13, #12, #11, #10, #9, #8, #7, #6, #5, #4, #3, #1]

S [ #25: NPr Eq
    #30: NAp  #25  #27 (NNb 6)
    #31: NAp  #30  #29 (NNb 10)]
H [#2, #44, #43, #42, #41, #40, #39, #38, #37, #36, #35, #34, #33, #32, #31, #30, #29, #28, #27, #26, #25, #24, #23, #22, #21, #20, #19, #18, #17, #16, #15, #14, #13, #12, #11, #10, #9, #8, #7, #6, #5, #4, #3, #1]

S [ #31: False]
H [#31, #2, #44, #43, #42, #41, #40, #39, #38, #37, #36, #35, #34, #33, #32, #30, #29, #28, #27, #26, #25, #24, #23, #22, #21, #20, #19, #18, #17, #16, #15, #14, #13, #12, #11, #10, #9, #8, #7, #6, #5, #4, #3, #1]

S [ #32: NAp  #20  #31 (False)
    #33: NAp  #32  #27 (NNb 6)
     #2: NAp  #33  #44 (NAp #39 #43)]
H [#31, #2, #44, #43, #42, #41, #40, #39, #38, #37, #36, #35, #34, #33, #32, #30, #29, #28, #27, #26, #25, #24, #23, #22, #21, #20, #19, #18, #17, #16, #15, #14, #13, #12, #11, #10, #9, #8, #7, #6, #5, #4, #3, #1]

S [ #20: NPr If
    #32: NAp  #20  #31 (False)
    #33: NAp  #32  #27 (NNb 6)
     #2: NAp  #33  #44 (NAp #39 #43)]
H [#31, #2, #44, #43, #42, #41, #40, #39, #38, #37, #36, #35, #34, #33, #32, #30, #29, #28, #27, #26, #25, #24, #23, #22, #21, #20, #19, #18, #17, #16, #15, #14, #13, #12, #11, #10, #9, #8, #7, #6, #5, #4, #3, #1]

S [  #2: NIn (#44)]
H [#2, #31, #44, #43, #42, #41, #40, #39, #38, #37, #36, #35, #34, #33, #32, #30, #29, #28, #27, #26, #25, #24, #23, #22, #21, #20, #19, #18, #17, #16, #15, #14, #13, #12, #11, #10, #9, #8, #7, #6, #5, #4, #3, #1]

S [ #44: NAp  #39  #43 (NAp #40 #42)]
H [#2, #31, #44, #43, #42, #41, #40, #39, #38, #37, #36, #35, #34, #33, #32, #30, #29, #28, #27, #26, #25, #24, #23, #22, #21, #20, #19, #18, #17, #16, #15, #14, #13, #12, #11, #10, #9, #8, #7, #6, #5, #4, #3, #1]

S [ #39: NAp  #36  #38 (NAp #37 #27)
    #44: NAp  #39  #43 (NAp #40 #42)]
H [#2, #31, #44, #43, #42, #41, #40, #39, #38, #37, #36, #35, #34, #33, #32, #30, #29, #28, #27, #26, #25, #24, #23, #22, #21, #20, #19, #18, #17, #16, #15, #14, #13, #12, #11, #10, #9, #8, #7, #6, #5, #4, #3, #1]

S [ #36: NAp  #20  #35 (NAp #34 #29)
    #39: NAp  #36  #38 (NAp #37 #27)
    #44: NAp  #39  #43 (NAp #40 #42)]
H [#2, #31, #44, #43, #42, #41, #40, #39, #38, #37, #36, #35, #34, #33, #32, #30, #29, #28, #27, #26, #25, #24, #23, #22, #21, #20, #19, #18, #17, #16, #15, #14, #13, #12, #11, #10, #9, #8, #7, #6, #5, #4, #3, #1]

S [ #20: NPr If
    #36: NAp  #20  #35 (NAp #34 #29)
    #39: NAp  #36  #38 (NAp #37 #27)
    #44: NAp  #39  #43 (NAp #40 #42)]
H [#2, #31, #44, #43, #42, #41, #40, #39, #38, #37, #36, #35, #34, #33, #32, #30, #29, #28, #27, #26, #25, #24, #23, #22, #21, #20, #19, #18, #17, #16, #15, #14, #13, #12, #11, #10, #9, #8, #7, #6, #5, #4, #3, #1]

S [ #35: NAp  #34  #29 (NNb 10)]
H [#2, #31, #44, #43, #42, #41, #40, #39, #38, #37, #36, #35, #34, #33, #32, #30, #29, #28, #27, #26, #25, #24, #23, #22, #21, #20, #19, #18, #17, #16, #15, #14, #13, #12, #11, #10, #9, #8, #7, #6, #5, #4, #3, #1]

S [ #34: NAp  #23  #27 (NNb 6)
    #35: NAp  #34  #29 (NNb 10)]
H [#2, #31, #44, #43, #42, #41, #40, #39, #38, #37, #36, #35, #34, #33, #32, #30, #29, #28, #27, #26, #25, #24, #23, #22, #21, #20, #19, #18, #17, #16, #15, #14, #13, #12, #11, #10, #9, #8, #7, #6, #5, #4, #3, #1]

S [ #23: NPr Less
    #34: NAp  #23  #27 (NNb 6)
    #35: NAp  #34  #29 (NNb 10)]
H [#2, #31, #44, #43, #42, #41, #40, #39, #38, #37, #36, #35, #34, #33, #32, #30, #29, #28, #27, #26, #25, #24, #23, #22, #21, #20, #19, #18, #17, #16, #15, #14, #13, #12, #11, #10, #9, #8, #7, #6, #5, #4, #3, #1]

S [ #35: True]
H [#35, #2, #31, #44, #43, #42, #41, #40, #39, #38, #37, #36, #34, #33, #32, #30, #29, #28, #27, #26, #25, #24, #23, #22, #21, #20, #19, #18, #17, #16, #15, #14, #13, #12, #11, #10, #9, #8, #7, #6, #5, #4, #3, #1]

S [ #36: NAp  #20  #35 (True)
    #39: NAp  #36  #38 (NAp #37 #27)
    #44: NAp  #39  #43 (NAp #40 #42)]
H [#35, #2, #31, #44, #43, #42, #41, #40, #39, #38, #37, #36, #34, #33, #32, #30, #29, #28, #27, #26, #25, #24, #23, #22, #21, #20, #19, #18, #17, #16, #15, #14, #13, #12, #11, #10, #9, #8, #7, #6, #5, #4, #3, #1]

S [ #20: NPr If
    #36: NAp  #20  #35 (True)
    #39: NAp  #36  #38 (NAp #37 #27)
    #44: NAp  #39  #43 (NAp #40 #42)]
H [#35, #2, #31, #44, #43, #42, #41, #40, #39, #38, #37, #36, #34, #33, #32, #30, #29, #28, #27, #26, #25, #24, #23, #22, #21, #20, #19, #18, #17, #16, #15, #14, #13, #12, #11, #10, #9, #8, #7, #6, #5, #4, #3, #1]

S [ #44: NIn (#38)]
H [#44, #35, #2, #31, #43, #42, #41, #40, #39, #38, #37, #36, #34, #33, #32, #30, #29, #28, #27, #26, #25, #24, #23, #22, #21, #20, #19, #18, #17, #16, #15, #14, #13, #12, #11, #10, #9, #8, #7, #6, #5, #4, #3, #1]

S [ #38: NAp  #37  #27 (NNb 6)]
H [#44, #35, #2, #31, #43, #42, #41, #40, #39, #38, #37, #36, #34, #33, #32, #30, #29, #28, #27, #26, #25, #24, #23, #22, #21, #20, #19, #18, #17, #16, #15, #14, #13, #12, #11, #10, #9, #8, #7, #6, #5, #4, #3, #1]

S [ #37: NAp   #1  #29 (NNb 10)
    #38: NAp  #37  #27 (NNb 6)]
H [#44, #35, #2, #31, #43, #42, #41, #40, #39, #38, #37, #36, #34, #33, #32, #30, #29, #28, #27, #26, #25, #24, #23, #22, #21, #20, #19, #18, #17, #16, #15, #14, #13, #12, #11, #10, #9, #8, #7, #6, #5, #4, #3, #1]

S [  #1: NSc gcd
    #37: NAp   #1  #29 (NNb 10)
    #38: NAp  #37  #27 (NNb 6)]
H [#44, #35, #2, #31, #43, #42, #41, #40, #39, #38, #37, #36, #34, #33, #32, #30, #29, #28, #27, #26, #25, #24, #23, #22, #21, #20, #19, #18, #17, #16, #15, #14, #13, #12, #11, #10, #9, #8, #7, #6, #5, #4, #3, #1]

S [ #38: NAp  #48  #59 (NAp #54 #58)]
H [#38, #59, #58, #57, #56, #55, #54, #53, #52, #51, #50, #49, #48, #47, #46, #45, #44, #35, #2, #31, #43, #42, #41, #40, #39, #37, #36, #34, #33, #32, #30, #29, #28, #27, #26, #25, #24, #23, #22, #21, #20, #19, #18, #17, #16, #15, #14, #13, #12, #11, #10, #9, #8, #7, #6, #5, #4, #3, #1]

S [ #48: NAp  #47  #29 (NNb 10)
    #38: NAp  #48  #59 (NAp #54 #58)]
H [#38, #59, #58, #57, #56, #55, #54, #53, #52, #51, #50, #49, #48, #47, #46, #45, #44, #35, #2, #31, #43, #42, #41, #40, #39, #37, #36, #34, #33, #32, #30, #29, #28, #27, #26, #25, #24, #23, #22, #21, #20, #19, #18, #17, #16, #15, #14, #13, #12, #11, #10, #9, #8, #7, #6, #5, #4, #3, #1]

S [ #47: NAp  #20  #46 (NAp #45 #27)
    #48: NAp  #47  #29 (NNb 10)
    #38: NAp  #48  #59 (NAp #54 #58)]
H [#38, #59, #58, #57, #56, #55, #54, #53, #52, #51, #50, #49, #48, #47, #46, #45, #44, #35, #2, #31, #43, #42, #41, #40, #39, #37, #36, #34, #33, #32, #30, #29, #28, #27, #26, #25, #24, #23, #22, #21, #20, #19, #18, #17, #16, #15, #14, #13, #12, #11, #10, #9, #8, #7, #6, #5, #4, #3, #1]

S [ #20: NPr If
    #47: NAp  #20  #46 (NAp #45 #27)
    #48: NAp  #47  #29 (NNb 10)
    #38: NAp  #48  #59 (NAp #54 #58)]
H [#38, #59, #58, #57, #56, #55, #54, #53, #52, #51, #50, #49, #48, #47, #46, #45, #44, #35, #2, #31, #43, #42, #41, #40, #39, #37, #36, #34, #33, #32, #30, #29, #28, #27, #26, #25, #24, #23, #22, #21, #20, #19, #18, #17, #16, #15, #14, #13, #12, #11, #10, #9, #8, #7, #6, #5, #4, #3, #1]

S [ #46: NAp  #45  #27 (NNb 6)]
H [#38, #59, #58, #57, #56, #55, #54, #53, #52, #51, #50, #49, #48, #47, #46, #45, #44, #35, #2, #31, #43, #42, #41, #40, #39, #37, #36, #34, #33, #32, #30, #29, #28, #27, #26, #25, #24, #23, #22, #21, #20, #19, #18, #17, #16, #15, #14, #13, #12, #11, #10, #9, #8, #7, #6, #5, #4, #3, #1]

S [ #45: NAp  #25  #29 (NNb 10)
    #46: NAp  #45  #27 (NNb 6)]
H [#38, #59, #58, #57, #56, #55, #54, #53, #52, #51, #50, #49, #48, #47, #46, #45, #44, #35, #2, #31, #43, #42, #41, #40, #39, #37, #36, #34, #33, #32, #30, #29, #28, #27, #26, #25, #24, #23, #22, #21, #20, #19, #18, #17, #16, #15, #14, #13, #12, #11, #10, #9, #8, #7, #6, #5, #4, #3, #1]

S [ #25: NPr Eq
    #45: NAp  #25  #29 (NNb 10)
    #46: NAp  #45  #27 (NNb 6)]
H [#38, #59, #58, #57, #56, #55, #54, #53, #52, #51, #50, #49, #48, #47, #46, #45, #44, #35, #2, #31, #43, #42, #41, #40, #39, #37, #36, #34, #33, #32, #30, #29, #28, #27, #26, #25, #24, #23, #22, #21, #20, #19, #18, #17, #16, #15, #14, #13, #12, #11, #10, #9, #8, #7, #6, #5, #4, #3, #1]

S [ #46: False]
H [#46, #38, #59, #58, #57, #56, #55, #54, #53, #52, #51, #50, #49, #48, #47, #45, #44, #35, #2, #31, #43, #42, #41, #40, #39, #37, #36, #34, #33, #32, #30, #29, #28, #27, #26, #25, #24, #23, #22, #21, #20, #19, #18, #17, #16, #15, #14, #13, #12, #11, #10, #9, #8, #7, #6, #5, #4, #3, #1]

S [ #47: NAp  #20  #46 (False)
    #48: NAp  #47  #29 (NNb 10)
    #38: NAp  #48  #59 (NAp #54 #58)]
H [#46, #38, #59, #58, #57, #56, #55, #54, #53, #52, #51, #50, #49, #48, #47, #45, #44, #35, #2, #31, #43, #42, #41, #40, #39, #37, #36, #34, #33, #32, #30, #29, #28, #27, #26, #25, #24, #23, #22, #21, #20, #19, #18, #17, #16, #15, #14, #13, #12, #11, #10, #9, #8, #7, #6, #5, #4, #3, #1]

S [ #20: NPr If
    #47: NAp  #20  #46 (False)
    #48: NAp  #47  #29 (NNb 10)
    #38: NAp  #48  #59 (NAp #54 #58)]
H [#46, #38, #59, #58, #57, #56, #55, #54, #53, #52, #51, #50, #49, #48, #47, #45, #44, #35, #2, #31, #43, #42, #41, #40, #39, #37, #36, #34, #33, #32, #30, #29, #28, #27, #26, #25, #24, #23, #22, #21, #20, #19, #18, #17, #16, #15, #14, #13, #12, #11, #10, #9, #8, #7, #6, #5, #4, #3, #1]

S [ #38: NIn (#59)]
H [#38, #46, #59, #58, #57, #56, #55, #54, #53, #52, #51, #50, #49, #48, #47, #45, #44, #35, #2, #31, #43, #42, #41, #40, #39, #37, #36, #34, #33, #32, #30, #29, #28, #27, #26, #25, #24, #23, #22, #21, #20, #19, #18, #17, #16, #15, #14, #13, #12, #11, #10, #9, #8, #7, #6, #5, #4, #3, #1]

S [ #59: NAp  #54  #58 (NAp #55 #57)]
H [#38, #46, #59, #58, #57, #56, #55, #54, #53, #52, #51, #50, #49, #48, #47, #45, #44, #35, #2, #31, #43, #42, #41, #40, #39, #37, #36, #34, #33, #32, #30, #29, #28, #27, #26, #25, #24, #23, #22, #21, #20, #19, #18, #17, #16, #15, #14, #13, #12, #11, #10, #9, #8, #7, #6, #5, #4, #3, #1]

S [ #54: NAp  #51  #53 (NAp #52 #29)
    #59: NAp  #54  #58 (NAp #55 #57)]
H [#38, #46, #59, #58, #57, #56, #55, #54, #53, #52, #51, #50, #49, #48, #47, #45, #44, #35, #2, #31, #43, #42, #41, #40, #39, #37, #36, #34, #33, #32, #30, #29, #28, #27, #26, #25, #24, #23, #22, #21, #20, #19, #18, #17, #16, #15, #14, #13, #12, #11, #10, #9, #8, #7, #6, #5, #4, #3, #1]

S [ #51: NAp  #20  #50 (NAp #49 #27)
    #54: NAp  #51  #53 (NAp #52 #29)
    #59: NAp  #54  #58 (NAp #55 #57)]
H [#38, #46, #59, #58, #57, #56, #55, #54, #53, #52, #51, #50, #49, #48, #47, #45, #44, #35, #2, #31, #43, #42, #41, #40, #39, #37, #36, #34, #33, #32, #30, #29, #28, #27, #26, #25, #24, #23, #22, #21, #20, #19, #18, #17, #16, #15, #14, #13, #12, #11, #10, #9, #8, #7, #6, #5, #4, #3, #1]

S [ #20: NPr If
    #51: NAp  #20  #50 (NAp #49 #27)
    #54: NAp  #51  #53 (NAp #52 #29)
    #59: NAp  #54  #58 (NAp #55 #57)]
H [#38, #46, #59, #58, #57, #56, #55, #54, #53, #52, #51, #50, #49, #48, #47, #45, #44, #35, #2, #31, #43, #42, #41, #40, #39, #37, #36, #34, #33, #32, #30, #29, #28, #27, #26, #25, #24, #23, #22, #21, #20, #19, #18, #17, #16, #15, #14, #13, #12, #11, #10, #9, #8, #7, #6, #5, #4, #3, #1]

S [ #50: NAp  #49  #27 (NNb 6)]
H [#38, #46, #59, #58, #57, #56, #55, #54, #53, #52, #51, #50, #49, #48, #47, #45, #44, #35, #2, #31, #43, #42, #41, #40, #39, #37, #36, #34, #33, #32, #30, #29, #28, #27, #26, #25, #24, #23, #22, #21, #20, #19, #18, #17, #16, #15, #14, #13, #12, #11, #10, #9, #8, #7, #6, #5, #4, #3, #1]

S [ #49: NAp  #23  #29 (NNb 10)
    #50: NAp  #49  #27 (NNb 6)]
H [#38, #46, #59, #58, #57, #56, #55, #54, #53, #52, #51, #50, #49, #48, #47, #45, #44, #35, #2, #31, #43, #42, #41, #40, #39, #37, #36, #34, #33, #32, #30, #29, #28, #27, #26, #25, #24, #23, #22, #21, #20, #19, #18, #17, #16, #15, #14, #13, #12, #11, #10, #9, #8, #7, #6, #5, #4, #3, #1]

S [ #23: NPr Less
    #49: NAp  #23  #29 (NNb 10)
    #50: NAp  #49  #27 (NNb 6)]
H [#38, #46, #59, #58, #57, #56, #55, #54, #53, #52, #51, #50, #49, #48, #47, #45, #44, #35, #2, #31, #43, #42, #41, #40, #39, #37, #36, #34, #33, #32, #30, #29, #28, #27, #26, #25, #24, #23, #22, #21, #20, #19, #18, #17, #16, #15, #14, #13, #12, #11, #10, #9, #8, #7, #6, #5, #4, #3, #1]

S [ #50: False]
H [#50, #38, #46, #59, #58, #57, #56, #55, #54, #53, #52, #51, #49, #48, #47, #45, #44, #35, #2, #31, #43, #42, #41, #40, #39, #37, #36, #34, #33, #32, #30, #29, #28, #27, #26, #25, #24, #23, #22, #21, #20, #19, #18, #17, #16, #15, #14, #13, #12, #11, #10, #9, #8, #7, #6, #5, #4, #3, #1]

S [ #51: NAp  #20  #50 (False)
    #54: NAp  #51  #53 (NAp #52 #29)
    #59: NAp  #54  #58 (NAp #55 #57)]
H [#50, #38, #46, #59, #58, #57, #56, #55, #54, #53, #52, #51, #49, #48, #47, #45, #44, #35, #2, #31, #43, #42, #41, #40, #39, #37, #36, #34, #33, #32, #30, #29, #28, #27, #26, #25, #24, #23, #22, #21, #20, #19, #18, #17, #16, #15, #14, #13, #12, #11, #10, #9, #8, #7, #6, #5, #4, #3, #1]

S [ #20: NPr If
    #51: NAp  #20  #50 (False)
    #54: NAp  #51  #53 (NAp #52 #29)
    #59: NAp  #54  #58 (NAp #55 #57)]
H [#50, #38, #46, #59, #58, #57, #56, #55, #54, #53, #52, #51, #49, #48, #47, #45, #44, #35, #2, #31, #43, #42, #41, #40, #39, #37, #36, #34, #33, #32, #30, #29, #28, #27, #26, #25, #24, #23, #22, #21, #20, #19, #18, #17, #16, #15, #14, #13, #12, #11, #10, #9, #8, #7, #6, #5, #4, #3, #1]

S [ #59: NIn (#58)]
H [#59, #50, #38, #46, #58, #57, #56, #55, #54, #53, #52, #51, #49, #48, #47, #45, #44, #35, #2, #31, #43, #42, #41, #40, #39, #37, #36, #34, #33, #32, #30, #29, #28, #27, #26, #25, #24, #23, #22, #21, #20, #19, #18, #17, #16, #15, #14, #13, #12, #11, #10, #9, #8, #7, #6, #5, #4, #3, #1]

S [ #58: NAp  #55  #57 (NAp #56 #27)]
H [#59, #50, #38, #46, #58, #57, #56, #55, #54, #53, #52, #51, #49, #48, #47, #45, #44, #35, #2, #31, #43, #42, #41, #40, #39, #37, #36, #34, #33, #32, #30, #29, #28, #27, #26, #25, #24, #23, #22, #21, #20, #19, #18, #17, #16, #15, #14, #13, #12, #11, #10, #9, #8, #7, #6, #5, #4, #3, #1]

S [ #55: NAp   #1  #27 (NNb 6)
    #58: NAp  #55  #57 (NAp #56 #27)]
H [#59, #50, #38, #46, #58, #57, #56, #55, #54, #53, #52, #51, #49, #48, #47, #45, #44, #35, #2, #31, #43, #42, #41, #40, #39, #37, #36, #34, #33, #32, #30, #29, #28, #27, #26, #25, #24, #23, #22, #21, #20, #19, #18, #17, #16, #15, #14, #13, #12, #11, #10, #9, #8, #7, #6, #5, #4, #3, #1]

S [  #1: NSc gcd
    #55: NAp   #1  #27 (NNb 6)
    #58: NAp  #55  #57 (NAp #56 #27)]
H [#59, #50, #38, #46, #58, #57, #56, #55, #54, #53, #52, #51, #49, #48, #47, #45, #44, #35, #2, #31, #43, #42, #41, #40, #39, #37, #36, #34, #33, #32, #30, #29, #28, #27, #26, #25, #24, #23, #22, #21, #20, #19, #18, #17, #16, #15, #14, #13, #12, #11, #10, #9, #8, #7, #6, #5, #4, #3, #1]

S [ #58: NAp  #63  #74 (NAp #69 #73)]
H [#58, #74, #73, #72, #71, #70, #69, #68, #67, #66, #65, #64, #63, #62, #61, #60, #59, #50, #38, #46, #57, #56, #55, #54, #53, #52, #51, #49, #48, #47, #45, #44, #35, #2, #31, #43, #42, #41, #40, #39, #37, #36, #34, #33, #32, #30, #29, #28, #27, #26, #25, #24, #23, #22, #21, #20, #19, #18, #17, #16, #15, #14, #13, #12, #11, #10, #9, #8, #7, #6, #5, #4, #3, #1]

S [ #63: NAp  #62  #27 (NNb 6)
    #58: NAp  #63  #74 (NAp #69 #73)]
H [#58, #74, #73, #72, #71, #70, #69, #68, #67, #66, #65, #64, #63, #62, #61, #60, #59, #50, #38, #46, #57, #56, #55, #54, #53, #52, #51, #49, #48, #47, #45, #44, #35, #2, #31, #43, #42, #41, #40, #39, #37, #36, #34, #33, #32, #30, #29, #28, #27, #26, #25, #24, #23, #22, #21, #20, #19, #18, #17, #16, #15, #14, #13, #12, #11, #10, #9, #8, #7, #6, #5, #4, #3, #1]

S [ #62: NAp  #20  #61 (NAp #60 #57)
    #63: NAp  #62  #27 (NNb 6)
    #58: NAp  #63  #74 (NAp #69 #73)]
H [#58, #74, #73, #72, #71, #70, #69, #68, #67, #66, #65, #64, #63, #62, #61, #60, #59, #50, #38, #46, #57, #56, #55, #54, #53, #52, #51, #49, #48, #47, #45, #44, #35, #2, #31, #43, #42, #41, #40, #39, #37, #36, #34, #33, #32, #30, #29, #28, #27, #26, #25, #24, #23, #22, #21, #20, #19, #18, #17, #16, #15, #14, #13, #12, #11, #10, #9, #8, #7, #6, #5, #4, #3, #1]

S [ #20: NPr If
    #62: NAp  #20  #61 (NAp #60 #57)
    #63: NAp  #62  #27 (NNb 6)
    #58: NAp  #63  #74 (NAp #69 #73)]
H [#58, #74, #73, #72, #71, #70, #69, #68, #67, #66, #65, #64, #63, #62, #61, #60, #59, #50, #38, #46, #57, #56, #55, #54, #53, #52, #51, #49, #48, #47, #45, #44, #35, #2, #31, #43, #42, #41, #40, #39, #37, #36, #34, #33, #32, #30, #29, #28, #27, #26, #25, #24, #23, #22, #21, #20, #19, #18, #17, #16, #15, #14, #13, #12, #11, #10, #9, #8, #7, #6, #5, #4, #3, #1]

S [ #61: NAp  #60  #57 (NAp #56 #27)]
H [#58, #74, #73, #72, #71, #70, #69, #68, #67, #66, #65, #64, #63, #62, #61, #60, #59, #50, #38, #46, #57, #56, #55, #54, #53, #52, #51, #49, #48, #47, #45, #44, #35, #2, #31, #43, #42, #41, #40, #39, #37, #36, #34, #33, #32, #30, #29, #28, #27, #26, #25, #24, #23, #22, #21, #20, #19, #18, #17, #16, #15, #14, #13, #12, #11, #10, #9, #8, #7, #6, #5, #4, #3, #1]

S [ #60: NAp  #25  #27 (NNb 6)
    #61: NAp  #60  #57 (NAp #56 #27)]
H [#58, #74, #73, #72, #71, #70, #69, #68, #67, #66, #65, #64, #63, #62, #61, #60, #59, #50, #38, #46, #57, #56, #55, #54, #53, #52, #51, #49, #48, #47, #45, #44, #35, #2, #31, #43, #42, #41, #40, #39, #37, #36, #34, #33, #32, #30, #29, #28, #27, #26, #25, #24, #23, #22, #21, #20, #19, #18, #17, #16, #15, #14, #13, #12, #11, #10, #9, #8, #7, #6, #5, #4, #3, #1]

S [ #25: NPr Eq
    #60: NAp  #25  #27 (NNb 6)
    #61: NAp  #60  #57 (NAp #56 #27)]
H [#58, #74, #73, #72, #71, #70, #69, #68, #67, #66, #65, #64, #63, #62, #61, #60, #59, #50, #38, #46, #57, #56, #55, #54, #53, #52, #51, #49, #48, #47, #45, #44, #35, #2, #31, #43, #42, #41, #40, #39, #37, #36, #34, #33, #32, #30, #29, #28, #27, #26, #25, #24, #23, #22, #21, #20, #19, #18, #17, #16, #15, #14, #13, #12, #11, #10, #9, #8, #7, #6, #5, #4, #3, #1]

S [ #57: NAp  #56  #27 (NNb 6)]
H [#58, #74, #73, #72, #71, #70, #69, #68, #67, #66, #65, #64, #63, #62, #61, #60, #59, #50, #38, #46, #57, #56, #55, #54, #53, #52, #51, #49, #48, #47, #45, #44, #35, #2, #31, #43, #42, #41, #40, #39, #37, #36, #34, #33, #32, #30, #29, #28, #27, #26, #25, #24, #23, #22, #21, #20, #19, #18, #17, #16, #15, #14, #13, #12, #11, #10, #9, #8, #7, #6, #5, #4, #3, #1]

S [ #56: NAp  #17  #29 (NNb 10)
    #57: NAp  #56  #27 (NNb 6)]
H [#58, #74, #73, #72, #71, #70, #69, #68, #67, #66, #65, #64, #63, #62, #61, #60, #59, #50, #38, #46, #57, #56, #55, #54, #53, #52, #51, #49, #48, #47, #45, #44, #35, #2, #31, #43, #42, #41, #40, #39, #37, #36, #34, #33, #32, #30, #29, #28, #27, #26, #25, #24, #23, #22, #21, #20, #19, #18, #17, #16, #15, #14, #13, #12, #11, #10, #9, #8, #7, #6, #5, #4, #3, #1]

S [ #17: NPr Sub
    #56: NAp  #17  #29 (NNb 10)
    #57: NAp  #56  #27 (NNb 6)]
H [#58, #74, #73, #72, #71, #70, #69, #68, #67, #66, #65, #64, #63, #62, #61, #60, #59, #50, #38, #46, #57, #56, #55, #54, #53, #52, #51, #49, #48, #47, #45, #44, #35, #2, #31, #43, #42, #41, #40, #39, #37, #36, #34, #33, #32, #30, #29, #28, #27, #26, #25, #24, #23, #22, #21, #20, #19, #18, #17, #16, #15, #14, #13, #12, #11, #10, #9, #8, #7, #6, #5, #4, #3, #1]

S [ #57: NNb 4]
H [#57, #58, #74, #73, #72, #71, #70, #69, #68, #67, #66, #65, #64, #63, #62, #61, #60, #59, #50, #38, #46, #56, #55, #54, #53, #52, #51, #49, #48, #47, #45, #44, #35, #2, #31, #43, #42, #41, #40, #39, #37, #36, #34, #33, #32, #30, #29, #28, #27, #26, #25, #24, #23, #22, #21, #20, #19, #18, #17, #16, #15, #14, #13, #12, #11, #10, #9, #8, #7, #6, #5, #4, #3, #1]

S [ #61: NAp  #60  #57 (NNb 4)]
H [#57, #58, #74, #73, #72, #71, #70, #69, #68, #67, #66, #65, #64, #63, #62, #61, #60, #59, #50, #38, #46, #56, #55, #54, #53, #52, #51, #49, #48, #47, #45, #44, #35, #2, #31, #43, #42, #41, #40, #39, #37, #36, #34, #33, #32, #30, #29, #28, #27, #26, #25, #24, #23, #22, #21, #20, #19, #18, #17, #16, #15, #14, #13, #12, #11, #10, #9, #8, #7, #6, #5, #4, #3, #1]

S [ #60: NAp  #25  #27 (NNb 6)
    #61: NAp  #60  #57 (NNb 4)]
H [#57, #58, #74, #73, #72, #71, #70, #69, #68, #67, #66, #65, #64, #63, #62, #61, #60, #59, #50, #38, #46, #56, #55, #54, #53, #52, #51, #49, #48, #47, #45, #44, #35, #2, #31, #43, #42, #41, #40, #39, #37, #36, #34, #33, #32, #30, #29, #28, #27, #26, #25, #24, #23, #22, #21, #20, #19, #18, #17, #16, #15, #14, #13, #12, #11, #10, #9, #8, #7, #6, #5, #4, #3, #1]

S [ #25: NPr Eq
    #60: NAp  #25  #27 (NNb 6)
    #61: NAp  #60  #57 (NNb 4)]
H [#57, #58, #74, #73, #72, #71, #70, #69, #68, #67, #66, #65, #64, #63, #62, #61, #60, #59, #50, #38, #46, #56, #55, #54, #53, #52, #51, #49, #48, #47, #45, #44, #35, #2, #31, #43, #42, #41, #40, #39, #37, #36, #34, #33, #32, #30, #29, #28, #27, #26, #25, #24, #23, #22, #21, #20, #19, #18, #17, #16, #15, #14, #13, #12, #11, #10, #9, #8, #7, #6, #5, #4, #3, #1]

S [ #61: False]
H [#61, #57, #58, #74, #73, #72, #71, #70, #69, #68, #67, #66, #65, #64, #63, #62, #60, #59, #50, #38, #46, #56, #55, #54, #53, #52, #51, #49, #48, #47, #45, #44, #35, #2, #31, #43, #42, #41, #40, #39, #37, #36, #34, #33, #32, #30, #29, #28, #27, #26, #25, #24, #23, #22, #21, #20, #19, #18, #17, #16, #15, #14, #13, #12, #11, #10, #9, #8, #7, #6, #5, #4, #3, #1]

S [ #62: NAp  #20  #61 (False)
    #63: NAp  #62  #27 (NNb 6)
    #58: NAp  #63  #74 (NAp #69 #73)]
H [#61, #57, #58, #74, #73, #72, #71, #70, #69, #68, #67, #66, #65, #64, #63, #62, #60, #59, #50, #38, #46, #56, #55, #54, #53, #52, #51, #49, #48, #47, #45, #44, #35, #2, #31, #43, #42, #41, #40, #39, #37, #36, #34, #33, #32, #30, #29, #28, #27, #26, #25, #24, #23, #22, #21, #20, #19, #18, #17, #16, #15, #14, #13, #12, #11, #10, #9, #8, #7, #6, #5, #4, #3, #1]

S [ #20: NPr If
    #62: NAp  #20  #61 (False)
    #63: NAp  #62  #27 (NNb 6)
    #58: NAp  #63  #74 (NAp #69 #73)]
H [#61, #57, #58, #74, #73, #72, #71, #70, #69, #68, #67, #66, #65, #64, #63, #62, #60, #59, #50, #38, #46, #56, #55, #54, #53, #52, #51, #49, #48, #47, #45, #44, #35, #2, #31, #43, #42, #41, #40, #39, #37, #36, #34, #33, #32, #30, #29, #28, #27, #26, #25, #24, #23, #22, #21, #20, #19, #18, #17, #16, #15, #14, #13, #12, #11, #10, #9, #8, #7, #6, #5, #4, #3, #1]

S [ #58: NIn (#74)]
H [#58, #61, #57, #74, #73, #72, #71, #70, #69, #68, #67, #66, #65, #64, #63, #62, #60, #59, #50, #38, #46, #56, #55, #54, #53, #52, #51, #49, #48, #47, #45, #44, #35, #2, #31, #43, #42, #41, #40, #39, #37, #36, #34, #33, #32, #30, #29, #28, #27, #26, #25, #24, #23, #22, #21, #20, #19, #18, #17, #16, #15, #14, #13, #12, #11, #10, #9, #8, #7, #6, #5, #4, #3, #1]

S [ #74: NAp  #69  #73 (NAp #70 #72)]
H [#58, #61, #57, #74, #73, #72, #71, #70, #69, #68, #67, #66, #65, #64, #63, #62, #60, #59, #50, #38, #46, #56, #55, #54, #53, #52, #51, #49, #48, #47, #45, #44, #35, #2, #31, #43, #42, #41, #40, #39, #37, #36, #34, #33, #32, #30, #29, #28, #27, #26, #25, #24, #23, #22, #21, #20, #19, #18, #17, #16, #15, #14, #13, #12, #11, #10, #9, #8, #7, #6, #5, #4, #3, #1]

S [ #69: NAp  #66  #68 (NAp #67 #27)
    #74: NAp  #69  #73 (NAp #70 #72)]
H [#58, #61, #57, #74, #73, #72, #71, #70, #69, #68, #67, #66, #65, #64, #63, #62, #60, #59, #50, #38, #46, #56, #55, #54, #53, #52, #51, #49, #48, #47, #45, #44, #35, #2, #31, #43, #42, #41, #40, #39, #37, #36, #34, #33, #32, #30, #29, #28, #27, #26, #25, #24, #23, #22, #21, #20, #19, #18, #17, #16, #15, #14, #13, #12, #11, #10, #9, #8, #7, #6, #5, #4, #3, #1]

S [ #66: NAp  #20  #65 (NAp #64 #57)
    #69: NAp  #66  #68 (NAp #67 #27)
    #74: NAp  #69  #73 (NAp #70 #72)]
H [#58, #61, #57, #74, #73, #72, #71, #70, #69, #68, #67, #66, #65, #64, #63, #62, #60, #59, #50, #38, #46, #56, #55, #54, #53, #52, #51, #49, #48, #47, #45, #44, #35, #2, #31, #43, #42, #41, #40, #39, #37, #36, #34, #33, #32, #30, #29, #28, #27, #26, #25, #24, #23, #22, #21, #20, #19, #18, #17, #16, #15, #14, #13, #12, #11, #10, #9, #8, #7, #6, #5, #4, #3, #1]

S [ #20: NPr If
    #66: NAp  #20  #65 (NAp #64 #57)
    #69: NAp  #66  #68 (NAp #67 #27)
    #74: NAp  #69  #73 (NAp #70 #72)]
H [#58, #61, #57, #74, #73, #72, #71, #70, #69, #68, #67, #66, #65, #64, #63, #62, #60, #59, #50, #38, #46, #56, #55, #54, #53, #52, #51, #49, #48, #47, #45, #44, #35, #2, #31, #43, #42, #41, #40, #39, #37, #36, #34, #33, #32, #30, #29, #28, #27, #26, #25, #24, #23, #22, #21, #20, #19, #18, #17, #16, #15, #14, #13, #12, #11, #10, #9, #8, #7, #6, #5, #4, #3, #1]

S [ #65: NAp  #64  #57 (NNb 4)]
H [#58, #61, #57, #74, #73, #72, #71, #70, #69, #68, #67, #66, #65, #64, #63, #62, #60, #59, #50, #38, #46, #56, #55, #54, #53, #52, #51, #49, #48, #47, #45, #44, #35, #2, #31, #43, #42, #41, #40, #39, #37, #36, #34, #33, #32, #30, #29, #28, #27, #26, #25, #24, #23, #22, #21, #20, #19, #18, #17, #16, #15, #14, #13, #12, #11, #10, #9, #8, #7, #6, #5, #4, #3, #1]

S [ #64: NAp  #23  #27 (NNb 6)
    #65: NAp  #64  #57 (NNb 4)]
H [#58, #61, #57, #74, #73, #72, #71, #70, #69, #68, #67, #66, #65, #64, #63, #62, #60, #59, #50, #38, #46, #56, #55, #54, #53, #52, #51, #49, #48, #47, #45, #44, #35, #2, #31, #43, #42, #41, #40, #39, #37, #36, #34, #33, #32, #30, #29, #28, #27, #26, #25, #24, #23, #22, #21, #20, #19, #18, #17, #16, #15, #14, #13, #12, #11, #10, #9, #8, #7, #6, #5, #4, #3, #1]

S [ #23: NPr Less
    #64: NAp  #23  #27 (NNb 6)
    #65: NAp  #64  #57 (NNb 4)]
H [#58, #61, #57, #74, #73, #72, #71, #70, #69, #68, #67, #66, #65, #64, #63, #62, #60, #59, #50, #38, #46, #56, #55, #54, #53, #52, #51, #49, #48, #47, #45, #44, #35, #2, #31, #43, #42, #41, #40, #39, #37, #36, #34, #33, #32, #30, #29, #28, #27, #26, #25, #24, #23, #22, #21, #20, #19, #18, #17, #16, #15, #14, #13, #12, #11, #10, #9, #8, #7, #6, #5, #4, #3, #1]

S [ #65: False]
H [#65, #58, #61, #57, #74, #73, #72, #71, #70, #69, #68, #67, #66, #64, #63, #62, #60, #59, #50, #38, #46, #56, #55, #54, #53, #52, #51, #49, #48, #47, #45, #44, #35, #2, #31, #43, #42, #41, #40, #39, #37, #36, #34, #33, #32, #30, #29, #28, #27, #26, #25, #24, #23, #22, #21, #20, #19, #18, #17, #16, #15, #14, #13, #12, #11, #10, #9, #8, #7, #6, #5, #4, #3, #1]

S [ #66: NAp  #20  #65 (False)
    #69: NAp  #66  #68 (NAp #67 #27)
    #74: NAp  #69  #73 (NAp #70 #72)]
H [#65, #58, #61, #57, #74, #73, #72, #71, #70, #69, #68, #67, #66, #64, #63, #62, #60, #59, #50, #38, #46, #56, #55, #54, #53, #52, #51, #49, #48, #47, #45, #44, #35, #2, #31, #43, #42, #41, #40, #39, #37, #36, #34, #33, #32, #30, #29, #28, #27, #26, #25, #24, #23, #22, #21, #20, #19, #18, #17, #16, #15, #14, #13, #12, #11, #10, #9, #8, #7, #6, #5, #4, #3, #1]

S [ #20: NPr If
    #66: NAp  #20  #65 (False)
    #69: NAp  #66  #68 (NAp #67 #27)
    #74: NAp  #69  #73 (NAp #70 #72)]
H [#65, #58, #61, #57, #74, #73, #72, #71, #70, #69, #68, #67, #66, #64, #63, #62, #60, #59, #50, #38, #46, #56, #55, #54, #53, #52, #51, #49, #48, #47, #45, #44, #35, #2, #31, #43, #42, #41, #40, #39, #37, #36, #34, #33, #32, #30, #29, #28, #27, #26, #25, #24, #23, #22, #21, #20, #19, #18, #17, #16, #15, #14, #13, #12, #11, #10, #9, #8, #7, #6, #5, #4, #3, #1]

S [ #74: NIn (#73)]
H [#74, #65, #58, #61, #57, #73, #72, #71, #70, #69, #68, #67, #66, #64, #63, #62, #60, #59, #50, #38, #46, #56, #55, #54, #53, #52, #51, #49, #48, #47, #45, #44, #35, #2, #31, #43, #42, #41, #40, #39, #37, #36, #34, #33, #32, #30, #29, #28, #27, #26, #25, #24, #23, #22, #21, #20, #19, #18, #17, #16, #15, #14, #13, #12, #11, #10, #9, #8, #7, #6, #5, #4, #3, #1]

S [ #73: NAp  #70  #72 (NAp #71 #57)]
H [#74, #65, #58, #61, #57, #73, #72, #71, #70, #69, #68, #67, #66, #64, #63, #62, #60, #59, #50, #38, #46, #56, #55, #54, #53, #52, #51, #49, #48, #47, #45, #44, #35, #2, #31, #43, #42, #41, #40, #39, #37, #36, #34, #33, #32, #30, #29, #28, #27, #26, #25, #24, #23, #22, #21, #20, #19, #18, #17, #16, #15, #14, #13, #12, #11, #10, #9, #8, #7, #6, #5, #4, #3, #1]

S [ #70: NAp   #1  #57 (NNb 4)
    #73: NAp  #70  #72 (NAp #71 #57)]
H [#74, #65, #58, #61, #57, #73, #72, #71, #70, #69, #68, #67, #66, #64, #63, #62, #60, #59, #50, #38, #46, #56, #55, #54, #53, #52, #51, #49, #48, #47, #45, #44, #35, #2, #31, #43, #42, #41, #40, #39, #37, #36, #34, #33, #32, #30, #29, #28, #27, #26, #25, #24, #23, #22, #21, #20, #19, #18, #17, #16, #15, #14, #13, #12, #11, #10, #9, #8, #7, #6, #5, #4, #3, #1]

S [  #1: NSc gcd
    #70: NAp   #1  #57 (NNb 4)
    #73: NAp  #70  #72 (NAp #71 #57)]
H [#74, #65, #58, #61, #57, #73, #72, #71, #70, #69, #68, #67, #66, #64, #63, #62, #60, #59, #50, #38, #46, #56, #55, #54, #53, #52, #51, #49, #48, #47, #45, #44, #35, #2, #31, #43, #42, #41, #40, #39, #37, #36, #34, #33, #32, #30, #29, #28, #27, #26, #25, #24, #23, #22, #21, #20, #19, #18, #17, #16, #15, #14, #13, #12, #11, #10, #9, #8, #7, #6, #5, #4, #3, #1]

S [ #73: NAp  #78  #89 (NAp #84 #88)]
H [#73, #89, #88, #87, #86, #85, #84, #83, #82, #81, #80, #79, #78, #77, #76, #75, #74, #65, #58, #61, #57, #72, #71, #70, #69, #68, #67, #66, #64, #63, #62, #60, #59, #50, #38, #46, #56, #55, #54, #53, #52, #51, #49, #48, #47, #45, #44, #35, #2, #31, #43, #42, #41, #40, #39, #37, #36, #34, #33, #32, #30, #29, #28, #27, #26, #25, #24, #23, #22, #21, #20, #19, #18, #17, #16, #15, #14, #13, #12, #11, #10, #9, #8, #7, #6, #5, #4, #3, #1]

S [ #78: NAp  #77  #57 (NNb 4)
    #73: NAp  #78  #89 (NAp #84 #88)]
H [#73, #89, #88, #87, #86, #85, #84, #83, #82, #81, #80, #79, #78, #77, #76, #75, #74, #65, #58, #61, #57, #72, #71, #70, #69, #68, #67, #66, #64, #63, #62, #60, #59, #50, #38, #46, #56, #55, #54, #53, #52, #51, #49, #48, #47, #45, #44, #35, #2, #31, #43, #42, #41, #40, #39, #37, #36, #34, #33, #32, #30, #29, #28, #27, #26, #25, #24, #23, #22, #21, #20, #19, #18, #17, #16, #15, #14, #13, #12, #11, #10, #9, #8, #7, #6, #5, #4, #3, #1]

S [ #77: NAp  #20  #76 (NAp #75 #72)
    #78: NAp  #77  #57 (NNb 4)
    #73: NAp  #78  #89 (NAp #84 #88)]
H [#73, #89, #88, #87, #86, #85, #84, #83, #82, #81, #80, #79, #78, #77, #76, #75, #74, #65, #58, #61, #57, #72, #71, #70, #69, #68, #67, #66, #64, #63, #62, #60, #59, #50, #38, #46, #56, #55, #54, #53, #52, #51, #49, #48, #47, #45, #44, #35, #2, #31, #43, #42, #41, #40, #39, #37, #36, #34, #33, #32, #30, #29, #28, #27, #26, #25, #24, #23, #22, #21, #20, #19, #18, #17, #16, #15, #14, #13, #12, #11, #10, #9, #8, #7, #6, #5, #4, #3, #1]

S [ #20: NPr If
    #77: NAp  #20  #76 (NAp #75 #72)
    #78: NAp  #77  #57 (NNb 4)
    #73: NAp  #78  #89 (NAp #84 #88)]
H [#73, #89, #88, #87, #86, #85, #84, #83, #82, #81, #80, #79, #78, #77, #76, #75, #74, #65, #58, #61, #57, #72, #71, #70, #69, #68, #67, #66, #64, #63, #62, #60, #59, #50, #38, #46, #56, #55, #54, #53, #52, #51, #49, #48, #47, #45, #44, #35, #2, #31, #43, #42, #41, #40, #39, #37, #36, #34, #33, #32, #30, #29, #28, #27, #26, #25, #24, #23, #22, #21, #20, #19, #18, #17, #16, #15, #14, #13, #12, #11, #10, #9, #8, #7, #6, #5, #4, #3, #1]

S [ #76: NAp  #75  #72 (NAp #71 #57)]
H [#73, #89, #88, #87, #86, #85, #84, #83, #82, #81, #80, #79, #78, #77, #76, #75, #74, #65, #58, #61, #57, #72, #71, #70, #69, #68, #67, #66, #64, #63, #62, #60, #59, #50, #38, #46, #56, #55, #54, #53, #52, #51, #49, #48, #47, #45, #44, #35, #2, #31, #43, #42, #41, #40, #39, #37, #36, #34, #33, #32, #30, #29, #28, #27, #26, #25, #24, #23, #22, #21, #20, #19, #18, #17, #16, #15, #14, #13, #12, #11, #10, #9, #8, #7, #6, #5, #4, #3, #1]

S [ #75: NAp  #25  #57 (NNb 4)
    #76: NAp  #75  #72 (NAp #71 #57)]
H [#73, #89, #88, #87, #86, #85, #84, #83, #82, #81, #80, #79, #78, #77, #76, #75, #74, #65, #58, #61, #57, #72, #71, #70, #69, #68, #67, #66, #64, #63, #62, #60, #59, #50, #38, #46, #56, #55, #54, #53, #52, #51, #49, #48, #47, #45, #44, #35, #2, #31, #43, #42, #41, #40, #39, #37, #36, #34, #33, #32, #30, #29, #28, #27, #26, #25, #24, #23, #22, #21, #20, #19, #18, #17, #16, #15, #14, #13, #12, #11, #10, #9, #8, #7, #6, #5, #4, #3, #1]

S [ #25: NPr Eq
    #75: NAp  #25  #57 (NNb 4)
    #76: NAp  #75  #72 (NAp #71 #57)]
H [#73, #89, #88, #87, #86, #85, #84, #83, #82, #81, #80, #79, #78, #77, #76, #75, #74, #65, #58, #61, #57, #72, #71, #70, #69, #68, #67, #66, #64, #63, #62, #60, #59, #50, #38, #46, #56, #55, #54, #53, #52, #51, #49, #48, #47, #45, #44, #35, #2, #31, #43, #42, #41, #40, #39, #37, #36, #34, #33, #32, #30, #29, #28, #27, #26, #25, #24, #23, #22, #21, #20, #19, #18, #17, #16, #15, #14, #13, #12, #11, #10, #9, #8, #7, #6, #5, #4, #3, #1]

S [ #72: NAp  #71  #57 (NNb 4)]
H [#73, #89, #88, #87, #86, #85, #84, #83, #82, #81, #80, #79, #78, #77, #76, #75, #74, #65, #58, #61, #57, #72, #71, #70, #69, #68, #67, #66, #64, #63, #62, #60, #59, #50, #38, #46, #56, #55, #54, #53, #52, #51, #49, #48, #47, #45, #44, #35, #2, #31, #43, #42, #41, #40, #39, #37, #36, #34, #33, #32, #30, #29, #28, #27, #26, #25, #24, #23, #22, #21, #20, #19, #18, #17, #16, #15, #14, #13, #12, #11, #10, #9, #8, #7, #6, #5, #4, #3, #1]

S [ #71: NAp  #17  #27 (NNb 6)
    #72: NAp  #71  #57 (NNb 4)]
H [#73, #89, #88, #87, #86, #85, #84, #83, #82, #81, #80, #79, #78, #77, #76, #75, #74, #65, #58, #61, #57, #72, #71, #70, #69, #68, #67, #66, #64, #63, #62, #60, #59, #50, #38, #46, #56, #55, #54, #53, #52, #51, #49, #48, #47, #45, #44, #35, #2, #31, #43, #42, #41, #40, #39, #37, #36, #34, #33, #32, #30, #29, #28, #27, #26, #25, #24, #23, #22, #21, #20, #19, #18, #17, #16, #15, #14, #13, #12, #11, #10, #9, #8, #7, #6, #5, #4, #3, #1]

S [ #17: NPr Sub
    #71: NAp  #17  #27 (NNb 6)
    #72: NAp  #71  #57 (NNb 4)]
H [#73, #89, #88, #87, #86, #85, #84, #83, #82, #81, #80, #79, #78, #77, #76, #75, #74, #65, #58, #61, #57, #72, #71, #70, #69, #68, #67, #66, #64, #63, #62, #60, #59, #50, #38, #46, #56, #55, #54, #53, #52, #51, #49, #48, #47, #45, #44, #35, #2, #31, #43, #42, #41, #40, #39, #37, #36, #34, #33, #32, #30, #29, #28, #27, #26, #25, #24, #23, #22, #21, #20, #19, #18, #17, #16, #15, #14, #13, #12, #11, #10, #9, #8, #7, #6, #5, #4, #3, #1]

S [ #72: NNb 2]
H [#72, #73, #89, #88, #87, #86, #85, #84, #83, #82, #81, #80, #79, #78, #77, #76, #75, #74, #65, #58, #61, #57, #71, #70, #69, #68, #67, #66, #64, #63, #62, #60, #59, #50, #38, #46, #56, #55, #54, #53, #52, #51, #49, #48, #47, #45, #44, #35, #2, #31, #43, #42, #41, #40, #39, #37, #36, #34, #33, #32, #30, #29, #28, #27, #26, #25, #24, #23, #22, #21, #20, #19, #18, #17, #16, #15, #14, #13, #12, #11, #10, #9, #8, #7, #6, #5, #4, #3, #1]

S [ #76: NAp  #75  #72 (NNb 2)]
H [#72, #73, #89, #88, #87, #86, #85, #84, #83, #82, #81, #80, #79, #78, #77, #76, #75, #74, #65, #58, #61, #57, #71, #70, #69, #68, #67, #66, #64, #63, #62, #60, #59, #50, #38, #46, #56, #55, #54, #53, #52, #51, #49, #48, #47, #45, #44, #35, #2, #31, #43, #42, #41, #40, #39, #37, #36, #34, #33, #32, #30, #29, #28, #27, #26, #25, #24, #23, #22, #21, #20, #19, #18, #17, #16, #15, #14, #13, #12, #11, #10, #9, #8, #7, #6, #5, #4, #3, #1]

S [ #75: NAp  #25  #57 (NNb 4)
    #76: NAp  #75  #72 (NNb 2)]
H [#72, #73, #89, #88, #87, #86, #85, #84, #83, #82, #81, #80, #79, #78, #77, #76, #75, #74, #65, #58, #61, #57, #71, #70, #69, #68, #67, #66, #64, #63, #62, #60, #59, #50, #38, #46, #56, #55, #54, #53, #52, #51, #49, #48, #47, #45, #44, #35, #2, #31, #43, #42, #41, #40, #39, #37, #36, #34, #33, #32, #30, #29, #28, #27, #26, #25, #24, #23, #22, #21, #20, #19, #18, #17, #16, #15, #14, #13, #12, #11, #10, #9, #8, #7, #6, #5, #4, #3, #1]

S [ #25: NPr Eq
    #75: NAp  #25  #57 (NNb 4)
    #76: NAp  #75  #72 (NNb 2)]
H [#72, #73, #89, #88, #87, #86, #85, #84, #83, #82, #81, #80, #79, #78, #77, #76, #75, #74, #65, #58, #61, #57, #71, #70, #69, #68, #67, #66, #64, #63, #62, #60, #59, #50, #38, #46, #56, #55, #54, #53, #52, #51, #49, #48, #47, #45, #44, #35, #2, #31, #43, #42, #41, #40, #39, #37, #36, #34, #33, #32, #30, #29, #28, #27, #26, #25, #24, #23, #22, #21, #20, #19, #18, #17, #16, #15, #14, #13, #12, #11, #10, #9, #8, #7, #6, #5, #4, #3, #1]

S [ #76: False]
H [#76, #72, #73, #89, #88, #87, #86, #85, #84, #83, #82, #81, #80, #79, #78, #77, #75, #74, #65, #58, #61, #57, #71, #70, #69, #68, #67, #66, #64, #63, #62, #60, #59, #50, #38, #46, #56, #55, #54, #53, #52, #51, #49, #48, #47, #45, #44, #35, #2, #31, #43, #42, #41, #40, #39, #37, #36, #34, #33, #32, #30, #29, #28, #27, #26, #25, #24, #23, #22, #21, #20, #19, #18, #17, #16, #15, #14, #13, #12, #11, #10, #9, #8, #7, #6, #5, #4, #3, #1]

S [ #77: NAp  #20  #76 (False)
    #78: NAp  #77  #57 (NNb 4)
    #73: NAp  #78  #89 (NAp #84 #88)]
H [#76, #72, #73, #89, #88, #87, #86, #85, #84, #83, #82, #81, #80, #79, #78, #77, #75, #74, #65, #58, #61, #57, #71, #70, #69, #68, #67, #66, #64, #63, #62, #60, #59, #50, #38, #46, #56, #55, #54, #53, #52, #51, #49, #48, #47, #45, #44, #35, #2, #31, #43, #42, #41, #40, #39, #37, #36, #34, #33, #32, #30, #29, #28, #27, #26, #25, #24, #23, #22, #21, #20, #19, #18, #17, #16, #15, #14, #13, #12, #11, #10, #9, #8, #7, #6, #5, #4, #3, #1]

S [ #20: NPr If
    #77: NAp  #20  #76 (False)
    #78: NAp  #77  #57 (NNb 4)
    #73: NAp  #78  #89 (NAp #84 #88)]
H [#76, #72, #73, #89, #88, #87, #86, #85, #84, #83, #82, #81, #80, #79, #78, #77, #75, #74, #65, #58, #61, #57, #71, #70, #69, #68, #67, #66, #64, #63, #62, #60, #59, #50, #38, #46, #56, #55, #54, #53, #52, #51, #49, #48, #47, #45, #44, #35, #2, #31, #43, #42, #41, #40, #39, #37, #36, #34, #33, #32, #30, #29, #28, #27, #26, #25, #24, #23, #22, #21, #20, #19, #18, #17, #16, #15, #14, #13, #12, #11, #10, #9, #8, #7, #6, #5, #4, #3, #1]

S [ #73: NIn (#89)]
H [#73, #76, #72, #89, #88, #87, #86, #85, #84, #83, #82, #81, #80, #79, #78, #77, #75, #74, #65, #58, #61, #57, #71, #70, #69, #68, #67, #66, #64, #63, #62, #60, #59, #50, #38, #46, #56, #55, #54, #53, #52, #51, #49, #48, #47, #45, #44, #35, #2, #31, #43, #42, #41, #40, #39, #37, #36, #34, #33, #32, #30, #29, #28, #27, #26, #25, #24, #23, #22, #21, #20, #19, #18, #17, #16, #15, #14, #13, #12, #11, #10, #9, #8, #7, #6, #5, #4, #3, #1]

S [ #89: NAp  #84  #88 (NAp #85 #87)]
H [#73, #76, #72, #89, #88, #87, #86, #85, #84, #83, #82, #81, #80, #79, #78, #77, #75, #74, #65, #58, #61, #57, #71, #70, #69, #68, #67, #66, #64, #63, #62, #60, #59, #50, #38, #46, #56, #55, #54, #53, #52, #51, #49, #48, #47, #45, #44, #35, #2, #31, #43, #42, #41, #40, #39, #37, #36, #34, #33, #32, #30, #29, #28, #27, #26, #25, #24, #23, #22, #21, #20, #19, #18, #17, #16, #15, #14, #13, #12, #11, #10, #9, #8, #7, #6, #5, #4, #3, #1]

S [ #84: NAp  #81  #83 (NAp #82 #57)
    #89: NAp  #84  #88 (NAp #85 #87)]
H [#73, #76, #72, #89, #88, #87, #86, #85, #84, #83, #82, #81, #80, #79, #78, #77, #75, #74, #65, #58, #61, #57, #71, #70, #69, #68, #67, #66, #64, #63, #62, #60, #59, #50, #38, #46, #56, #55, #54, #53, #52, #51, #49, #48, #47, #45, #44, #35, #2, #31, #43, #42, #41, #40, #39, #37, #36, #34, #33, #32, #30, #29, #28, #27, #26, #25, #24, #23, #22, #21, #20, #19, #18, #17, #16, #15, #14, #13, #12, #11, #10, #9, #8, #7, #6, #5, #4, #3, #1]

S [ #81: NAp  #20  #80 (NAp #79 #72)
    #84: NAp  #81  #83 (NAp #82 #57)
    #89: NAp  #84  #88 (NAp #85 #87)]
H [#73, #76, #72, #89, #88, #87, #86, #85, #84, #83, #82, #81, #80, #79, #78, #77, #75, #74, #65, #58, #61, #57, #71, #70, #69, #68, #67, #66, #64, #63, #62, #60, #59, #50, #38, #46, #56, #55, #54, #53, #52, #51, #49, #48, #47, #45, #44, #35, #2, #31, #43, #42, #41, #40, #39, #37, #36, #34, #33, #32, #30, #29, #28, #27, #26, #25, #24, #23, #22, #21, #20, #19, #18, #17, #16, #15, #14, #13, #12, #11, #10, #9, #8, #7, #6, #5, #4, #3, #1]

S [ #20: NPr If
    #81: NAp  #20  #80 (NAp #79 #72)
    #84: NAp  #81  #83 (NAp #82 #57)
    #89: NAp  #84  #88 (NAp #85 #87)]
H [#73, #76, #72, #89, #88, #87, #86, #85, #84, #83, #82, #81, #80, #79, #78, #77, #75, #74, #65, #58, #61, #57, #71, #70, #69, #68, #67, #66, #64, #63, #62, #60, #59, #50, #38, #46, #56, #55, #54, #53, #52, #51, #49, #48, #47, #45, #44, #35, #2, #31, #43, #42, #41, #40, #39, #37, #36, #34, #33, #32, #30, #29, #28, #27, #26, #25, #24, #23, #22, #21, #20, #19, #18, #17, #16, #15, #14, #13, #12, #11, #10, #9, #8, #7, #6, #5, #4, #3, #1]

S [ #80: NAp  #79  #72 (NNb 2)]
H [#73, #76, #72, #89, #88, #87, #86, #85, #84, #83, #82, #81, #80, #79, #78, #77, #75, #74, #65, #58, #61, #57, #71, #70, #69, #68, #67, #66, #64, #63, #62, #60, #59, #50, #38, #46, #56, #55, #54, #53, #52, #51, #49, #48, #47, #45, #44, #35, #2, #31, #43, #42, #41, #40, #39, #37, #36, #34, #33, #32, #30, #29, #28, #27, #26, #25, #24, #23, #22, #21, #20, #19, #18, #17, #16, #15, #14, #13, #12, #11, #10, #9, #8, #7, #6, #5, #4, #3, #1]

S [ #79: NAp  #23  #57 (NNb 4)
    #80: NAp  #79  #72 (NNb 2)]
H [#73, #76, #72, #89, #88, #87, #86, #85, #84, #83, #82, #81, #80, #79, #78, #77, #75, #74, #65, #58, #61, #57, #71, #70, #69, #68, #67, #66, #64, #63, #62, #60, #59, #50, #38, #46, #56, #55, #54, #53, #52, #51, #49, #48, #47, #45, #44, #35, #2, #31, #43, #42, #41, #40, #39, #37, #36, #34, #33, #32, #30, #29, #28, #27, #26, #25, #24, #23, #22, #21, #20, #19, #18, #17, #16, #15, #14, #13, #12, #11, #10, #9, #8, #7, #6, #5, #4, #3, #1]

S [ #23: NPr Less
    #79: NAp  #23  #57 (NNb 4)
    #80: NAp  #79  #72 (NNb 2)]
H [#73, #76, #72, #89, #88, #87, #86, #85, #84, #83, #82, #81, #80, #79, #78, #77, #75, #74, #65, #58, #61, #57, #71, #70, #69, #68, #67, #66, #64, #63, #62, #60, #59, #50, #38, #46, #56, #55, #54, #53, #52, #51, #49, #48, #47, #45, #44, #35, #2, #31, #43, #42, #41, #40, #39, #37, #36, #34, #33, #32, #30, #29, #28, #27, #26, #25, #24, #23, #22, #21, #20, #19, #18, #17, #16, #15, #14, #13, #12, #11, #10, #9, #8, #7, #6, #5, #4, #3, #1]

S [ #80: False]
H [#80, #73, #76, #72, #89, #88, #87, #86, #85, #84, #83, #82, #81, #79, #78, #77, #75, #74, #65, #58, #61, #57, #71, #70, #69, #68, #67, #66, #64, #63, #62, #60, #59, #50, #38, #46, #56, #55, #54, #53, #52, #51, #49, #48, #47, #45, #44, #35, #2, #31, #43, #42, #41, #40, #39, #37, #36, #34, #33, #32, #30, #29, #28, #27, #26, #25, #24, #23, #22, #21, #20, #19, #18, #17, #16, #15, #14, #13, #12, #11, #10, #9, #8, #7, #6, #5, #4, #3, #1]

S [ #81: NAp  #20  #80 (False)
    #84: NAp  #81  #83 (NAp #82 #57)
    #89: NAp  #84  #88 (NAp #85 #87)]
H [#80, #73, #76, #72, #89, #88, #87, #86, #85, #84, #83, #82, #81, #79, #78, #77, #75, #74, #65, #58, #61, #57, #71, #70, #69, #68, #67, #66, #64, #63, #62, #60, #59, #50, #38, #46, #56, #55, #54, #53, #52, #51, #49, #48, #47, #45, #44, #35, #2, #31, #43, #42, #41, #40, #39, #37, #36, #34, #33, #32, #30, #29, #28, #27, #26, #25, #24, #23, #22, #21, #20, #19, #18, #17, #16, #15, #14, #13, #12, #11, #10, #9, #8, #7, #6, #5, #4, #3, #1]

S [ #20: NPr If
    #81: NAp  #20  #80 (False)
    #84: NAp  #81  #83 (NAp #82 #57)
    #89: NAp  #84  #88 (NAp #85 #87)]
H [#80, #73, #76, #72, #89, #88, #87, #86, #85, #84, #83, #82, #81, #79, #78, #77, #75, #74, #65, #58, #61, #57, #71, #70, #69, #68, #67, #66, #64, #63, #62, #60, #59, #50, #38, #46, #56, #55, #54, #53, #52, #51, #49, #48, #47, #45, #44, #35, #2, #31, #43, #42, #41, #40, #39, #37, #36, #34, #33, #32, #30, #29, #28, #27, #26, #25, #24, #23, #22, #21, #20, #19, #18, #17, #16, #15, #14, #13, #12, #11, #10, #9, #8, #7, #6, #5, #4, #3, #1]

S [ #89: NIn (#88)]
H [#89, #80, #73, #76, #72, #88, #87, #86, #85, #84, #83, #82, #81, #79, #78, #77, #75, #74, #65, #58, #61, #57, #71, #70, #69, #68, #67, #66, #64, #63, #62, #60, #59, #50, #38, #46, #56, #55, #54, #53, #52, #51, #49, #48, #47, #45, #44, #35, #2, #31, #43, #42, #41, #40, #39, #37, #36, #34, #33, #32, #30, #29, #28, #27, #26, #25, #24, #23, #22, #21, #20, #19, #18, #17, #16, #15, #14, #13, #12, #11, #10, #9, #8, #7, #6, #5, #4, #3, #1]

S [ #88: NAp  #85  #87 (NAp #86 #72)]
H [#89, #80, #73, #76, #72, #88, #87, #86, #85, #84, #83, #82, #81, #79, #78, #77, #75, #74, #65, #58, #61, #57, #71, #70, #69, #68, #67, #66, #64, #63, #62, #60, #59, #50, #38, #46, #56, #55, #54, #53, #52, #51, #49, #48, #47, #45, #44, #35, #2, #31, #43, #42, #41, #40, #39, #37, #36, #34, #33, #32, #30, #29, #28, #27, #26, #25, #24, #23, #22, #21, #20, #19, #18, #17, #16, #15, #14, #13, #12, #11, #10, #9, #8, #7, #6, #5, #4, #3, #1]

S [ #85: NAp   #1  #72 (NNb 2)
    #88: NAp  #85  #87 (NAp #86 #72)]
H [#89, #80, #73, #76, #72, #88, #87, #86, #85, #84, #83, #82, #81, #79, #78, #77, #75, #74, #65, #58, #61, #57, #71, #70, #69, #68, #67, #66, #64, #63, #62, #60, #59, #50, #38, #46, #56, #55, #54, #53, #52, #51, #49, #48, #47, #45, #44, #35, #2, #31, #43, #42, #41, #40, #39, #37, #36, #34, #33, #32, #30, #29, #28, #27, #26, #25, #24, #23, #22, #21, #20, #19, #18, #17, #16, #15, #14, #13, #12, #11, #10, #9, #8, #7, #6, #5, #4, #3, #1]

S [  #1: NSc gcd
    #85: NAp   #1  #72 (NNb 2)
    #88: NAp  #85  #87 (NAp #86 #72)]
H [#89, #80, #73, #76, #72, #88, #87, #86, #85, #84, #83, #82, #81, #79, #78, #77, #75, #74, #65, #58, #61, #57, #71, #70, #69, #68, #67, #66, #64, #63, #62, #60, #59, #50, #38, #46, #56, #55, #54, #53, #52, #51, #49, #48, #47, #45, #44, #35, #2, #31, #43, #42, #41, #40, #39, #37, #36, #34, #33, #32, #30, #29, #28, #27, #26, #25, #24, #23, #22, #21, #20, #19, #18, #17, #16, #15, #14, #13, #12, #11, #10, #9, #8, #7, #6, #5, #4, #3, #1]

S [ #88: NAp  #93 #104 (NAp #99 #103)]
H [#88, #104, #103, #102, #101, #100, #99, #98, #97, #96, #95, #94, #93, #92, #91, #90, #89, #80, #73, #76, #72, #87, #86, #85, #84, #83, #82, #81, #79, #78, #77, #75, #74, #65, #58, #61, #57, #71, #70, #69, #68, #67, #66, #64, #63, #62, #60, #59, #50, #38, #46, #56, #55, #54, #53, #52, #51, #49, #48, #47, #45, #44, #35, #2, #31, #43, #42, #41, #40, #39, #37, #36, #34, #33, #32, #30, #29, #28, #27, #26, #25, #24, #23, #22, #21, #20, #19, #18, #17, #16, #15, #14, #13, #12, #11, #10, #9, #8, #7, #6, #5, #4, #3, #1]

S [ #93: NAp  #92  #72 (NNb 2)
    #88: NAp  #93 #104 (NAp #99 #103)]
H [#88, #104, #103, #102, #101, #100, #99, #98, #97, #96, #95, #94, #93, #92, #91, #90, #89, #80, #73, #76, #72, #87, #86, #85, #84, #83, #82, #81, #79, #78, #77, #75, #74, #65, #58, #61, #57, #71, #70, #69, #68, #67, #66, #64, #63, #62, #60, #59, #50, #38, #46, #56, #55, #54, #53, #52, #51, #49, #48, #47, #45, #44, #35, #2, #31, #43, #42, #41, #40, #39, #37, #36, #34, #33, #32, #30, #29, #28, #27, #26, #25, #24, #23, #22, #21, #20, #19, #18, #17, #16, #15, #14, #13, #12, #11, #10, #9, #8, #7, #6, #5, #4, #3, #1]

S [ #92: NAp  #20  #91 (NAp #90 #87)
    #93: NAp  #92  #72 (NNb 2)
    #88: NAp  #93 #104 (NAp #99 #103)]
H [#88, #104, #103, #102, #101, #100, #99, #98, #97, #96, #95, #94, #93, #92, #91, #90, #89, #80, #73, #76, #72, #87, #86, #85, #84, #83, #82, #81, #79, #78, #77, #75, #74, #65, #58, #61, #57, #71, #70, #69, #68, #67, #66, #64, #63, #62, #60, #59, #50, #38, #46, #56, #55, #54, #53, #52, #51, #49, #48, #47, #45, #44, #35, #2, #31, #43, #42, #41, #40, #39, #37, #36, #34, #33, #32, #30, #29, #28, #27, #26, #25, #24, #23, #22, #21, #20, #19, #18, #17, #16, #15, #14, #13, #12, #11, #10, #9, #8, #7, #6, #5, #4, #3, #1]

S [ #20: NPr If
    #92: NAp  #20  #91 (NAp #90 #87)
    #93: NAp  #92  #72 (NNb 2)
    #88: NAp  #93 #104 (NAp #99 #103)]
H [#88, #104, #103, #102, #101, #100, #99, #98, #97, #96, #95, #94, #93, #92, #91, #90, #89, #80, #73, #76, #72, #87, #86, #85, #84, #83, #82, #81, #79, #78, #77, #75, #74, #65, #58, #61, #57, #71, #70, #69, #68, #67, #66, #64, #63, #62, #60, #59, #50, #38, #46, #56, #55, #54, #53, #52, #51, #49, #48, #47, #45, #44, #35, #2, #31, #43, #42, #41, #40, #39, #37, #36, #34, #33, #32, #30, #29, #28, #27, #26, #25, #24, #23, #22, #21, #20, #19, #18, #17, #16, #15, #14, #13, #12, #11, #10, #9, #8, #7, #6, #5, #4, #3, #1]

S [ #91: NAp  #90  #87 (NAp #86 #72)]
H [#88, #104, #103, #102, #101, #100, #99, #98, #97, #96, #95, #94, #93, #92, #91, #90, #89, #80, #73, #76, #72, #87, #86, #85, #84, #83, #82, #81, #79, #78, #77, #75, #74, #65, #58, #61, #57, #71, #70, #69, #68, #67, #66, #64, #63, #62, #60, #59, #50, #38, #46, #56, #55, #54, #53, #52, #51, #49, #48, #47, #45, #44, #35, #2, #31, #43, #42, #41, #40, #39, #37, #36, #34, #33, #32, #30, #29, #28, #27, #26, #25, #24, #23, #22, #21, #20, #19, #18, #17, #16, #15, #14, #13, #12, #11, #10, #9, #8, #7, #6, #5, #4, #3, #1]

S [ #90: NAp  #25  #72 (NNb 2)
    #91: NAp  #90  #87 (NAp #86 #72)]
H [#88, #104, #103, #102, #101, #100, #99, #98, #97, #96, #95, #94, #93, #92, #91, #90, #89, #80, #73, #76, #72, #87, #86, #85, #84, #83, #82, #81, #79, #78, #77, #75, #74, #65, #58, #61, #57, #71, #70, #69, #68, #67, #66, #64, #63, #62, #60, #59, #50, #38, #46, #56, #55, #54, #53, #52, #51, #49, #48, #47, #45, #44, #35, #2, #31, #43, #42, #41, #40, #39, #37, #36, #34, #33, #32, #30, #29, #28, #27, #26, #25, #24, #23, #22, #21, #20, #19, #18, #17, #16, #15, #14, #13, #12, #11, #10, #9, #8, #7, #6, #5, #4, #3, #1]

S [ #25: NPr Eq
    #90: NAp  #25  #72 (NNb 2)
    #91: NAp  #90  #87 (NAp #86 #72)]
H [#88, #104, #103, #102, #101, #100, #99, #98, #97, #96, #95, #94, #93, #92, #91, #90, #89, #80, #73, #76, #72, #87, #86, #85, #84, #83, #82, #81, #79, #78, #77, #75, #74, #65, #58, #61, #57, #71, #70, #69, #68, #67, #66, #64, #63, #62, #60, #59, #50, #38, #46, #56, #55, #54, #53, #52, #51, #49, #48, #47, #45, #44, #35, #2, #31, #43, #42, #41, #40, #39, #37, #36, #34, #33, #32, #30, #29, #28, #27, #26, #25, #24, #23, #22, #21, #20, #19, #18, #17, #16, #15, #14, #13, #12, #11, #10, #9, #8, #7, #6, #5, #4, #3, #1]

S [ #87: NAp  #86  #72 (NNb 2)]
H [#88, #104, #103, #102, #101, #100, #99, #98, #97, #96, #95, #94, #93, #92, #91, #90, #89, #80, #73, #76, #72, #87, #86, #85, #84, #83, #82, #81, #79, #78, #77, #75, #74, #65, #58, #61, #57, #71, #70, #69, #68, #67, #66, #64, #63, #62, #60, #59, #50, #38, #46, #56, #55, #54, #53, #52, #51, #49, #48, #47, #45, #44, #35, #2, #31, #43, #42, #41, #40, #39, #37, #36, #34, #33, #32, #30, #29, #28, #27, #26, #25, #24, #23, #22, #21, #20, #19, #18, #17, #16, #15, #14, #13, #12, #11, #10, #9, #8, #7, #6, #5, #4, #3, #1]

S [ #86: NAp  #17  #57 (NNb 4)
    #87: NAp  #86  #72 (NNb 2)]
H [#88, #104, #103, #102, #101, #100, #99, #98, #97, #96, #95, #94, #93, #92, #91, #90, #89, #80, #73, #76, #72, #87, #86, #85, #84, #83, #82, #81, #79, #78, #77, #75, #74, #65, #58, #61, #57, #71, #70, #69, #68, #67, #66, #64, #63, #62, #60, #59, #50, #38, #46, #56, #55, #54, #53, #52, #51, #49, #48, #47, #45, #44, #35, #2, #31, #43, #42, #41, #40, #39, #37, #36, #34, #33, #32, #30, #29, #28, #27, #26, #25, #24, #23, #22, #21, #20, #19, #18, #17, #16, #15, #14, #13, #12, #11, #10, #9, #8, #7, #6, #5, #4, #3, #1]

S [ #17: NPr Sub
    #86: NAp  #17  #57 (NNb 4)
    #87: NAp  #86  #72 (NNb 2)]
H [#88, #104, #103, #102, #101, #100, #99, #98, #97, #96, #95, #94, #93, #92, #91, #90, #89, #80, #73, #76, #72, #87, #86, #85, #84, #83, #82, #81, #79, #78, #77, #75, #74, #65, #58, #61, #57, #71, #70, #69, #68, #67, #66, #64, #63, #62, #60, #59, #50, #38, #46, #56, #55, #54, #53, #52, #51, #49, #48, #47, #45, #44, #35, #2, #31, #43, #42, #41, #40, #39, #37, #36, #34, #33, #32, #30, #29, #28, #27, #26, #25, #24, #23, #22, #21, #20, #19, #18, #17, #16, #15, #14, #13, #12, #11, #10, #9, #8, #7, #6, #5, #4, #3, #1]

S [ #87: NNb 2]
H [#87, #88, #104, #103, #102, #101, #100, #99, #98, #97, #96, #95, #94, #93, #92, #91, #90, #89, #80, #73, #76, #72, #86, #85, #84, #83, #82, #81, #79, #78, #77, #75, #74, #65, #58, #61, #57, #71, #70, #69, #68, #67, #66, #64, #63, #62, #60, #59, #50, #38, #46, #56, #55, #54, #53, #52, #51, #49, #48, #47, #45, #44, #35, #2, #31, #43, #42, #41, #40, #39, #37, #36, #34, #33, #32, #30, #29, #28, #27, #26, #25, #24, #23, #22, #21, #20, #19, #18, #17, #16, #15, #14, #13, #12, #11, #10, #9, #8, #7, #6, #5, #4, #3, #1]

S [ #91: NAp  #90  #87 (NNb 2)]
H [#87, #88, #104, #103, #102, #101, #100, #99, #98, #97, #96, #95, #94, #93, #92, #91, #90, #89, #80, #73, #76, #72, #86, #85, #84, #83, #82, #81, #79, #78, #77, #75, #74, #65, #58, #61, #57, #71, #70, #69, #68, #67, #66, #64, #63, #62, #60, #59, #50, #38, #46, #56, #55, #54, #53, #52, #51, #49, #48, #47, #45, #44, #35, #2, #31, #43, #42, #41, #40, #39, #37, #36, #34, #33, #32, #30, #29, #28, #27, #26, #25, #24, #23, #22, #21, #20, #19, #18, #17, #16, #15, #14, #13, #12, #11, #10, #9, #8, #7, #6, #5, #4, #3, #1]

S [ #90: NAp  #25  #72 (NNb 2)
    #91: NAp  #90  #87 (NNb 2)]
H [#87, #88, #104, #103, #102, #101, #100, #99, #98, #97, #96, #95, #94, #93, #92, #91, #90, #89, #80, #73, #76, #72, #86, #85, #84, #83, #82, #81, #79, #78, #77, #75, #74, #65, #58, #61, #57, #71, #70, #69, #68, #67, #66, #64, #63, #62, #60, #59, #50, #38, #46, #56, #55, #54, #53, #52, #51, #49, #48, #47, #45, #44, #35, #2, #31, #43, #42, #41, #40, #39, #37, #36, #34, #33, #32, #30, #29, #28, #27, #26, #25, #24, #23, #22, #21, #20, #19, #18, #17, #16, #15, #14, #13, #12, #11, #10, #9, #8, #7, #6, #5, #4, #3, #1]

S [ #25: NPr Eq
    #90: NAp  #25  #72 (NNb 2)
    #91: NAp  #90  #87 (NNb 2)]
H [#87, #88, #104, #103, #102, #101, #100, #99, #98, #97, #96, #95, #94, #93, #92, #91, #90, #89, #80, #73, #76, #72, #86, #85, #84, #83, #82, #81, #79, #78, #77, #75, #74, #65, #58, #61, #57, #71, #70, #69, #68, #67, #66, #64, #63, #62, #60, #59, #50, #38, #46, #56, #55, #54, #53, #52, #51, #49, #48, #47, #45, #44, #35, #2, #31, #43, #42, #41, #40, #39, #37, #36, #34, #33, #32, #30, #29, #28, #27, #26, #25, #24, #23, #22, #21, #20, #19, #18, #17, #16, #15, #14, #13, #12, #11, #10, #9, #8, #7, #6, #5, #4, #3, #1]

S [ #91: True]
H [#91, #87, #88, #104, #103, #102, #101, #100, #99, #98, #97, #96, #95, #94, #93, #92, #90, #89, #80, #73, #76, #72, #86, #85, #84, #83, #82, #81, #79, #78, #77, #75, #74, #65, #58, #61, #57, #71, #70, #69, #68, #67, #66, #64, #63, #62, #60, #59, #50, #38, #46, #56, #55, #54, #53, #52, #51, #49, #48, #47, #45, #44, #35, #2, #31, #43, #42, #41, #40, #39, #37, #36, #34, #33, #32, #30, #29, #28, #27, #26, #25, #24, #23, #22, #21, #20, #19, #18, #17, #16, #15, #14, #13, #12, #11, #10, #9, #8, #7, #6, #5, #4, #3, #1]

S [ #92: NAp  #20  #91 (True)
    #93: NAp  #92  #72 (NNb 2)
    #88: NAp  #93 #104 (NAp #99 #103)]
H [#91, #87, #88, #104, #103, #102, #101, #100, #99, #98, #97, #96, #95, #94, #93, #92, #90, #89, #80, #73, #76, #72, #86, #85, #84, #83, #82, #81, #79, #78, #77, #75, #74, #65, #58, #61, #57, #71, #70, #69, #68, #67, #66, #64, #63, #62, #60, #59, #50, #38, #46, #56, #55, #54, #53, #52, #51, #49, #48, #47, #45, #44, #35, #2, #31, #43, #42, #41, #40, #39, #37, #36, #34, #33, #32, #30, #29, #28, #27, #26, #25, #24, #23, #22, #21, #20, #19, #18, #17, #16, #15, #14, #13, #12, #11, #10, #9, #8, #7, #6, #5, #4, #3, #1]

S [ #20: NPr If
    #92: NAp  #20  #91 (True)
    #93: NAp  #92  #72 (NNb 2)
    #88: NAp  #93 #104 (NAp #99 #103)]
H [#91, #87, #88, #104, #103, #102, #101, #100, #99, #98, #97, #96, #95, #94, #93, #92, #90, #89, #80, #73, #76, #72, #86, #85, #84, #83, #82, #81, #79, #78, #77, #75, #74, #65, #58, #61, #57, #71, #70, #69, #68, #67, #66, #64, #63, #62, #60, #59, #50, #38, #46, #56, #55, #54, #53, #52, #51, #49, #48, #47, #45, #44, #35, #2, #31, #43, #42, #41, #40, #39, #37, #36, #34, #33, #32, #30, #29, #28, #27, #26, #25, #24, #23, #22, #21, #20, #19, #18, #17, #16, #15, #14, #13, #12, #11, #10, #9, #8, #7, #6, #5, #4, #3, #1]

S [ #88: NIn (#72)]
H [#88, #91, #87, #104, #103, #102, #101, #100, #99, #98, #97, #96, #95, #94, #93, #92, #90, #89, #80, #73, #76, #72, #86, #85, #84, #83, #82, #81, #79, #78, #77, #75, #74, #65, #58, #61, #57, #71, #70, #69, #68, #67, #66, #64, #63, #62, #60, #59, #50, #38, #46, #56, #55, #54, #53, #52, #51, #49, #48, #47, #45, #44, #35, #2, #31, #43, #42, #41, #40, #39, #37, #36, #34, #33, #32, #30, #29, #28, #27, #26, #25, #24, #23, #22, #21, #20, #19, #18, #17, #16, #15, #14, #13, #12, #11, #10, #9, #8, #7, #6, #5, #4, #3, #1]

S [ #72: NNb 2]
H [#88, #91, #87, #104, #103, #102, #101, #100, #99, #98, #97, #96, #95, #94, #93, #92, #90, #89, #80, #73, #76, #72, #86, #85, #84, #83, #82, #81, #79, #78, #77, #75, #74, #65, #58, #61, #57, #71, #70, #69, #68, #67, #66, #64, #63, #62, #60, #59, #50, #38, #46, #56, #55, #54, #53, #52, #51, #49, #48, #47, #45, #44, #35, #2, #31, #43, #42, #41, #40, #39, #37, #36, #34, #33, #32, #30, #29, #28, #27, #26, #25, #24, #23, #22, #21, #20, #19, #18, #17, #16, #15, #14, #13, #12, #11, #10, #9, #8, #7, #6, #5, #4, #3, #1]

----- Stats -----
Total steps     : 136
Max stack depth : 4

