NNb 3

S [  #2: NSc main]
H [#8, #7, #6, #5, #4, #3, #2, #1]

S [ #10: NAp   #1   #9 (NNb 3)]
H [#2, #10, #9, #8, #7, #6, #5, #4, #3, #1]

S [  #1: NSc id
    #10: NAp   #1   #9 (NNb 3)]
H [#2, #10, #9, #8, #7, #6, #5, #4, #3, #1]

S [ #12: NAp  #11   #4 (NSc K)
    #10: NAp   #1   #9 (NNb 3)]
H [#1, #12, #11, #2, #10, #9, #8, #7, #6, #5, #4, #3]

S [ #11: NAp   #6   #4 (NSc K)
    #12: NAp  #11   #4 (NSc K)
    #10: NAp   #1   #9 (NNb 3)]
H [#1, #12, #11, #2, #10, #9, #8, #7, #6, #5, #4, #3]

S [  #6: NSc S
    #11: NAp   #6   #4 (NSc K)
    #12: NAp  #11   #4 (NSc K)
    #10: NAp   #1   #9 (NNb 3)]
H [#1, #12, #11, #2, #10, #9, #8, #7, #6, #5, #4, #3]

S [ #15: NAp  #13  #14 (NAp #4 #9)]
H [#10, #15, #14, #13, #1, #12, #11, #2, #9, #8, #7, #6, #5, #4, #3]

S [ #13: NAp   #4   #9 (NNb 3)
    #15: NAp  #13  #14 (NAp #4 #9)]
H [#10, #15, #14, #13, #1, #12, #11, #2, #9, #8, #7, #6, #5, #4, #3]

S [  #4: NSc K
    #13: NAp   #4   #9 (NNb 3)
    #15: NAp  #13  #14 (NAp #4 #9)]
H [#10, #15, #14, #13, #1, #12, #11, #2, #9, #8, #7, #6, #5, #4, #3]

S [  #9: NNb 3]
H [#15, #10, #14, #13, #1, #12, #11, #2, #9, #8, #7, #6, #5, #4, #3]

----- Stats -----
Total steps     : 9
Max stack depth : 4

