NNb 3

S [  #2: NSc main]
H [#8, #7, #6, #5, #4, #3, #2, #1]

S [ #13: NAp  #11  #12 (NNb 3)]
H [#2, #13, #12, #11, #10, #9, #8, #7, #6, #5, #4, #3, #1]

S [ #11: NAp  #10   #1 (NSc id)
    #13: NAp  #11  #12 (NNb 3)]
H [#2, #13, #12, #11, #10, #9, #8, #7, #6, #5, #4, #3, #1]

S [ #10: NAp   #9   #8 (NSc twice)
    #11: NAp  #10   #1 (NSc id)
    #13: NAp  #11  #12 (NNb 3)]
H [#2, #13, #12, #11, #10, #9, #8, #7, #6, #5, #4, #3, #1]

S [  #9: NAp   #8   #8 (NSc twice)
    #10: NAp   #9   #8 (NSc twice)
    #11: NAp  #10   #1 (NSc id)
    #13: NAp  #11  #12 (NNb 3)]
H [#2, #13, #12, #11, #10, #9, #8, #7, #6, #5, #4, #3, #1]

S [  #8: NSc twice
     #9: NAp   #8   #8 (NSc twice)
    #10: NAp   #9   #8 (NSc twice)
    #11: NAp  #10   #1 (NSc id)
    #13: NAp  #11  #12 (NNb 3)]
H [#2, #13, #12, #11, #10, #9, #8, #7, #6, #5, #4, #3, #1]

S [ #15: NAp  #14   #8 (NSc twice)
    #10: NAp   #9   #8 (NSc twice)
    #11: NAp  #10   #1 (NSc id)
    #13: NAp  #11  #12 (NNb 3)]
H [#9, #15, #14, #2, #13, #12, #11, #10, #8, #7, #6, #5, #4, #3, #1]

S [ #14: NAp   #7   #8 (NSc twice)
    #15: NAp  #14   #8 (NSc twice)
    #10: NAp   #9   #8 (NSc twice)
    #11: NAp  #10   #1 (NSc id)
    #13: NAp  #11  #12 (NNb 3)]
H [#9, #15, #14, #2, #13, #12, #11, #10, #8, #7, #6, #5, #4, #3, #1]

S [  #7: NSc compose
    #14: NAp   #7   #8 (NSc twice)
    #15: NAp  #14   #8 (NSc twice)
    #10: NAp   #9   #8 (NSc twice)
    #11: NAp  #10   #1 (NSc id)
    #13: NAp  #11  #12 (NNb 3)]
H [#9, #15, #14, #2, #13, #12, #11, #10, #8, #7, #6, #5, #4, #3, #1]

S [ #17: NAp   #8  #16 (NAp #8 #8)
    #11: NAp  #10   #1 (NSc id)
    #13: NAp  #11  #12 (NNb 3)]
H [#10, #17, #16, #9, #15, #14, #2, #13, #12, #11, #8, #7, #6, #5, #4, #3, #1]

S [  #8: NSc twice
    #17: NAp   #8  #16 (NAp #8 #8)
    #11: NAp  #10   #1 (NSc id)
    #13: NAp  #11  #12 (NNb 3)]
H [#10, #17, #16, #9, #15, #14, #2, #13, #12, #11, #8, #7, #6, #5, #4, #3, #1]

S [ #19: NAp  #18  #16 (NAp #8 #8)
    #11: NAp  #10   #1 (NSc id)
    #13: NAp  #11  #12 (NNb 3)]
H [#17, #19, #18, #10, #16, #9, #15, #14, #2, #13, #12, #11, #8, #7, #6, #5, #4, #3, #1]

S [ #18: NAp   #7  #16 (NAp #8 #8)
    #19: NAp  #18  #16 (NAp #8 #8)
    #11: NAp  #10   #1 (NSc id)
    #13: NAp  #11  #12 (NNb 3)]
H [#17, #19, #18, #10, #16, #9, #15, #14, #2, #13, #12, #11, #8, #7, #6, #5, #4, #3, #1]

S [  #7: NSc compose
    #18: NAp   #7  #16 (NAp #8 #8)
    #19: NAp  #18  #16 (NAp #8 #8)
    #11: NAp  #10   #1 (NSc id)
    #13: NAp  #11  #12 (NNb 3)]
H [#17, #19, #18, #10, #16, #9, #15, #14, #2, #13, #12, #11, #8, #7, #6, #5, #4, #3, #1]

S [ #21: NAp  #16  #20 (NAp #16 #1)
    #13: NAp  #11  #12 (NNb 3)]
H [#11, #21, #20, #17, #19, #18, #10, #16, #9, #15, #14, #2, #13, #12, #8, #7, #6, #5, #4, #3, #1]

S [ #16: NAp   #8   #8 (NSc twice)
    #21: NAp  #16  #20 (NAp #16 #1)
    #13: NAp  #11  #12 (NNb 3)]
H [#11, #21, #20, #17, #19, #18, #10, #16, #9, #15, #14, #2, #13, #12, #8, #7, #6, #5, #4, #3, #1]

S [  #8: NSc twice
    #16: NAp   #8   #8 (NSc twice)
    #21: NAp  #16  #20 (NAp #16 #1)
    #13: NAp  #11  #12 (NNb 3)]
H [#11, #21, #20, #17, #19, #18, #10, #16, #9, #15, #14, #2, #13, #12, #8, #7, #6, #5, #4, #3, #1]

S [ #23: NAp  #22   #8 (NSc twice)
    #21: NAp  #16  #20 (NAp #16 #1)
    #13: NAp  #11  #12 (NNb 3)]
H [#16, #23, #22, #11, #21, #20, #17, #19, #18, #10, #9, #15, #14, #2, #13, #12, #8, #7, #6, #5, #4, #3, #1]

S [ #22: NAp   #7   #8 (NSc twice)
    #23: NAp  #22   #8 (NSc twice)
    #21: NAp  #16  #20 (NAp #16 #1)
    #13: NAp  #11  #12 (NNb 3)]
H [#16, #23, #22, #11, #21, #20, #17, #19, #18, #10, #9, #15, #14, #2, #13, #12, #8, #7, #6, #5, #4, #3, #1]

S [  #7: NSc compose
    #22: NAp   #7   #8 (NSc twice)
    #23: NAp  #22   #8 (NSc twice)
    #21: NAp  #16  #20 (NAp #16 #1)
    #13: NAp  #11  #12 (NNb 3)]
H [#16, #23, #22, #11, #21, #20, #17, #19, #18, #10, #9, #15, #14, #2, #13, #12, #8, #7, #6, #5, #4, #3, #1]

S [ #25: NAp   #8  #24 (NAp #8 #20)
    #13: NAp  #11  #12 (NNb 3)]
H [#21, #25, #24, #16, #23, #22, #11, #20, #17, #19, #18, #10, #9, #15, #14, #2, #13, #12, #8, #7, #6, #5, #4, #3, #1]

S [  #8: NSc twice
    #25: NAp   #8  #24 (NAp #8 #20)
    #13: NAp  #11  #12 (NNb 3)]
H [#21, #25, #24, #16, #23, #22, #11, #20, #17, #19, #18, #10, #9, #15, #14, #2, #13, #12, #8, #7, #6, #5, #4, #3, #1]

S [ #27: NAp  #26  #24 (NAp #8 #20)
    #13: NAp  #11  #12 (NNb 3)]
H [#25, #27, #26, #21, #24, #16, #23, #22, #11, #20, #17, #19, #18, #10, #9, #15, #14, #2, #13, #12, #8, #7, #6, #5, #4, #3, #1]

S [ #26: NAp   #7  #24 (NAp #8 #20)
    #27: NAp  #26  #24 (NAp #8 #20)
    #13: NAp  #11  #12 (NNb 3)]
H [#25, #27, #26, #21, #24, #16, #23, #22, #11, #20, #17, #19, #18, #10, #9, #15, #14, #2, #13, #12, #8, #7, #6, #5, #4, #3, #1]

S [  #7: NSc compose
    #26: NAp   #7  #24 (NAp #8 #20)
    #27: NAp  #26  #24 (NAp #8 #20)
    #13: NAp  #11  #12 (NNb 3)]
H [#25, #27, #26, #21, #24, #16, #23, #22, #11, #20, #17, #19, #18, #10, #9, #15, #14, #2, #13, #12, #8, #7, #6, #5, #4, #3, #1]

S [ #29: NAp  #24  #28 (NAp #24 #12)]
H [#13, #29, #28, #25, #27, #26, #21, #24, #16, #23, #22, #11, #20, #17, #19, #18, #10, #9, #15, #14, #2, #12, #8, #7, #6, #5, #4, #3, #1]

S [ #24: NAp   #8  #20 (NAp #16 #1)
    #29: NAp  #24  #28 (NAp #24 #12)]
H [#13, #29, #28, #25, #27, #26, #21, #24, #16, #23, #22, #11, #20, #17, #19, #18, #10, #9, #15, #14, #2, #12, #8, #7, #6, #5, #4, #3, #1]

S [  #8: NSc twice
    #24: NAp   #8  #20 (NAp #16 #1)
    #29: NAp  #24  #28 (NAp #24 #12)]
H [#13, #29, #28, #25, #27, #26, #21, #24, #16, #23, #22, #11, #20, #17, #19, #18, #10, #9, #15, #14, #2, #12, #8, #7, #6, #5, #4, #3, #1]

S [ #31: NAp  #30  #20 (NAp #16 #1)
    #29: NAp  #24  #28 (NAp #24 #12)]
H [#24, #31, #30, #13, #29, #28, #25, #27, #26, #21, #16, #23, #22, #11, #20, #17, #19, #18, #10, #9, #15, #14, #2, #12, #8, #7, #6, #5, #4, #3, #1]

S [ #30: NAp   #7  #20 (NAp #16 #1)
    #31: NAp  #30  #20 (NAp #16 #1)
    #29: NAp  #24  #28 (NAp #24 #12)]
H [#24, #31, #30, #13, #29, #28, #25, #27, #26, #21, #16, #23, #22, #11, #20, #17, #19, #18, #10, #9, #15, #14, #2, #12, #8, #7, #6, #5, #4, #3, #1]

S [  #7: NSc compose
    #30: NAp   #7  #20 (NAp #16 #1)
    #31: NAp  #30  #20 (NAp #16 #1)
    #29: NAp  #24  #28 (NAp #24 #12)]
H [#24, #31, #30, #13, #29, #28, #25, #27, #26, #21, #16, #23, #22, #11, #20, #17, #19, #18, #10, #9, #15, #14, #2, #12, #8, #7, #6, #5, #4, #3, #1]

S [ #33: NAp  #20  #32 (NAp #20 #28)]
H [#29, #33, #32, #24, #31, #30, #13, #28, #25, #27, #26, #21, #16, #23, #22, #11, #20, #17, #19, #18, #10, #9, #15, #14, #2, #12, #8, #7, #6, #5, #4, #3, #1]

S [ #20: NAp  #16   #1 (NSc id)
    #33: NAp  #20  #32 (NAp #20 #28)]
H [#29, #33, #32, #24, #31, #30, #13, #28, #25, #27, #26, #21, #16, #23, #22, #11, #20, #17, #19, #18, #10, #9, #15, #14, #2, #12, #8, #7, #6, #5, #4, #3, #1]

S [ #16: NIn (#23)
    #20: NAp  #16   #1 (NSc id)
    #33: NAp  #20  #32 (NAp #20 #28)]
H [#29, #33, #32, #24, #31, #30, #13, #28, #25, #27, #26, #21, #16, #23, #22, #11, #20, #17, #19, #18, #10, #9, #15, #14, #2, #12, #8, #7, #6, #5, #4, #3, #1]

S [ #23: NAp  #22   #8 (NSc twice)
    #20: NAp  #16   #1 (NSc id)
    #33: NAp  #20  #32 (NAp #20 #28)]
H [#29, #33, #32, #24, #31, #30, #13, #28, #25, #27, #26, #21, #16, #23, #22, #11, #20, #17, #19, #18, #10, #9, #15, #14, #2, #12, #8, #7, #6, #5, #4, #3, #1]

S [ #22: NAp   #7   #8 (NSc twice)
    #23: NAp  #22   #8 (NSc twice)
    #20: NAp  #16   #1 (NSc id)
    #33: NAp  #20  #32 (NAp #20 #28)]
H [#29, #33, #32, #24, #31, #30, #13, #28, #25, #27, #26, #21, #16, #23, #22, #11, #20, #17, #19, #18, #10, #9, #15, #14, #2, #12, #8, #7, #6, #5, #4, #3, #1]

S [  #7: NSc compose
    #22: NAp   #7   #8 (NSc twice)
    #23: NAp  #22   #8 (NSc twice)
    #20: NAp  #16   #1 (NSc id)
    #33: NAp  #20  #32 (NAp #20 #28)]
H [#29, #33, #32, #24, #31, #30, #13, #28, #25, #27, #26, #21, #16, #23, #22, #11, #20, #17, #19, #18, #10, #9, #15, #14, #2, #12, #8, #7, #6, #5, #4, #3, #1]

S [ #35: NAp   #8  #34 (NAp #8 #1)
    #33: NAp  #20  #32 (NAp #20 #28)]
H [#20, #35, #34, #29, #33, #32, #24, #31, #30, #13, #28, #25, #27, #26, #21, #16, #23, #22, #11, #17, #19, #18, #10, #9, #15, #14, #2, #12, #8, #7, #6, #5, #4, #3, #1]

S [  #8: NSc twice
    #35: NAp   #8  #34 (NAp #8 #1)
    #33: NAp  #20  #32 (NAp #20 #28)]
H [#20, #35, #34, #29, #33, #32, #24, #31, #30, #13, #28, #25, #27, #26, #21, #16, #23, #22, #11, #17, #19, #18, #10, #9, #15, #14, #2, #12, #8, #7, #6, #5, #4, #3, #1]

S [ #37: NAp  #36  #34 (NAp #8 #1)
    #33: NAp  #20  #32 (NAp #20 #28)]
H [#35, #37, #36, #20, #34, #29, #33, #32, #24, #31, #30, #13, #28, #25, #27, #26, #21, #16, #23, #22, #11, #17, #19, #18, #10, #9, #15, #14, #2, #12, #8, #7, #6, #5, #4, #3, #1]

S [ #36: NAp   #7  #34 (NAp #8 #1)
    #37: NAp  #36  #34 (NAp #8 #1)
    #33: NAp  #20  #32 (NAp #20 #28)]
H [#35, #37, #36, #20, #34, #29, #33, #32, #24, #31, #30, #13, #28, #25, #27, #26, #21, #16, #23, #22, #11, #17, #19, #18, #10, #9, #15, #14, #2, #12, #8, #7, #6, #5, #4, #3, #1]

S [  #7: NSc compose
    #36: NAp   #7  #34 (NAp #8 #1)
    #37: NAp  #36  #34 (NAp #8 #1)
    #33: NAp  #20  #32 (NAp #20 #28)]
H [#35, #37, #36, #20, #34, #29, #33, #32, #24, #31, #30, #13, #28, #25, #27, #26, #21, #16, #23, #22, #11, #17, #19, #18, #10, #9, #15, #14, #2, #12, #8, #7, #6, #5, #4, #3, #1]

S [ #39: NAp  #34  #38 (NAp #34 #32)]
H [#33, #39, #38, #35, #37, #36, #20, #34, #29, #32, #24, #31, #30, #13, #28, #25, #27, #26, #21, #16, #23, #22, #11, #17, #19, #18, #10, #9, #15, #14, #2, #12, #8, #7, #6, #5, #4, #3, #1]

S [ #34: NAp   #8   #1 (NSc id)
    #39: NAp  #34  #38 (NAp #34 #32)]
H [#33, #39, #38, #35, #37, #36, #20, #34, #29, #32, #24, #31, #30, #13, #28, #25, #27, #26, #21, #16, #23, #22, #11, #17, #19, #18, #10, #9, #15, #14, #2, #12, #8, #7, #6, #5, #4, #3, #1]

S [  #8: NSc twice
    #34: NAp   #8   #1 (NSc id)
    #39: NAp  #34  #38 (NAp #34 #32)]
H [#33, #39, #38, #35, #37, #36, #20, #34, #29, #32, #24, #31, #30, #13, #28, #25, #27, #26, #21, #16, #23, #22, #11, #17, #19, #18, #10, #9, #15, #14, #2, #12, #8, #7, #6, #5, #4, #3, #1]

S [ #41: NAp  #40   #1 (NSc id)
    #39: NAp  #34  #38 (NAp #34 #32)]
H [#34, #41, #40, #33, #39, #38, #35, #37, #36, #20, #29, #32, #24, #31, #30, #13, #28, #25, #27, #26, #21, #16, #23, #22, #11, #17, #19, #18, #10, #9, #15, #14, #2, #12, #8, #7, #6, #5, #4, #3, #1]

S [ #40: NAp   #7   #1 (NSc id)
    #41: NAp  #40   #1 (NSc id)
    #39: NAp  #34  #38 (NAp #34 #32)]
H [#34, #41, #40, #33, #39, #38, #35, #37, #36, #20, #29, #32, #24, #31, #30, #13, #28, #25, #27, #26, #21, #16, #23, #22, #11, #17, #19, #18, #10, #9, #15, #14, #2, #12, #8, #7, #6, #5, #4, #3, #1]

S [  #7: NSc compose
    #40: NAp   #7   #1 (NSc id)
    #41: NAp  #40   #1 (NSc id)
    #39: NAp  #34  #38 (NAp #34 #32)]
H [#34, #41, #40, #33, #39, #38, #35, #37, #36, #20, #29, #32, #24, #31, #30, #13, #28, #25, #27, #26, #21, #16, #23, #22, #11, #17, #19, #18, #10, #9, #15, #14, #2, #12, #8, #7, #6, #5, #4, #3, #1]

S [ #43: NAp   #1  #42 (NAp #1 #38)]
H [#39, #43, #42, #34, #41, #40, #33, #38, #35, #37, #36, #20, #29, #32, #24, #31, #30, #13, #28, #25, #27, #26, #21, #16, #23, #22, #11, #17, #19, #18, #10, #9, #15, #14, #2, #12, #8, #7, #6, #5, #4, #3, #1]

S [  #1: NSc id
    #43: NAp   #1  #42 (NAp #1 #38)]
H [#39, #43, #42, #34, #41, #40, #33, #38, #35, #37, #36, #20, #29, #32, #24, #31, #30, #13, #28, #25, #27, #26, #21, #16, #23, #22, #11, #17, #19, #18, #10, #9, #15, #14, #2, #12, #8, #7, #6, #5, #4, #3, #1]

S [ #45: NAp  #44   #4 (NSc K)
    #43: NAp   #1  #42 (NAp #1 #38)]
H [#1, #45, #44, #39, #43, #42, #34, #41, #40, #33, #38, #35, #37, #36, #20, #29, #32, #24, #31, #30, #13, #28, #25, #27, #26, #21, #16, #23, #22, #11, #17, #19, #18, #10, #9, #15, #14, #2, #12, #8, #7, #6, #5, #4, #3]

S [ #44: NAp   #6   #4 (NSc K)
    #45: NAp  #44   #4 (NSc K)
    #43: NAp   #1  #42 (NAp #1 #38)]
H [#1, #45, #44, #39, #43, #42, #34, #41, #40, #33, #38, #35, #37, #36, #20, #29, #32, #24, #31, #30, #13, #28, #25, #27, #26, #21, #16, #23, #22, #11, #17, #19, #18, #10, #9, #15, #14, #2, #12, #8, #7, #6, #5, #4, #3]

S [  #6: NSc S
    #44: NAp   #6   #4 (NSc K)
    #45: NAp  #44   #4 (NSc K)
    #43: NAp   #1  #42 (NAp #1 #38)]
H [#1, #45, #44, #39, #43, #42, #34, #41, #40, #33, #38, #35, #37, #36, #20, #29, #32, #24, #31, #30, #13, #28, #25, #27, #26, #21, #16, #23, #22, #11, #17, #19, #18, #10, #9, #15, #14, #2, #12, #8, #7, #6, #5, #4, #3]

S [ #48: NAp  #46  #47 (NAp #4 #42)]
H [#43, #48, #47, #46, #1, #45, #44, #39, #42, #34, #41, #40, #33, #38, #35, #37, #36, #20, #29, #32, #24, #31, #30, #13, #28, #25, #27, #26, #21, #16, #23, #22, #11, #17, #19, #18, #10, #9, #15, #14, #2, #12, #8, #7, #6, #5, #4, #3]

S [ #46: NAp   #4  #42 (NAp #1 #38)
    #48: NAp  #46  #47 (NAp #4 #42)]
H [#43, #48, #47, #46, #1, #45, #44, #39, #42, #34, #41, #40, #33, #38, #35, #37, #36, #20, #29, #32, #24, #31, #30, #13, #28, #25, #27, #26, #21, #16, #23, #22, #11, #17, #19, #18, #10, #9, #15, #14, #2, #12, #8, #7, #6, #5, #4, #3]

S [  #4: NSc K
    #46: NAp   #4  #42 (NAp #1 #38)
    #48: NAp  #46  #47 (NAp #4 #42)]
H [#43, #48, #47, #46, #1, #45, #44, #39, #42, #34, #41, #40, #33, #38, #35, #37, #36, #20, #29, #32, #24, #31, #30, #13, #28, #25, #27, #26, #21, #16, #23, #22, #11, #17, #19, #18, #10, #9, #15, #14, #2, #12, #8, #7, #6, #5, #4, #3]

S [ #42: NAp   #1  #38 (NAp #34 #32)]
H [#48, #43, #47, #46, #1, #45, #44, #39, #42, #34, #41, #40, #33, #38, #35, #37, #36, #20, #29, #32, #24, #31, #30, #13, #28, #25, #27, #26, #21, #16, #23, #22, #11, #17, #19, #18, #10, #9, #15, #14, #2, #12, #8, #7, #6, #5, #4, #3]

S [  #1: NIn (#45)
    #42: NAp   #1  #38 (NAp #34 #32)]
H [#48, #43, #47, #46, #1, #45, #44, #39, #42, #34, #41, #40, #33, #38, #35, #37, #36, #20, #29, #32, #24, #31, #30, #13, #28, #25, #27, #26, #21, #16, #23, #22, #11, #17, #19, #18, #10, #9, #15, #14, #2, #12, #8, #7, #6, #5, #4, #3]

S [ #45: NAp  #44   #4 (NSc K)
    #42: NAp   #1  #38 (NAp #34 #32)]
H [#48, #43, #47, #46, #1, #45, #44, #39, #42, #34, #41, #40, #33, #38, #35, #37, #36, #20, #29, #32, #24, #31, #30, #13, #28, #25, #27, #26, #21, #16, #23, #22, #11, #17, #19, #18, #10, #9, #15, #14, #2, #12, #8, #7, #6, #5, #4, #3]

S [ #44: NAp   #6   #4 (NSc K)
    #45: NAp  #44   #4 (NSc K)
    #42: NAp   #1  #38 (NAp #34 #32)]
H [#48, #43, #47, #46, #1, #45, #44, #39, #42, #34, #41, #40, #33, #38, #35, #37, #36, #20, #29, #32, #24, #31, #30, #13, #28, #25, #27, #26, #21, #16, #23, #22, #11, #17, #19, #18, #10, #9, #15, #14, #2, #12, #8, #7, #6, #5, #4, #3]

S [  #6: NSc S
    #44: NAp   #6   #4 (NSc K)
    #45: NAp  #44   #4 (NSc K)
    #42: NAp   #1  #38 (NAp #34 #32)]
H [#48, #43, #47, #46, #1, #45, #44, #39, #42, #34, #41, #40, #33, #38, #35, #37, #36, #20, #29, #32, #24, #31, #30, #13, #28, #25, #27, #26, #21, #16, #23, #22, #11, #17, #19, #18, #10, #9, #15, #14, #2, #12, #8, #7, #6, #5, #4, #3]

S [ #51: NAp  #49  #50 (NAp #4 #38)]
H [#42, #51, #50, #49, #48, #43, #47, #46, #1, #45, #44, #39, #34, #41, #40, #33, #38, #35, #37, #36, #20, #29, #32, #24, #31, #30, #13, #28, #25, #27, #26, #21, #16, #23, #22, #11, #17, #19, #18, #10, #9, #15, #14, #2, #12, #8, #7, #6, #5, #4, #3]

S [ #49: NAp   #4  #38 (NAp #34 #32)
    #51: NAp  #49  #50 (NAp #4 #38)]
H [#42, #51, #50, #49, #48, #43, #47, #46, #1, #45, #44, #39, #34, #41, #40, #33, #38, #35, #37, #36, #20, #29, #32, #24, #31, #30, #13, #28, #25, #27, #26, #21, #16, #23, #22, #11, #17, #19, #18, #10, #9, #15, #14, #2, #12, #8, #7, #6, #5, #4, #3]

S [  #4: NSc K
    #49: NAp   #4  #38 (NAp #34 #32)
    #51: NAp  #49  #50 (NAp #4 #38)]
H [#42, #51, #50, #49, #48, #43, #47, #46, #1, #45, #44, #39, #34, #41, #40, #33, #38, #35, #37, #36, #20, #29, #32, #24, #31, #30, #13, #28, #25, #27, #26, #21, #16, #23, #22, #11, #17, #19, #18, #10, #9, #15, #14, #2, #12, #8, #7, #6, #5, #4, #3]

S [ #38: NAp  #34  #32 (NAp #20 #28)]
H [#51, #42, #50, #49, #48, #43, #47, #46, #1, #45, #44, #39, #34, #41, #40, #33, #38, #35, #37, #36, #20, #29, #32, #24, #31, #30, #13, #28, #25, #27, #26, #21, #16, #23, #22, #11, #17, #19, #18, #10, #9, #15, #14, #2, #12, #8, #7, #6, #5, #4, #3]

S [ #34: NIn (#41)
    #38: NAp  #34  #32 (NAp #20 #28)]
H [#51, #42, #50, #49, #48, #43, #47, #46, #1, #45, #44, #39, #34, #41, #40, #33, #38, #35, #37, #36, #20, #29, #32, #24, #31, #30, #13, #28, #25, #27, #26, #21, #16, #23, #22, #11, #17, #19, #18, #10, #9, #15, #14, #2, #12, #8, #7, #6, #5, #4, #3]

S [ #41: NAp  #40   #1 (NIn (#45))
    #38: NAp  #34  #32 (NAp #20 #28)]
H [#51, #42, #50, #49, #48, #43, #47, #46, #1, #45, #44, #39, #34, #41, #40, #33, #38, #35, #37, #36, #20, #29, #32, #24, #31, #30, #13, #28, #25, #27, #26, #21, #16, #23, #22, #11, #17, #19, #18, #10, #9, #15, #14, #2, #12, #8, #7, #6, #5, #4, #3]

S [ #40: NAp   #7   #1 (NIn (#45))
    #41: NAp  #40   #1 (NIn (#45))
    #38: NAp  #34  #32 (NAp #20 #28)]
H [#51, #42, #50, #49, #48, #43, #47, #46, #1, #45, #44, #39, #34, #41, #40, #33, #38, #35, #37, #36, #20, #29, #32, #24, #31, #30, #13, #28, #25, #27, #26, #21, #16, #23, #22, #11, #17, #19, #18, #10, #9, #15, #14, #2, #12, #8, #7, #6, #5, #4, #3]

S [  #7: NSc compose
    #40: NAp   #7   #1 (NIn (#45))
    #41: NAp  #40   #1 (NIn (#45))
    #38: NAp  #34  #32 (NAp #20 #28)]
H [#51, #42, #50, #49, #48, #43, #47, #46, #1, #45, #44, #39, #34, #41, #40, #33, #38, #35, #37, #36, #20, #29, #32, #24, #31, #30, #13, #28, #25, #27, #26, #21, #16, #23, #22, #11, #17, #19, #18, #10, #9, #15, #14, #2, #12, #8, #7, #6, #5, #4, #3]

S [ #53: NAp   #1  #52 (NAp #1 #32)]
H [#38, #53, #52, #51, #42, #50, #49, #48, #43, #47, #46, #1, #45, #44, #39, #34, #41, #40, #33, #35, #37, #36, #20, #29, #32, #24, #31, #30, #13, #28, #25, #27, #26, #21, #16, #23, #22, #11, #17, #19, #18, #10, #9, #15, #14, #2, #12, #8, #7, #6, #5, #4, #3]

S [  #1: NIn (#45)
    #53: NAp   #1  #52 (NAp #1 #32)]
H [#38, #53, #52, #51, #42, #50, #49, #48, #43, #47, #46, #1, #45, #44, #39, #34, #41, #40, #33, #35, #37, #36, #20, #29, #32, #24, #31, #30, #13, #28, #25, #27, #26, #21, #16, #23, #22, #11, #17, #19, #18, #10, #9, #15, #14, #2, #12, #8, #7, #6, #5, #4, #3]

S [ #45: NAp  #44   #4 (NSc K)
    #53: NAp   #1  #52 (NAp #1 #32)]
H [#38, #53, #52, #51, #42, #50, #49, #48, #43, #47, #46, #1, #45, #44, #39, #34, #41, #40, #33, #35, #37, #36, #20, #29, #32, #24, #31, #30, #13, #28, #25, #27, #26, #21, #16, #23, #22, #11, #17, #19, #18, #10, #9, #15, #14, #2, #12, #8, #7, #6, #5, #4, #3]

S [ #44: NAp   #6   #4 (NSc K)
    #45: NAp  #44   #4 (NSc K)
    #53: NAp   #1  #52 (NAp #1 #32)]
H [#38, #53, #52, #51, #42, #50, #49, #48, #43, #47, #46, #1, #45, #44, #39, #34, #41, #40, #33, #35, #37, #36, #20, #29, #32, #24, #31, #30, #13, #28, #25, #27, #26, #21, #16, #23, #22, #11, #17, #19, #18, #10, #9, #15, #14, #2, #12, #8, #7, #6, #5, #4, #3]

S [  #6: NSc S
    #44: NAp   #6   #4 (NSc K)
    #45: NAp  #44   #4 (NSc K)
    #53: NAp   #1  #52 (NAp #1 #32)]
H [#38, #53, #52, #51, #42, #50, #49, #48, #43, #47, #46, #1, #45, #44, #39, #34, #41, #40, #33, #35, #37, #36, #20, #29, #32, #24, #31, #30, #13, #28, #25, #27, #26, #21, #16, #23, #22, #11, #17, #19, #18, #10, #9, #15, #14, #2, #12, #8, #7, #6, #5, #4, #3]

S [ #56: NAp  #54  #55 (NAp #4 #52)]
H [#53, #56, #55, #54, #38, #52, #51, #42, #50, #49, #48, #43, #47, #46, #1, #45, #44, #39, #34, #41, #40, #33, #35, #37, #36, #20, #29, #32, #24, #31, #30, #13, #28, #25, #27, #26, #21, #16, #23, #22, #11, #17, #19, #18, #10, #9, #15, #14, #2, #12, #8, #7, #6, #5, #4, #3]

S [ #54: NAp   #4  #52 (NAp #1 #32)
    #56: NAp  #54  #55 (NAp #4 #52)]
H [#53, #56, #55, #54, #38, #52, #51, #42, #50, #49, #48, #43, #47, #46, #1, #45, #44, #39, #34, #41, #40, #33, #35, #37, #36, #20, #29, #32, #24, #31, #30, #13, #28, #25, #27, #26, #21, #16, #23, #22, #11, #17, #19, #18, #10, #9, #15, #14, #2, #12, #8, #7, #6, #5, #4, #3]

S [  #4: NSc K
    #54: NAp   #4  #52 (NAp #1 #32)
    #56: NAp  #54  #55 (NAp #4 #52)]
H [#53, #56, #55, #54, #38, #52, #51, #42, #50, #49, #48, #43, #47, #46, #1, #45, #44, #39, #34, #41, #40, #33, #35, #37, #36, #20, #29, #32, #24, #31, #30, #13, #28, #25, #27, #26, #21, #16, #23, #22, #11, #17, #19, #18, #10, #9, #15, #14, #2, #12, #8, #7, #6, #5, #4, #3]

S [ #52: NAp   #1  #32 (NAp #20 #28)]
H [#56, #53, #55, #54, #38, #52, #51, #42, #50, #49, #48, #43, #47, #46, #1, #45, #44, #39, #34, #41, #40, #33, #35, #37, #36, #20, #29, #32, #24, #31, #30, #13, #28, #25, #27, #26, #21, #16, #23, #22, #11, #17, #19, #18, #10, #9, #15, #14, #2, #12, #8, #7, #6, #5, #4, #3]

S [  #1: NIn (#45)
    #52: NAp   #1  #32 (NAp #20 #28)]
H [#56, #53, #55, #54, #38, #52, #51, #42, #50, #49, #48, #43, #47, #46, #1, #45, #44, #39, #34, #41, #40, #33, #35, #37, #36, #20, #29, #32, #24, #31, #30, #13, #28, #25, #27, #26, #21, #16, #23, #22, #11, #17, #19, #18, #10, #9, #15, #14, #2, #12, #8, #7, #6, #5, #4, #3]

S [ #45: NAp  #44   #4 (NSc K)
    #52: NAp   #1  #32 (NAp #20 #28)]
H [#56, #53, #55, #54, #38, #52, #51, #42, #50, #49, #48, #43, #47, #46, #1, #45, #44, #39, #34, #41, #40, #33, #35, #37, #36, #20, #29, #32, #24, #31, #30, #13, #28, #25, #27, #26, #21, #16, #23, #22, #11, #17, #19, #18, #10, #9, #15, #14, #2, #12, #8, #7, #6, #5, #4, #3]

S [ #44: NAp   #6   #4 (NSc K)
    #45: NAp  #44   #4 (NSc K)
    #52: NAp   #1  #32 (NAp #20 #28)]
H [#56, #53, #55, #54, #38, #52, #51, #42, #50, #49, #48, #43, #47, #46, #1, #45, #44, #39, #34, #41, #40, #33, #35, #37, #36, #20, #29, #32, #24, #31, #30, #13, #28, #25, #27, #26, #21, #16, #23, #22, #11, #17, #19, #18, #10, #9, #15, #14, #2, #12, #8, #7, #6, #5, #4, #3]

S [  #6: NSc S
    #44: NAp   #6   #4 (NSc K)
    #45: NAp  #44   #4 (NSc K)
    #52: NAp   #1  #32 (NAp #20 #28)]
H [#56, #53, #55, #54, #38, #52, #51, #42, #50, #49, #48, #43, #47, #46, #1, #45, #44, #39, #34, #41, #40, #33, #35, #37, #36, #20, #29, #32, #24, #31, #30, #13, #28, #25, #27, #26, #21, #16, #23, #22, #11, #17, #19, #18, #10, #9, #15, #14, #2, #12, #8, #7, #6, #5, #4, #3]

S [ #59: NAp  #57  #58 (NAp #4 #32)]
H [#52, #59, #58, #57, #56, #53, #55, #54, #38, #51, #42, #50, #49, #48, #43, #47, #46, #1, #45, #44, #39, #34, #41, #40, #33, #35, #37, #36, #20, #29, #32, #24, #31, #30, #13, #28, #25, #27, #26, #21, #16, #23, #22, #11, #17, #19, #18, #10, #9, #15, #14, #2, #12, #8, #7, #6, #5, #4, #3]

S [ #57: NAp   #4  #32 (NAp #20 #28)
    #59: NAp  #57  #58 (NAp #4 #32)]
H [#52, #59, #58, #57, #56, #53, #55, #54, #38, #51, #42, #50, #49, #48, #43, #47, #46, #1, #45, #44, #39, #34, #41, #40, #33, #35, #37, #36, #20, #29, #32, #24, #31, #30, #13, #28, #25, #27, #26, #21, #16, #23, #22, #11, #17, #19, #18, #10, #9, #15, #14, #2, #12, #8, #7, #6, #5, #4, #3]

S [  #4: NSc K
    #57: NAp   #4  #32 (NAp #20 #28)
    #59: NAp  #57  #58 (NAp #4 #32)]
H [#52, #59, #58, #57, #56, #53, #55, #54, #38, #51, #42, #50, #49, #48, #43, #47, #46, #1, #45, #44, #39, #34, #41, #40, #33, #35, #37, #36, #20, #29, #32, #24, #31, #30, #13, #28, #25, #27, #26, #21, #16, #23, #22, #11, #17, #19, #18, #10, #9, #15, #14, #2, #12, #8, #7, #6, #5, #4, #3]

S [ #32: NAp  #20  #28 (NAp #24 #12)]
H [#59, #52, #58, #57, #56, #53, #55, #54, #38, #51, #42, #50, #49, #48, #43, #47, #46, #1, #45, #44, #39, #34, #41, #40, #33, #35, #37, #36, #20, #29, #32, #24, #31, #30, #13, #28, #25, #27, #26, #21, #16, #23, #22, #11, #17, #19, #18, #10, #9, #15, #14, #2, #12, #8, #7, #6, #5, #4, #3]

S [ #20: NIn (#35)
    #32: NAp  #20  #28 (NAp #24 #12)]
H [#59, #52, #58, #57, #56, #53, #55, #54, #38, #51, #42, #50, #49, #48, #43, #47, #46, #1, #45, #44, #39, #34, #41, #40, #33, #35, #37, #36, #20, #29, #32, #24, #31, #30, #13, #28, #25, #27, #26, #21, #16, #23, #22, #11, #17, #19, #18, #10, #9, #15, #14, #2, #12, #8, #7, #6, #5, #4, #3]

S [ #35: NIn (#37)
    #32: NAp  #20  #28 (NAp #24 #12)]
H [#59, #52, #58, #57, #56, #53, #55, #54, #38, #51, #42, #50, #49, #48, #43, #47, #46, #1, #45, #44, #39, #34, #41, #40, #33, #35, #37, #36, #20, #29, #32, #24, #31, #30, #13, #28, #25, #27, #26, #21, #16, #23, #22, #11, #17, #19, #18, #10, #9, #15, #14, #2, #12, #8, #7, #6, #5, #4, #3]

S [ #37: NAp  #36  #34 (NIn (#41))
    #32: NAp  #20  #28 (NAp #24 #12)]
H [#59, #52, #58, #57, #56, #53, #55, #54, #38, #51, #42, #50, #49, #48, #43, #47, #46, #1, #45, #44, #39, #34, #41, #40, #33, #35, #37, #36, #20, #29, #32, #24, #31, #30, #13, #28, #25, #27, #26, #21, #16, #23, #22, #11, #17, #19, #18, #10, #9, #15, #14, #2, #12, #8, #7, #6, #5, #4, #3]

S [ #36: NAp   #7  #34 (NIn (#41))
    #37: NAp  #36  #34 (NIn (#41))
    #32: NAp  #20  #28 (NAp #24 #12)]
H [#59, #52, #58, #57, #56, #53, #55, #54, #38, #51, #42, #50, #49, #48, #43, #47, #46, #1, #45, #44, #39, #34, #41, #40, #33, #35, #37, #36, #20, #29, #32, #24, #31, #30, #13, #28, #25, #27, #26, #21, #16, #23, #22, #11, #17, #19, #18, #10, #9, #15, #14, #2, #12, #8, #7, #6, #5, #4, #3]

S [  #7: NSc compose
    #36: NAp   #7  #34 (NIn (#41))
    #37: NAp  #36  #34 (NIn (#41))
    #32: NAp  #20  #28 (NAp #24 #12)]
H [#59, #52, #58, #57, #56, #53, #55, #54, #38, #51, #42, #50, #49, #48, #43, #47, #46, #1, #45, #44, #39, #34, #41, #40, #33, #35, #37, #36, #20, #29, #32, #24, #31, #30, #13, #28, #25, #27, #26, #21, #16, #23, #22, #11, #17, #19, #18, #10, #9, #15, #14, #2, #12, #8, #7, #6, #5, #4, #3]

S [ #61: NAp  #34  #60 (NAp #34 #28)]
H [#32, #61, #60, #59, #52, #58, #57, #56, #53, #55, #54, #38, #51, #42, #50, #49, #48, #43, #47, #46, #1, #45, #44, #39, #34, #41, #40, #33, #35, #37, #36, #20, #29, #24, #31, #30, #13, #28, #25, #27, #26, #21, #16, #23, #22, #11, #17, #19, #18, #10, #9, #15, #14, #2, #12, #8, #7, #6, #5, #4, #3]

S [ #34: NIn (#41)
    #61: NAp  #34  #60 (NAp #34 #28)]
H [#32, #61, #60, #59, #52, #58, #57, #56, #53, #55, #54, #38, #51, #42, #50, #49, #48, #43, #47, #46, #1, #45, #44, #39, #34, #41, #40, #33, #35, #37, #36, #20, #29, #24, #31, #30, #13, #28, #25, #27, #26, #21, #16, #23, #22, #11, #17, #19, #18, #10, #9, #15, #14, #2, #12, #8, #7, #6, #5, #4, #3]

S [ #41: NAp  #40   #1 (NIn (#45))
    #61: NAp  #34  #60 (NAp #34 #28)]
H [#32, #61, #60, #59, #52, #58, #57, #56, #53, #55, #54, #38, #51, #42, #50, #49, #48, #43, #47, #46, #1, #45, #44, #39, #34, #41, #40, #33, #35, #37, #36, #20, #29, #24, #31, #30, #13, #28, #25, #27, #26, #21, #16, #23, #22, #11, #17, #19, #18, #10, #9, #15, #14, #2, #12, #8, #7, #6, #5, #4, #3]

S [ #40: NAp   #7   #1 (NIn (#45))
    #41: NAp  #40   #1 (NIn (#45))
    #61: NAp  #34  #60 (NAp #34 #28)]
H [#32, #61, #60, #59, #52, #58, #57, #56, #53, #55, #54, #38, #51, #42, #50, #49, #48, #43, #47, #46, #1, #45, #44, #39, #34, #41, #40, #33, #35, #37, #36, #20, #29, #24, #31, #30, #13, #28, #25, #27, #26, #21, #16, #23, #22, #11, #17, #19, #18, #10, #9, #15, #14, #2, #12, #8, #7, #6, #5, #4, #3]

S [  #7: NSc compose
    #40: NAp   #7   #1 (NIn (#45))
    #41: NAp  #40   #1 (NIn (#45))
    #61: NAp  #34  #60 (NAp #34 #28)]
H [#32, #61, #60, #59, #52, #58, #57, #56, #53, #55, #54, #38, #51, #42, #50, #49, #48, #43, #47, #46, #1, #45, #44, #39, #34, #41, #40, #33, #35, #37, #36, #20, #29, #24, #31, #30, #13, #28, #25, #27, #26, #21, #16, #23, #22, #11, #17, #19, #18, #10, #9, #15, #14, #2, #12, #8, #7, #6, #5, #4, #3]

S [ #63: NAp   #1  #62 (NAp #1 #60)]
H [#61, #63, #62, #32, #60, #59, #52, #58, #57, #56, #53, #55, #54, #38, #51, #42, #50, #49, #48, #43, #47, #46, #1, #45, #44, #39, #34, #41, #40, #33, #35, #37, #36, #20, #29, #24, #31, #30, #13, #28, #25, #27, #26, #21, #16, #23, #22, #11, #17, #19, #18, #10, #9, #15, #14, #2, #12, #8, #7, #6, #5, #4, #3]

S [  #1: NIn (#45)
    #63: NAp   #1  #62 (NAp #1 #60)]
H [#61, #63, #62, #32, #60, #59, #52, #58, #57, #56, #53, #55, #54, #38, #51, #42, #50, #49, #48, #43, #47, #46, #1, #45, #44, #39, #34, #41, #40, #33, #35, #37, #36, #20, #29, #24, #31, #30, #13, #28, #25, #27, #26, #21, #16, #23, #22, #11, #17, #19, #18, #10, #9, #15, #14, #2, #12, #8, #7, #6, #5, #4, #3]

S [ #45: NAp  #44   #4 (NSc K)
    #63: NAp   #1  #62 (NAp #1 #60)]
H [#61, #63, #62, #32, #60, #59, #52, #58, #57, #56, #53, #55, #54, #38, #51, #42, #50, #49, #48, #43, #47, #46, #1, #45, #44, #39, #34, #41, #40, #33, #35, #37, #36, #20, #29, #24, #31, #30, #13, #28, #25, #27, #26, #21, #16, #23, #22, #11, #17, #19, #18, #10, #9, #15, #14, #2, #12, #8, #7, #6, #5, #4, #3]

S [ #44: NAp   #6   #4 (NSc K)
    #45: NAp  #44   #4 (NSc K)
    #63: NAp   #1  #62 (NAp #1 #60)]
H [#61, #63, #62, #32, #60, #59, #52, #58, #57, #56, #53, #55, #54, #38, #51, #42, #50, #49, #48, #43, #47, #46, #1, #45, #44, #39, #34, #41, #40, #33, #35, #37, #36, #20, #29, #24, #31, #30, #13, #28, #25, #27, #26, #21, #16, #23, #22, #11, #17, #19, #18, #10, #9, #15, #14, #2, #12, #8, #7, #6, #5, #4, #3]

S [  #6: NSc S
    #44: NAp   #6   #4 (NSc K)
    #45: NAp  #44   #4 (NSc K)
    #63: NAp   #1  #62 (NAp #1 #60)]
H [#61, #63, #62, #32, #60, #59, #52, #58, #57, #56, #53, #55, #54, #38, #51, #42, #50, #49, #48, #43, #47, #46, #1, #45, #44, #39, #34, #41, #40, #33, #35, #37, #36, #20, #29, #24, #31, #30, #13, #28, #25, #27, #26, #21, #16, #23, #22, #11, #17, #19, #18, #10, #9, #15, #14, #2, #12, #8, #7, #6, #5, #4, #3]

S [ #66: NAp  #64  #65 (NAp #4 #62)]
H [#63, #66, #65, #64, #61, #62, #32, #60, #59, #52, #58, #57, #56, #53, #55, #54, #38, #51, #42, #50, #49, #48, #43, #47, #46, #1, #45, #44, #39, #34, #41, #40, #33, #35, #37, #36, #20, #29, #24, #31, #30, #13, #28, #25, #27, #26, #21, #16, #23, #22, #11, #17, #19, #18, #10, #9, #15, #14, #2, #12, #8, #7, #6, #5, #4, #3]

S [ #64: NAp   #4  #62 (NAp #1 #60)
    #66: NAp  #64  #65 (NAp #4 #62)]
H [#63, #66, #65, #64, #61, #62, #32, #60, #59, #52, #58, #57, #56, #53, #55, #54, #38, #51, #42, #50, #49, #48, #43, #47, #46, #1, #45, #44, #39, #34, #41, #40, #33, #35, #37, #36, #20, #29, #24, #31, #30, #13, #28, #25, #27, #26, #21, #16, #23, #22, #11, #17, #19, #18, #10, #9, #15, #14, #2, #12, #8, #7, #6, #5, #4, #3]

S [  #4: NSc K
    #64: NAp   #4  #62 (NAp #1 #60)
    #66: NAp  #64  #65 (NAp #4 #62)]
H [#63, #66, #65, #64, #61, #62, #32, #60, #59, #52, #58, #57, #56, #53, #55, #54, #38, #51, #42, #50, #49, #48, #43, #47, #46, #1, #45, #44, #39, #34, #41, #40, #33, #35, #37, #36, #20, #29, #24, #31, #30, #13, #28, #25, #27, #26, #21, #16, #23, #22, #11, #17, #19, #18, #10, #9, #15, #14, #2, #12, #8, #7, #6, #5, #4, #3]

S [ #62: NAp   #1  #60 (NAp #34 #28)]
H [#66, #63, #65, #64, #61, #62, #32, #60, #59, #52, #58, #57, #56, #53, #55, #54, #38, #51, #42, #50, #49, #48, #43, #47, #46, #1, #45, #44, #39, #34, #41, #40, #33, #35, #37, #36, #20, #29, #24, #31, #30, #13, #28, #25, #27, #26, #21, #16, #23, #22, #11, #17, #19, #18, #10, #9, #15, #14, #2, #12, #8, #7, #6, #5, #4, #3]

S [  #1: NIn (#45)
    #62: NAp   #1  #60 (NAp #34 #28)]
H [#66, #63, #65, #64, #61, #62, #32, #60, #59, #52, #58, #57, #56, #53, #55, #54, #38, #51, #42, #50, #49, #48, #43, #47, #46, #1, #45, #44, #39, #34, #41, #40, #33, #35, #37, #36, #20, #29, #24, #31, #30, #13, #28, #25, #27, #26, #21, #16, #23, #22, #11, #17, #19, #18, #10, #9, #15, #14, #2, #12, #8, #7, #6, #5, #4, #3]

S [ #45: NAp  #44   #4 (NSc K)
    #62: NAp   #1  #60 (NAp #34 #28)]
H [#66, #63, #65, #64, #61, #62, #32, #60, #59, #52, #58, #57, #56, #53, #55, #54, #38, #51, #42, #50, #49, #48, #43, #47, #46, #1, #45, #44, #39, #34, #41, #40, #33, #35, #37, #36, #20, #29, #24, #31, #30, #13, #28, #25, #27, #26, #21, #16, #23, #22, #11, #17, #19, #18, #10, #9, #15, #14, #2, #12, #8, #7, #6, #5, #4, #3]

S [ #44: NAp   #6   #4 (NSc K)
    #45: NAp  #44   #4 (NSc K)
    #62: NAp   #1  #60 (NAp #34 #28)]
H [#66, #63, #65, #64, #61, #62, #32, #60, #59, #52, #58, #57, #56, #53, #55, #54, #38, #51, #42, #50, #49, #48, #43, #47, #46, #1, #45, #44, #39, #34, #41, #40, #33, #35, #37, #36, #20, #29, #24, #31, #30, #13, #28, #25, #27, #26, #21, #16, #23, #22, #11, #17, #19, #18, #10, #9, #15, #14, #2, #12, #8, #7, #6, #5, #4, #3]

S [  #6: NSc S
    #44: NAp   #6   #4 (NSc K)
    #45: NAp  #44   #4 (NSc K)
    #62: NAp   #1  #60 (NAp #34 #28)]
H [#66, #63, #65, #64, #61, #62, #32, #60, #59, #52, #58, #57, #56, #53, #55, #54, #38, #51, #42, #50, #49, #48, #43, #47, #46, #1, #45, #44, #39, #34, #41, #40, #33, #35, #37, #36, #20, #29, #24, #31, #30, #13, #28, #25, #27, #26, #21, #16, #23, #22, #11, #17, #19, #18, #10, #9, #15, #14, #2, #12, #8, #7, #6, #5, #4, #3]

S [ #69: NAp  #67  #68 (NAp #4 #60)]
H [#62, #69, #68, #67, #66, #63, #65, #64, #61, #32, #60, #59, #52, #58, #57, #56, #53, #55, #54, #38, #51, #42, #50, #49, #48, #43, #47, #46, #1, #45, #44, #39, #34, #41, #40, #33, #35, #37, #36, #20, #29, #24, #31, #30, #13, #28, #25, #27, #26, #21, #16, #23, #22, #11, #17, #19, #18, #10, #9, #15, #14, #2, #12, #8, #7, #6, #5, #4, #3]

S [ #67: NAp   #4  #60 (NAp #34 #28)
    #69: NAp  #67  #68 (NAp #4 #60)]
H [#62, #69, #68, #67, #66, #63, #65, #64, #61, #32, #60, #59, #52, #58, #57, #56, #53, #55, #54, #38, #51, #42, #50, #49, #48, #43, #47, #46, #1, #45, #44, #39, #34, #41, #40, #33, #35, #37, #36, #20, #29, #24, #31, #30, #13, #28, #25, #27, #26, #21, #16, #23, #22, #11, #17, #19, #18, #10, #9, #15, #14, #2, #12, #8, #7, #6, #5, #4, #3]

S [  #4: NSc K
    #67: NAp   #4  #60 (NAp #34 #28)
    #69: NAp  #67  #68 (NAp #4 #60)]
H [#62, #69, #68, #67, #66, #63, #65, #64, #61, #32, #60, #59, #52, #58, #57, #56, #53, #55, #54, #38, #51, #42, #50, #49, #48, #43, #47, #46, #1, #45, #44, #39, #34, #41, #40, #33, #35, #37, #36, #20, #29, #24, #31, #30, #13, #28, #25, #27, #26, #21, #16, #23, #22, #11, #17, #19, #18, #10, #9, #15, #14, #2, #12, #8, #7, #6, #5, #4, #3]

S [ #60: NAp  #34  #28 (NAp #24 #12)]
H [#69, #62, #68, #67, #66, #63, #65, #64, #61, #32, #60, #59, #52, #58, #57, #56, #53, #55, #54, #38, #51, #42, #50, #49, #48, #43, #47, #46, #1, #45, #44, #39, #34, #41, #40, #33, #35, #37, #36, #20, #29, #24, #31, #30, #13, #28, #25, #27, #26, #21, #16, #23, #22, #11, #17, #19, #18, #10, #9, #15, #14, #2, #12, #8, #7, #6, #5, #4, #3]

S [ #34: NIn (#41)
    #60: NAp  #34  #28 (NAp #24 #12)]
H [#69, #62, #68, #67, #66, #63, #65, #64, #61, #32, #60, #59, #52, #58, #57, #56, #53, #55, #54, #38, #51, #42, #50, #49, #48, #43, #47, #46, #1, #45, #44, #39, #34, #41, #40, #33, #35, #37, #36, #20, #29, #24, #31, #30, #13, #28, #25, #27, #26, #21, #16, #23, #22, #11, #17, #19, #18, #10, #9, #15, #14, #2, #12, #8, #7, #6, #5, #4, #3]

S [ #41: NAp  #40   #1 (NIn (#45))
    #60: NAp  #34  #28 (NAp #24 #12)]
H [#69, #62, #68, #67, #66, #63, #65, #64, #61, #32, #60, #59, #52, #58, #57, #56, #53, #55, #54, #38, #51, #42, #50, #49, #48, #43, #47, #46, #1, #45, #44, #39, #34, #41, #40, #33, #35, #37, #36, #20, #29, #24, #31, #30, #13, #28, #25, #27, #26, #21, #16, #23, #22, #11, #17, #19, #18, #10, #9, #15, #14, #2, #12, #8, #7, #6, #5, #4, #3]

S [ #40: NAp   #7   #1 (NIn (#45))
    #41: NAp  #40   #1 (NIn (#45))
    #60: NAp  #34  #28 (NAp #24 #12)]
H [#69, #62, #68, #67, #66, #63, #65, #64, #61, #32, #60, #59, #52, #58, #57, #56, #53, #55, #54, #38, #51, #42, #50, #49, #48, #43, #47, #46, #1, #45, #44, #39, #34, #41, #40, #33, #35, #37, #36, #20, #29, #24, #31, #30, #13, #28, #25, #27, #26, #21, #16, #23, #22, #11, #17, #19, #18, #10, #9, #15, #14, #2, #12, #8, #7, #6, #5, #4, #3]

S [  #7: NSc compose
    #40: NAp   #7   #1 (NIn (#45))
    #41: NAp  #40   #1 (NIn (#45))
    #60: NAp  #34  #28 (NAp #24 #12)]
H [#69, #62, #68, #67, #66, #63, #65, #64, #61, #32, #60, #59, #52, #58, #57, #56, #53, #55, #54, #38, #51, #42, #50, #49, #48, #43, #47, #46, #1, #45, #44, #39, #34, #41, #40, #33, #35, #37, #36, #20, #29, #24, #31, #30, #13, #28, #25, #27, #26, #21, #16, #23, #22, #11, #17, #19, #18, #10, #9, #15, #14, #2, #12, #8, #7, #6, #5, #4, #3]

S [ #71: NAp   #1  #70 (NAp #1 #28)]
H [#60, #71, #70, #69, #62, #68, #67, #66, #63, #65, #64, #61, #32, #59, #52, #58, #57, #56, #53, #55, #54, #38, #51, #42, #50, #49, #48, #43, #47, #46, #1, #45, #44, #39, #34, #41, #40, #33, #35, #37, #36, #20, #29, #24, #31, #30, #13, #28, #25, #27, #26, #21, #16, #23, #22, #11, #17, #19, #18, #10, #9, #15, #14, #2, #12, #8, #7, #6, #5, #4, #3]

S [  #1: NIn (#45)
    #71: NAp   #1  #70 (NAp #1 #28)]
H [#60, #71, #70, #69, #62, #68, #67, #66, #63, #65, #64, #61, #32, #59, #52, #58, #57, #56, #53, #55, #54, #38, #51, #42, #50, #49, #48, #43, #47, #46, #1, #45, #44, #39, #34, #41, #40, #33, #35, #37, #36, #20, #29, #24, #31, #30, #13, #28, #25, #27, #26, #21, #16, #23, #22, #11, #17, #19, #18, #10, #9, #15, #14, #2, #12, #8, #7, #6, #5, #4, #3]

S [ #45: NAp  #44   #4 (NSc K)
    #71: NAp   #1  #70 (NAp #1 #28)]
H [#60, #71, #70, #69, #62, #68, #67, #66, #63, #65, #64, #61, #32, #59, #52, #58, #57, #56, #53, #55, #54, #38, #51, #42, #50, #49, #48, #43, #47, #46, #1, #45, #44, #39, #34, #41, #40, #33, #35, #37, #36, #20, #29, #24, #31, #30, #13, #28, #25, #27, #26, #21, #16, #23, #22, #11, #17, #19, #18, #10, #9, #15, #14, #2, #12, #8, #7, #6, #5, #4, #3]

S [ #44: NAp   #6   #4 (NSc K)
    #45: NAp  #44   #4 (NSc K)
    #71: NAp   #1  #70 (NAp #1 #28)]
H [#60, #71, #70, #69, #62, #68, #67, #66, #63, #65, #64, #61, #32, #59, #52, #58, #57, #56, #53, #55, #54, #38, #51, #42, #50, #49, #48, #43, #47, #46, #1, #45, #44, #39, #34, #41, #40, #33, #35, #37, #36, #20, #29, #24, #31, #30, #13, #28, #25, #27, #26, #21, #16, #23, #22, #11, #17, #19, #18, #10, #9, #15, #14, #2, #12, #8, #7, #6, #5, #4, #3]

S [  #6: NSc S
    #44: NAp   #6   #4 (NSc K)
    #45: NAp  #44   #4 (NSc K)
    #71: NAp   #1  #70 (NAp #1 #28)]
H [#60, #71, #70, #69, #62, #68, #67, #66, #63, #65, #64, #61, #32, #59, #52, #58, #57, #56, #53, #55, #54, #38, #51, #42, #50, #49, #48, #43, #47, #46, #1, #45, #44, #39, #34, #41, #40, #33, #35, #37, #36, #20, #29, #24, #31, #30, #13, #28, #25, #27, #26, #21, #16, #23, #22, #11, #17, #19, #18, #10, #9, #15, #14, #2, #12, #8, #7, #6, #5, #4, #3]

S [ #74: NAp  #72  #73 (NAp #4 #70)]
H [#71, #74, #73, #72, #60, #70, #69, #62, #68, #67, #66, #63, #65, #64, #61, #32, #59, #52, #58, #57, #56, #53, #55, #54, #38, #51, #42, #50, #49, #48, #43, #47, #46, #1, #45, #44, #39, #34, #41, #40, #33, #35, #37, #36, #20, #29, #24, #31, #30, #13, #28, #25, #27, #26, #21, #16, #23, #22, #11, #17, #19, #18, #10, #9, #15, #14, #2, #12, #8, #7, #6, #5, #4, #3]

S [ #72: NAp   #4  #70 (NAp #1 #28)
    #74: NAp  #72  #73 (NAp #4 #70)]
H [#71, #74, #73, #72, #60, #70, #69, #62, #68, #67, #66, #63, #65, #64, #61, #32, #59, #52, #58, #57, #56, #53, #55, #54, #38, #51, #42, #50, #49, #48, #43, #47, #46, #1, #45, #44, #39, #34, #41, #40, #33, #35, #37, #36, #20, #29, #24, #31, #30, #13, #28, #25, #27, #26, #21, #16, #23, #22, #11, #17, #19, #18, #10, #9, #15, #14, #2, #12, #8, #7, #6, #5, #4, #3]

S [  #4: NSc K
    #72: NAp   #4  #70 (NAp #1 #28)
    #74: NAp  #72  #73 (NAp #4 #70)]
H [#71, #74, #73, #72, #60, #70, #69, #62, #68, #67, #66, #63, #65, #64, #61, #32, #59, #52, #58, #57, #56, #53, #55, #54, #38, #51, #42, #50, #49, #48, #43, #47, #46, #1, #45, #44, #39, #34, #41, #40, #33, #35, #37, #36, #20, #29, #24, #31, #30, #13, #28, #25, #27, #26, #21, #16, #23, #22, #11, #17, #19, #18, #10, #9, #15, #14, #2, #12, #8, #7, #6, #5, #4, #3]

S [ #70: NAp   #1  #28 (NAp #24 #12)]
H [#74, #71, #73, #72, #60, #70, #69, #62, #68, #67, #66, #63, #65, #64, #61, #32, #59, #52, #58, #57, #56, #53, #55, #54, #38, #51, #42, #50, #49, #48, #43, #47, #46, #1, #45, #44, #39, #34, #41, #40, #33, #35, #37, #36, #20, #29, #24, #31, #30, #13, #28, #25, #27, #26, #21, #16, #23, #22, #11, #17, #19, #18, #10, #9, #15, #14, #2, #12, #8, #7, #6, #5, #4, #3]

S [  #1: NIn (#45)
    #70: NAp   #1  #28 (NAp #24 #12)]
H [#74, #71, #73, #72, #60, #70, #69, #62, #68, #67, #66, #63, #65, #64, #61, #32, #59, #52, #58, #57, #56, #53, #55, #54, #38, #51, #42, #50, #49, #48, #43, #47, #46, #1, #45, #44, #39, #34, #41, #40, #33, #35, #37, #36, #20, #29, #24, #31, #30, #13, #28, #25, #27, #26, #21, #16, #23, #22, #11, #17, #19, #18, #10, #9, #15, #14, #2, #12, #8, #7, #6, #5, #4, #3]

S [ #45: NAp  #44   #4 (NSc K)
    #70: NAp   #1  #28 (NAp #24 #12)]
H [#74, #71, #73, #72, #60, #70, #69, #62, #68, #67, #66, #63, #65, #64, #61, #32, #59, #52, #58, #57, #56, #53, #55, #54, #38, #51, #42, #50, #49, #48, #43, #47, #46, #1, #45, #44, #39, #34, #41, #40, #33, #35, #37, #36, #20, #29, #24, #31, #30, #13, #28, #25, #27, #26, #21, #16, #23, #22, #11, #17, #19, #18, #10, #9, #15, #14, #2, #12, #8, #7, #6, #5, #4, #3]

S [ #44: NAp   #6   #4 (NSc K)
    #45: NAp  #44   #4 (NSc K)
    #70: NAp   #1  #28 (NAp #24 #12)]
H [#74, #71, #73, #72, #60, #70, #69, #62, #68, #67, #66, #63, #65, #64, #61, #32, #59, #52, #58, #57, #56, #53, #55, #54, #38, #51, #42, #50, #49, #48, #43, #47, #46, #1, #45, #44, #39, #34, #41, #40, #33, #35, #37, #36, #20, #29, #24, #31, #30, #13, #28, #25, #27, #26, #21, #16, #23, #22, #11, #17, #19, #18, #10, #9, #15, #14, #2, #12, #8, #7, #6, #5, #4, #3]

S [  #6: NSc S
    #44: NAp   #6   #4 (NSc K)
    #45: NAp  #44   #4 (NSc K)
    #70: NAp   #1  #28 (NAp #24 #12)]
H [#74, #71, #73, #72, #60, #70, #69, #62, #68, #67, #66, #63, #65, #64, #61, #32, #59, #52, #58, #57, #56, #53, #55, #54, #38, #51, #42, #50, #49, #48, #43, #47, #46, #1, #45, #44, #39, #34, #41, #40, #33, #35, #37, #36, #20, #29, #24, #31, #30, #13, #28, #25, #27, #26, #21, #16, #23, #22, #11, #17, #19, #18, #10, #9, #15, #14, #2, #12, #8, #7, #6, #5, #4, #3]

S [ #77: NAp  #75  #76 (NAp #4 #28)]
H [#70, #77, #76, #75, #74, #71, #73, #72, #60, #69, #62, #68, #67, #66, #63, #65, #64, #61, #32, #59, #52, #58, #57, #56, #53, #55, #54, #38, #51, #42, #50, #49, #48, #43, #47, #46, #1, #45, #44, #39, #34, #41, #40, #33, #35, #37, #36, #20, #29, #24, #31, #30, #13, #28, #25, #27, #26, #21, #16, #23, #22, #11, #17, #19, #18, #10, #9, #15, #14, #2, #12, #8, #7, #6, #5, #4, #3]

S [ #75: NAp   #4  #28 (NAp #24 #12)
    #77: NAp  #75  #76 (NAp #4 #28)]
H [#70, #77, #76, #75, #74, #71, #73, #72, #60, #69, #62, #68, #67, #66, #63, #65, #64, #61, #32, #59, #52, #58, #57, #56, #53, #55, #54, #38, #51, #42, #50, #49, #48, #43, #47, #46, #1, #45, #44, #39, #34, #41, #40, #33, #35, #37, #36, #20, #29, #24, #31, #30, #13, #28, #25, #27, #26, #21, #16, #23, #22, #11, #17, #19, #18, #10, #9, #15, #14, #2, #12, #8, #7, #6, #5, #4, #3]

S [  #4: NSc K
    #75: NAp   #4  #28 (NAp #24 #12)
    #77: NAp  #75  #76 (NAp #4 #28)]
H [#70, #77, #76, #75, #74, #71, #73, #72, #60, #69, #62, #68, #67, #66, #63, #65, #64, #61, #32, #59, #52, #58, #57, #56, #53, #55, #54, #38, #51, #42, #50, #49, #48, #43, #47, #46, #1, #45, #44, #39, #34, #41, #40, #33, #35, #37, #36, #20, #29, #24, #31, #30, #13, #28, #25, #27, #26, #21, #16, #23, #22, #11, #17, #19, #18, #10, #9, #15, #14, #2, #12, #8, #7, #6, #5, #4, #3]

S [ #28: NAp  #24  #12 (NNb 3)]
H [#77, #70, #76, #75, #74, #71, #73, #72, #60, #69, #62, #68, #67, #66, #63, #65, #64, #61, #32, #59, #52, #58, #57, #56, #53, #55, #54, #38, #51, #42, #50, #49, #48, #43, #47, #46, #1, #45, #44, #39, #34, #41, #40, #33, #35, #37, #36, #20, #29, #24, #31, #30, #13, #28, #25, #27, #26, #21, #16, #23, #22, #11, #17, #19, #18, #10, #9, #15, #14, #2, #12, #8, #7, #6, #5, #4, #3]

S [ #24: NIn (#31)
    #28: NAp  #24  #12 (NNb 3)]
H [#77, #70, #76, #75, #74, #71, #73, #72, #60, #69, #62, #68, #67, #66, #63, #65, #64, #61, #32, #59, #52, #58, #57, #56, #53, #55, #54, #38, #51, #42, #50, #49, #48, #43, #47, #46, #1, #45, #44, #39, #34, #41, #40, #33, #35, #37, #36, #20, #29, #24, #31, #30, #13, #28, #25, #27, #26, #21, #16, #23, #22, #11, #17, #19, #18, #10, #9, #15, #14, #2, #12, #8, #7, #6, #5, #4, #3]

S [ #31: NAp  #30  #20 (NIn (#35))
    #28: NAp  #24  #12 (NNb 3)]
H [#77, #70, #76, #75, #74, #71, #73, #72, #60, #69, #62, #68, #67, #66, #63, #65, #64, #61, #32, #59, #52, #58, #57, #56, #53, #55, #54, #38, #51, #42, #50, #49, #48, #43, #47, #46, #1, #45, #44, #39, #34, #41, #40, #33, #35, #37, #36, #20, #29, #24, #31, #30, #13, #28, #25, #27, #26, #21, #16, #23, #22, #11, #17, #19, #18, #10, #9, #15, #14, #2, #12, #8, #7, #6, #5, #4, #3]

S [ #30: NAp   #7  #20 (NIn (#35))
    #31: NAp  #30  #20 (NIn (#35))
    #28: NAp  #24  #12 (NNb 3)]
H [#77, #70, #76, #75, #74, #71, #73, #72, #60, #69, #62, #68, #67, #66, #63, #65, #64, #61, #32, #59, #52, #58, #57, #56, #53, #55, #54, #38, #51, #42, #50, #49, #48, #43, #47, #46, #1, #45, #44, #39, #34, #41, #40, #33, #35, #37, #36, #20, #29, #24, #31, #30, #13, #28, #25, #27, #26, #21, #16, #23, #22, #11, #17, #19, #18, #10, #9, #15, #14, #2, #12, #8, #7, #6, #5, #4, #3]

S [  #7: NSc compose
    #30: NAp   #7  #20 (NIn (#35))
    #31: NAp  #30  #20 (NIn (#35))
    #28: NAp  #24  #12 (NNb 3)]
H [#77, #70, #76, #75, #74, #71, #73, #72, #60, #69, #62, #68, #67, #66, #63, #65, #64, #61, #32, #59, #52, #58, #57, #56, #53, #55, #54, #38, #51, #42, #50, #49, #48, #43, #47, #46, #1, #45, #44, #39, #34, #41, #40, #33, #35, #37, #36, #20, #29, #24, #31, #30, #13, #28, #25, #27, #26, #21, #16, #23, #22, #11, #17, #19, #18, #10, #9, #15, #14, #2, #12, #8, #7, #6, #5, #4, #3]

S [ #79: NAp  #20  #78 (NAp #20 #12)]
H [#28, #79, #78, #77, #70, #76, #75, #74, #71, #73, #72, #60, #69, #62, #68, #67, #66, #63, #65, #64, #61, #32, #59, #52, #58, #57, #56, #53, #55, #54, #38, #51, #42, #50, #49, #48, #43, #47, #46, #1, #45, #44, #39, #34, #41, #40, #33, #35, #37, #36, #20, #29, #24, #31, #30, #13, #25, #27, #26, #21, #16, #23, #22, #11, #17, #19, #18, #10, #9, #15, #14, #2, #12, #8, #7, #6, #5, #4, #3]

S [ #20: NIn (#35)
    #79: NAp  #20  #78 (NAp #20 #12)]
H [#28, #79, #78, #77, #70, #76, #75, #74, #71, #73, #72, #60, #69, #62, #68, #67, #66, #63, #65, #64, #61, #32, #59, #52, #58, #57, #56, #53, #55, #54, #38, #51, #42, #50, #49, #48, #43, #47, #46, #1, #45, #44, #39, #34, #41, #40, #33, #35, #37, #36, #20, #29, #24, #31, #30, #13, #25, #27, #26, #21, #16, #23, #22, #11, #17, #19, #18, #10, #9, #15, #14, #2, #12, #8, #7, #6, #5, #4, #3]

S [ #35: NIn (#37)
    #79: NAp  #20  #78 (NAp #20 #12)]
H [#28, #79, #78, #77, #70, #76, #75, #74, #71, #73, #72, #60, #69, #62, #68, #67, #66, #63, #65, #64, #61, #32, #59, #52, #58, #57, #56, #53, #55, #54, #38, #51, #42, #50, #49, #48, #43, #47, #46, #1, #45, #44, #39, #34, #41, #40, #33, #35, #37, #36, #20, #29, #24, #31, #30, #13, #25, #27, #26, #21, #16, #23, #22, #11, #17, #19, #18, #10, #9, #15, #14, #2, #12, #8, #7, #6, #5, #4, #3]

S [ #37: NAp  #36  #34 (NIn (#41))
    #79: NAp  #20  #78 (NAp #20 #12)]
H [#28, #79, #78, #77, #70, #76, #75, #74, #71, #73, #72, #60, #69, #62, #68, #67, #66, #63, #65, #64, #61, #32, #59, #52, #58, #57, #56, #53, #55, #54, #38, #51, #42, #50, #49, #48, #43, #47, #46, #1, #45, #44, #39, #34, #41, #40, #33, #35, #37, #36, #20, #29, #24, #31, #30, #13, #25, #27, #26, #21, #16, #23, #22, #11, #17, #19, #18, #10, #9, #15, #14, #2, #12, #8, #7, #6, #5, #4, #3]

S [ #36: NAp   #7  #34 (NIn (#41))
    #37: NAp  #36  #34 (NIn (#41))
    #79: NAp  #20  #78 (NAp #20 #12)]
H [#28, #79, #78, #77, #70, #76, #75, #74, #71, #73, #72, #60, #69, #62, #68, #67, #66, #63, #65, #64, #61, #32, #59, #52, #58, #57, #56, #53, #55, #54, #38, #51, #42, #50, #49, #48, #43, #47, #46, #1, #45, #44, #39, #34, #41, #40, #33, #35, #37, #36, #20, #29, #24, #31, #30, #13, #25, #27, #26, #21, #16, #23, #22, #11, #17, #19, #18, #10, #9, #15, #14, #2, #12, #8, #7, #6, #5, #4, #3]

S [  #7: NSc compose
    #36: NAp   #7  #34 (NIn (#41))
    #37: NAp  #36  #34 (NIn (#41))
    #79: NAp  #20  #78 (NAp #20 #12)]
H [#28, #79, #78, #77, #70, #76, #75, #74, #71, #73, #72, #60, #69, #62, #68, #67, #66, #63, #65, #64, #61, #32, #59, #52, #58, #57, #56, #53, #55, #54, #38, #51, #42, #50, #49, #48, #43, #47, #46, #1, #45, #44, #39, #34, #41, #40, #33, #35, #37, #36, #20, #29, #24, #31, #30, #13, #25, #27, #26, #21, #16, #23, #22, #11, #17, #19, #18, #10, #9, #15, #14, #2, #12, #8, #7, #6, #5, #4, #3]

S [ #81: NAp  #34  #80 (NAp #34 #78)]
H [#79, #81, #80, #28, #78, #77, #70, #76, #75, #74, #71, #73, #72, #60, #69, #62, #68, #67, #66, #63, #65, #64, #61, #32, #59, #52, #58, #57, #56, #53, #55, #54, #38, #51, #42, #50, #49, #48, #43, #47, #46, #1, #45, #44, #39, #34, #41, #40, #33, #35, #37, #36, #20, #29, #24, #31, #30, #13, #25, #27, #26, #21, #16, #23, #22, #11, #17, #19, #18, #10, #9, #15, #14, #2, #12, #8, #7, #6, #5, #4, #3]

S [ #34: NIn (#41)
    #81: NAp  #34  #80 (NAp #34 #78)]
H [#79, #81, #80, #28, #78, #77, #70, #76, #75, #74, #71, #73, #72, #60, #69, #62, #68, #67, #66, #63, #65, #64, #61, #32, #59, #52, #58, #57, #56, #53, #55, #54, #38, #51, #42, #50, #49, #48, #43, #47, #46, #1, #45, #44, #39, #34, #41, #40, #33, #35, #37, #36, #20, #29, #24, #31, #30, #13, #25, #27, #26, #21, #16, #23, #22, #11, #17, #19, #18, #10, #9, #15, #14, #2, #12, #8, #7, #6, #5, #4, #3]

S [ #41: NAp  #40   #1 (NIn (#45))
    #81: NAp  #34  #80 (NAp #34 #78)]
H [#79, #81, #80, #28, #78, #77, #70, #76, #75, #74, #71, #73, #72, #60, #69, #62, #68, #67, #66, #63, #65, #64, #61, #32, #59, #52, #58, #57, #56, #53, #55, #54, #38, #51, #42, #50, #49, #48, #43, #47, #46, #1, #45, #44, #39, #34, #41, #40, #33, #35, #37, #36, #20, #29, #24, #31, #30, #13, #25, #27, #26, #21, #16, #23, #22, #11, #17, #19, #18, #10, #9, #15, #14, #2, #12, #8, #7, #6, #5, #4, #3]

S [ #40: NAp   #7   #1 (NIn (#45))
    #41: NAp  #40   #1 (NIn (#45))
    #81: NAp  #34  #80 (NAp #34 #78)]
H [#79, #81, #80, #28, #78, #77, #70, #76, #75, #74, #71, #73, #72, #60, #69, #62, #68, #67, #66, #63, #65, #64, #61, #32, #59, #52, #58, #57, #56, #53, #55, #54, #38, #51, #42, #50, #49, #48, #43, #47, #46, #1, #45, #44, #39, #34, #41, #40, #33, #35, #37, #36, #20, #29, #24, #31, #30, #13, #25, #27, #26, #21, #16, #23, #22, #11, #17, #19, #18, #10, #9, #15, #14, #2, #12, #8, #7, #6, #5, #4, #3]

S [  #7: NSc compose
    #40: NAp   #7   #1 (NIn (#45))
    #41: NAp  #40   #1 (NIn (#45))
    #81: NAp  #34  #80 (NAp #34 #78)]
H [#79, #81, #80, #28, #78, #77, #70, #76, #75, #74, #71, #73, #72, #60, #69, #62, #68, #67, #66, #63, #65, #64, #61, #32, #59, #52, #58, #57, #56, #53, #55, #54, #38, #51, #42, #50, #49, #48, #43, #47, #46, #1, #45, #44, #39, #34, #41, #40, #33, #35, #37, #36, #20, #29, #24, #31, #30, #13, #25, #27, #26, #21, #16, #23, #22, #11, #17, #19, #18, #10, #9, #15, #14, #2, #12, #8, #7, #6, #5, #4, #3]

S [ #83: NAp   #1  #82 (NAp #1 #80)]
H [#81, #83, #82, #79, #80, #28, #78, #77, #70, #76, #75, #74, #71, #73, #72, #60, #69, #62, #68, #67, #66, #63, #65, #64, #61, #32, #59, #52, #58, #57, #56, #53, #55, #54, #38, #51, #42, #50, #49, #48, #43, #47, #46, #1, #45, #44, #39, #34, #41, #40, #33, #35, #37, #36, #20, #29, #24, #31, #30, #13, #25, #27, #26, #21, #16, #23, #22, #11, #17, #19, #18, #10, #9, #15, #14, #2, #12, #8, #7, #6, #5, #4, #3]

S [  #1: NIn (#45)
    #83: NAp   #1  #82 (NAp #1 #80)]
H [#81, #83, #82, #79, #80, #28, #78, #77, #70, #76, #75, #74, #71, #73, #72, #60, #69, #62, #68, #67, #66, #63, #65, #64, #61, #32, #59, #52, #58, #57, #56, #53, #55, #54, #38, #51, #42, #50, #49, #48, #43, #47, #46, #1, #45, #44, #39, #34, #41, #40, #33, #35, #37, #36, #20, #29, #24, #31, #30, #13, #25, #27, #26, #21, #16, #23, #22, #11, #17, #19, #18, #10, #9, #15, #14, #2, #12, #8, #7, #6, #5, #4, #3]

S [ #45: NAp  #44   #4 (NSc K)
    #83: NAp   #1  #82 (NAp #1 #80)]
H [#81, #83, #82, #79, #80, #28, #78, #77, #70, #76, #75, #74, #71, #73, #72, #60, #69, #62, #68, #67, #66, #63, #65, #64, #61, #32, #59, #52, #58, #57, #56, #53, #55, #54, #38, #51, #42, #50, #49, #48, #43, #47, #46, #1, #45, #44, #39, #34, #41, #40, #33, #35, #37, #36, #20, #29, #24, #31, #30, #13, #25, #27, #26, #21, #16, #23, #22, #11, #17, #19, #18, #10, #9, #15, #14, #2, #12, #8, #7, #6, #5, #4, #3]

S [ #44: NAp   #6   #4 (NSc K)
    #45: NAp  #44   #4 (NSc K)
    #83: NAp   #1  #82 (NAp #1 #80)]
H [#81, #83, #82, #79, #80, #28, #78, #77, #70, #76, #75, #74, #71, #73, #72, #60, #69, #62, #68, #67, #66, #63, #65, #64, #61, #32, #59, #52, #58, #57, #56, #53, #55, #54, #38, #51, #42, #50, #49, #48, #43, #47, #46, #1, #45, #44, #39, #34, #41, #40, #33, #35, #37, #36, #20, #29, #24, #31, #30, #13, #25, #27, #26, #21, #16, #23, #22, #11, #17, #19, #18, #10, #9, #15, #14, #2, #12, #8, #7, #6, #5, #4, #3]

S [  #6: NSc S
    #44: NAp   #6   #4 (NSc K)
    #45: NAp  #44   #4 (NSc K)
    #83: NAp   #1  #82 (NAp #1 #80)]
H [#81, #83, #82, #79, #80, #28, #78, #77, #70, #76, #75, #74, #71, #73, #72, #60, #69, #62, #68, #67, #66, #63, #65, #64, #61, #32, #59, #52, #58, #57, #56, #53, #55, #54, #38, #51, #42, #50, #49, #48, #43, #47, #46, #1, #45, #44, #39, #34, #41, #40, #33, #35, #37, #36, #20, #29, #24, #31, #30, #13, #25, #27, #26, #21, #16, #23, #22, #11, #17, #19, #18, #10, #9, #15, #14, #2, #12, #8, #7, #6, #5, #4, #3]

S [ #86: NAp  #84  #85 (NAp #4 #82)]
H [#83, #86, #85, #84, #81, #82, #79, #80, #28, #78, #77, #70, #76, #75, #74, #71, #73, #72, #60, #69, #62, #68, #67, #66, #63, #65, #64, #61, #32, #59, #52, #58, #57, #56, #53, #55, #54, #38, #51, #42, #50, #49, #48, #43, #47, #46, #1, #45, #44, #39, #34, #41, #40, #33, #35, #37, #36, #20, #29, #24, #31, #30, #13, #25, #27, #26, #21, #16, #23, #22, #11, #17, #19, #18, #10, #9, #15, #14, #2, #12, #8, #7, #6, #5, #4, #3]

S [ #84: NAp   #4  #82 (NAp #1 #80)
    #86: NAp  #84  #85 (NAp #4 #82)]
H [#83, #86, #85, #84, #81, #82, #79, #80, #28, #78, #77, #70, #76, #75, #74, #71, #73, #72, #60, #69, #62, #68, #67, #66, #63, #65, #64, #61, #32, #59, #52, #58, #57, #56, #53, #55, #54, #38, #51, #42, #50, #49, #48, #43, #47, #46, #1, #45, #44, #39, #34, #41, #40, #33, #35, #37, #36, #20, #29, #24, #31, #30, #13, #25, #27, #26, #21, #16, #23, #22, #11, #17, #19, #18, #10, #9, #15, #14, #2, #12, #8, #7, #6, #5, #4, #3]

S [  #4: NSc K
    #84: NAp   #4  #82 (NAp #1 #80)
    #86: NAp  #84  #85 (NAp #4 #82)]
H [#83, #86, #85, #84, #81, #82, #79, #80, #28, #78, #77, #70, #76, #75, #74, #71, #73, #72, #60, #69, #62, #68, #67, #66, #63, #65, #64, #61, #32, #59, #52, #58, #57, #56, #53, #55, #54, #38, #51, #42, #50, #49, #48, #43, #47, #46, #1, #45, #44, #39, #34, #41, #40, #33, #35, #37, #36, #20, #29, #24, #31, #30, #13, #25, #27, #26, #21, #16, #23, #22, #11, #17, #19, #18, #10, #9, #15, #14, #2, #12, #8, #7, #6, #5, #4, #3]

S [ #82: NAp   #1  #80 (NAp #34 #78)]
H [#86, #83, #85, #84, #81, #82, #79, #80, #28, #78, #77, #70, #76, #75, #74, #71, #73, #72, #60, #69, #62, #68, #67, #66, #63, #65, #64, #61, #32, #59, #52, #58, #57, #56, #53, #55, #54, #38, #51, #42, #50, #49, #48, #43, #47, #46, #1, #45, #44, #39, #34, #41, #40, #33, #35, #37, #36, #20, #29, #24, #31, #30, #13, #25, #27, #26, #21, #16, #23, #22, #11, #17, #19, #18, #10, #9, #15, #14, #2, #12, #8, #7, #6, #5, #4, #3]

S [  #1: NIn (#45)
    #82: NAp   #1  #80 (NAp #34 #78)]
H [#86, #83, #85, #84, #81, #82, #79, #80, #28, #78, #77, #70, #76, #75, #74, #71, #73, #72, #60, #69, #62, #68, #67, #66, #63, #65, #64, #61, #32, #59, #52, #58, #57, #56, #53, #55, #54, #38, #51, #42, #50, #49, #48, #43, #47, #46, #1, #45, #44, #39, #34, #41, #40, #33, #35, #37, #36, #20, #29, #24, #31, #30, #13, #25, #27, #26, #21, #16, #23, #22, #11, #17, #19, #18, #10, #9, #15, #14, #2, #12, #8, #7, #6, #5, #4, #3]

S [ #45: NAp  #44   #4 (NSc K)
    #82: NAp   #1  #80 (NAp #34 #78)]
H [#86, #83, #85, #84, #81, #82, #79, #80, #28, #78, #77, #70, #76, #75, #74, #71, #73, #72, #60, #69, #62, #68, #67, #66, #63, #65, #64, #61, #32, #59, #52, #58, #57, #56, #53, #55, #54, #38, #51, #42, #50, #49, #48, #43, #47, #46, #1, #45, #44, #39, #34, #41, #40, #33, #35, #37, #36, #20, #29, #24, #31, #30, #13, #25, #27, #26, #21, #16, #23, #22, #11, #17, #19, #18, #10, #9, #15, #14, #2, #12, #8, #7, #6, #5, #4, #3]

S [ #44: NAp   #6   #4 (NSc K)
    #45: NAp  #44   #4 (NSc K)
    #82: NAp   #1  #80 (NAp #34 #78)]
H [#86, #83, #85, #84, #81, #82, #79, #80, #28, #78, #77, #70, #76, #75, #74, #71, #73, #72, #60, #69, #62, #68, #67, #66, #63, #65, #64, #61, #32, #59, #52, #58, #57, #56, #53, #55, #54, #38, #51, #42, #50, #49, #48, #43, #47, #46, #1, #45, #44, #39, #34, #41, #40, #33, #35, #37, #36, #20, #29, #24, #31, #30, #13, #25, #27, #26, #21, #16, #23, #22, #11, #17, #19, #18, #10, #9, #15, #14, #2, #12, #8, #7, #6, #5, #4, #3]

S [  #6: NSc S
    #44: NAp   #6   #4 (NSc K)
    #45: NAp  #44   #4 (NSc K)
    #82: NAp   #1  #80 (NAp #34 #78)]
H [#86, #83, #85, #84, #81, #82, #79, #80, #28, #78, #77, #70, #76, #75, #74, #71, #73, #72, #60, #69, #62, #68, #67, #66, #63, #65, #64, #61, #32, #59, #52, #58, #57, #56, #53, #55, #54, #38, #51, #42, #50, #49, #48, #43, #47, #46, #1, #45, #44, #39, #34, #41, #40, #33, #35, #37, #36, #20, #29, #24, #31, #30, #13, #25, #27, #26, #21, #16, #23, #22, #11, #17, #19, #18, #10, #9, #15, #14, #2, #12, #8, #7, #6, #5, #4, #3]

S [ #89: NAp  #87  #88 (NAp #4 #80)]
H [#82, #89, #88, #87, #86, #83, #85, #84, #81, #79, #80, #28, #78, #77, #70, #76, #75, #74, #71, #73, #72, #60, #69, #62, #68, #67, #66, #63, #65, #64, #61, #32, #59, #52, #58, #57, #56, #53, #55, #54, #38, #51, #42, #50, #49, #48, #43, #47, #46, #1, #45, #44, #39, #34, #41, #40, #33, #35, #37, #36, #20, #29, #24, #31, #30, #13, #25, #27, #26, #21, #16, #23, #22, #11, #17, #19, #18, #10, #9, #15, #14, #2, #12, #8, #7, #6, #5, #4, #3]

S [ #87: NAp   #4  #80 (NAp #34 #78)
    #89: NAp  #87  #88 (NAp #4 #80)]
H [#82, #89, #88, #87, #86, #83, #85, #84, #81, #79, #80, #28, #78, #77, #70, #76, #75, #74, #71, #73, #72, #60, #69, #62, #68, #67, #66, #63, #65, #64, #61, #32, #59, #52, #58, #57, #56, #53, #55, #54, #38, #51, #42, #50, #49, #48, #43, #47, #46, #1, #45, #44, #39, #34, #41, #40, #33, #35, #37, #36, #20, #29, #24, #31, #30, #13, #25, #27, #26, #21, #16, #23, #22, #11, #17, #19, #18, #10, #9, #15, #14, #2, #12, #8, #7, #6, #5, #4, #3]

S [  #4: NSc K
    #87: NAp   #4  #80 (NAp #34 #78)
    #89: NAp  #87  #88 (NAp #4 #80)]
H [#82, #89, #88, #87, #86, #83, #85, #84, #81, #79, #80, #28, #78, #77, #70, #76, #75, #74, #71, #73, #72, #60, #69, #62, #68, #67, #66, #63, #65, #64, #61, #32, #59, #52, #58, #57, #56, #53, #55, #54, #38, #51, #42, #50, #49, #48, #43, #47, #46, #1, #45, #44, #39, #34, #41, #40, #33, #35, #37, #36, #20, #29, #24, #31, #30, #13, #25, #27, #26, #21, #16, #23, #22, #11, #17, #19, #18, #10, #9, #15, #14, #2, #12, #8, #7, #6, #5, #4, #3]

S [ #80: NAp  #34  #78 (NAp #20 #12)]
H [#89, #82, #88, #87, #86, #83, #85, #84, #81, #79, #80, #28, #78, #77, #70, #76, #75, #74, #71, #73, #72, #60, #69, #62, #68, #67, #66, #63, #65, #64, #61, #32, #59, #52, #58, #57, #56, #53, #55, #54, #38, #51, #42, #50, #49, #48, #43, #47, #46, #1, #45, #44, #39, #34, #41, #40, #33, #35, #37, #36, #20, #29, #24, #31, #30, #13, #25, #27, #26, #21, #16, #23, #22, #11, #17, #19, #18, #10, #9, #15, #14, #2, #12, #8, #7, #6, #5, #4, #3]

S [ #34: NIn (#41)
    #80: NAp  #34  #78 (NAp #20 #12)]
H [#89, #82, #88, #87, #86, #83, #85, #84, #81, #79, #80, #28, #78, #77, #70, #76, #75, #74, #71, #73, #72, #60, #69, #62, #68, #67, #66, #63, #65, #64, #61, #32, #59, #52, #58, #57, #56, #53, #55, #54, #38, #51, #42, #50, #49, #48, #43, #47, #46, #1, #45, #44, #39, #34, #41, #40, #33, #35, #37, #36, #20, #29, #24, #31, #30, #13, #25, #27, #26, #21, #16, #23, #22, #11, #17, #19, #18, #10, #9, #15, #14, #2, #12, #8, #7, #6, #5, #4, #3]

S [ #41: NAp  #40   #1 (NIn (#45))
    #80: NAp  #34  #78 (NAp #20 #12)]
H [#89, #82, #88, #87, #86, #83, #85, #84, #81, #79, #80, #28, #78, #77, #70, #76, #75, #74, #71, #73, #72, #60, #69, #62, #68, #67, #66, #63, #65, #64, #61, #32, #59, #52, #58, #57, #56, #53, #55, #54, #38, #51, #42, #50, #49, #48, #43, #47, #46, #1, #45, #44, #39, #34, #41, #40, #33, #35, #37, #36, #20, #29, #24, #31, #30, #13, #25, #27, #26, #21, #16, #23, #22, #11, #17, #19, #18, #10, #9, #15, #14, #2, #12, #8, #7, #6, #5, #4, #3]

S [ #40: NAp   #7   #1 (NIn (#45))
    #41: NAp  #40   #1 (NIn (#45))
    #80: NAp  #34  #78 (NAp #20 #12)]
H [#89, #82, #88, #87, #86, #83, #85, #84, #81, #79, #80, #28, #78, #77, #70, #76, #75, #74, #71, #73, #72, #60, #69, #62, #68, #67, #66, #63, #65, #64, #61, #32, #59, #52, #58, #57, #56, #53, #55, #54, #38, #51, #42, #50, #49, #48, #43, #47, #46, #1, #45, #44, #39, #34, #41, #40, #33, #35, #37, #36, #20, #29, #24, #31, #30, #13, #25, #27, #26, #21, #16, #23, #22, #11, #17, #19, #18, #10, #9, #15, #14, #2, #12, #8, #7, #6, #5, #4, #3]

S [  #7: NSc compose
    #40: NAp   #7   #1 (NIn (#45))
    #41: NAp  #40   #1 (NIn (#45))
    #80: NAp  #34  #78 (NAp #20 #12)]
H [#89, #82, #88, #87, #86, #83, #85, #84, #81, #79, #80, #28, #78, #77, #70, #76, #75, #74, #71, #73, #72, #60, #69, #62, #68, #67, #66, #63, #65, #64, #61, #32, #59, #52, #58, #57, #56, #53, #55, #54, #38, #51, #42, #50, #49, #48, #43, #47, #46, #1, #45, #44, #39, #34, #41, #40, #33, #35, #37, #36, #20, #29, #24, #31, #30, #13, #25, #27, #26, #21, #16, #23, #22, #11, #17, #19, #18, #10, #9, #15, #14, #2, #12, #8, #7, #6, #5, #4, #3]

S [ #91: NAp   #1  #90 (NAp #1 #78)]
H [#80, #91, #90, #89, #82, #88, #87, #86, #83, #85, #84, #81, #79, #28, #78, #77, #70, #76, #75, #74, #71, #73, #72, #60, #69, #62, #68, #67, #66, #63, #65, #64, #61, #32, #59, #52, #58, #57, #56, #53, #55, #54, #38, #51, #42, #50, #49, #48, #43, #47, #46, #1, #45, #44, #39, #34, #41, #40, #33, #35, #37, #36, #20, #29, #24, #31, #30, #13, #25, #27, #26, #21, #16, #23, #22, #11, #17, #19, #18, #10, #9, #15, #14, #2, #12, #8, #7, #6, #5, #4, #3]

S [  #1: NIn (#45)
    #91: NAp   #1  #90 (NAp #1 #78)]
H [#80, #91, #90, #89, #82, #88, #87, #86, #83, #85, #84, #81, #79, #28, #78, #77, #70, #76, #75, #74, #71, #73, #72, #60, #69, #62, #68, #67, #66, #63, #65, #64, #61, #32, #59, #52, #58, #57, #56, #53, #55, #54, #38, #51, #42, #50, #49, #48, #43, #47, #46, #1, #45, #44, #39, #34, #41, #40, #33, #35, #37, #36, #20, #29, #24, #31, #30, #13, #25, #27, #26, #21, #16, #23, #22, #11, #17, #19, #18, #10, #9, #15, #14, #2, #12, #8, #7, #6, #5, #4, #3]

S [ #45: NAp  #44   #4 (NSc K)
    #91: NAp   #1  #90 (NAp #1 #78)]
H [#80, #91, #90, #89, #82, #88, #87, #86, #83, #85, #84, #81, #79, #28, #78, #77, #70, #76, #75, #74, #71, #73, #72, #60, #69, #62, #68, #67, #66, #63, #65, #64, #61, #32, #59, #52, #58, #57, #56, #53, #55, #54, #38, #51, #42, #50, #49, #48, #43, #47, #46, #1, #45, #44, #39, #34, #41, #40, #33, #35, #37, #36, #20, #29, #24, #31, #30, #13, #25, #27, #26, #21, #16, #23, #22, #11, #17, #19, #18, #10, #9, #15, #14, #2, #12, #8, #7, #6, #5, #4, #3]

S [ #44: NAp   #6   #4 (NSc K)
    #45: NAp  #44   #4 (NSc K)
    #91: NAp   #1  #90 (NAp #1 #78)]
H [#80, #91, #90, #89, #82, #88, #87, #86, #83, #85, #84, #81, #79, #28, #78, #77, #70, #76, #75, #74, #71, #73, #72, #60, #69, #62, #68, #67, #66, #63, #65, #64, #61, #32, #59, #52, #58, #57, #56, #53, #55, #54, #38, #51, #42, #50, #49, #48, #43, #47, #46, #1, #45, #44, #39, #34, #41, #40, #33, #35, #37, #36, #20, #29, #24, #31, #30, #13, #25, #27, #26, #21, #16, #23, #22, #11, #17, #19, #18, #10, #9, #15, #14, #2, #12, #8, #7, #6, #5, #4, #3]

S [  #6: NSc S
    #44: NAp   #6   #4 (NSc K)
    #45: NAp  #44   #4 (NSc K)
    #91: NAp   #1  #90 (NAp #1 #78)]
H [#80, #91, #90, #89, #82, #88, #87, #86, #83, #85, #84, #81, #79, #28, #78, #77, #70, #76, #75, #74, #71, #73, #72, #60, #69, #62, #68, #67, #66, #63, #65, #64, #61, #32, #59, #52, #58, #57, #56, #53, #55, #54, #38, #51, #42, #50, #49, #48, #43, #47, #46, #1, #45, #44, #39, #34, #41, #40, #33, #35, #37, #36, #20, #29, #24, #31, #30, #13, #25, #27, #26, #21, #16, #23, #22, #11, #17, #19, #18, #10, #9, #15, #14, #2, #12, #8, #7, #6, #5, #4, #3]

S [ #94: NAp  #92  #93 (NAp #4 #90)]
H [#91, #94, #93, #92, #80, #90, #89, #82, #88, #87, #86, #83, #85, #84, #81, #79, #28, #78, #77, #70, #76, #75, #74, #71, #73, #72, #60, #69, #62, #68, #67, #66, #63, #65, #64, #61, #32, #59, #52, #58, #57, #56, #53, #55, #54, #38, #51, #42, #50, #49, #48, #43, #47, #46, #1, #45, #44, #39, #34, #41, #40, #33, #35, #37, #36, #20, #29, #24, #31, #30, #13, #25, #27, #26, #21, #16, #23, #22, #11, #17, #19, #18, #10, #9, #15, #14, #2, #12, #8, #7, #6, #5, #4, #3]

S [ #92: NAp   #4  #90 (NAp #1 #78)
    #94: NAp  #92  #93 (NAp #4 #90)]
H [#91, #94, #93, #92, #80, #90, #89, #82, #88, #87, #86, #83, #85, #84, #81, #79, #28, #78, #77, #70, #76, #75, #74, #71, #73, #72, #60, #69, #62, #68, #67, #66, #63, #65, #64, #61, #32, #59, #52, #58, #57, #56, #53, #55, #54, #38, #51, #42, #50, #49, #48, #43, #47, #46, #1, #45, #44, #39, #34, #41, #40, #33, #35, #37, #36, #20, #29, #24, #31, #30, #13, #25, #27, #26, #21, #16, #23, #22, #11, #17, #19, #18, #10, #9, #15, #14, #2, #12, #8, #7, #6, #5, #4, #3]

S [  #4: NSc K
    #92: NAp   #4  #90 (NAp #1 #78)
    #94: NAp  #92  #93 (NAp #4 #90)]
H [#91, #94, #93, #92, #80, #90, #89, #82, #88, #87, #86, #83, #85, #84, #81, #79, #28, #78, #77, #70, #76, #75, #74, #71, #73, #72, #60, #69, #62, #68, #67, #66, #63, #65, #64, #61, #32, #59, #52, #58, #57, #56, #53, #55, #54, #38, #51, #42, #50, #49, #48, #43, #47, #46, #1, #45, #44, #39, #34, #41, #40, #33, #35, #37, #36, #20, #29, #24, #31, #30, #13, #25, #27, #26, #21, #16, #23, #22, #11, #17, #19, #18, #10, #9, #15, #14, #2, #12, #8, #7, #6, #5, #4, #3]

S [ #90: NAp   #1  #78 (NAp #20 #12)]
H [#94, #91, #93, #92, #80, #90, #89, #82, #88, #87, #86, #83, #85, #84, #81, #79, #28, #78, #77, #70, #76, #75, #74, #71, #73, #72, #60, #69, #62, #68, #67, #66, #63, #65, #64, #61, #32, #59, #52, #58, #57, #56, #53, #55, #54, #38, #51, #42, #50, #49, #48, #43, #47, #46, #1, #45, #44, #39, #34, #41, #40, #33, #35, #37, #36, #20, #29, #24, #31, #30, #13, #25, #27, #26, #21, #16, #23, #22, #11, #17, #19, #18, #10, #9, #15, #14, #2, #12, #8, #7, #6, #5, #4, #3]

S [  #1: NIn (#45)
    #90: NAp   #1  #78 (NAp #20 #12)]
H [#94, #91, #93, #92, #80, #90, #89, #82, #88, #87, #86, #83, #85, #84, #81, #79, #28, #78, #77, #70, #76, #75, #74, #71, #73, #72, #60, #69, #62, #68, #67, #66, #63, #65, #64, #61, #32, #59, #52, #58, #57, #56, #53, #55, #54, #38, #51, #42, #50, #49, #48, #43, #47, #46, #1, #45, #44, #39, #34, #41, #40, #33, #35, #37, #36, #20, #29, #24, #31, #30, #13, #25, #27, #26, #21, #16, #23, #22, #11, #17, #19, #18, #10, #9, #15, #14, #2, #12, #8, #7, #6, #5, #4, #3]

S [ #45: NAp  #44   #4 (NSc K)
    #90: NAp   #1  #78 (NAp #20 #12)]
H [#94, #91, #93, #92, #80, #90, #89, #82, #88, #87, #86, #83, #85, #84, #81, #79, #28, #78, #77, #70, #76, #75, #74, #71, #73, #72, #60, #69, #62, #68, #67, #66, #63, #65, #64, #61, #32, #59, #52, #58, #57, #56, #53, #55, #54, #38, #51, #42, #50, #49, #48, #43, #47, #46, #1, #45, #44, #39, #34, #41, #40, #33, #35, #37, #36, #20, #29, #24, #31, #30, #13, #25, #27, #26, #21, #16, #23, #22, #11, #17, #19, #18, #10, #9, #15, #14, #2, #12, #8, #7, #6, #5, #4, #3]

S [ #44: NAp   #6   #4 (NSc K)
    #45: NAp  #44   #4 (NSc K)
    #90: NAp   #1  #78 (NAp #20 #12)]
H [#94, #91, #93, #92, #80, #90, #89, #82, #88, #87, #86, #83, #85, #84, #81, #79, #28, #78, #77, #70, #76, #75, #74, #71, #73, #72, #60, #69, #62, #68, #67, #66, #63, #65, #64, #61, #32, #59, #52, #58, #57, #56, #53, #55, #54, #38, #51, #42, #50, #49, #48, #43, #47, #46, #1, #45, #44, #39, #34, #41, #40, #33, #35, #37, #36, #20, #29, #24, #31, #30, #13, #25, #27, #26, #21, #16, #23, #22, #11, #17, #19, #18, #10, #9, #15, #14, #2, #12, #8, #7, #6, #5, #4, #3]

S [  #6: NSc S
    #44: NAp   #6   #4 (NSc K)
    #45: NAp  #44   #4 (NSc K)
    #90: NAp   #1  #78 (NAp #20 #12)]
H [#94, #91, #93, #92, #80, #90, #89, #82, #88, #87, #86, #83, #85, #84, #81, #79, #28, #78, #77, #70, #76, #75, #74, #71, #73, #72, #60, #69, #62, #68, #67, #66, #63, #65, #64, #61, #32, #59, #52, #58, #57, #56, #53, #55, #54, #38, #51, #42, #50, #49, #48, #43, #47, #46, #1, #45, #44, #39, #34, #41, #40, #33, #35, #37, #36, #20, #29, #24, #31, #30, #13, #25, #27, #26, #21, #16, #23, #22, #11, #17, #19, #18, #10, #9, #15, #14, #2, #12, #8, #7, #6, #5, #4, #3]

S [ #97: NAp  #95  #96 (NAp #4 #78)]
H [#90, #97, #96, #95, #94, #91, #93, #92, #80, #89, #82, #88, #87, #86, #83, #85, #84, #81, #79, #28, #78, #77, #70, #76, #75, #74, #71, #73, #72, #60, #69, #62, #68, #67, #66, #63, #65, #64, #61, #32, #59, #52, #58, #57, #56, #53, #55, #54, #38, #51, #42, #50, #49, #48, #43, #47, #46, #1, #45, #44, #39, #34, #41, #40, #33, #35, #37, #36, #20, #29, #24, #31, #30, #13, #25, #27, #26, #21, #16, #23, #22, #11, #17, #19, #18, #10, #9, #15, #14, #2, #12, #8, #7, #6, #5, #4, #3]

S [ #95: NAp   #4  #78 (NAp #20 #12)
    #97: NAp  #95  #96 (NAp #4 #78)]
H [#90, #97, #96, #95, #94, #91, #93, #92, #80, #89, #82, #88, #87, #86, #83, #85, #84, #81, #79, #28, #78, #77, #70, #76, #75, #74, #71, #73, #72, #60, #69, #62, #68, #67, #66, #63, #65, #64, #61, #32, #59, #52, #58, #57, #56, #53, #55, #54, #38, #51, #42, #50, #49, #48, #43, #47, #46, #1, #45, #44, #39, #34, #41, #40, #33, #35, #37, #36, #20, #29, #24, #31, #30, #13, #25, #27, #26, #21, #16, #23, #22, #11, #17, #19, #18, #10, #9, #15, #14, #2, #12, #8, #7, #6, #5, #4, #3]

S [  #4: NSc K
    #95: NAp   #4  #78 (NAp #20 #12)
    #97: NAp  #95  #96 (NAp #4 #78)]
H [#90, #97, #96, #95, #94, #91, #93, #92, #80, #89, #82, #88, #87, #86, #83, #85, #84, #81, #79, #28, #78, #77, #70, #76, #75, #74, #71, #73, #72, #60, #69, #62, #68, #67, #66, #63, #65, #64, #61, #32, #59, #52, #58, #57, #56, #53, #55, #54, #38, #51, #42, #50, #49, #48, #43, #47, #46, #1, #45, #44, #39, #34, #41, #40, #33, #35, #37, #36, #20, #29, #24, #31, #30, #13, #25, #27, #26, #21, #16, #23, #22, #11, #17, #19, #18, #10, #9, #15, #14, #2, #12, #8, #7, #6, #5, #4, #3]

S [ #78: NAp  #20  #12 (NNb 3)]
H [#97, #90, #96, #95, #94, #91, #93, #92, #80, #89, #82, #88, #87, #86, #83, #85, #84, #81, #79, #28, #78, #77, #70, #76, #75, #74, #71, #73, #72, #60, #69, #62, #68, #67, #66, #63, #65, #64, #61, #32, #59, #52, #58, #57, #56, #53, #55, #54, #38, #51, #42, #50, #49, #48, #43, #47, #46, #1, #45, #44, #39, #34, #41, #40, #33, #35, #37, #36, #20, #29, #24, #31, #30, #13, #25, #27, #26, #21, #16, #23, #22, #11, #17, #19, #18, #10, #9, #15, #14, #2, #12, #8, #7, #6, #5, #4, #3]

S [ #20: NIn (#35)
    #78: NAp  #20  #12 (NNb 3)]
H [#97, #90, #96, #95, #94, #91, #93, #92, #80, #89, #82, #88, #87, #86, #83, #85, #84, #81, #79, #28, #78, #77, #70, #76, #75, #74, #71, #73, #72, #60, #69, #62, #68, #67, #66, #63, #65, #64, #61, #32, #59, #52, #58, #57, #56, #53, #55, #54, #38, #51, #42, #50, #49, #48, #43, #47, #46, #1, #45, #44, #39, #34, #41, #40, #33, #35, #37, #36, #20, #29, #24, #31, #30, #13, #25, #27, #26, #21, #16, #23, #22, #11, #17, #19, #18, #10, #9, #15, #14, #2, #12, #8, #7, #6, #5, #4, #3]

S [ #35: NIn (#37)
    #78: NAp  #20  #12 (NNb 3)]
H [#97, #90, #96, #95, #94, #91, #93, #92, #80, #89, #82, #88, #87, #86, #83, #85, #84, #81, #79, #28, #78, #77, #70, #76, #75, #74, #71, #73, #72, #60, #69, #62, #68, #67, #66, #63, #65, #64, #61, #32, #59, #52, #58, #57, #56, #53, #55, #54, #38, #51, #42, #50, #49, #48, #43, #47, #46, #1, #45, #44, #39, #34, #41, #40, #33, #35, #37, #36, #20, #29, #24, #31, #30, #13, #25, #27, #26, #21, #16, #23, #22, #11, #17, #19, #18, #10, #9, #15, #14, #2, #12, #8, #7, #6, #5, #4, #3]

S [ #37: NAp  #36  #34 (NIn (#41))
    #78: NAp  #20  #12 (NNb 3)]
H [#97, #90, #96, #95, #94, #91, #93, #92, #80, #89, #82, #88, #87, #86, #83, #85, #84, #81, #79, #28, #78, #77, #70, #76, #75, #74, #71, #73, #72, #60, #69, #62, #68, #67, #66, #63, #65, #64, #61, #32, #59, #52, #58, #57, #56, #53, #55, #54, #38, #51, #42, #50, #49, #48, #43, #47, #46, #1, #45, #44, #39, #34, #41, #40, #33, #35, #37, #36, #20, #29, #24, #31, #30, #13, #25, #27, #26, #21, #16, #23, #22, #11, #17, #19, #18, #10, #9, #15, #14, #2, #12, #8, #7, #6, #5, #4, #3]

S [ #36: NAp   #7  #34 (NIn (#41))
    #37: NAp  #36  #34 (NIn (#41))
    #78: NAp  #20  #12 (NNb 3)]
H [#97, #90, #96, #95, #94, #91, #93, #92, #80, #89, #82, #88, #87, #86, #83, #85, #84, #81, #79, #28, #78, #77, #70, #76, #75, #74, #71, #73, #72, #60, #69, #62, #68, #67, #66, #63, #65, #64, #61, #32, #59, #52, #58, #57, #56, #53, #55, #54, #38, #51, #42, #50, #49, #48, #43, #47, #46, #1, #45, #44, #39, #34, #41, #40, #33, #35, #37, #36, #20, #29, #24, #31, #30, #13, #25, #27, #26, #21, #16, #23, #22, #11, #17, #19, #18, #10, #9, #15, #14, #2, #12, #8, #7, #6, #5, #4, #3]

S [  #7: NSc compose
    #36: NAp   #7  #34 (NIn (#41))
    #37: NAp  #36  #34 (NIn (#41))
    #78: NAp  #20  #12 (NNb 3)]
H [#97, #90, #96, #95, #94, #91, #93, #92, #80, #89, #82, #88, #87, #86, #83, #85, #84, #81, #79, #28, #78, #77, #70, #76, #75, #74, #71, #73, #72, #60, #69, #62, #68, #67, #66, #63, #65, #64, #61, #32, #59, #52, #58, #57, #56, #53, #55, #54, #38, #51, #42, #50, #49, #48, #43, #47, #46, #1, #45, #44, #39, #34, #41, #40, #33, #35, #37, #36, #20, #29, #24, #31, #30, #13, #25, #27, #26, #21, #16, #23, #22, #11, #17, #19, #18, #10, #9, #15, #14, #2, #12, #8, #7, #6, #5, #4, #3]

S [ #99: NAp  #34  #98 (NAp #34 #12)]
H [#78, #99, #98, #97, #90, #96, #95, #94, #91, #93, #92, #80, #89, #82, #88, #87, #86, #83, #85, #84, #81, #79, #28, #77, #70, #76, #75, #74, #71, #73, #72, #60, #69, #62, #68, #67, #66, #63, #65, #64, #61, #32, #59, #52, #58, #57, #56, #53, #55, #54, #38, #51, #42, #50, #49, #48, #43, #47, #46, #1, #45, #44, #39, #34, #41, #40, #33, #35, #37, #36, #20, #29, #24, #31, #30, #13, #25, #27, #26, #21, #16, #23, #22, #11, #17, #19, #18, #10, #9, #15, #14, #2, #12, #8, #7, #6, #5, #4, #3]

S [ #34: NIn (#41)
    #99: NAp  #34  #98 (NAp #34 #12)]
H [#78, #99, #98, #97, #90, #96, #95, #94, #91, #93, #92, #80, #89, #82, #88, #87, #86, #83, #85, #84, #81, #79, #28, #77, #70, #76, #75, #74, #71, #73, #72, #60, #69, #62, #68, #67, #66, #63, #65, #64, #61, #32, #59, #52, #58, #57, #56, #53, #55, #54, #38, #51, #42, #50, #49, #48, #43, #47, #46, #1, #45, #44, #39, #34, #41, #40, #33, #35, #37, #36, #20, #29, #24, #31, #30, #13, #25, #27, #26, #21, #16, #23, #22, #11, #17, #19, #18, #10, #9, #15, #14, #2, #12, #8, #7, #6, #5, #4, #3]

S [ #41: NAp  #40   #1 (NIn (#45))
    #99: NAp  #34  #98 (NAp #34 #12)]
H [#78, #99, #98, #97, #90, #96, #95, #94, #91, #93, #92, #80, #89, #82, #88, #87, #86, #83, #85, #84, #81, #79, #28, #77, #70, #76, #75, #74, #71, #73, #72, #60, #69, #62, #68, #67, #66, #63, #65, #64, #61, #32, #59, #52, #58, #57, #56, #53, #55, #54, #38, #51, #42, #50, #49, #48, #43, #47, #46, #1, #45, #44, #39, #34, #41, #40, #33, #35, #37, #36, #20, #29, #24, #31, #30, #13, #25, #27, #26, #21, #16, #23, #22, #11, #17, #19, #18, #10, #9, #15, #14, #2, #12, #8, #7, #6, #5, #4, #3]

S [ #40: NAp   #7   #1 (NIn (#45))
    #41: NAp  #40   #1 (NIn (#45))
    #99: NAp  #34  #98 (NAp #34 #12)]
H [#78, #99, #98, #97, #90, #96, #95, #94, #91, #93, #92, #80, #89, #82, #88, #87, #86, #83, #85, #84, #81, #79, #28, #77, #70, #76, #75, #74, #71, #73, #72, #60, #69, #62, #68, #67, #66, #63, #65, #64, #61, #32, #59, #52, #58, #57, #56, #53, #55, #54, #38, #51, #42, #50, #49, #48, #43, #47, #46, #1, #45, #44, #39, #34, #41, #40, #33, #35, #37, #36, #20, #29, #24, #31, #30, #13, #25, #27, #26, #21, #16, #23, #22, #11, #17, #19, #18, #10, #9, #15, #14, #2, #12, #8, #7, #6, #5, #4, #3]

S [  #7: NSc compose
    #40: NAp   #7   #1 (NIn (#45))
    #41: NAp  #40   #1 (NIn (#45))
    #99: NAp  #34  #98 (NAp #34 #12)]
H [#78, #99, #98, #97, #90, #96, #95, #94, #91, #93, #92, #80, #89, #82, #88, #87, #86, #83, #85, #84, #81, #79, #28, #77, #70, #76, #75, #74, #71, #73, #72, #60, #69, #62, #68, #67, #66, #63, #65, #64, #61, #32, #59, #52, #58, #57, #56, #53, #55, #54, #38, #51, #42, #50, #49, #48, #43, #47, #46, #1, #45, #44, #39, #34, #41, #40, #33, #35, #37, #36, #20, #29, #24, #31, #30, #13, #25, #27, #26, #21, #16, #23, #22, #11, #17, #19, #18, #10, #9, #15, #14, #2, #12, #8, #7, #6, #5, #4, #3]

S [#101: NAp   #1 #100 (NAp #1 #98)]
H [#99, #101, #100, #78, #98, #97, #90, #96, #95, #94, #91, #93, #92, #80, #89, #82, #88, #87, #86, #83, #85, #84, #81, #79, #28, #77, #70, #76, #75, #74, #71, #73, #72, #60, #69, #62, #68, #67, #66, #63, #65, #64, #61, #32, #59, #52, #58, #57, #56, #53, #55, #54, #38, #51, #42, #50, #49, #48, #43, #47, #46, #1, #45, #44, #39, #34, #41, #40, #33, #35, #37, #36, #20, #29, #24, #31, #30, #13, #25, #27, #26, #21, #16, #23, #22, #11, #17, #19, #18, #10, #9, #15, #14, #2, #12, #8, #7, #6, #5, #4, #3]

S [  #1: NIn (#45)
   #101: NAp   #1 #100 (NAp #1 #98)]
H [#99, #101, #100, #78, #98, #97, #90, #96, #95, #94, #91, #93, #92, #80, #89, #82, #88, #87, #86, #83, #85, #84, #81, #79, #28, #77, #70, #76, #75, #74, #71, #73, #72, #60, #69, #62, #68, #67, #66, #63, #65, #64, #61, #32, #59, #52, #58, #57, #56, #53, #55, #54, #38, #51, #42, #50, #49, #48, #43, #47, #46, #1, #45, #44, #39, #34, #41, #40, #33, #35, #37, #36, #20, #29, #24, #31, #30, #13, #25, #27, #26, #21, #16, #23, #22, #11, #17, #19, #18, #10, #9, #15, #14, #2, #12, #8, #7, #6, #5, #4, #3]

S [ #45: NAp  #44   #4 (NSc K)
   #101: NAp   #1 #100 (NAp #1 #98)]
H [#99, #101, #100, #78, #98, #97, #90, #96, #95, #94, #91, #93, #92, #80, #89, #82, #88, #87, #86, #83, #85, #84, #81, #79, #28, #77, #70, #76, #75, #74, #71, #73, #72, #60, #69, #62, #68, #67, #66, #63, #65, #64, #61, #32, #59, #52, #58, #57, #56, #53, #55, #54, #38, #51, #42, #50, #49, #48, #43, #47, #46, #1, #45, #44, #39, #34, #41, #40, #33, #35, #37, #36, #20, #29, #24, #31, #30, #13, #25, #27, #26, #21, #16, #23, #22, #11, #17, #19, #18, #10, #9, #15, #14, #2, #12, #8, #7, #6, #5, #4, #3]

S [ #44: NAp   #6   #4 (NSc K)
    #45: NAp  #44   #4 (NSc K)
   #101: NAp   #1 #100 (NAp #1 #98)]
H [#99, #101, #100, #78, #98, #97, #90, #96, #95, #94, #91, #93, #92, #80, #89, #82, #88, #87, #86, #83, #85, #84, #81, #79, #28, #77, #70, #76, #75, #74, #71, #73, #72, #60, #69, #62, #68, #67, #66, #63, #65, #64, #61, #32, #59, #52, #58, #57, #56, #53, #55, #54, #38, #51, #42, #50, #49, #48, #43, #47, #46, #1, #45, #44, #39, #34, #41, #40, #33, #35, #37, #36, #20, #29, #24, #31, #30, #13, #25, #27, #26, #21, #16, #23, #22, #11, #17, #19, #18, #10, #9, #15, #14, #2, #12, #8, #7, #6, #5, #4, #3]

S [  #6: NSc S
    #44: NAp   #6   #4 (NSc K)
    #45: NAp  #44   #4 (NSc K)
   #101: NAp   #1 #100 (NAp #1 #98)]
H [#99, #101, #100, #78, #98, #97, #90, #96, #95, #94, #91, #93, #92, #80, #89, #82, #88, #87, #86, #83, #85, #84, #81, #79, #28, #77, #70, #76, #75, #74, #71, #73, #72, #60, #69, #62, #68, #67, #66, #63, #65, #64, #61, #32, #59, #52, #58, #57, #56, #53, #55, #54, #38, #51, #42, #50, #49, #48, #43, #47, #46, #1, #45, #44, #39, #34, #41, #40, #33, #35, #37, #36, #20, #29, #24, #31, #30, #13, #25, #27, #26, #21, #16, #23, #22, #11, #17, #19, #18, #10, #9, #15, #14, #2, #12, #8, #7, #6, #5, #4, #3]

S [#104: NAp #102 #103 (NAp #4 #100)]
H [#101, #104, #103, #102, #99, #100, #78, #98, #97, #90, #96, #95, #94, #91, #93, #92, #80, #89, #82, #88, #87, #86, #83, #85, #84, #81, #79, #28, #77, #70, #76, #75, #74, #71, #73, #72, #60, #69, #62, #68, #67, #66, #63, #65, #64, #61, #32, #59, #52, #58, #57, #56, #53, #55, #54, #38, #51, #42, #50, #49, #48, #43, #47, #46, #1, #45, #44, #39, #34, #41, #40, #33, #35, #37, #36, #20, #29, #24, #31, #30, #13, #25, #27, #26, #21, #16, #23, #22, #11, #17, #19, #18, #10, #9, #15, #14, #2, #12, #8, #7, #6, #5, #4, #3]

S [#102: NAp   #4 #100 (NAp #1 #98)
   #104: NAp #102 #103 (NAp #4 #100)]
H [#101, #104, #103, #102, #99, #100, #78, #98, #97, #90, #96, #95, #94, #91, #93, #92, #80, #89, #82, #88, #87, #86, #83, #85, #84, #81, #79, #28, #77, #70, #76, #75, #74, #71, #73, #72, #60, #69, #62, #68, #67, #66, #63, #65, #64, #61, #32, #59, #52, #58, #57, #56, #53, #55, #54, #38, #51, #42, #50, #49, #48, #43, #47, #46, #1, #45, #44, #39, #34, #41, #40, #33, #35, #37, #36, #20, #29, #24, #31, #30, #13, #25, #27, #26, #21, #16, #23, #22, #11, #17, #19, #18, #10, #9, #15, #14, #2, #12, #8, #7, #6, #5, #4, #3]

S [  #4: NSc K
   #102: NAp   #4 #100 (NAp #1 #98)
   #104: NAp #102 #103 (NAp #4 #100)]
H [#101, #104, #103, #102, #99, #100, #78, #98, #97, #90, #96, #95, #94, #91, #93, #92, #80, #89, #82, #88, #87, #86, #83, #85, #84, #81, #79, #28, #77, #70, #76, #75, #74, #71, #73, #72, #60, #69, #62, #68, #67, #66, #63, #65, #64, #61, #32, #59, #52, #58, #57, #56, #53, #55, #54, #38, #51, #42, #50, #49, #48, #43, #47, #46, #1, #45, #44, #39, #34, #41, #40, #33, #35, #37, #36, #20, #29, #24, #31, #30, #13, #25, #27, #26, #21, #16, #23, #22, #11, #17, #19, #18, #10, #9, #15, #14, #2, #12, #8, #7, #6, #5, #4, #3]

S [#100: NAp   #1  #98 (NAp #34 #12)]
H [#104, #101, #103, #102, #99, #100, #78, #98, #97, #90, #96, #95, #94, #91, #93, #92, #80, #89, #82, #88, #87, #86, #83, #85, #84, #81, #79, #28, #77, #70, #76, #75, #74, #71, #73, #72, #60, #69, #62, #68, #67, #66, #63, #65, #64, #61, #32, #59, #52, #58, #57, #56, #53, #55, #54, #38, #51, #42, #50, #49, #48, #43, #47, #46, #1, #45, #44, #39, #34, #41, #40, #33, #35, #37, #36, #20, #29, #24, #31, #30, #13, #25, #27, #26, #21, #16, #23, #22, #11, #17, #19, #18, #10, #9, #15, #14, #2, #12, #8, #7, #6, #5, #4, #3]

S [  #1: NIn (#45)
   #100: NAp   #1  #98 (NAp #34 #12)]
H [#104, #101, #103, #102, #99, #100, #78, #98, #97, #90, #96, #95, #94, #91, #93, #92, #80, #89, #82, #88, #87, #86, #83, #85, #84, #81, #79, #28, #77, #70, #76, #75, #74, #71, #73, #72, #60, #69, #62, #68, #67, #66, #63, #65, #64, #61, #32, #59, #52, #58, #57, #56, #53, #55, #54, #38, #51, #42, #50, #49, #48, #43, #47, #46, #1, #45, #44, #39, #34, #41, #40, #33, #35, #37, #36, #20, #29, #24, #31, #30, #13, #25, #27, #26, #21, #16, #23, #22, #11, #17, #19, #18, #10, #9, #15, #14, #2, #12, #8, #7, #6, #5, #4, #3]

S [ #45: NAp  #44   #4 (NSc K)
   #100: NAp   #1  #98 (NAp #34 #12)]
H [#104, #101, #103, #102, #99, #100, #78, #98, #97, #90, #96, #95, #94, #91, #93, #92, #80, #89, #82, #88, #87, #86, #83, #85, #84, #81, #79, #28, #77, #70, #76, #75, #74, #71, #73, #72, #60, #69, #62, #68, #67, #66, #63, #65, #64, #61, #32, #59, #52, #58, #57, #56, #53, #55, #54, #38, #51, #42, #50, #49, #48, #43, #47, #46, #1, #45, #44, #39, #34, #41, #40, #33, #35, #37, #36, #20, #29, #24, #31, #30, #13, #25, #27, #26, #21, #16, #23, #22, #11, #17, #19, #18, #10, #9, #15, #14, #2, #12, #8, #7, #6, #5, #4, #3]

S [ #44: NAp   #6   #4 (NSc K)
    #45: NAp  #44   #4 (NSc K)
   #100: NAp   #1  #98 (NAp #34 #12)]
H [#104, #101, #103, #102, #99, #100, #78, #98, #97, #90, #96, #95, #94, #91, #93, #92, #80, #89, #82, #88, #87, #86, #83, #85, #84, #81, #79, #28, #77, #70, #76, #75, #74, #71, #73, #72, #60, #69, #62, #68, #67, #66, #63, #65, #64, #61, #32, #59, #52, #58, #57, #56, #53, #55, #54, #38, #51, #42, #50, #49, #48, #43, #47, #46, #1, #45, #44, #39, #34, #41, #40, #33, #35, #37, #36, #20, #29, #24, #31, #30, #13, #25, #27, #26, #21, #16, #23, #22, #11, #17, #19, #18, #10, #9, #15, #14, #2, #12, #8, #7, #6, #5, #4, #3]

S [  #6: NSc S
    #44: NAp   #6   #4 (NSc K)
    #45: NAp  #44   #4 (NSc K)
   #100: NAp   #1  #98 (NAp #34 #12)]
H [#104, #101, #103, #102, #99, #100, #78, #98, #97, #90, #96, #95, #94, #91, #93, #92, #80, #89, #82, #88, #87, #86, #83, #85, #84, #81, #79, #28, #77, #70, #76, #75, #74, #71, #73, #72, #60, #69, #62, #68, #67, #66, #63, #65, #64, #61, #32, #59, #52, #58, #57, #56, #53, #55, #54, #38, #51, #42, #50, #49, #48, #43, #47, #46, #1, #45, #44, #39, #34, #41, #40, #33, #35, #37, #36, #20, #29, #24, #31, #30, #13, #25, #27, #26, #21, #16, #23, #22, #11, #17, #19, #18, #10, #9, #15, #14, #2, #12, #8, #7, #6, #5, #4, #3]

S [#107: NAp #105 #106 (NAp #4 #98)]
H [#100, #107, #106, #105, #104, #101, #103, #102, #99, #78, #98, #97, #90, #96, #95, #94, #91, #93, #92, #80, #89, #82, #88, #87, #86, #83, #85, #84, #81, #79, #28, #77, #70, #76, #75, #74, #71, #73, #72, #60, #69, #62, #68, #67, #66, #63, #65, #64, #61, #32, #59, #52, #58, #57, #56, #53, #55, #54, #38, #51, #42, #50, #49, #48, #43, #47, #46, #1, #45, #44, #39, #34, #41, #40, #33, #35, #37, #36, #20, #29, #24, #31, #30, #13, #25, #27, #26, #21, #16, #23, #22, #11, #17, #19, #18, #10, #9, #15, #14, #2, #12, #8, #7, #6, #5, #4, #3]

S [#105: NAp   #4  #98 (NAp #34 #12)
   #107: NAp #105 #106 (NAp #4 #98)]
H [#100, #107, #106, #105, #104, #101, #103, #102, #99, #78, #98, #97, #90, #96, #95, #94, #91, #93, #92, #80, #89, #82, #88, #87, #86, #83, #85, #84, #81, #79, #28, #77, #70, #76, #75, #74, #71, #73, #72, #60, #69, #62, #68, #67, #66, #63, #65, #64, #61, #32, #59, #52, #58, #57, #56, #53, #55, #54, #38, #51, #42, #50, #49, #48, #43, #47, #46, #1, #45, #44, #39, #34, #41, #40, #33, #35, #37, #36, #20, #29, #24, #31, #30, #13, #25, #27, #26, #21, #16, #23, #22, #11, #17, #19, #18, #10, #9, #15, #14, #2, #12, #8, #7, #6, #5, #4, #3]

S [  #4: NSc K
   #105: NAp   #4  #98 (NAp #34 #12)
   #107: NAp #105 #106 (NAp #4 #98)]
H [#100, #107, #106, #105, #104, #101, #103, #102, #99, #78, #98, #97, #90, #96, #95, #94, #91, #93, #92, #80, #89, #82, #88, #87, #86, #83, #85, #84, #81, #79, #28, #77, #70, #76, #75, #74, #71, #73, #72, #60, #69, #62, #68, #67, #66, #63, #65, #64, #61, #32, #59, #52, #58, #57, #56, #53, #55, #54, #38, #51, #42, #50, #49, #48, #43, #47, #46, #1, #45, #44, #39, #34, #41, #40, #33, #35, #37, #36, #20, #29, #24, #31, #30, #13, #25, #27, #26, #21, #16, #23, #22, #11, #17, #19, #18, #10, #9, #15, #14, #2, #12, #8, #7, #6, #5, #4, #3]

S [ #98: NAp  #34  #12 (NNb 3)]
H [#107, #100, #106, #105, #104, #101, #103, #102, #99, #78, #98, #97, #90, #96, #95, #94, #91, #93, #92, #80, #89, #82, #88, #87, #86, #83, #85, #84, #81, #79, #28, #77, #70, #76, #75, #74, #71, #73, #72, #60, #69, #62, #68, #67, #66, #63, #65, #64, #61, #32, #59, #52, #58, #57, #56, #53, #55, #54, #38, #51, #42, #50, #49, #48, #43, #47, #46, #1, #45, #44, #39, #34, #41, #40, #33, #35, #37, #36, #20, #29, #24, #31, #30, #13, #25, #27, #26, #21, #16, #23, #22, #11, #17, #19, #18, #10, #9, #15, #14, #2, #12, #8, #7, #6, #5, #4, #3]

S [ #34: NIn (#41)
    #98: NAp  #34  #12 (NNb 3)]
H [#107, #100, #106, #105, #104, #101, #103, #102, #99, #78, #98, #97, #90, #96, #95, #94, #91, #93, #92, #80, #89, #82, #88, #87, #86, #83, #85, #84, #81, #79, #28, #77, #70, #76, #75, #74, #71, #73, #72, #60, #69, #62, #68, #67, #66, #63, #65, #64, #61, #32, #59, #52, #58, #57, #56, #53, #55, #54, #38, #51, #42, #50, #49, #48, #43, #47, #46, #1, #45, #44, #39, #34, #41, #40, #33, #35, #37, #36, #20, #29, #24, #31, #30, #13, #25, #27, #26, #21, #16, #23, #22, #11, #17, #19, #18, #10, #9, #15, #14, #2, #12, #8, #7, #6, #5, #4, #3]

S [ #41: NAp  #40   #1 (NIn (#45))
    #98: NAp  #34  #12 (NNb 3)]
H [#107, #100, #106, #105, #104, #101, #103, #102, #99, #78, #98, #97, #90, #96, #95, #94, #91, #93, #92, #80, #89, #82, #88, #87, #86, #83, #85, #84, #81, #79, #28, #77, #70, #76, #75, #74, #71, #73, #72, #60, #69, #62, #68, #67, #66, #63, #65, #64, #61, #32, #59, #52, #58, #57, #56, #53, #55, #54, #38, #51, #42, #50, #49, #48, #43, #47, #46, #1, #45, #44, #39, #34, #41, #40, #33, #35, #37, #36, #20, #29, #24, #31, #30, #13, #25, #27, #26, #21, #16, #23, #22, #11, #17, #19, #18, #10, #9, #15, #14, #2, #12, #8, #7, #6, #5, #4, #3]

S [ #40: NAp   #7   #1 (NIn (#45))
    #41: NAp  #40   #1 (NIn (#45))
    #98: NAp  #34  #12 (NNb 3)]
H [#107, #100, #106, #105, #104, #101, #103, #102, #99, #78, #98, #97, #90, #96, #95, #94, #91, #93, #92, #80, #89, #82, #88, #87, #86, #83, #85, #84, #81, #79, #28, #77, #70, #76, #75, #74, #71, #73, #72, #60, #69, #62, #68, #67, #66, #63, #65, #64, #61, #32, #59, #52, #58, #57, #56, #53, #55, #54, #38, #51, #42, #50, #49, #48, #43, #47, #46, #1, #45, #44, #39, #34, #41, #40, #33, #35, #37, #36, #20, #29, #24, #31, #30, #13, #25, #27, #26, #21, #16, #23, #22, #11, #17, #19, #18, #10, #9, #15, #14, #2, #12, #8, #7, #6, #5, #4, #3]

S [  #7: NSc compose
    #40: NAp   #7   #1 (NIn (#45))
    #41: NAp  #40   #1 (NIn (#45))
    #98: NAp  #34  #12 (NNb 3)]
H [#107, #100, #106, #105, #104, #101, #103, #102, #99, #78, #98, #97, #90, #96, #95, #94, #91, #93, #92, #80, #89, #82, #88, #87, #86, #83, #85, #84, #81, #79, #28, #77, #70, #76, #75, #74, #71, #73, #72, #60, #69, #62, #68, #67, #66, #63, #65, #64, #61, #32, #59, #52, #58, #57, #56, #53, #55, #54, #38, #51, #42, #50, #49, #48, #43, #47, #46, #1, #45, #44, #39, #34, #41, #40, #33, #35, #37, #36, #20, #29, #24, #31, #30, #13, #25, #27, #26, #21, #16, #23, #22, #11, #17, #19, #18, #10, #9, #15, #14, #2, #12, #8, #7, #6, #5, #4, #3]

S [#109: NAp   #1 #108 (NAp #1 #12)]
H [#98, #109, #108, #107, #100, #106, #105, #104, #101, #103, #102, #99, #78, #97, #90, #96, #95, #94, #91, #93, #92, #80, #89, #82, #88, #87, #86, #83, #85, #84, #81, #79, #28, #77, #70, #76, #75, #74, #71, #73, #72, #60, #69, #62, #68, #67, #66, #63, #65, #64, #61, #32, #59, #52, #58, #57, #56, #53, #55, #54, #38, #51, #42, #50, #49, #48, #43, #47, #46, #1, #45, #44, #39, #34, #41, #40, #33, #35, #37, #36, #20, #29, #24, #31, #30, #13, #25, #27, #26, #21, #16, #23, #22, #11, #17, #19, #18, #10, #9, #15, #14, #2, #12, #8, #7, #6, #5, #4, #3]

S [  #1: NIn (#45)
   #109: NAp   #1 #108 (NAp #1 #12)]
H [#98, #109, #108, #107, #100, #106, #105, #104, #101, #103, #102, #99, #78, #97, #90, #96, #95, #94, #91, #93, #92, #80, #89, #82, #88, #87, #86, #83, #85, #84, #81, #79, #28, #77, #70, #76, #75, #74, #71, #73, #72, #60, #69, #62, #68, #67, #66, #63, #65, #64, #61, #32, #59, #52, #58, #57, #56, #53, #55, #54, #38, #51, #42, #50, #49, #48, #43, #47, #46, #1, #45, #44, #39, #34, #41, #40, #33, #35, #37, #36, #20, #29, #24, #31, #30, #13, #25, #27, #26, #21, #16, #23, #22, #11, #17, #19, #18, #10, #9, #15, #14, #2, #12, #8, #7, #6, #5, #4, #3]

S [ #45: NAp  #44   #4 (NSc K)
   #109: NAp   #1 #108 (NAp #1 #12)]
H [#98, #109, #108, #107, #100, #106, #105, #104, #101, #103, #102, #99, #78, #97, #90, #96, #95, #94, #91, #93, #92, #80, #89, #82, #88, #87, #86, #83, #85, #84, #81, #79, #28, #77, #70, #76, #75, #74, #71, #73, #72, #60, #69, #62, #68, #67, #66, #63, #65, #64, #61, #32, #59, #52, #58, #57, #56, #53, #55, #54, #38, #51, #42, #50, #49, #48, #43, #47, #46, #1, #45, #44, #39, #34, #41, #40, #33, #35, #37, #36, #20, #29, #24, #31, #30, #13, #25, #27, #26, #21, #16, #23, #22, #11, #17, #19, #18, #10, #9, #15, #14, #2, #12, #8, #7, #6, #5, #4, #3]

S [ #44: NAp   #6   #4 (NSc K)
    #45: NAp  #44   #4 (NSc K)
   #109: NAp   #1 #108 (NAp #1 #12)]
H [#98, #109, #108, #107, #100, #106, #105, #104, #101, #103, #102, #99, #78, #97, #90, #96, #95, #94, #91, #93, #92, #80, #89, #82, #88, #87, #86, #83, #85, #84, #81, #79, #28, #77, #70, #76, #75, #74, #71, #73, #72, #60, #69, #62, #68, #67, #66, #63, #65, #64, #61, #32, #59, #52, #58, #57, #56, #53, #55, #54, #38, #51, #42, #50, #49, #48, #43, #47, #46, #1, #45, #44, #39, #34, #41, #40, #33, #35, #37, #36, #20, #29, #24, #31, #30, #13, #25, #27, #26, #21, #16, #23, #22, #11, #17, #19, #18, #10, #9, #15, #14, #2, #12, #8, #7, #6, #5, #4, #3]

S [  #6: NSc S
    #44: NAp   #6   #4 (NSc K)
    #45: NAp  #44   #4 (NSc K)
   #109: NAp   #1 #108 (NAp #1 #12)]
H [#98, #109, #108, #107, #100, #106, #105, #104, #101, #103, #102, #99, #78, #97, #90, #96, #95, #94, #91, #93, #92, #80, #89, #82, #88, #87, #86, #83, #85, #84, #81, #79, #28, #77, #70, #76, #75, #74, #71, #73, #72, #60, #69, #62, #68, #67, #66, #63, #65, #64, #61, #32, #59, #52, #58, #57, #56, #53, #55, #54, #38, #51, #42, #50, #49, #48, #43, #47, #46, #1, #45, #44, #39, #34, #41, #40, #33, #35, #37, #36, #20, #29, #24, #31, #30, #13, #25, #27, #26, #21, #16, #23, #22, #11, #17, #19, #18, #10, #9, #15, #14, #2, #12, #8, #7, #6, #5, #4, #3]

S [#112: NAp #110 #111 (NAp #4 #108)]
H [#109, #112, #111, #110, #98, #108, #107, #100, #106, #105, #104, #101, #103, #102, #99, #78, #97, #90, #96, #95, #94, #91, #93, #92, #80, #89, #82, #88, #87, #86, #83, #85, #84, #81, #79, #28, #77, #70, #76, #75, #74, #71, #73, #72, #60, #69, #62, #68, #67, #66, #63, #65, #64, #61, #32, #59, #52, #58, #57, #56, #53, #55, #54, #38, #51, #42, #50, #49, #48, #43, #47, #46, #1, #45, #44, #39, #34, #41, #40, #33, #35, #37, #36, #20, #29, #24, #31, #30, #13, #25, #27, #26, #21, #16, #23, #22, #11, #17, #19, #18, #10, #9, #15, #14, #2, #12, #8, #7, #6, #5, #4, #3]

S [#110: NAp   #4 #108 (NAp #1 #12)
   #112: NAp #110 #111 (NAp #4 #108)]
H [#109, #112, #111, #110, #98, #108, #107, #100, #106, #105, #104, #101, #103, #102, #99, #78, #97, #90, #96, #95, #94, #91, #93, #92, #80, #89, #82, #88, #87, #86, #83, #85, #84, #81, #79, #28, #77, #70, #76, #75, #74, #71, #73, #72, #60, #69, #62, #68, #67, #66, #63, #65, #64, #61, #32, #59, #52, #58, #57, #56, #53, #55, #54, #38, #51, #42, #50, #49, #48, #43, #47, #46, #1, #45, #44, #39, #34, #41, #40, #33, #35, #37, #36, #20, #29, #24, #31, #30, #13, #25, #27, #26, #21, #16, #23, #22, #11, #17, #19, #18, #10, #9, #15, #14, #2, #12, #8, #7, #6, #5, #4, #3]

S [  #4: NSc K
   #110: NAp   #4 #108 (NAp #1 #12)
   #112: NAp #110 #111 (NAp #4 #108)]
H [#109, #112, #111, #110, #98, #108, #107, #100, #106, #105, #104, #101, #103, #102, #99, #78, #97, #90, #96, #95, #94, #91, #93, #92, #80, #89, #82, #88, #87, #86, #83, #85, #84, #81, #79, #28, #77, #70, #76, #75, #74, #71, #73, #72, #60, #69, #62, #68, #67, #66, #63, #65, #64, #61, #32, #59, #52, #58, #57, #56, #53, #55, #54, #38, #51, #42, #50, #49, #48, #43, #47, #46, #1, #45, #44, #39, #34, #41, #40, #33, #35, #37, #36, #20, #29, #24, #31, #30, #13, #25, #27, #26, #21, #16, #23, #22, #11, #17, #19, #18, #10, #9, #15, #14, #2, #12, #8, #7, #6, #5, #4, #3]

S [#108: NAp   #1  #12 (NNb 3)]
H [#112, #109, #111, #110, #98, #108, #107, #100, #106, #105, #104, #101, #103, #102, #99, #78, #97, #90, #96, #95, #94, #91, #93, #92, #80, #89, #82, #88, #87, #86, #83, #85, #84, #81, #79, #28, #77, #70, #76, #75, #74, #71, #73, #72, #60, #69, #62, #68, #67, #66, #63, #65, #64, #61, #32, #59, #52, #58, #57, #56, #53, #55, #54, #38, #51, #42, #50, #49, #48, #43, #47, #46, #1, #45, #44, #39, #34, #41, #40, #33, #35, #37, #36, #20, #29, #24, #31, #30, #13, #25, #27, #26, #21, #16, #23, #22, #11, #17, #19, #18, #10, #9, #15, #14, #2, #12, #8, #7, #6, #5, #4, #3]

S [  #1: NIn (#45)
   #108: NAp   #1  #12 (NNb 3)]
H [#112, #109, #111, #110, #98, #108, #107, #100, #106, #105, #104, #101, #103, #102, #99, #78, #97, #90, #96, #95, #94, #91, #93, #92, #80, #89, #82, #88, #87, #86, #83, #85, #84, #81, #79, #28, #77, #70, #76, #75, #74, #71, #73, #72, #60, #69, #62, #68, #67, #66, #63, #65, #64, #61, #32, #59, #52, #58, #57, #56, #53, #55, #54, #38, #51, #42, #50, #49, #48, #43, #47, #46, #1, #45, #44, #39, #34, #41, #40, #33, #35, #37, #36, #20, #29, #24, #31, #30, #13, #25, #27, #26, #21, #16, #23, #22, #11, #17, #19, #18, #10, #9, #15, #14, #2, #12, #8, #7, #6, #5, #4, #3]

S [ #45: NAp  #44   #4 (NSc K)
   #108: NAp   #1  #12 (NNb 3)]
H [#112, #109, #111, #110, #98, #108, #107, #100, #106, #105, #104, #101, #103, #102, #99, #78, #97, #90, #96, #95, #94, #91, #93, #92, #80, #89, #82, #88, #87, #86, #83, #85, #84, #81, #79, #28, #77, #70, #76, #75, #74, #71, #73, #72, #60, #69, #62, #68, #67, #66, #63, #65, #64, #61, #32, #59, #52, #58, #57, #56, #53, #55, #54, #38, #51, #42, #50, #49, #48, #43, #47, #46, #1, #45, #44, #39, #34, #41, #40, #33, #35, #37, #36, #20, #29, #24, #31, #30, #13, #25, #27, #26, #21, #16, #23, #22, #11, #17, #19, #18, #10, #9, #15, #14, #2, #12, #8, #7, #6, #5, #4, #3]

S [ #44: NAp   #6   #4 (NSc K)
    #45: NAp  #44   #4 (NSc K)
   #108: NAp   #1  #12 (NNb 3)]
H [#112, #109, #111, #110, #98, #108, #107, #100, #106, #105, #104, #101, #103, #102, #99, #78, #97, #90, #96, #95, #94, #91, #93, #92, #80, #89, #82, #88, #87, #86, #83, #85, #84, #81, #79, #28, #77, #70, #76, #75, #74, #71, #73, #72, #60, #69, #62, #68, #67, #66, #63, #65, #64, #61, #32, #59, #52, #58, #57, #56, #53, #55, #54, #38, #51, #42, #50, #49, #48, #43, #47, #46, #1, #45, #44, #39, #34, #41, #40, #33, #35, #37, #36, #20, #29, #24, #31, #30, #13, #25, #27, #26, #21, #16, #23, #22, #11, #17, #19, #18, #10, #9, #15, #14, #2, #12, #8, #7, #6, #5, #4, #3]

S [  #6: NSc S
    #44: NAp   #6   #4 (NSc K)
    #45: NAp  #44   #4 (NSc K)
   #108: NAp   #1  #12 (NNb 3)]
H [#112, #109, #111, #110, #98, #108, #107, #100, #106, #105, #104, #101, #103, #102, #99, #78, #97, #90, #96, #95, #94, #91, #93, #92, #80, #89, #82, #88, #87, #86, #83, #85, #84, #81, #79, #28, #77, #70, #76, #75, #74, #71, #73, #72, #60, #69, #62, #68, #67, #66, #63, #65, #64, #61, #32, #59, #52, #58, #57, #56, #53, #55, #54, #38, #51, #42, #50, #49, #48, #43, #47, #46, #1, #45, #44, #39, #34, #41, #40, #33, #35, #37, #36, #20, #29, #24, #31, #30, #13, #25, #27, #26, #21, #16, #23, #22, #11, #17, #19, #18, #10, #9, #15, #14, #2, #12, #8, #7, #6, #5, #4, #3]

S [#115: NAp #113 #114 (NAp #4 #12)]
H [#108, #115, #114, #113, #112, #109, #111, #110, #98, #107, #100, #106, #105, #104, #101, #103, #102, #99, #78, #97, #90, #96, #95, #94, #91, #93, #92, #80, #89, #82, #88, #87, #86, #83, #85, #84, #81, #79, #28, #77, #70, #76, #75, #74, #71, #73, #72, #60, #69, #62, #68, #67, #66, #63, #65, #64, #61, #32, #59, #52, #58, #57, #56, #53, #55, #54, #38, #51, #42, #50, #49, #48, #43, #47, #46, #1, #45, #44, #39, #34, #41, #40, #33, #35, #37, #36, #20, #29, #24, #31, #30, #13, #25, #27, #26, #21, #16, #23, #22, #11, #17, #19, #18, #10, #9, #15, #14, #2, #12, #8, #7, #6, #5, #4, #3]

S [#113: NAp   #4  #12 (NNb 3)
   #115: NAp #113 #114 (NAp #4 #12)]
H [#108, #115, #114, #113, #112, #109, #111, #110, #98, #107, #100, #106, #105, #104, #101, #103, #102, #99, #78, #97, #90, #96, #95, #94, #91, #93, #92, #80, #89, #82, #88, #87, #86, #83, #85, #84, #81, #79, #28, #77, #70, #76, #75, #74, #71, #73, #72, #60, #69, #62, #68, #67, #66, #63, #65, #64, #61, #32, #59, #52, #58, #57, #56, #53, #55, #54, #38, #51, #42, #50, #49, #48, #43, #47, #46, #1, #45, #44, #39, #34, #41, #40, #33, #35, #37, #36, #20, #29, #24, #31, #30, #13, #25, #27, #26, #21, #16, #23, #22, #11, #17, #19, #18, #10, #9, #15, #14, #2, #12, #8, #7, #6, #5, #4, #3]

S [  #4: NSc K
   #113: NAp   #4  #12 (NNb 3)
   #115: NAp #113 #114 (NAp #4 #12)]
H [#108, #115, #114, #113, #112, #109, #111, #110, #98, #107, #100, #106, #105, #104, #101, #103, #102, #99, #78, #97, #90, #96, #95, #94, #91, #93, #92, #80, #89, #82, #88, #87, #86, #83, #85, #84, #81, #79, #28, #77, #70, #76, #75, #74, #71, #73, #72, #60, #69, #62, #68, #67, #66, #63, #65, #64, #61, #32, #59, #52, #58, #57, #56, #53, #55, #54, #38, #51, #42, #50, #49, #48, #43, #47, #46, #1, #45, #44, #39, #34, #41, #40, #33, #35, #37, #36, #20, #29, #24, #31, #30, #13, #25, #27, #26, #21, #16, #23, #22, #11, #17, #19, #18, #10, #9, #15, #14, #2, #12, #8, #7, #6, #5, #4, #3]

S [ #12: NNb 3]
H [#115, #108, #114, #113, #112, #109, #111, #110, #98, #107, #100, #106, #105, #104, #101, #103, #102, #99, #78, #97, #90, #96, #95, #94, #91, #93, #92, #80, #89, #82, #88, #87, #86, #83, #85, #84, #81, #79, #28, #77, #70, #76, #75, #74, #71, #73, #72, #60, #69, #62, #68, #67, #66, #63, #65, #64, #61, #32, #59, #52, #58, #57, #56, #53, #55, #54, #38, #51, #42, #50, #49, #48, #43, #47, #46, #1, #45, #44, #39, #34, #41, #40, #33, #35, #37, #36, #20, #29, #24, #31, #30, #13, #25, #27, #26, #21, #16, #23, #22, #11, #17, #19, #18, #10, #9, #15, #14, #2, #12, #8, #7, #6, #5, #4, #3]

----- Stats -----
Total steps     : 234
Max stack depth : 6

