NNb 3

S [  #5: NSc main]
H [#16, #15, #14, #13, #12, #11, #10, #9, #8, #7, #6, #5, #4, #3, #2, #1]

S [ #26: NAp   #3  #25 (NAp #18 #24)]
H [#5, #26, #25, #24, #23, #22, #21, #20, #19, #18, #17, #16, #15, #14, #13, #12, #11, #10, #9, #8, #7, #6, #4, #3, #2, #1]

S [  #3: NSc length
    #26: NAp   #3  #25 (NAp #18 #24)]
H [#5, #26, #25, #24, #23, #22, #21, #20, #19, #18, #17, #16, #15, #14, #13, #12, #11, #10, #9, #8, #7, #6, #4, #3, #2, #1]

S [ #29: NAp  #27  #28 (NNb 0)]
H [#26, #29, #28, #27, #5, #25, #24, #23, #22, #21, #20, #19, #18, #17, #16, #15, #14, #13, #12, #11, #10, #9, #8, #7, #6, #4, #3, #2, #1]

S [ #27: NAp  #25   #4 (NSc length1)
    #29: NAp  #27  #28 (NNb 0)]
H [#26, #29, #28, #27, #5, #25, #24, #23, #22, #21, #20, #19, #18, #17, #16, #15, #14, #13, #12, #11, #10, #9, #8, #7, #6, #4, #3, #2, #1]

S [ #25: NAp  #18  #24 (NAp #20 #23)
    #27: NAp  #25   #4 (NSc length1)
    #29: NAp  #27  #28 (NNb 0)]
H [#26, #29, #28, #27, #5, #25, #24, #23, #22, #21, #20, #19, #18, #17, #16, #15, #14, #13, #12, #11, #10, #9, #8, #7, #6, #4, #3, #2, #1]

S [ #18: NAp   #1  #17 (NNb 10)
    #25: NAp  #18  #24 (NAp #20 #23)
    #27: NAp  #25   #4 (NSc length1)
    #29: NAp  #27  #28 (NNb 0)]
H [#26, #29, #28, #27, #5, #25, #24, #23, #22, #21, #20, #19, #18, #17, #16, #15, #14, #13, #12, #11, #10, #9, #8, #7, #6, #4, #3, #2, #1]

S [  #1: NSc cons
    #18: NAp   #1  #17 (NNb 10)
    #25: NAp  #18  #24 (NAp #20 #23)
    #27: NAp  #25   #4 (NSc length1)
    #29: NAp  #27  #28 (NNb 0)]
H [#26, #29, #28, #27, #5, #25, #24, #23, #22, #21, #20, #19, #18, #17, #16, #15, #14, #13, #12, #11, #10, #9, #8, #7, #6, #4, #3, #2, #1]

S [ #31: NAp  #30  #24 (NAp #20 #23)]
H [#29, #31, #30, #26, #28, #27, #5, #25, #24, #23, #22, #21, #20, #19, #18, #17, #16, #15, #14, #13, #12, #11, #10, #9, #8, #7, #6, #4, #3, #2, #1]

S [ #30: NAp   #4  #17 (NNb 10)
    #31: NAp  #30  #24 (NAp #20 #23)]
H [#29, #31, #30, #26, #28, #27, #5, #25, #24, #23, #22, #21, #20, #19, #18, #17, #16, #15, #14, #13, #12, #11, #10, #9, #8, #7, #6, #4, #3, #2, #1]

S [  #4: NSc length1
    #30: NAp   #4  #17 (NNb 10)
    #31: NAp  #30  #24 (NAp #20 #23)]
H [#29, #31, #30, #26, #28, #27, #5, #25, #24, #23, #22, #21, #20, #19, #18, #17, #16, #15, #14, #13, #12, #11, #10, #9, #8, #7, #6, #4, #3, #2, #1]

S [ #35: NAp  #33  #34 (NAp #3 #24)]
H [#31, #35, #34, #33, #32, #29, #30, #26, #28, #27, #5, #25, #24, #23, #22, #21, #20, #19, #18, #17, #16, #15, #14, #13, #12, #11, #10, #9, #8, #7, #6, #4, #3, #2, #1]

S [ #33: NAp  #13  #32 (NNb 1)
    #35: NAp  #33  #34 (NAp #3 #24)]
H [#31, #35, #34, #33, #32, #29, #30, #26, #28, #27, #5, #25, #24, #23, #22, #21, #20, #19, #18, #17, #16, #15, #14, #13, #12, #11, #10, #9, #8, #7, #6, #4, #3, #2, #1]

S [ #13: NPr Add
    #33: NAp  #13  #32 (NNb 1)
    #35: NAp  #33  #34 (NAp #3 #24)]
H [#31, #35, #34, #33, #32, #29, #30, #26, #28, #27, #5, #25, #24, #23, #22, #21, #20, #19, #18, #17, #16, #15, #14, #13, #12, #11, #10, #9, #8, #7, #6, #4, #3, #2, #1]

S [ #34: NAp   #3  #24 (NAp #20 #23)]
H [#31, #35, #34, #33, #32, #29, #30, #26, #28, #27, #5, #25, #24, #23, #22, #21, #20, #19, #18, #17, #16, #15, #14, #13, #12, #11, #10, #9, #8, #7, #6, #4, #3, #2, #1]

S [  #3: NSc length
    #34: NAp   #3  #24 (NAp #20 #23)]
H [#31, #35, #34, #33, #32, #29, #30, #26, #28, #27, #5, #25, #24, #23, #22, #21, #20, #19, #18, #17, #16, #15, #14, #13, #12, #11, #10, #9, #8, #7, #6, #4, #3, #2, #1]

S [ #38: NAp  #36  #37 (NNb 0)]
H [#34, #38, #37, #36, #31, #35, #33, #32, #29, #30, #26, #28, #27, #5, #25, #24, #23, #22, #21, #20, #19, #18, #17, #16, #15, #14, #13, #12, #11, #10, #9, #8, #7, #6, #4, #3, #2, #1]

S [ #36: NAp  #24   #4 (NSc length1)
    #38: NAp  #36  #37 (NNb 0)]
H [#34, #38, #37, #36, #31, #35, #33, #32, #29, #30, #26, #28, #27, #5, #25, #24, #23, #22, #21, #20, #19, #18, #17, #16, #15, #14, #13, #12, #11, #10, #9, #8, #7, #6, #4, #3, #2, #1]

S [ #24: NAp  #20  #23 (NAp #22 #2)
    #36: NAp  #24   #4 (NSc length1)
    #38: NAp  #36  #37 (NNb 0)]
H [#34, #38, #37, #36, #31, #35, #33, #32, #29, #30, #26, #28, #27, #5, #25, #24, #23, #22, #21, #20, #19, #18, #17, #16, #15, #14, #13, #12, #11, #10, #9, #8, #7, #6, #4, #3, #2, #1]

S [ #20: NAp   #1  #19 (NNb 10)
    #24: NAp  #20  #23 (NAp #22 #2)
    #36: NAp  #24   #4 (NSc length1)
    #38: NAp  #36  #37 (NNb 0)]
H [#34, #38, #37, #36, #31, #35, #33, #32, #29, #30, #26, #28, #27, #5, #25, #24, #23, #22, #21, #20, #19, #18, #17, #16, #15, #14, #13, #12, #11, #10, #9, #8, #7, #6, #4, #3, #2, #1]

S [  #1: NSc cons
    #20: NAp   #1  #19 (NNb 10)
    #24: NAp  #20  #23 (NAp #22 #2)
    #36: NAp  #24   #4 (NSc length1)
    #38: NAp  #36  #37 (NNb 0)]
H [#34, #38, #37, #36, #31, #35, #33, #32, #29, #30, #26, #28, #27, #5, #25, #24, #23, #22, #21, #20, #19, #18, #17, #16, #15, #14, #13, #12, #11, #10, #9, #8, #7, #6, #4, #3, #2, #1]

S [ #40: NAp  #39  #23 (NAp #22 #2)]
H [#38, #40, #39, #34, #37, #36, #31, #35, #33, #32, #29, #30, #26, #28, #27, #5, #25, #24, #23, #22, #21, #20, #19, #18, #17, #16, #15, #14, #13, #12, #11, #10, #9, #8, #7, #6, #4, #3, #2, #1]

S [ #39: NAp   #4  #19 (NNb 10)
    #40: NAp  #39  #23 (NAp #22 #2)]
H [#38, #40, #39, #34, #37, #36, #31, #35, #33, #32, #29, #30, #26, #28, #27, #5, #25, #24, #23, #22, #21, #20, #19, #18, #17, #16, #15, #14, #13, #12, #11, #10, #9, #8, #7, #6, #4, #3, #2, #1]

S [  #4: NSc length1
    #39: NAp   #4  #19 (NNb 10)
    #40: NAp  #39  #23 (NAp #22 #2)]
H [#38, #40, #39, #34, #37, #36, #31, #35, #33, #32, #29, #30, #26, #28, #27, #5, #25, #24, #23, #22, #21, #20, #19, #18, #17, #16, #15, #14, #13, #12, #11, #10, #9, #8, #7, #6, #4, #3, #2, #1]

S [ #44: NAp  #42  #43 (NAp #3 #23)]
H [#40, #44, #43, #42, #41, #38, #39, #34, #37, #36, #31, #35, #33, #32, #29, #30, #26, #28, #27, #5, #25, #24, #23, #22, #21, #20, #19, #18, #17, #16, #15, #14, #13, #12, #11, #10, #9, #8, #7, #6, #4, #3, #2, #1]

S [ #42: NAp  #13  #41 (NNb 1)
    #44: NAp  #42  #43 (NAp #3 #23)]
H [#40, #44, #43, #42, #41, #38, #39, #34, #37, #36, #31, #35, #33, #32, #29, #30, #26, #28, #27, #5, #25, #24, #23, #22, #21, #20, #19, #18, #17, #16, #15, #14, #13, #12, #11, #10, #9, #8, #7, #6, #4, #3, #2, #1]

S [ #13: NPr Add
    #42: NAp  #13  #41 (NNb 1)
    #44: NAp  #42  #43 (NAp #3 #23)]
H [#40, #44, #43, #42, #41, #38, #39, #34, #37, #36, #31, #35, #33, #32, #29, #30, #26, #28, #27, #5, #25, #24, #23, #22, #21, #20, #19, #18, #17, #16, #15, #14, #13, #12, #11, #10, #9, #8, #7, #6, #4, #3, #2, #1]

S [ #43: NAp   #3  #23 (NAp #22 #2)]
H [#40, #44, #43, #42, #41, #38, #39, #34, #37, #36, #31, #35, #33, #32, #29, #30, #26, #28, #27, #5, #25, #24, #23, #22, #21, #20, #19, #18, #17, #16, #15, #14, #13, #12, #11, #10, #9, #8, #7, #6, #4, #3, #2, #1]

S [  #3: NSc length
    #43: NAp   #3  #23 (NAp #22 #2)]
H [#40, #44, #43, #42, #41, #38, #39, #34, #37, #36, #31, #35, #33, #32, #29, #30, #26, #28, #27, #5, #25, #24, #23, #22, #21, #20, #19, #18, #17, #16, #15, #14, #13, #12, #11, #10, #9, #8, #7, #6, #4, #3, #2, #1]

S [ #47: NAp  #45  #46 (NNb 0)]
H [#43, #47, #46, #45, #40, #44, #42, #41, #38, #39, #34, #37, #36, #31, #35, #33, #32, #29, #30, #26, #28, #27, #5, #25, #24, #23, #22, #21, #20, #19, #18, #17, #16, #15, #14, #13, #12, #11, #10, #9, #8, #7, #6, #4, #3, #2, #1]

S [ #45: NAp  #23   #4 (NSc length1)
    #47: NAp  #45  #46 (NNb 0)]
H [#43, #47, #46, #45, #40, #44, #42, #41, #38, #39, #34, #37, #36, #31, #35, #33, #32, #29, #30, #26, #28, #27, #5, #25, #24, #23, #22, #21, #20, #19, #18, #17, #16, #15, #14, #13, #12, #11, #10, #9, #8, #7, #6, #4, #3, #2, #1]

S [ #23: NAp  #22   #2 (NSc nil)
    #45: NAp  #23   #4 (NSc length1)
    #47: NAp  #45  #46 (NNb 0)]
H [#43, #47, #46, #45, #40, #44, #42, #41, #38, #39, #34, #37, #36, #31, #35, #33, #32, #29, #30, #26, #28, #27, #5, #25, #24, #23, #22, #21, #20, #19, #18, #17, #16, #15, #14, #13, #12, #11, #10, #9, #8, #7, #6, #4, #3, #2, #1]

S [ #22: NAp   #1  #21 (NNb 10)
    #23: NAp  #22   #2 (NSc nil)
    #45: NAp  #23   #4 (NSc length1)
    #47: NAp  #45  #46 (NNb 0)]
H [#43, #47, #46, #45, #40, #44, #42, #41, #38, #39, #34, #37, #36, #31, #35, #33, #32, #29, #30, #26, #28, #27, #5, #25, #24, #23, #22, #21, #20, #19, #18, #17, #16, #15, #14, #13, #12, #11, #10, #9, #8, #7, #6, #4, #3, #2, #1]

S [  #1: NSc cons
    #22: NAp   #1  #21 (NNb 10)
    #23: NAp  #22   #2 (NSc nil)
    #45: NAp  #23   #4 (NSc length1)
    #47: NAp  #45  #46 (NNb 0)]
H [#43, #47, #46, #45, #40, #44, #42, #41, #38, #39, #34, #37, #36, #31, #35, #33, #32, #29, #30, #26, #28, #27, #5, #25, #24, #23, #22, #21, #20, #19, #18, #17, #16, #15, #14, #13, #12, #11, #10, #9, #8, #7, #6, #4, #3, #2, #1]

S [ #49: NAp  #48   #2 (NSc nil)]
H [#47, #49, #48, #43, #46, #45, #40, #44, #42, #41, #38, #39, #34, #37, #36, #31, #35, #33, #32, #29, #30, #26, #28, #27, #5, #25, #24, #23, #22, #21, #20, #19, #18, #17, #16, #15, #14, #13, #12, #11, #10, #9, #8, #7, #6, #4, #3, #2, #1]

S [ #48: NAp   #4  #21 (NNb 10)
    #49: NAp  #48   #2 (NSc nil)]
H [#47, #49, #48, #43, #46, #45, #40, #44, #42, #41, #38, #39, #34, #37, #36, #31, #35, #33, #32, #29, #30, #26, #28, #27, #5, #25, #24, #23, #22, #21, #20, #19, #18, #17, #16, #15, #14, #13, #12, #11, #10, #9, #8, #7, #6, #4, #3, #2, #1]

S [  #4: NSc length1
    #48: NAp   #4  #21 (NNb 10)
    #49: NAp  #48   #2 (NSc nil)]
H [#47, #49, #48, #43, #46, #45, #40, #44, #42, #41, #38, #39, #34, #37, #36, #31, #35, #33, #32, #29, #30, #26, #28, #27, #5, #25, #24, #23, #22, #21, #20, #19, #18, #17, #16, #15, #14, #13, #12, #11, #10, #9, #8, #7, #6, #4, #3, #2, #1]

S [ #53: NAp  #51  #52 (NAp #3 #2)]
H [#49, #53, #52, #51, #50, #47, #48, #43, #46, #45, #40, #44, #42, #41, #38, #39, #34, #37, #36, #31, #35, #33, #32, #29, #30, #26, #28, #27, #5, #25, #24, #23, #22, #21, #20, #19, #18, #17, #16, #15, #14, #13, #12, #11, #10, #9, #8, #7, #6, #4, #3, #2, #1]

S [ #51: NAp  #13  #50 (NNb 1)
    #53: NAp  #51  #52 (NAp #3 #2)]
H [#49, #53, #52, #51, #50, #47, #48, #43, #46, #45, #40, #44, #42, #41, #38, #39, #34, #37, #36, #31, #35, #33, #32, #29, #30, #26, #28, #27, #5, #25, #24, #23, #22, #21, #20, #19, #18, #17, #16, #15, #14, #13, #12, #11, #10, #9, #8, #7, #6, #4, #3, #2, #1]

S [ #13: NPr Add
    #51: NAp  #13  #50 (NNb 1)
    #53: NAp  #51  #52 (NAp #3 #2)]
H [#49, #53, #52, #51, #50, #47, #48, #43, #46, #45, #40, #44, #42, #41, #38, #39, #34, #37, #36, #31, #35, #33, #32, #29, #30, #26, #28, #27, #5, #25, #24, #23, #22, #21, #20, #19, #18, #17, #16, #15, #14, #13, #12, #11, #10, #9, #8, #7, #6, #4, #3, #2, #1]

S [ #52: NAp   #3   #2 (NSc nil)]
H [#49, #53, #52, #51, #50, #47, #48, #43, #46, #45, #40, #44, #42, #41, #38, #39, #34, #37, #36, #31, #35, #33, #32, #29, #30, #26, #28, #27, #5, #25, #24, #23, #22, #21, #20, #19, #18, #17, #16, #15, #14, #13, #12, #11, #10, #9, #8, #7, #6, #4, #3, #2, #1]

S [  #3: NSc length
    #52: NAp   #3   #2 (NSc nil)]
H [#49, #53, #52, #51, #50, #47, #48, #43, #46, #45, #40, #44, #42, #41, #38, #39, #34, #37, #36, #31, #35, #33, #32, #29, #30, #26, #28, #27, #5, #25, #24, #23, #22, #21, #20, #19, #18, #17, #16, #15, #14, #13, #12, #11, #10, #9, #8, #7, #6, #4, #3, #2, #1]

S [ #56: NAp  #54  #55 (NNb 0)]
H [#52, #56, #55, #54, #49, #53, #51, #50, #47, #48, #43, #46, #45, #40, #44, #42, #41, #38, #39, #34, #37, #36, #31, #35, #33, #32, #29, #30, #26, #28, #27, #5, #25, #24, #23, #22, #21, #20, #19, #18, #17, #16, #15, #14, #13, #12, #11, #10, #9, #8, #7, #6, #4, #3, #2, #1]

S [ #54: NAp   #2   #4 (NSc length1)
    #56: NAp  #54  #55 (NNb 0)]
H [#52, #56, #55, #54, #49, #53, #51, #50, #47, #48, #43, #46, #45, #40, #44, #42, #41, #38, #39, #34, #37, #36, #31, #35, #33, #32, #29, #30, #26, #28, #27, #5, #25, #24, #23, #22, #21, #20, #19, #18, #17, #16, #15, #14, #13, #12, #11, #10, #9, #8, #7, #6, #4, #3, #2, #1]

S [  #2: NSc nil
    #54: NAp   #2   #4 (NSc length1)
    #56: NAp  #54  #55 (NNb 0)]
H [#52, #56, #55, #54, #49, #53, #51, #50, #47, #48, #43, #46, #45, #40, #44, #42, #41, #38, #39, #34, #37, #36, #31, #35, #33, #32, #29, #30, #26, #28, #27, #5, #25, #24, #23, #22, #21, #20, #19, #18, #17, #16, #15, #14, #13, #12, #11, #10, #9, #8, #7, #6, #4, #3, #2, #1]

S [ #55: NNb 0]
H [#56, #52, #55, #54, #49, #53, #51, #50, #47, #48, #43, #46, #45, #40, #44, #42, #41, #38, #39, #34, #37, #36, #31, #35, #33, #32, #29, #30, #26, #28, #27, #5, #25, #24, #23, #22, #21, #20, #19, #18, #17, #16, #15, #14, #13, #12, #11, #10, #9, #8, #7, #6, #4, #3, #2, #1]

S [ #53: NAp  #51  #52 (NIn (#56))]
H [#56, #52, #55, #54, #49, #53, #51, #50, #47, #48, #43, #46, #45, #40, #44, #42, #41, #38, #39, #34, #37, #36, #31, #35, #33, #32, #29, #30, #26, #28, #27, #5, #25, #24, #23, #22, #21, #20, #19, #18, #17, #16, #15, #14, #13, #12, #11, #10, #9, #8, #7, #6, #4, #3, #2, #1]

S [ #53: NAp  #51  #56 (NIn (#55))]
H [#53, #56, #52, #55, #54, #49, #51, #50, #47, #48, #43, #46, #45, #40, #44, #42, #41, #38, #39, #34, #37, #36, #31, #35, #33, #32, #29, #30, #26, #28, #27, #5, #25, #24, #23, #22, #21, #20, #19, #18, #17, #16, #15, #14, #13, #12, #11, #10, #9, #8, #7, #6, #4, #3, #2, #1]

S [ #53: NAp  #51  #55 (NNb 0)]
H [#53, #56, #52, #55, #54, #49, #51, #50, #47, #48, #43, #46, #45, #40, #44, #42, #41, #38, #39, #34, #37, #36, #31, #35, #33, #32, #29, #30, #26, #28, #27, #5, #25, #24, #23, #22, #21, #20, #19, #18, #17, #16, #15, #14, #13, #12, #11, #10, #9, #8, #7, #6, #4, #3, #2, #1]

S [ #51: NAp  #13  #50 (NNb 1)
    #53: NAp  #51  #55 (NNb 0)]
H [#53, #56, #52, #55, #54, #49, #51, #50, #47, #48, #43, #46, #45, #40, #44, #42, #41, #38, #39, #34, #37, #36, #31, #35, #33, #32, #29, #30, #26, #28, #27, #5, #25, #24, #23, #22, #21, #20, #19, #18, #17, #16, #15, #14, #13, #12, #11, #10, #9, #8, #7, #6, #4, #3, #2, #1]

S [ #13: NPr Add
    #51: NAp  #13  #50 (NNb 1)
    #53: NAp  #51  #55 (NNb 0)]
H [#53, #56, #52, #55, #54, #49, #51, #50, #47, #48, #43, #46, #45, #40, #44, #42, #41, #38, #39, #34, #37, #36, #31, #35, #33, #32, #29, #30, #26, #28, #27, #5, #25, #24, #23, #22, #21, #20, #19, #18, #17, #16, #15, #14, #13, #12, #11, #10, #9, #8, #7, #6, #4, #3, #2, #1]

S [ #53: NNb 1]
H [#53, #56, #52, #55, #54, #49, #51, #50, #47, #48, #43, #46, #45, #40, #44, #42, #41, #38, #39, #34, #37, #36, #31, #35, #33, #32, #29, #30, #26, #28, #27, #5, #25, #24, #23, #22, #21, #20, #19, #18, #17, #16, #15, #14, #13, #12, #11, #10, #9, #8, #7, #6, #4, #3, #2, #1]

S [ #44: NAp  #42  #43 (NIn (#47))]
H [#53, #56, #52, #55, #54, #49, #51, #50, #47, #48, #43, #46, #45, #40, #44, #42, #41, #38, #39, #34, #37, #36, #31, #35, #33, #32, #29, #30, #26, #28, #27, #5, #25, #24, #23, #22, #21, #20, #19, #18, #17, #16, #15, #14, #13, #12, #11, #10, #9, #8, #7, #6, #4, #3, #2, #1]

S [ #44: NAp  #42  #47 (NIn (#49))]
H [#44, #53, #56, #52, #55, #54, #49, #51, #50, #47, #48, #43, #46, #45, #40, #42, #41, #38, #39, #34, #37, #36, #31, #35, #33, #32, #29, #30, #26, #28, #27, #5, #25, #24, #23, #22, #21, #20, #19, #18, #17, #16, #15, #14, #13, #12, #11, #10, #9, #8, #7, #6, #4, #3, #2, #1]

S [ #44: NAp  #42  #49 (NIn (#53))]
H [#44, #53, #56, #52, #55, #54, #49, #51, #50, #47, #48, #43, #46, #45, #40, #42, #41, #38, #39, #34, #37, #36, #31, #35, #33, #32, #29, #30, #26, #28, #27, #5, #25, #24, #23, #22, #21, #20, #19, #18, #17, #16, #15, #14, #13, #12, #11, #10, #9, #8, #7, #6, #4, #3, #2, #1]

S [ #44: NAp  #42  #53 (NNb 1)]
H [#44, #53, #56, #52, #55, #54, #49, #51, #50, #47, #48, #43, #46, #45, #40, #42, #41, #38, #39, #34, #37, #36, #31, #35, #33, #32, #29, #30, #26, #28, #27, #5, #25, #24, #23, #22, #21, #20, #19, #18, #17, #16, #15, #14, #13, #12, #11, #10, #9, #8, #7, #6, #4, #3, #2, #1]

S [ #42: NAp  #13  #41 (NNb 1)
    #44: NAp  #42  #53 (NNb 1)]
H [#44, #53, #56, #52, #55, #54, #49, #51, #50, #47, #48, #43, #46, #45, #40, #42, #41, #38, #39, #34, #37, #36, #31, #35, #33, #32, #29, #30, #26, #28, #27, #5, #25, #24, #23, #22, #21, #20, #19, #18, #17, #16, #15, #14, #13, #12, #11, #10, #9, #8, #7, #6, #4, #3, #2, #1]

S [ #13: NPr Add
    #42: NAp  #13  #41 (NNb 1)
    #44: NAp  #42  #53 (NNb 1)]
H [#44, #53, #56, #52, #55, #54, #49, #51, #50, #47, #48, #43, #46, #45, #40, #42, #41, #38, #39, #34, #37, #36, #31, #35, #33, #32, #29, #30, #26, #28, #27, #5, #25, #24, #23, #22, #21, #20, #19, #18, #17, #16, #15, #14, #13, #12, #11, #10, #9, #8, #7, #6, #4, #3, #2, #1]

S [ #44: NNb 2]
H [#44, #53, #56, #52, #55, #54, #49, #51, #50, #47, #48, #43, #46, #45, #40, #42, #41, #38, #39, #34, #37, #36, #31, #35, #33, #32, #29, #30, #26, #28, #27, #5, #25, #24, #23, #22, #21, #20, #19, #18, #17, #16, #15, #14, #13, #12, #11, #10, #9, #8, #7, #6, #4, #3, #2, #1]

S [ #35: NAp  #33  #34 (NIn (#38))]
H [#44, #53, #56, #52, #55, #54, #49, #51, #50, #47, #48, #43, #46, #45, #40, #42, #41, #38, #39, #34, #37, #36, #31, #35, #33, #32, #29, #30, #26, #28, #27, #5, #25, #24, #23, #22, #21, #20, #19, #18, #17, #16, #15, #14, #13, #12, #11, #10, #9, #8, #7, #6, #4, #3, #2, #1]

S [ #35: NAp  #33  #38 (NIn (#40))]
H [#35, #44, #53, #56, #52, #55, #54, #49, #51, #50, #47, #48, #43, #46, #45, #40, #42, #41, #38, #39, #34, #37, #36, #31, #33, #32, #29, #30, #26, #28, #27, #5, #25, #24, #23, #22, #21, #20, #19, #18, #17, #16, #15, #14, #13, #12, #11, #10, #9, #8, #7, #6, #4, #3, #2, #1]

S [ #35: NAp  #33  #40 (NIn (#44))]
H [#35, #44, #53, #56, #52, #55, #54, #49, #51, #50, #47, #48, #43, #46, #45, #40, #42, #41, #38, #39, #34, #37, #36, #31, #33, #32, #29, #30, #26, #28, #27, #5, #25, #24, #23, #22, #21, #20, #19, #18, #17, #16, #15, #14, #13, #12, #11, #10, #9, #8, #7, #6, #4, #3, #2, #1]

S [ #35: NAp  #33  #44 (NNb 2)]
H [#35, #44, #53, #56, #52, #55, #54, #49, #51, #50, #47, #48, #43, #46, #45, #40, #42, #41, #38, #39, #34, #37, #36, #31, #33, #32, #29, #30, #26, #28, #27, #5, #25, #24, #23, #22, #21, #20, #19, #18, #17, #16, #15, #14, #13, #12, #11, #10, #9, #8, #7, #6, #4, #3, #2, #1]

S [ #33: NAp  #13  #32 (NNb 1)
    #35: NAp  #33  #44 (NNb 2)]
H [#35, #44, #53, #56, #52, #55, #54, #49, #51, #50, #47, #48, #43, #46, #45, #40, #42, #41, #38, #39, #34, #37, #36, #31, #33, #32, #29, #30, #26, #28, #27, #5, #25, #24, #23, #22, #21, #20, #19, #18, #17, #16, #15, #14, #13, #12, #11, #10, #9, #8, #7, #6, #4, #3, #2, #1]

S [ #13: NPr Add
    #33: NAp  #13  #32 (NNb 1)
    #35: NAp  #33  #44 (NNb 2)]
H [#35, #44, #53, #56, #52, #55, #54, #49, #51, #50, #47, #48, #43, #46, #45, #40, #42, #41, #38, #39, #34, #37, #36, #31, #33, #32, #29, #30, #26, #28, #27, #5, #25, #24, #23, #22, #21, #20, #19, #18, #17, #16, #15, #14, #13, #12, #11, #10, #9, #8, #7, #6, #4, #3, #2, #1]

S [ #35: NNb 3]
H [#35, #44, #53, #56, #52, #55, #54, #49, #51, #50, #47, #48, #43, #46, #45, #40, #42, #41, #38, #39, #34, #37, #36, #31, #33, #32, #29, #30, #26, #28, #27, #5, #25, #24, #23, #22, #21, #20, #19, #18, #17, #16, #15, #14, #13, #12, #11, #10, #9, #8, #7, #6, #4, #3, #2, #1]

----- Stats -----
Total steps     : 65
Max stack depth : 5

