NNb 4

S [  #7: NSc main]
H [#31, #30, #29, #28, #27, #26, #25, #24, #23, #22, #21, #20, #19, #18, #17, #16, #15, #14, #13, #12, #11, #10, #9, #8, #7, #6, #5, #4, #3, #2, #1]

S [  #7: NAp   #3  #34 (NAp #4 #33)]
H [#7, #34, #33, #32, #31, #30, #29, #28, #27, #26, #25, #24, #23, #22, #21, #20, #19, #18, #17, #16, #15, #14, #13, #12, #11, #10, #9, #8, #6, #5, #4, #3, #2, #1]

S [  #3: NSc hd
     #7: NAp   #3  #34 (NAp #4 #33)]
H [#7, #34, #33, #32, #31, #30, #29, #28, #27, #26, #25, #24, #23, #22, #21, #20, #19, #18, #17, #16, #15, #14, #13, #12, #11, #10, #9, #8, #6, #5, #4, #3, #2, #1]

S [  #7: NAp  #35   #5 (NSc abort)]
H [#7, #35, #34, #33, #32, #31, #30, #29, #28, #27, #26, #25, #24, #23, #22, #21, #20, #19, #18, #17, #16, #15, #14, #13, #12, #11, #10, #9, #8, #6, #5, #4, #3, #2, #1]

S [ #35: NAp  #34   #9 (NSc K)
     #7: NAp  #35   #5 (NSc abort)]
H [#7, #35, #34, #33, #32, #31, #30, #29, #28, #27, #26, #25, #24, #23, #22, #21, #20, #19, #18, #17, #16, #15, #14, #13, #12, #11, #10, #9, #8, #6, #5, #4, #3, #2, #1]

S [ #34: NAp   #4  #33 (NAp #6 #32)
    #35: NAp  #34   #9 (NSc K)
     #7: NAp  #35   #5 (NSc abort)]
H [#7, #35, #34, #33, #32, #31, #30, #29, #28, #27, #26, #25, #24, #23, #22, #21, #20, #19, #18, #17, #16, #15, #14, #13, #12, #11, #10, #9, #8, #6, #5, #4, #3, #2, #1]

S [  #4: NSc tl
    #34: NAp   #4  #33 (NAp #6 #32)
    #35: NAp  #34   #9 (NSc K)
     #7: NAp  #35   #5 (NSc abort)]
H [#7, #35, #34, #33, #32, #31, #30, #29, #28, #27, #26, #25, #24, #23, #22, #21, #20, #19, #18, #17, #16, #15, #14, #13, #12, #11, #10, #9, #8, #6, #5, #4, #3, #2, #1]

S [ #34: NAp  #36   #5 (NSc abort)
    #35: NAp  #34   #9 (NSc K)
     #7: NAp  #35   #5 (NSc abort)]
H [#34, #36, #7, #35, #33, #32, #31, #30, #29, #28, #27, #26, #25, #24, #23, #22, #21, #20, #19, #18, #17, #16, #15, #14, #13, #12, #11, #10, #9, #8, #6, #5, #4, #3, #2, #1]

S [ #36: NAp  #33  #10 (NSc K1)
    #34: NAp  #36   #5 (NSc abort)
    #35: NAp  #34   #9 (NSc K)
     #7: NAp  #35   #5 (NSc abort)]
H [#34, #36, #7, #35, #33, #32, #31, #30, #29, #28, #27, #26, #25, #24, #23, #22, #21, #20, #19, #18, #17, #16, #15, #14, #13, #12, #11, #10, #9, #8, #6, #5, #4, #3, #2, #1]

S [ #33: NAp   #6  #32 (NNb 4)
    #36: NAp  #33  #10 (NSc K1)
    #34: NAp  #36   #5 (NSc abort)
    #35: NAp  #34   #9 (NSc K)
     #7: NAp  #35   #5 (NSc abort)]
H [#34, #36, #7, #35, #33, #32, #31, #30, #29, #28, #27, #26, #25, #24, #23, #22, #21, #20, #19, #18, #17, #16, #15, #14, #13, #12, #11, #10, #9, #8, #6, #5, #4, #3, #2, #1]

S [  #6: NSc infinite
    #33: NAp   #6  #32 (NNb 4)
    #36: NAp  #33  #10 (NSc K1)
    #34: NAp  #36   #5 (NSc abort)
    #35: NAp  #34   #9 (NSc K)
     #7: NAp  #35   #5 (NSc abort)]
H [#34, #36, #7, #35, #33, #32, #31, #30, #29, #28, #27, #26, #25, #24, #23, #22, #21, #20, #19, #18, #17, #16, #15, #14, #13, #12, #11, #10, #9, #8, #6, #5, #4, #3, #2, #1]

S [ #33: NAp  #37  #38 (NAp #6 #32)
    #36: NAp  #33  #10 (NSc K1)
    #34: NAp  #36   #5 (NSc abort)
    #35: NAp  #34   #9 (NSc K)
     #7: NAp  #35   #5 (NSc abort)]
H [#33, #38, #37, #34, #36, #7, #35, #32, #31, #30, #29, #28, #27, #26, #25, #24, #23, #22, #21, #20, #19, #18, #17, #16, #15, #14, #13, #12, #11, #10, #9, #8, #6, #5, #4, #3, #2, #1]

S [ #37: NAp   #1  #32 (NNb 4)
    #33: NAp  #37  #38 (NAp #6 #32)
    #36: NAp  #33  #10 (NSc K1)
    #34: NAp  #36   #5 (NSc abort)
    #35: NAp  #34   #9 (NSc K)
     #7: NAp  #35   #5 (NSc abort)]
H [#33, #38, #37, #34, #36, #7, #35, #32, #31, #30, #29, #28, #27, #26, #25, #24, #23, #22, #21, #20, #19, #18, #17, #16, #15, #14, #13, #12, #11, #10, #9, #8, #6, #5, #4, #3, #2, #1]

S [  #1: NSc cons
    #37: NAp   #1  #32 (NNb 4)
    #33: NAp  #37  #38 (NAp #6 #32)
    #36: NAp  #33  #10 (NSc K1)
    #34: NAp  #36   #5 (NSc abort)
    #35: NAp  #34   #9 (NSc K)
     #7: NAp  #35   #5 (NSc abort)]
H [#33, #38, #37, #34, #36, #7, #35, #32, #31, #30, #29, #28, #27, #26, #25, #24, #23, #22, #21, #20, #19, #18, #17, #16, #15, #14, #13, #12, #11, #10, #9, #8, #6, #5, #4, #3, #2, #1]

S [ #34: NAp  #39  #38 (NAp #6 #32)
    #35: NAp  #34   #9 (NSc K)
     #7: NAp  #35   #5 (NSc abort)]
H [#34, #39, #33, #38, #37, #36, #7, #35, #32, #31, #30, #29, #28, #27, #26, #25, #24, #23, #22, #21, #20, #19, #18, #17, #16, #15, #14, #13, #12, #11, #10, #9, #8, #6, #5, #4, #3, #2, #1]

S [ #39: NAp  #10  #32 (NNb 4)
    #34: NAp  #39  #38 (NAp #6 #32)
    #35: NAp  #34   #9 (NSc K)
     #7: NAp  #35   #5 (NSc abort)]
H [#34, #39, #33, #38, #37, #36, #7, #35, #32, #31, #30, #29, #28, #27, #26, #25, #24, #23, #22, #21, #20, #19, #18, #17, #16, #15, #14, #13, #12, #11, #10, #9, #8, #6, #5, #4, #3, #2, #1]

S [ #10: NSc K1
    #39: NAp  #10  #32 (NNb 4)
    #34: NAp  #39  #38 (NAp #6 #32)
    #35: NAp  #34   #9 (NSc K)
     #7: NAp  #35   #5 (NSc abort)]
H [#34, #39, #33, #38, #37, #36, #7, #35, #32, #31, #30, #29, #28, #27, #26, #25, #24, #23, #22, #21, #20, #19, #18, #17, #16, #15, #14, #13, #12, #11, #10, #9, #8, #6, #5, #4, #3, #2, #1]

S [ #34: NIn (#38)
    #35: NAp  #34   #9 (NSc K)
     #7: NAp  #35   #5 (NSc abort)]
H [#34, #39, #33, #38, #37, #36, #7, #35, #32, #31, #30, #29, #28, #27, #26, #25, #24, #23, #22, #21, #20, #19, #18, #17, #16, #15, #14, #13, #12, #11, #10, #9, #8, #6, #5, #4, #3, #2, #1]

S [ #38: NAp   #6  #32 (NNb 4)
    #35: NAp  #34   #9 (NSc K)
     #7: NAp  #35   #5 (NSc abort)]
H [#34, #39, #33, #38, #37, #36, #7, #35, #32, #31, #30, #29, #28, #27, #26, #25, #24, #23, #22, #21, #20, #19, #18, #17, #16, #15, #14, #13, #12, #11, #10, #9, #8, #6, #5, #4, #3, #2, #1]

S [  #6: NSc infinite
    #38: NAp   #6  #32 (NNb 4)
    #35: NAp  #34   #9 (NSc K)
     #7: NAp  #35   #5 (NSc abort)]
H [#34, #39, #33, #38, #37, #36, #7, #35, #32, #31, #30, #29, #28, #27, #26, #25, #24, #23, #22, #21, #20, #19, #18, #17, #16, #15, #14, #13, #12, #11, #10, #9, #8, #6, #5, #4, #3, #2, #1]

S [ #38: NAp  #40  #41 (NAp #6 #32)
    #35: NAp  #34   #9 (NSc K)
     #7: NAp  #35   #5 (NSc abort)]
H [#38, #41, #40, #34, #39, #33, #37, #36, #7, #35, #32, #31, #30, #29, #28, #27, #26, #25, #24, #23, #22, #21, #20, #19, #18, #17, #16, #15, #14, #13, #12, #11, #10, #9, #8, #6, #5, #4, #3, #2, #1]

S [ #40: NAp   #1  #32 (NNb 4)
    #38: NAp  #40  #41 (NAp #6 #32)
    #35: NAp  #34   #9 (NSc K)
     #7: NAp  #35   #5 (NSc abort)]
H [#38, #41, #40, #34, #39, #33, #37, #36, #7, #35, #32, #31, #30, #29, #28, #27, #26, #25, #24, #23, #22, #21, #20, #19, #18, #17, #16, #15, #14, #13, #12, #11, #10, #9, #8, #6, #5, #4, #3, #2, #1]

S [  #1: NSc cons
    #40: NAp   #1  #32 (NNb 4)
    #38: NAp  #40  #41 (NAp #6 #32)
    #35: NAp  #34   #9 (NSc K)
     #7: NAp  #35   #5 (NSc abort)]
H [#38, #41, #40, #34, #39, #33, #37, #36, #7, #35, #32, #31, #30, #29, #28, #27, #26, #25, #24, #23, #22, #21, #20, #19, #18, #17, #16, #15, #14, #13, #12, #11, #10, #9, #8, #6, #5, #4, #3, #2, #1]

S [  #7: NAp  #42  #41 (NAp #6 #32)]
H [#7, #42, #38, #41, #40, #34, #39, #33, #37, #36, #35, #32, #31, #30, #29, #28, #27, #26, #25, #24, #23, #22, #21, #20, #19, #18, #17, #16, #15, #14, #13, #12, #11, #10, #9, #8, #6, #5, #4, #3, #2, #1]

S [ #42: NAp   #9  #32 (NNb 4)
     #7: NAp  #42  #41 (NAp #6 #32)]
H [#7, #42, #38, #41, #40, #34, #39, #33, #37, #36, #35, #32, #31, #30, #29, #28, #27, #26, #25, #24, #23, #22, #21, #20, #19, #18, #17, #16, #15, #14, #13, #12, #11, #10, #9, #8, #6, #5, #4, #3, #2, #1]

S [  #9: NSc K
    #42: NAp   #9  #32 (NNb 4)
     #7: NAp  #42  #41 (NAp #6 #32)]
H [#7, #42, #38, #41, #40, #34, #39, #33, #37, #36, #35, #32, #31, #30, #29, #28, #27, #26, #25, #24, #23, #22, #21, #20, #19, #18, #17, #16, #15, #14, #13, #12, #11, #10, #9, #8, #6, #5, #4, #3, #2, #1]

S [  #7: NIn (#32)]
H [#7, #42, #38, #41, #40, #34, #39, #33, #37, #36, #35, #32, #31, #30, #29, #28, #27, #26, #25, #24, #23, #22, #21, #20, #19, #18, #17, #16, #15, #14, #13, #12, #11, #10, #9, #8, #6, #5, #4, #3, #2, #1]

S [ #32: NNb 4]
H [#7, #42, #38, #41, #40, #34, #39, #33, #37, #36, #35, #32, #31, #30, #29, #28, #27, #26, #25, #24, #23, #22, #21, #20, #19, #18, #17, #16, #15, #14, #13, #12, #11, #10, #9, #8, #6, #5, #4, #3, #2, #1]

----- Stats -----
Total steps     : 27
Max stack depth : 7

