NNb 4

S [  #2: NSc main]
H [#26, #25, #24, #23, #22, #21, #20, #19, #18, #17, #16, #15, #14, #13, #12, #11, #10, #9, #8, #7, #6, #5, #4, #3, #2, #1]

S [  #2: NAp  #27  #28 (NNb 4)]
H [#2, #28, #27, #26, #25, #24, #23, #22, #21, #20, #19, #18, #17, #16, #15, #14, #13, #12, #11, #10, #9, #8, #7, #6, #5, #4, #3, #1]

S [ #27: NAp   #1   #3 (NSc I)
     #2: NAp  #27  #28 (NNb 4)]
H [#2, #28, #27, #26, #25, #24, #23, #22, #21, #20, #19, #18, #17, #16, #15, #14, #13, #12, #11, #10, #9, #8, #7, #6, #5, #4, #3, #1]

S [  #1: NSc oct
    #27: NAp   #1   #3 (NSc I)
     #2: NAp  #27  #28 (NNb 4)]
H [#2, #28, #27, #26, #25, #24, #23, #22, #21, #20, #19, #18, #17, #16, #15, #14, #13, #12, #11, #10, #9, #8, #7, #6, #5, #4, #3, #1]

S [  #2: NAp  #30  #31 (NAp #30 #28)]
H [#2, #31, #30, #29, #28, #27, #26, #25, #24, #23, #22, #21, #20, #19, #18, #17, #16, #15, #14, #13, #12, #11, #10, #9, #8, #7, #6, #5, #4, #3, #1]

S [ #30: NAp   #8  #29 (NAp #8 #3)
     #2: NAp  #30  #31 (NAp #30 #28)]
H [#2, #31, #30, #29, #28, #27, #26, #25, #24, #23, #22, #21, #20, #19, #18, #17, #16, #15, #14, #13, #12, #11, #10, #9, #8, #7, #6, #5, #4, #3, #1]

S [  #8: NSc twice
    #30: NAp   #8  #29 (NAp #8 #3)
     #2: NAp  #30  #31 (NAp #30 #28)]
H [#2, #31, #30, #29, #28, #27, #26, #25, #24, #23, #22, #21, #20, #19, #18, #17, #16, #15, #14, #13, #12, #11, #10, #9, #8, #7, #6, #5, #4, #3, #1]

S [ #30: NAp  #32  #29 (NAp #8 #3)
     #2: NAp  #30  #31 (NAp #30 #28)]
H [#30, #32, #2, #31, #29, #28, #27, #26, #25, #24, #23, #22, #21, #20, #19, #18, #17, #16, #15, #14, #13, #12, #11, #10, #9, #8, #7, #6, #5, #4, #3, #1]

S [ #32: NAp   #7  #29 (NAp #8 #3)
    #30: NAp  #32  #29 (NAp #8 #3)
     #2: NAp  #30  #31 (NAp #30 #28)]
H [#30, #32, #2, #31, #29, #28, #27, #26, #25, #24, #23, #22, #21, #20, #19, #18, #17, #16, #15, #14, #13, #12, #11, #10, #9, #8, #7, #6, #5, #4, #3, #1]

S [  #7: NSc compose
    #32: NAp   #7  #29 (NAp #8 #3)
    #30: NAp  #32  #29 (NAp #8 #3)
     #2: NAp  #30  #31 (NAp #30 #28)]
H [#30, #32, #2, #31, #29, #28, #27, #26, #25, #24, #23, #22, #21, #20, #19, #18, #17, #16, #15, #14, #13, #12, #11, #10, #9, #8, #7, #6, #5, #4, #3, #1]

S [  #2: NAp  #29  #33 (NAp #29 #31)]
H [#2, #33, #30, #32, #31, #29, #28, #27, #26, #25, #24, #23, #22, #21, #20, #19, #18, #17, #16, #15, #14, #13, #12, #11, #10, #9, #8, #7, #6, #5, #4, #3, #1]

S [ #29: NAp   #8   #3 (NSc I)
     #2: NAp  #29  #33 (NAp #29 #31)]
H [#2, #33, #30, #32, #31, #29, #28, #27, #26, #25, #24, #23, #22, #21, #20, #19, #18, #17, #16, #15, #14, #13, #12, #11, #10, #9, #8, #7, #6, #5, #4, #3, #1]

S [  #8: NSc twice
    #29: NAp   #8   #3 (NSc I)
     #2: NAp  #29  #33 (NAp #29 #31)]
H [#2, #33, #30, #32, #31, #29, #28, #27, #26, #25, #24, #23, #22, #21, #20, #19, #18, #17, #16, #15, #14, #13, #12, #11, #10, #9, #8, #7, #6, #5, #4, #3, #1]

S [ #29: NAp  #34   #3 (NSc I)
     #2: NAp  #29  #33 (NAp #29 #31)]
H [#29, #34, #2, #33, #30, #32, #31, #28, #27, #26, #25, #24, #23, #22, #21, #20, #19, #18, #17, #16, #15, #14, #13, #12, #11, #10, #9, #8, #7, #6, #5, #4, #3, #1]

S [ #34: NAp   #7   #3 (NSc I)
    #29: NAp  #34   #3 (NSc I)
     #2: NAp  #29  #33 (NAp #29 #31)]
H [#29, #34, #2, #33, #30, #32, #31, #28, #27, #26, #25, #24, #23, #22, #21, #20, #19, #18, #17, #16, #15, #14, #13, #12, #11, #10, #9, #8, #7, #6, #5, #4, #3, #1]

S [  #7: NSc compose
    #34: NAp   #7   #3 (NSc I)
    #29: NAp  #34   #3 (NSc I)
     #2: NAp  #29  #33 (NAp #29 #31)]
H [#29, #34, #2, #33, #30, #32, #31, #28, #27, #26, #25, #24, #23, #22, #21, #20, #19, #18, #17, #16, #15, #14, #13, #12, #11, #10, #9, #8, #7, #6, #5, #4, #3, #1]

S [  #2: NAp   #3  #35 (NAp #3 #33)]
H [#2, #35, #29, #34, #33, #30, #32, #31, #28, #27, #26, #25, #24, #23, #22, #21, #20, #19, #18, #17, #16, #15, #14, #13, #12, #11, #10, #9, #8, #7, #6, #5, #4, #3, #1]

S [  #3: NSc I
     #2: NAp   #3  #35 (NAp #3 #33)]
H [#2, #35, #29, #34, #33, #30, #32, #31, #28, #27, #26, #25, #24, #23, #22, #21, #20, #19, #18, #17, #16, #15, #14, #13, #12, #11, #10, #9, #8, #7, #6, #5, #4, #3, #1]

S [  #2: NIn (#35)]
H [#2, #35, #29, #34, #33, #30, #32, #31, #28, #27, #26, #25, #24, #23, #22, #21, #20, #19, #18, #17, #16, #15, #14, #13, #12, #11, #10, #9, #8, #7, #6, #5, #4, #3, #1]

S [ #35: NAp   #3  #33 (NAp #29 #31)]
H [#2, #35, #29, #34, #33, #30, #32, #31, #28, #27, #26, #25, #24, #23, #22, #21, #20, #19, #18, #17, #16, #15, #14, #13, #12, #11, #10, #9, #8, #7, #6, #5, #4, #3, #1]

S [  #3: NSc I
    #35: NAp   #3  #33 (NAp #29 #31)]
H [#2, #35, #29, #34, #33, #30, #32, #31, #28, #27, #26, #25, #24, #23, #22, #21, #20, #19, #18, #17, #16, #15, #14, #13, #12, #11, #10, #9, #8, #7, #6, #5, #4, #3, #1]

S [ #35: NIn (#33)]
H [#35, #2, #29, #34, #33, #30, #32, #31, #28, #27, #26, #25, #24, #23, #22, #21, #20, #19, #18, #17, #16, #15, #14, #13, #12, #11, #10, #9, #8, #7, #6, #5, #4, #3, #1]

S [ #33: NAp  #29  #31 (NAp #30 #28)]
H [#35, #2, #29, #34, #33, #30, #32, #31, #28, #27, #26, #25, #24, #23, #22, #21, #20, #19, #18, #17, #16, #15, #14, #13, #12, #11, #10, #9, #8, #7, #6, #5, #4, #3, #1]

S [ #29: NAp  #34   #3 (NSc I)
    #33: NAp  #29  #31 (NAp #30 #28)]
H [#35, #2, #29, #34, #33, #30, #32, #31, #28, #27, #26, #25, #24, #23, #22, #21, #20, #19, #18, #17, #16, #15, #14, #13, #12, #11, #10, #9, #8, #7, #6, #5, #4, #3, #1]

S [ #34: NAp   #7   #3 (NSc I)
    #29: NAp  #34   #3 (NSc I)
    #33: NAp  #29  #31 (NAp #30 #28)]
H [#35, #2, #29, #34, #33, #30, #32, #31, #28, #27, #26, #25, #24, #23, #22, #21, #20, #19, #18, #17, #16, #15, #14, #13, #12, #11, #10, #9, #8, #7, #6, #5, #4, #3, #1]

S [  #7: NSc compose
    #34: NAp   #7   #3 (NSc I)
    #29: NAp  #34   #3 (NSc I)
    #33: NAp  #29  #31 (NAp #30 #28)]
H [#35, #2, #29, #34, #33, #30, #32, #31, #28, #27, #26, #25, #24, #23, #22, #21, #20, #19, #18, #17, #16, #15, #14, #13, #12, #11, #10, #9, #8, #7, #6, #5, #4, #3, #1]

S [ #33: NAp   #3  #36 (NAp #3 #31)]
H [#33, #36, #35, #2, #29, #34, #30, #32, #31, #28, #27, #26, #25, #24, #23, #22, #21, #20, #19, #18, #17, #16, #15, #14, #13, #12, #11, #10, #9, #8, #7, #6, #5, #4, #3, #1]

S [  #3: NSc I
    #33: NAp   #3  #36 (NAp #3 #31)]
H [#33, #36, #35, #2, #29, #34, #30, #32, #31, #28, #27, #26, #25, #24, #23, #22, #21, #20, #19, #18, #17, #16, #15, #14, #13, #12, #11, #10, #9, #8, #7, #6, #5, #4, #3, #1]

S [ #33: NIn (#36)]
H [#33, #36, #35, #2, #29, #34, #30, #32, #31, #28, #27, #26, #25, #24, #23, #22, #21, #20, #19, #18, #17, #16, #15, #14, #13, #12, #11, #10, #9, #8, #7, #6, #5, #4, #3, #1]

S [ #36: NAp   #3  #31 (NAp #30 #28)]
H [#33, #36, #35, #2, #29, #34, #30, #32, #31, #28, #27, #26, #25, #24, #23, #22, #21, #20, #19, #18, #17, #16, #15, #14, #13, #12, #11, #10, #9, #8, #7, #6, #5, #4, #3, #1]

S [  #3: NSc I
    #36: NAp   #3  #31 (NAp #30 #28)]
H [#33, #36, #35, #2, #29, #34, #30, #32, #31, #28, #27, #26, #25, #24, #23, #22, #21, #20, #19, #18, #17, #16, #15, #14, #13, #12, #11, #10, #9, #8, #7, #6, #5, #4, #3, #1]

S [ #36: NIn (#31)]
H [#36, #33, #35, #2, #29, #34, #30, #32, #31, #28, #27, #26, #25, #24, #23, #22, #21, #20, #19, #18, #17, #16, #15, #14, #13, #12, #11, #10, #9, #8, #7, #6, #5, #4, #3, #1]

S [ #31: NAp  #30  #28 (NNb 4)]
H [#36, #33, #35, #2, #29, #34, #30, #32, #31, #28, #27, #26, #25, #24, #23, #22, #21, #20, #19, #18, #17, #16, #15, #14, #13, #12, #11, #10, #9, #8, #7, #6, #5, #4, #3, #1]

S [ #30: NAp  #32  #29 (NAp #34 #3)
    #31: NAp  #30  #28 (NNb 4)]
H [#36, #33, #35, #2, #29, #34, #30, #32, #31, #28, #27, #26, #25, #24, #23, #22, #21, #20, #19, #18, #17, #16, #15, #14, #13, #12, #11, #10, #9, #8, #7, #6, #5, #4, #3, #1]

S [ #32: NAp   #7  #29 (NAp #34 #3)
    #30: NAp  #32  #29 (NAp #34 #3)
    #31: NAp  #30  #28 (NNb 4)]
H [#36, #33, #35, #2, #29, #34, #30, #32, #31, #28, #27, #26, #25, #24, #23, #22, #21, #20, #19, #18, #17, #16, #15, #14, #13, #12, #11, #10, #9, #8, #7, #6, #5, #4, #3, #1]

S [  #7: NSc compose
    #32: NAp   #7  #29 (NAp #34 #3)
    #30: NAp  #32  #29 (NAp #34 #3)
    #31: NAp  #30  #28 (NNb 4)]
H [#36, #33, #35, #2, #29, #34, #30, #32, #31, #28, #27, #26, #25, #24, #23, #22, #21, #20, #19, #18, #17, #16, #15, #14, #13, #12, #11, #10, #9, #8, #7, #6, #5, #4, #3, #1]

S [ #31: NAp  #29  #37 (NAp #29 #28)]
H [#31, #37, #36, #33, #35, #2, #29, #34, #30, #32, #28, #27, #26, #25, #24, #23, #22, #21, #20, #19, #18, #17, #16, #15, #14, #13, #12, #11, #10, #9, #8, #7, #6, #5, #4, #3, #1]

S [ #29: NAp  #34   #3 (NSc I)
    #31: NAp  #29  #37 (NAp #29 #28)]
H [#31, #37, #36, #33, #35, #2, #29, #34, #30, #32, #28, #27, #26, #25, #24, #23, #22, #21, #20, #19, #18, #17, #16, #15, #14, #13, #12, #11, #10, #9, #8, #7, #6, #5, #4, #3, #1]

S [ #34: NAp   #7   #3 (NSc I)
    #29: NAp  #34   #3 (NSc I)
    #31: NAp  #29  #37 (NAp #29 #28)]
H [#31, #37, #36, #33, #35, #2, #29, #34, #30, #32, #28, #27, #26, #25, #24, #23, #22, #21, #20, #19, #18, #17, #16, #15, #14, #13, #12, #11, #10, #9, #8, #7, #6, #5, #4, #3, #1]

S [  #7: NSc compose
    #34: NAp   #7   #3 (NSc I)
    #29: NAp  #34   #3 (NSc I)
    #31: NAp  #29  #37 (NAp #29 #28)]
H [#31, #37, #36, #33, #35, #2, #29, #34, #30, #32, #28, #27, #26, #25, #24, #23, #22, #21, #20, #19, #18, #17, #16, #15, #14, #13, #12, #11, #10, #9, #8, #7, #6, #5, #4, #3, #1]

S [ #31: NAp   #3  #38 (NAp #3 #37)]
H [#31, #38, #37, #36, #33, #35, #2, #29, #34, #30, #32, #28, #27, #26, #25, #24, #23, #22, #21, #20, #19, #18, #17, #16, #15, #14, #13, #12, #11, #10, #9, #8, #7, #6, #5, #4, #3, #1]

S [  #3: NSc I
    #31: NAp   #3  #38 (NAp #3 #37)]
H [#31, #38, #37, #36, #33, #35, #2, #29, #34, #30, #32, #28, #27, #26, #25, #24, #23, #22, #21, #20, #19, #18, #17, #16, #15, #14, #13, #12, #11, #10, #9, #8, #7, #6, #5, #4, #3, #1]

S [ #31: NIn (#38)]
H [#31, #38, #37, #36, #33, #35, #2, #29, #34, #30, #32, #28, #27, #26, #25, #24, #23, #22, #21, #20, #19, #18, #17, #16, #15, #14, #13, #12, #11, #10, #9, #8, #7, #6, #5, #4, #3, #1]

S [ #38: NAp   #3  #37 (NAp #29 #28)]
H [#31, #38, #37, #36, #33, #35, #2, #29, #34, #30, #32, #28, #27, #26, #25, #24, #23, #22, #21, #20, #19, #18, #17, #16, #15, #14, #13, #12, #11, #10, #9, #8, #7, #6, #5, #4, #3, #1]

S [  #3: NSc I
    #38: NAp   #3  #37 (NAp #29 #28)]
H [#31, #38, #37, #36, #33, #35, #2, #29, #34, #30, #32, #28, #27, #26, #25, #24, #23, #22, #21, #20, #19, #18, #17, #16, #15, #14, #13, #12, #11, #10, #9, #8, #7, #6, #5, #4, #3, #1]

S [ #38: NIn (#37)]
H [#38, #31, #37, #36, #33, #35, #2, #29, #34, #30, #32, #28, #27, #26, #25, #24, #23, #22, #21, #20, #19, #18, #17, #16, #15, #14, #13, #12, #11, #10, #9, #8, #7, #6, #5, #4, #3, #1]

S [ #37: NAp  #29  #28 (NNb 4)]
H [#38, #31, #37, #36, #33, #35, #2, #29, #34, #30, #32, #28, #27, #26, #25, #24, #23, #22, #21, #20, #19, #18, #17, #16, #15, #14, #13, #12, #11, #10, #9, #8, #7, #6, #5, #4, #3, #1]

S [ #29: NAp  #34   #3 (NSc I)
    #37: NAp  #29  #28 (NNb 4)]
H [#38, #31, #37, #36, #33, #35, #2, #29, #34, #30, #32, #28, #27, #26, #25, #24, #23, #22, #21, #20, #19, #18, #17, #16, #15, #14, #13, #12, #11, #10, #9, #8, #7, #6, #5, #4, #3, #1]

S [ #34: NAp   #7   #3 (NSc I)
    #29: NAp  #34   #3 (NSc I)
    #37: NAp  #29  #28 (NNb 4)]
H [#38, #31, #37, #36, #33, #35, #2, #29, #34, #30, #32, #28, #27, #26, #25, #24, #23, #22, #21, #20, #19, #18, #17, #16, #15, #14, #13, #12, #11, #10, #9, #8, #7, #6, #5, #4, #3, #1]

S [  #7: NSc compose
    #34: NAp   #7   #3 (NSc I)
    #29: NAp  #34   #3 (NSc I)
    #37: NAp  #29  #28 (NNb 4)]
H [#38, #31, #37, #36, #33, #35, #2, #29, #34, #30, #32, #28, #27, #26, #25, #24, #23, #22, #21, #20, #19, #18, #17, #16, #15, #14, #13, #12, #11, #10, #9, #8, #7, #6, #5, #4, #3, #1]

S [ #37: NAp   #3  #39 (NAp #3 #28)]
H [#37, #39, #38, #31, #36, #33, #35, #2, #29, #34, #30, #32, #28, #27, #26, #25, #24, #23, #22, #21, #20, #19, #18, #17, #16, #15, #14, #13, #12, #11, #10, #9, #8, #7, #6, #5, #4, #3, #1]

S [  #3: NSc I
    #37: NAp   #3  #39 (NAp #3 #28)]
H [#37, #39, #38, #31, #36, #33, #35, #2, #29, #34, #30, #32, #28, #27, #26, #25, #24, #23, #22, #21, #20, #19, #18, #17, #16, #15, #14, #13, #12, #11, #10, #9, #8, #7, #6, #5, #4, #3, #1]

S [ #37: NIn (#39)]
H [#37, #39, #38, #31, #36, #33, #35, #2, #29, #34, #30, #32, #28, #27, #26, #25, #24, #23, #22, #21, #20, #19, #18, #17, #16, #15, #14, #13, #12, #11, #10, #9, #8, #7, #6, #5, #4, #3, #1]

S [ #39: NAp   #3  #28 (NNb 4)]
H [#37, #39, #38, #31, #36, #33, #35, #2, #29, #34, #30, #32, #28, #27, #26, #25, #24, #23, #22, #21, #20, #19, #18, #17, #16, #15, #14, #13, #12, #11, #10, #9, #8, #7, #6, #5, #4, #3, #1]

S [  #3: NSc I
    #39: NAp   #3  #28 (NNb 4)]
H [#37, #39, #38, #31, #36, #33, #35, #2, #29, #34, #30, #32, #28, #27, #26, #25, #24, #23, #22, #21, #20, #19, #18, #17, #16, #15, #14, #13, #12, #11, #10, #9, #8, #7, #6, #5, #4, #3, #1]

S [ #39: NIn (#28)]
H [#39, #37, #38, #31, #36, #33, #35, #2, #29, #34, #30, #32, #28, #27, #26, #25, #24, #23, #22, #21, #20, #19, #18, #17, #16, #15, #14, #13, #12, #11, #10, #9, #8, #7, #6, #5, #4, #3, #1]

S [ #28: NNb 4]
H [#39, #37, #38, #31, #36, #33, #35, #2, #29, #34, #30, #32, #28, #27, #26, #25, #24, #23, #22, #21, #20, #19, #18, #17, #16, #15, #14, #13, #12, #11, #10, #9, #8, #7, #6, #5, #4, #3, #1]

----- Stats -----
Total steps     : 56
Max stack depth : 4

