NNb 4

S [  #5: NSc main]
H [#16, #15, #14, #13, #12, #11, #10, #9, #8, #7, #6, #5, #4, #3, #2, #1]

S [ #20: NAp  #18  #19 (NNb 4)]
H [#5, #20, #19, #18, #17, #16, #15, #14, #13, #12, #11, #10, #9, #8, #7, #6, #4, #3, #2, #1]

S [ #18: NAp   #4  #17 (NNb 3)
    #20: NAp  #18  #19 (NNb 4)]
H [#5, #20, #19, #18, #17, #16, #15, #14, #13, #12, #11, #10, #9, #8, #7, #6, #4, #3, #2, #1]

S [  #4: NSc f
    #18: NAp   #4  #17 (NNb 3)
    #20: NAp  #18  #19 (NNb 4)]
H [#5, #20, #19, #18, #17, #16, #15, #14, #13, #12, #11, #10, #9, #8, #7, #6, #4, #3, #2, #1]

S [ #28: NAp   #2  #27 (NAp #3 #26)]
H [#20, #28, #27, #26, #25, #24, #23, #22, #21, #5, #19, #18, #17, #16, #15, #14, #13, #12, #11, #10, #9, #8, #7, #6, #4, #3, #2, #1]

S [  #2: NSc fst
    #28: NAp   #2  #27 (NAp #3 #26)]
H [#20, #28, #27, #26, #25, #24, #23, #22, #21, #5, #19, #18, #17, #16, #15, #14, #13, #12, #11, #10, #9, #8, #7, #6, #4, #3, #2, #1]

S [ #29: NAp  #27   #7 (NSc K)]
H [#28, #29, #20, #27, #26, #25, #24, #23, #22, #21, #5, #19, #18, #17, #16, #15, #14, #13, #12, #11, #10, #9, #8, #7, #6, #4, #3, #2, #1]

S [ #27: NAp   #3  #26 (NAp #3 #25)
    #29: NAp  #27   #7 (NSc K)]
H [#28, #29, #20, #27, #26, #25, #24, #23, #22, #21, #5, #19, #18, #17, #16, #15, #14, #13, #12, #11, #10, #9, #8, #7, #6, #4, #3, #2, #1]

S [  #3: NSc snd
    #27: NAp   #3  #26 (NAp #3 #25)
    #29: NAp  #27   #7 (NSc K)]
H [#28, #29, #20, #27, #26, #25, #24, #23, #22, #21, #5, #19, #18, #17, #16, #15, #14, #13, #12, #11, #10, #9, #8, #7, #6, #4, #3, #2, #1]

S [ #30: NAp  #26   #8 (NSc K1)
    #29: NAp  #27   #7 (NSc K)]
H [#27, #30, #28, #29, #20, #26, #25, #24, #23, #22, #21, #5, #19, #18, #17, #16, #15, #14, #13, #12, #11, #10, #9, #8, #7, #6, #4, #3, #2, #1]

S [ #26: NAp   #3  #25 (NAp #3 #22)
    #30: NAp  #26   #8 (NSc K1)
    #29: NAp  #27   #7 (NSc K)]
H [#27, #30, #28, #29, #20, #26, #25, #24, #23, #22, #21, #5, #19, #18, #17, #16, #15, #14, #13, #12, #11, #10, #9, #8, #7, #6, #4, #3, #2, #1]

S [  #3: NSc snd
    #26: NAp   #3  #25 (NAp #3 #22)
    #30: NAp  #26   #8 (NSc K1)
    #29: NAp  #27   #7 (NSc K)]
H [#27, #30, #28, #29, #20, #26, #25, #24, #23, #22, #21, #5, #19, #18, #17, #16, #15, #14, #13, #12, #11, #10, #9, #8, #7, #6, #4, #3, #2, #1]

S [ #31: NAp  #25   #8 (NSc K1)
    #30: NAp  #26   #8 (NSc K1)
    #29: NAp  #27   #7 (NSc K)]
H [#26, #31, #27, #30, #28, #29, #20, #25, #24, #23, #22, #21, #5, #19, #18, #17, #16, #15, #14, #13, #12, #11, #10, #9, #8, #7, #6, #4, #3, #2, #1]

S [ #25: NAp   #3  #22 (NAp #21 #24)
    #31: NAp  #25   #8 (NSc K1)
    #30: NAp  #26   #8 (NSc K1)
    #29: NAp  #27   #7 (NSc K)]
H [#26, #31, #27, #30, #28, #29, #20, #25, #24, #23, #22, #21, #5, #19, #18, #17, #16, #15, #14, #13, #12, #11, #10, #9, #8, #7, #6, #4, #3, #2, #1]

S [  #3: NSc snd
    #25: NAp   #3  #22 (NAp #21 #24)
    #31: NAp  #25   #8 (NSc K1)
    #30: NAp  #26   #8 (NSc K1)
    #29: NAp  #27   #7 (NSc K)]
H [#26, #31, #27, #30, #28, #29, #20, #25, #24, #23, #22, #21, #5, #19, #18, #17, #16, #15, #14, #13, #12, #11, #10, #9, #8, #7, #6, #4, #3, #2, #1]

S [ #32: NAp  #22   #8 (NSc K1)
    #31: NAp  #25   #8 (NSc K1)
    #30: NAp  #26   #8 (NSc K1)
    #29: NAp  #27   #7 (NSc K)]
H [#25, #32, #26, #31, #27, #30, #28, #29, #20, #24, #23, #22, #21, #5, #19, #18, #17, #16, #15, #14, #13, #12, #11, #10, #9, #8, #7, #6, #4, #3, #2, #1]

S [ #22: NAp  #21  #24 (NAp #23 #22)
    #32: NAp  #22   #8 (NSc K1)
    #31: NAp  #25   #8 (NSc K1)
    #30: NAp  #26   #8 (NSc K1)
    #29: NAp  #27   #7 (NSc K)]
H [#25, #32, #26, #31, #27, #30, #28, #29, #20, #24, #23, #22, #21, #5, #19, #18, #17, #16, #15, #14, #13, #12, #11, #10, #9, #8, #7, #6, #4, #3, #2, #1]

S [ #21: NAp   #1  #17 (NNb 3)
    #22: NAp  #21  #24 (NAp #23 #22)
    #32: NAp  #22   #8 (NSc K1)
    #31: NAp  #25   #8 (NSc K1)
    #30: NAp  #26   #8 (NSc K1)
    #29: NAp  #27   #7 (NSc K)]
H [#25, #32, #26, #31, #27, #30, #28, #29, #20, #24, #23, #22, #21, #5, #19, #18, #17, #16, #15, #14, #13, #12, #11, #10, #9, #8, #7, #6, #4, #3, #2, #1]

S [  #1: NSc pair
    #21: NAp   #1  #17 (NNb 3)
    #22: NAp  #21  #24 (NAp #23 #22)
    #32: NAp  #22   #8 (NSc K1)
    #31: NAp  #25   #8 (NSc K1)
    #30: NAp  #26   #8 (NSc K1)
    #29: NAp  #27   #7 (NSc K)]
H [#25, #32, #26, #31, #27, #30, #28, #29, #20, #24, #23, #22, #21, #5, #19, #18, #17, #16, #15, #14, #13, #12, #11, #10, #9, #8, #7, #6, #4, #3, #2, #1]

S [ #34: NAp  #33  #24 (NAp #23 #22)
    #31: NAp  #25   #8 (NSc K1)
    #30: NAp  #26   #8 (NSc K1)
    #29: NAp  #27   #7 (NSc K)]
H [#32, #34, #33, #25, #26, #31, #27, #30, #28, #29, #20, #24, #23, #22, #21, #5, #19, #18, #17, #16, #15, #14, #13, #12, #11, #10, #9, #8, #7, #6, #4, #3, #2, #1]

S [ #33: NAp   #8  #17 (NNb 3)
    #34: NAp  #33  #24 (NAp #23 #22)
    #31: NAp  #25   #8 (NSc K1)
    #30: NAp  #26   #8 (NSc K1)
    #29: NAp  #27   #7 (NSc K)]
H [#32, #34, #33, #25, #26, #31, #27, #30, #28, #29, #20, #24, #23, #22, #21, #5, #19, #18, #17, #16, #15, #14, #13, #12, #11, #10, #9, #8, #7, #6, #4, #3, #2, #1]

S [  #8: NSc K1
    #33: NAp   #8  #17 (NNb 3)
    #34: NAp  #33  #24 (NAp #23 #22)
    #31: NAp  #25   #8 (NSc K1)
    #30: NAp  #26   #8 (NSc K1)
    #29: NAp  #27   #7 (NSc K)]
H [#32, #34, #33, #25, #26, #31, #27, #30, #28, #29, #20, #24, #23, #22, #21, #5, #19, #18, #17, #16, #15, #14, #13, #12, #11, #10, #9, #8, #7, #6, #4, #3, #2, #1]

S [ #24: NAp  #23  #22 (NAp #21 #24)
    #31: NAp  #25   #8 (NSc K1)
    #30: NAp  #26   #8 (NSc K1)
    #29: NAp  #27   #7 (NSc K)]
H [#34, #32, #33, #25, #26, #31, #27, #30, #28, #29, #20, #24, #23, #22, #21, #5, #19, #18, #17, #16, #15, #14, #13, #12, #11, #10, #9, #8, #7, #6, #4, #3, #2, #1]

S [ #23: NAp   #1  #19 (NNb 4)
    #24: NAp  #23  #22 (NAp #21 #24)
    #31: NAp  #25   #8 (NSc K1)
    #30: NAp  #26   #8 (NSc K1)
    #29: NAp  #27   #7 (NSc K)]
H [#34, #32, #33, #25, #26, #31, #27, #30, #28, #29, #20, #24, #23, #22, #21, #5, #19, #18, #17, #16, #15, #14, #13, #12, #11, #10, #9, #8, #7, #6, #4, #3, #2, #1]

S [  #1: NSc pair
    #23: NAp   #1  #19 (NNb 4)
    #24: NAp  #23  #22 (NAp #21 #24)
    #31: NAp  #25   #8 (NSc K1)
    #30: NAp  #26   #8 (NSc K1)
    #29: NAp  #27   #7 (NSc K)]
H [#34, #32, #33, #25, #26, #31, #27, #30, #28, #29, #20, #24, #23, #22, #21, #5, #19, #18, #17, #16, #15, #14, #13, #12, #11, #10, #9, #8, #7, #6, #4, #3, #2, #1]

S [ #36: NAp  #35  #22 (NAp #21 #24)
    #30: NAp  #26   #8 (NSc K1)
    #29: NAp  #27   #7 (NSc K)]
H [#31, #36, #35, #34, #32, #33, #25, #26, #27, #30, #28, #29, #20, #24, #23, #22, #21, #5, #19, #18, #17, #16, #15, #14, #13, #12, #11, #10, #9, #8, #7, #6, #4, #3, #2, #1]

S [ #35: NAp   #8  #19 (NNb 4)
    #36: NAp  #35  #22 (NAp #21 #24)
    #30: NAp  #26   #8 (NSc K1)
    #29: NAp  #27   #7 (NSc K)]
H [#31, #36, #35, #34, #32, #33, #25, #26, #27, #30, #28, #29, #20, #24, #23, #22, #21, #5, #19, #18, #17, #16, #15, #14, #13, #12, #11, #10, #9, #8, #7, #6, #4, #3, #2, #1]

S [  #8: NSc K1
    #35: NAp   #8  #19 (NNb 4)
    #36: NAp  #35  #22 (NAp #21 #24)
    #30: NAp  #26   #8 (NSc K1)
    #29: NAp  #27   #7 (NSc K)]
H [#31, #36, #35, #34, #32, #33, #25, #26, #27, #30, #28, #29, #20, #24, #23, #22, #21, #5, #19, #18, #17, #16, #15, #14, #13, #12, #11, #10, #9, #8, #7, #6, #4, #3, #2, #1]

S [ #22: NAp  #21  #24 (NAp #23 #22)
    #30: NAp  #26   #8 (NSc K1)
    #29: NAp  #27   #7 (NSc K)]
H [#36, #31, #35, #34, #32, #33, #25, #26, #27, #30, #28, #29, #20, #24, #23, #22, #21, #5, #19, #18, #17, #16, #15, #14, #13, #12, #11, #10, #9, #8, #7, #6, #4, #3, #2, #1]

S [ #21: NAp   #1  #17 (NNb 3)
    #22: NAp  #21  #24 (NAp #23 #22)
    #30: NAp  #26   #8 (NSc K1)
    #29: NAp  #27   #7 (NSc K)]
H [#36, #31, #35, #34, #32, #33, #25, #26, #27, #30, #28, #29, #20, #24, #23, #22, #21, #5, #19, #18, #17, #16, #15, #14, #13, #12, #11, #10, #9, #8, #7, #6, #4, #3, #2, #1]

S [  #1: NSc pair
    #21: NAp   #1  #17 (NNb 3)
    #22: NAp  #21  #24 (NAp #23 #22)
    #30: NAp  #26   #8 (NSc K1)
    #29: NAp  #27   #7 (NSc K)]
H [#36, #31, #35, #34, #32, #33, #25, #26, #27, #30, #28, #29, #20, #24, #23, #22, #21, #5, #19, #18, #17, #16, #15, #14, #13, #12, #11, #10, #9, #8, #7, #6, #4, #3, #2, #1]

S [ #38: NAp  #37  #24 (NAp #23 #22)
    #29: NAp  #27   #7 (NSc K)]
H [#30, #38, #37, #36, #31, #35, #34, #32, #33, #25, #26, #27, #28, #29, #20, #24, #23, #22, #21, #5, #19, #18, #17, #16, #15, #14, #13, #12, #11, #10, #9, #8, #7, #6, #4, #3, #2, #1]

S [ #37: NAp   #8  #17 (NNb 3)
    #38: NAp  #37  #24 (NAp #23 #22)
    #29: NAp  #27   #7 (NSc K)]
H [#30, #38, #37, #36, #31, #35, #34, #32, #33, #25, #26, #27, #28, #29, #20, #24, #23, #22, #21, #5, #19, #18, #17, #16, #15, #14, #13, #12, #11, #10, #9, #8, #7, #6, #4, #3, #2, #1]

S [  #8: NSc K1
    #37: NAp   #8  #17 (NNb 3)
    #38: NAp  #37  #24 (NAp #23 #22)
    #29: NAp  #27   #7 (NSc K)]
H [#30, #38, #37, #36, #31, #35, #34, #32, #33, #25, #26, #27, #28, #29, #20, #24, #23, #22, #21, #5, #19, #18, #17, #16, #15, #14, #13, #12, #11, #10, #9, #8, #7, #6, #4, #3, #2, #1]

S [ #24: NAp  #23  #22 (NAp #21 #24)
    #29: NAp  #27   #7 (NSc K)]
H [#38, #30, #37, #36, #31, #35, #34, #32, #33, #25, #26, #27, #28, #29, #20, #24, #23, #22, #21, #5, #19, #18, #17, #16, #15, #14, #13, #12, #11, #10, #9, #8, #7, #6, #4, #3, #2, #1]

S [ #23: NAp   #1  #19 (NNb 4)
    #24: NAp  #23  #22 (NAp #21 #24)
    #29: NAp  #27   #7 (NSc K)]
H [#38, #30, #37, #36, #31, #35, #34, #32, #33, #25, #26, #27, #28, #29, #20, #24, #23, #22, #21, #5, #19, #18, #17, #16, #15, #14, #13, #12, #11, #10, #9, #8, #7, #6, #4, #3, #2, #1]

S [  #1: NSc pair
    #23: NAp   #1  #19 (NNb 4)
    #24: NAp  #23  #22 (NAp #21 #24)
    #29: NAp  #27   #7 (NSc K)]
H [#38, #30, #37, #36, #31, #35, #34, #32, #33, #25, #26, #27, #28, #29, #20, #24, #23, #22, #21, #5, #19, #18, #17, #16, #15, #14, #13, #12, #11, #10, #9, #8, #7, #6, #4, #3, #2, #1]

S [ #40: NAp  #39  #22 (NAp #21 #24)]
H [#29, #40, #39, #38, #30, #37, #36, #31, #35, #34, #32, #33, #25, #26, #27, #28, #20, #24, #23, #22, #21, #5, #19, #18, #17, #16, #15, #14, #13, #12, #11, #10, #9, #8, #7, #6, #4, #3, #2, #1]

S [ #39: NAp   #7  #19 (NNb 4)
    #40: NAp  #39  #22 (NAp #21 #24)]
H [#29, #40, #39, #38, #30, #37, #36, #31, #35, #34, #32, #33, #25, #26, #27, #28, #20, #24, #23, #22, #21, #5, #19, #18, #17, #16, #15, #14, #13, #12, #11, #10, #9, #8, #7, #6, #4, #3, #2, #1]

S [  #7: NSc K
    #39: NAp   #7  #19 (NNb 4)
    #40: NAp  #39  #22 (NAp #21 #24)]
H [#29, #40, #39, #38, #30, #37, #36, #31, #35, #34, #32, #33, #25, #26, #27, #28, #20, #24, #23, #22, #21, #5, #19, #18, #17, #16, #15, #14, #13, #12, #11, #10, #9, #8, #7, #6, #4, #3, #2, #1]

S [ #19: NNb 4]
H [#40, #29, #39, #38, #30, #37, #36, #31, #35, #34, #32, #33, #25, #26, #27, #28, #20, #24, #23, #22, #21, #5, #19, #18, #17, #16, #15, #14, #13, #12, #11, #10, #9, #8, #7, #6, #4, #3, #2, #1]

----- Stats -----
Total steps     : 40
Max stack depth : 7

