NNb 3

S [  #1: NSc main]
H [#12, #11, #10, #9, #8, #7, #6, #5, #4, #3, #2, #1]

S [ #17: NAp  #15  #16 (NNb 3)]
H [#1, #17, #16, #15, #14, #13, #12, #11, #10, #9, #8, #7, #6, #5, #4, #3, #2]

S [ #15: NAp   #7  #14 (NAp #13 #2)
    #17: NAp  #15  #16 (NNb 3)]
H [#1, #17, #16, #15, #14, #13, #12, #11, #10, #9, #8, #7, #6, #5, #4, #3, #2]

S [  #7: NSc twice
    #15: NAp   #7  #14 (NAp #13 #2)
    #17: NAp  #15  #16 (NNb 3)]
H [#1, #17, #16, #15, #14, #13, #12, #11, #10, #9, #8, #7, #6, #5, #4, #3, #2]

S [ #19: NAp  #18  #14 (NAp #13 #2)
    #17: NAp  #15  #16 (NNb 3)]
H [#15, #19, #18, #1, #17, #16, #14, #13, #12, #11, #10, #9, #8, #7, #6, #5, #4, #3, #2]

S [ #18: NAp   #6  #14 (NAp #13 #2)
    #19: NAp  #18  #14 (NAp #13 #2)
    #17: NAp  #15  #16 (NNb 3)]
H [#15, #19, #18, #1, #17, #16, #14, #13, #12, #11, #10, #9, #8, #7, #6, #5, #4, #3, #2]

S [  #6: NSc compose
    #18: NAp   #6  #14 (NAp #13 #2)
    #19: NAp  #18  #14 (NAp #13 #2)
    #17: NAp  #15  #16 (NNb 3)]
H [#15, #19, #18, #1, #17, #16, #14, #13, #12, #11, #10, #9, #8, #7, #6, #5, #4, #3, #2]

S [ #21: NAp  #14  #20 (NAp #14 #16)]
H [#17, #21, #20, #15, #19, #18, #1, #16, #14, #13, #12, #11, #10, #9, #8, #7, #6, #5, #4, #3, #2]

S [ #14: NAp  #13   #2 (NSc I)
    #21: NAp  #14  #20 (NAp #14 #16)]
H [#17, #21, #20, #15, #19, #18, #1, #16, #14, #13, #12, #11, #10, #9, #8, #7, #6, #5, #4, #3, #2]

S [ #13: NAp   #2   #2 (NSc I)
    #14: NAp  #13   #2 (NSc I)
    #21: NAp  #14  #20 (NAp #14 #16)]
H [#17, #21, #20, #15, #19, #18, #1, #16, #14, #13, #12, #11, #10, #9, #8, #7, #6, #5, #4, #3, #2]

S [  #2: NSc I
    #13: NAp   #2   #2 (NSc I)
    #14: NAp  #13   #2 (NSc I)
    #21: NAp  #14  #20 (NAp #14 #16)]
H [#17, #21, #20, #15, #19, #18, #1, #16, #14, #13, #12, #11, #10, #9, #8, #7, #6, #5, #4, #3, #2]

S [  #2: NSc I
    #14: NAp  #13   #2 (NSc I)
    #21: NAp  #14  #20 (NAp #14 #16)]
H [#13, #17, #21, #20, #15, #19, #18, #1, #16, #14, #12, #11, #10, #9, #8, #7, #6, #5, #4, #3, #2]

S [  #2: NSc I
    #21: NAp  #14  #20 (NAp #14 #16)]
H [#14, #13, #17, #21, #20, #15, #19, #18, #1, #16, #12, #11, #10, #9, #8, #7, #6, #5, #4, #3, #2]

S [ #20: NAp  #14  #16 (NNb 3)]
H [#21, #14, #13, #17, #20, #15, #19, #18, #1, #16, #12, #11, #10, #9, #8, #7, #6, #5, #4, #3, #2]

S [ #14: NIn (#2)
    #20: NAp  #14  #16 (NNb 3)]
H [#21, #14, #13, #17, #20, #15, #19, #18, #1, #16, #12, #11, #10, #9, #8, #7, #6, #5, #4, #3, #2]

S [  #2: NSc I
    #20: NAp  #14  #16 (NNb 3)]
H [#21, #14, #13, #17, #20, #15, #19, #18, #1, #16, #12, #11, #10, #9, #8, #7, #6, #5, #4, #3, #2]

S [ #16: NNb 3]
H [#20, #21, #14, #13, #17, #15, #19, #18, #1, #16, #12, #11, #10, #9, #8, #7, #6, #5, #4, #3, #2]

----- Stats -----
Total steps     : 16
Max stack depth : 4

